IODDR1@0.0: RM 0: [RMEM] booting up server
IODDR1@0.0: RM 0: [RMEM] server alive
IODDR0@0.0: RM 0: [IODDR0] spawning kernels
IODDR0@0.0: RM 0: [IODDR0] waiting kernels
IODDR0@0.0: RM 0: [IODDR0] waiting kernels
IODDR0@0.0: RM 0: cluster   0: 84.34 MB/s (16 MB 0.19 s)
IODDR0@0.0: RM 0: cluster   1: 40.58 MB/s (16 MB 0.39 s)
IODDR0@0.0: RM 0: cluster   2: 38.93 MB/s (16 MB 0.41 s)
IODDR0@0.0: RM 0: cluster   3: 38.90 MB/s (16 MB 0.41 s)
IODDR0@0.0: RM 0: cluster   4: 39.28 MB/s (16 MB 0.41 s)
IODDR1@0.0: RM 0: [RMEM] booting up server
IODDR1@0.0: RM 0: [RMEM] server alive
IODDR0@0.0: RM 0: [IODDR0] spawning kernels
IODDR0@0.0: RM 0: [IODDR0] waiting kernels
IODDR0@0.0: RM 0: [IODDR0] waiting kernels
IODDR0@0.0: RM 0: cluster   0: 84.33 MB/s (16 MB 0.19 s)
IODDR0@0.0: RM 0: cluster   2: 40.64 MB/s (16 MB 0.39 s)
IODDR0@0.0: RM 0: cluster   1: 39.03 MB/s (16 MB 0.41 s)
IODDR0@0.0: RM 0: cluster   3: 38.99 MB/s (16 MB 0.41 s)
IODDR0@0.0: RM 0: cluster   4: 39.37 MB/s (16 MB 0.41 s)
IODDR1@0.0: RM 0: [RMEM] booting up server
IODDR1@0.0: RM 0: [RMEM] server alive
IODDR0@0.0: RM 0: [IODDR0] spawning kernels
IODDR0@0.0: RM 0: [IODDR0] waiting kernels
IODDR0@0.0: RM 0: cluster   0: 70.73 MB/s (16 MB 0.23 s)
IODDR0@0.0: RM 0: cluster   1: 42.03 MB/s (16 MB 0.38 s)
IODDR0@0.0: RM 0: cluster   2: 37.42 MB/s (16 MB 0.43 s)
IODDR0@0.0: RM 0: cluster   3: 37.43 MB/s (16 MB 0.43 s)
IODDR0@0.0: RM 0: cluster   4: 43.10 MB/s (16 MB 0.37 s)
IODDR1@0.0: RM 0: [RMEM] booting up server
IODDR1@0.0: RM 0: [RMEM] server alive
IODDR0@0.0: RM 0: [IODDR0] spawning kernels
IODDR0@0.0: RM 0: [IODDR0] waiting kernels
IODDR0@0.0: RM 0: cluster   0: 71.87 MB/s (16 MB 0.22 s)
IODDR0@0.0: RM 0: cluster   1: 49.97 MB/s (16 MB 0.32 s)
IODDR0@0.0: RM 0: cluster   2: 41.85 MB/s (16 MB 0.38 s)
IODDR0@0.0: RM 0: cluster   3: 41.84 MB/s (16 MB 0.38 s)
IODDR0@0.0: RM 0: cluster   4: 42.27 MB/s (16 MB 0.38 s)
IODDR1@0.0: RM 0: [RMEM] booting up server
IODDR1@0.0: RM 0: [RMEM] server alive
IODDR0@0.0: RM 0: [IODDR0] spawning kernels
IODDR0@0.0: RM 0: [IODDR0] waiting kernels
IODDR0@0.0: RM 0: cluster   1: 69.52 MB/s (16 MB 0.23 s)
IODDR0@0.0: RM 0: cluster   0: 47.59 MB/s (16 MB 0.34 s)
IODDR0@0.0: RM 0: cluster   3: 41.92 MB/s (16 MB 0.38 s)
IODDR0@0.0: RM 0: cluster   2: 44.30 MB/s (16 MB 0.36 s)
IODDR0@0.0: RM 0: cluster   4: 44.82 MB/s (16 MB 0.36 s)
IODDR1@0.0: RM 0: [RMEM] booting up server
IODDR1@0.0: RM 0: [RMEM] server alive
IODDR0@0.0: RM 0: [IODDR0] spawning kernels
IODDR0@0.0: RM 0: [IODDR0] waiting kernels
IODDR0@0.0: RM 0: [IODDR0] waiting kernels
IODDR0@0.0: RM 0: cluster   0: 84.34 MB/s (16 MB 0.19 s)
IODDR0@0.0: RM 0: cluster   1: 82.69 MB/s (16 MB 0.19 s)
IODDR0@0.0: RM 0: cluster   2: 41.94 MB/s (16 MB 0.38 s)
IODDR0@0.0: RM 0: cluster   3: 41.06 MB/s (16 MB 0.39 s)
IODDR0@0.0: RM 0: cluster   4: 41.32 MB/s (16 MB 0.39 s)
IODDR1@0.0: RM 0: [RMEM] booting up server
IODDR1@0.0: RM 0: [RMEM] server alive
IODDR0@0.0: RM 0: [IODDR0] spawning kernels
IODDR0@0.0: RM 0: [IODDR0] waiting kernels
IODDR0@0.0: RM 0: cluster   0: 71.90 MB/s (16 MB 0.22 s)
IODDR0@0.0: RM 0: cluster   1: 51.41 MB/s (16 MB 0.31 s)
IODDR0@0.0: RM 0: cluster   2: 42.90 MB/s (16 MB 0.37 s)
IODDR0@0.0: RM 0: cluster   3: 42.87 MB/s (16 MB 0.37 s)
IODDR0@0.0: RM 0: cluster   4: 43.33 MB/s (16 MB 0.37 s)
IODDR1@0.0: RM 0: [RMEM] booting up server
IODDR1@0.0: RM 0: [RMEM] server alive
IODDR0@0.0: RM 0: [IODDR0] spawning kernels
IODDR0@0.0: RM 0: cluster   0: 84.33 MB/s (16 MB 0.19 s)
IODDR0@0.0: RM 0: [IODDR0] waiting kernels
IODDR0@0.0: RM 0: cluster   1: 69.71 MB/s (16 MB 0.23 s)
IODDR0@0.0: RM 0: cluster   2: 46.27 MB/s (16 MB 0.35 s)
IODDR0@0.0: RM 0: cluster   3: 45.73 MB/s (16 MB 0.35 s)
IODDR0@0.0: RM 0: cluster   4: 46.10 MB/s (16 MB 0.35 s)
IODDR1@0.0: RM 0: [RMEM] booting up server
IODDR1@0.0: RM 0: [RMEM] server alive
IODDR0@0.0: RM 0: [IODDR0] spawning kernels
IODDR0@0.0: RM 0: [IODDR0] waiting kernels
IODDR0@0.0: RM 0: [IODDR0] waiting kernels
IODDR0@0.0: RM 0: cluster   0: 84.33 MB/s (16 MB 0.19 s)
IODDR0@0.0: RM 0: cluster   1: 52.09 MB/s (16 MB 0.31 s)
IODDR0@0.0: RM 0: cluster   2: 36.81 MB/s (16 MB 0.43 s)
IODDR0@0.0: RM 0: cluster   3: 36.80 MB/s (16 MB 0.43 s)
IODDR0@0.0: RM 0: cluster   4: 37.14 MB/s (16 MB 0.43 s)
IODDR1@0.0: RM 0: [RMEM] booting up server
IODDR1@0.0: RM 0: [RMEM] server alive
IODDR0@0.0: RM 0: [IODDR0] spawning kernels
IODDR0@0.0: RM 0: [IODDR0] waiting kernels
IODDR0@0.0: RM 0: cluster   0: 71.89 MB/s (16 MB 0.22 s)
IODDR0@0.0: RM 0: cluster   1: 48.73 MB/s (16 MB 0.33 s)
IODDR0@0.0: RM 0: cluster   2: 41.91 MB/s (16 MB 0.38 s)
IODDR0@0.0: RM 0: cluster   3: 41.89 MB/s (16 MB 0.38 s)
IODDR0@0.0: RM 0: cluster   4: 42.33 MB/s (16 MB 0.38 s)
