IODDR1@0.0: RM 0: [RMEM] booting up server
IODDR1@0.0: RM 0: [RMEM] server alive
IODDR0@0.0: RM 0: [IODDR0] spawning kernels
IODDR0@0.0: RM 0: [IODDR0] waiting kernels
IODDR0@0.0: RM 0: cluster   0: 84.54 MB/s (16 MB 0.19 s)
IODDR0@0.0: RM 0: cluster   1: 56.48 MB/s (16 MB 0.28 s)
IODDR0@0.0: RM 0: cluster   2: 56.50 MB/s (16 MB 0.28 s)
IODDR1@0.0: RM 0: [RMEM] booting up server
IODDR1@0.0: RM 0: [RMEM] server alive
IODDR0@0.0: RM 0: [IODDR0] spawning kernels
IODDR0@0.0: RM 0: [IODDR0] waiting kernels
IODDR0@0.0: RM 0: cluster   0: 58.92 MB/s (16 MB 0.27 s)
IODDR0@0.0: RM 0: cluster   2: 48.62 MB/s (16 MB 0.33 s)
IODDR0@0.0: RM 0: cluster   1: 48.82 MB/s (16 MB 0.33 s)
IODDR1@0.0: RM 0: [RMEM] booting up server
IODDR1@0.0: RM 0: [RMEM] server alive
IODDR0@0.0: RM 0: [IODDR0] spawning kernels
IODDR0@0.0: RM 0: [IODDR0] waiting kernels
IODDR0@0.0: RM 0: cluster   0: 58.14 MB/s (16 MB 0.28 s)
IODDR0@0.0: RM 0: cluster   1: 48.18 MB/s (16 MB 0.33 s)
IODDR0@0.0: RM 0: cluster   2: 48.60 MB/s (16 MB 0.33 s)
IODDR1@0.0: RM 0: [RMEM] booting up server
IODDR1@0.0: RM 0: [RMEM] server alive
IODDR0@0.0: RM 0: [IODDR0] spawning kernels
IODDR0@0.0: RM 0: [IODDR0] waiting kernels
IODDR0@0.0: RM 0: cluster   0: 58.36 MB/s (16 MB 0.27 s)
IODDR0@0.0: RM 0: cluster   1: 48.21 MB/s (16 MB 0.33 s)
IODDR0@0.0: RM 0: cluster   2: 48.60 MB/s (16 MB 0.33 s)
IODDR1@0.0: RM 0: [RMEM] booting up server
IODDR1@0.0: RM 0: [RMEM] server alive
IODDR0@0.0: RM 0: [IODDR0] spawning kernels
IODDR0@0.0: RM 0: [IODDR0] waiting kernels
IODDR0@0.0: RM 0: cluster   0: 58.39 MB/s (16 MB 0.27 s)
IODDR0@0.0: RM 0: cluster   1: 48.26 MB/s (16 MB 0.33 s)
IODDR0@0.0: RM 0: cluster   2: 48.62 MB/s (16 MB 0.33 s)
IODDR1@0.0: RM 0: [RMEM] booting up server
IODDR1@0.0: RM 0: [RMEM] server alive
IODDR0@0.0: RM 0: [IODDR0] spawning kernels
IODDR0@0.0: RM 0: [IODDR0] waiting kernels
IODDR0@0.0: RM 0: cluster   0: 58.92 MB/s (16 MB 0.27 s)
IODDR0@0.0: RM 0: cluster   2: 48.62 MB/s (16 MB 0.33 s)
IODDR0@0.0: RM 0: cluster   1: 48.81 MB/s (16 MB 0.33 s)
IODDR1@0.0: RM 0: [RMEM] booting up server
IODDR1@0.0: RM 0: [RMEM] server alive
IODDR0@0.0: RM 0: [IODDR0] spawning kernels
IODDR0@0.0: RM 0: [IODDR0] waiting kernels
IODDR0@0.0: RM 0: cluster   0: 58.35 MB/s (16 MB 0.27 s)
IODDR0@0.0: RM 0: cluster   1: 48.24 MB/s (16 MB 0.33 s)
IODDR0@0.0: RM 0: cluster   2: 48.61 MB/s (16 MB 0.33 s)
IODDR1@0.0: RM 0: [RMEM] booting up server
IODDR1@0.0: RM 0: [RMEM] server alive
IODDR0@0.0: RM 0: [IODDR0] spawning kernels
IODDR0@0.0: RM 0: [IODDR0] waiting kernels
IODDR0@0.0: RM 0: cluster   0: 58.34 MB/s (16 MB 0.27 s)
IODDR0@0.0: RM 0: cluster   1: 48.24 MB/s (16 MB 0.33 s)
IODDR0@0.0: RM 0: cluster   2: 48.60 MB/s (16 MB 0.33 s)
IODDR1@0.0: RM 0: [RMEM] booting up server
IODDR1@0.0: RM 0: [RMEM] server alive
IODDR0@0.0: RM 0: [IODDR0] spawning kernels
IODDR0@0.0: RM 0: [IODDR0] waiting kernels
IODDR0@0.0: RM 0: cluster   0: 84.53 MB/s (16 MB 0.19 s)
IODDR0@0.0: RM 0: cluster   1: 56.48 MB/s (16 MB 0.28 s)
IODDR0@0.0: RM 0: cluster   2: 56.49 MB/s (16 MB 0.28 s)
IODDR1@0.0: RM 0: [RMEM] booting up server
IODDR1@0.0: RM 0: [RMEM] server alive
IODDR0@0.0: RM 0: [IODDR0] spawning kernels
IODDR0@0.0: RM 0: [IODDR0] waiting kernels
IODDR0@0.0: RM 0: cluster   0: 58.09 MB/s (16 MB 0.28 s)
IODDR0@0.0: RM 0: cluster   1: 48.13 MB/s (16 MB 0.33 s)
IODDR0@0.0: RM 0: cluster   2: 48.49 MB/s (16 MB 0.33 s)
