IODDR1@0.0: RM 0: [RMEM] booting up server
IODDR1@0.0: RM 0: [RMEM] server alive
IODDR0@0.0: RM 0: [IODDR0] spawning kernels
IODDR0@0.0: RM 0: cluster   0: 82.81 MB/s (16 MB 0.19 s)
IODDR0@0.0: RM 0: cluster   1: 70.05 MB/s (16 MB 0.23 s)
IODDR0@0.0: RM 0: cluster   2: 67.55 MB/s (16 MB 0.24 s)
IODDR0@0.0: RM 0: cluster   3: 67.96 MB/s (16 MB 0.24 s)
IODDR0@0.0: RM 0: cluster   4: 47.15 MB/s (16 MB 0.34 s)
IODDR0@0.0: RM 0: cluster   6: 45.27 MB/s (16 MB 0.35 s)
IODDR0@0.0: RM 0: cluster   5: 45.27 MB/s (16 MB 0.35 s)
IODDR0@0.0: RM 0: cluster   7: 51.38 MB/s (16 MB 0.31 s)
IODDR0@0.0: RM 0: cluster   8: 78.19 MB/s (16 MB 0.20 s)
IODDR0@0.0: RM 0: [IODDR0] waiting kernels
IODDR0@0.0: RM 0: cluster   9: 66.34 MB/s (16 MB 0.24 s)
IODDR0@0.0: RM 0: cluster  10: 65.69 MB/s (16 MB 0.24 s)
IODDR0@0.0: RM 0: cluster  11: 65.97 MB/s (16 MB 0.24 s)
IODDR0@0.0: RM 0: cluster  12: 77.27 MB/s (16 MB 0.21 s)
IODDR0@0.0: RM 0: cluster  13: 77.26 MB/s (16 MB 0.21 s)
IODDR1@0.0: RM 0: [RMEM] booting up server
IODDR1@0.0: RM 0: [RMEM] server alive
IODDR0@0.0: RM 0: [IODDR0] spawning kernels
IODDR0@0.0: RM 0: cluster   0: 80.69 MB/s (16 MB 0.20 s)
IODDR0@0.0: RM 0: cluster   1: 78.24 MB/s (16 MB 0.20 s)
IODDR0@0.0: RM 0: cluster   2: 78.17 MB/s (16 MB 0.20 s)
IODDR0@0.0: RM 0: cluster   3: 66.57 MB/s (16 MB 0.24 s)
IODDR0@0.0: RM 0: cluster   4: 52.14 MB/s (16 MB 0.31 s)
IODDR0@0.0: RM 0: cluster   5: 50.86 MB/s (16 MB 0.31 s)
IODDR0@0.0: RM 0: cluster   6: 57.36 MB/s (16 MB 0.28 s)
IODDR0@0.0: RM 0: cluster   7: 68.19 MB/s (16 MB 0.23 s)
IODDR0@0.0: RM 0: [IODDR0] waiting kernels
IODDR0@0.0: RM 0: cluster   8: 53.26 MB/s (16 MB 0.30 s)
IODDR0@0.0: RM 0: cluster   9: 51.52 MB/s (16 MB 0.31 s)
IODDR0@0.0: RM 0: cluster  10: 51.51 MB/s (16 MB 0.31 s)
IODDR0@0.0: RM 0: cluster  11: 56.99 MB/s (16 MB 0.28 s)
IODDR0@0.0: RM 0: cluster  12: 61.14 MB/s (16 MB 0.26 s)
IODDR0@0.0: RM 0: cluster  13: 61.26 MB/s (16 MB 0.26 s)
IODDR1@0.0: RM 0: [RMEM] booting up server
IODDR1@0.0: RM 0: [RMEM] server alive
IODDR0@0.0: RM 0: [IODDR0] spawning kernels
IODDR0@0.0: RM 0: cluster   0: 82.82 MB/s (16 MB 0.19 s)
IODDR0@0.0: RM 0: cluster   1: 69.23 MB/s (16 MB 0.23 s)
IODDR0@0.0: RM 0: cluster   3: 48.73 MB/s (16 MB 0.33 s)
IODDR0@0.0: RM 0: cluster   2: 47.62 MB/s (16 MB 0.34 s)
IODDR0@0.0: RM 0: cluster   4: 46.26 MB/s (16 MB 0.35 s)
IODDR0@0.0: RM 0: cluster   5: 52.17 MB/s (16 MB 0.31 s)
IODDR0@0.0: RM 0: cluster   6: 54.25 MB/s (16 MB 0.29 s)
IODDR0@0.0: RM 0: [IODDR0] waiting kernels
IODDR0@0.0: RM 0: cluster   7: 48.08 MB/s (16 MB 0.33 s)
IODDR0@0.0: RM 0: cluster   9: 46.75 MB/s (16 MB 0.34 s)
IODDR0@0.0: RM 0: cluster   8: 46.74 MB/s (16 MB 0.34 s)
IODDR0@0.0: RM 0: cluster  10: 54.84 MB/s (16 MB 0.29 s)
IODDR0@0.0: RM 0: cluster  11: 69.07 MB/s (16 MB 0.23 s)
IODDR0@0.0: RM 0: cluster  12: 67.99 MB/s (16 MB 0.24 s)
IODDR0@0.0: RM 0: cluster  13: 68.43 MB/s (16 MB 0.23 s)
IODDR1@0.0: RM 0: [RMEM] booting up server
IODDR1@0.0: RM 0: [RMEM] server alive
IODDR0@0.0: RM 0: [IODDR0] spawning kernels
IODDR0@0.0: RM 0: cluster   0: 82.80 MB/s (16 MB 0.19 s)
IODDR0@0.0: RM 0: cluster   1: 61.61 MB/s (16 MB 0.26 s)
IODDR0@0.0: RM 0: cluster   2: 48.28 MB/s (16 MB 0.33 s)
IODDR0@0.0: RM 0: cluster   3: 48.28 MB/s (16 MB 0.33 s)
IODDR0@0.0: RM 0: cluster   4: 49.08 MB/s (16 MB 0.33 s)
IODDR0@0.0: RM 0: cluster   5: 60.51 MB/s (16 MB 0.26 s)
IODDR0@0.0: RM 0: cluster   6: 40.85 MB/s (16 MB 0.39 s)
IODDR0@0.0: RM 0: [IODDR0] waiting kernels
IODDR0@0.0: RM 0: [IODDR0] waiting kernels
IODDR0@0.0: RM 0: cluster   7: 40.06 MB/s (16 MB 0.40 s)
IODDR0@0.0: RM 0: cluster   8: 40.05 MB/s (16 MB 0.40 s)
IODDR0@0.0: RM 0: cluster   9: 47.88 MB/s (16 MB 0.33 s)
IODDR0@0.0: RM 0: cluster  10: 71.59 MB/s (16 MB 0.22 s)
IODDR0@0.0: RM 0: cluster  11: 68.38 MB/s (16 MB 0.23 s)
IODDR0@0.0: RM 0: cluster  12: 67.84 MB/s (16 MB 0.24 s)
IODDR0@0.0: RM 0: cluster  13: 68.28 MB/s (16 MB 0.23 s)
IODDR1@0.0: RM 0: [RMEM] booting up server
IODDR1@0.0: RM 0: [RMEM] server alive
IODDR0@0.0: RM 0: [IODDR0] spawning kernels
IODDR0@0.0: RM 0: cluster   0: 82.80 MB/s (16 MB 0.19 s)
IODDR0@0.0: RM 0: cluster   1: 80.61 MB/s (16 MB 0.20 s)
IODDR0@0.0: RM 0: cluster   2: 78.55 MB/s (16 MB 0.20 s)
IODDR0@0.0: RM 0: cluster   3: 78.17 MB/s (16 MB 0.20 s)
IODDR0@0.0: RM 0: cluster   4: 80.22 MB/s (16 MB 0.20 s)
IODDR0@0.0: RM 0: cluster   5: 47.40 MB/s (16 MB 0.34 s)
IODDR0@0.0: RM 0: cluster   6: 46.04 MB/s (16 MB 0.35 s)
IODDR0@0.0: RM 0: cluster   7: 46.04 MB/s (16 MB 0.35 s)
IODDR0@0.0: RM 0: cluster   8: 52.79 MB/s (16 MB 0.30 s)
IODDR0@0.0: RM 0: cluster   9: 78.19 MB/s (16 MB 0.20 s)
IODDR0@0.0: RM 0: [IODDR0] waiting kernels
IODDR0@0.0: RM 0: cluster  10: 66.33 MB/s (16 MB 0.24 s)
IODDR0@0.0: RM 0: cluster  11: 55.11 MB/s (16 MB 0.29 s)
IODDR0@0.0: RM 0: cluster  12: 55.09 MB/s (16 MB 0.29 s)
IODDR0@0.0: RM 0: cluster  13: 64.49 MB/s (16 MB 0.25 s)
IODDR1@0.0: RM 0: [RMEM] booting up server
IODDR1@0.0: RM 0: [RMEM] server alive
IODDR0@0.0: RM 0: [IODDR0] spawning kernels
IODDR0@0.0: RM 0: cluster   0: 80.49 MB/s (16 MB 0.20 s)
IODDR0@0.0: RM 0: cluster   1: 80.41 MB/s (16 MB 0.20 s)
IODDR0@0.0: RM 0: cluster   2: 69.38 MB/s (16 MB 0.23 s)
IODDR0@0.0: RM 0: cluster   4: 45.89 MB/s (16 MB 0.35 s)
IODDR0@0.0: RM 0: cluster   3: 45.40 MB/s (16 MB 0.35 s)
IODDR0@0.0: RM 0: cluster   5: 45.44 MB/s (16 MB 0.35 s)
IODDR0@0.0: RM 0: cluster   6: 46.09 MB/s (16 MB 0.35 s)
IODDR0@0.0: RM 0: cluster   7: 66.93 MB/s (16 MB 0.24 s)
IODDR0@0.0: RM 0: cluster   8: 79.30 MB/s (16 MB 0.20 s)
IODDR0@0.0: RM 0: [IODDR0] waiting kernels
IODDR0@0.0: RM 0: cluster   9: 50.97 MB/s (16 MB 0.31 s)
IODDR0@0.0: RM 0: cluster  10: 49.59 MB/s (16 MB 0.32 s)
IODDR0@0.0: RM 0: cluster  11: 48.42 MB/s (16 MB 0.33 s)
IODDR0@0.0: RM 0: cluster  12: 64.83 MB/s (16 MB 0.25 s)
IODDR0@0.0: RM 0: cluster  13: 66.03 MB/s (16 MB 0.24 s)
IODDR1@0.0: RM 0: [RMEM] booting up server
IODDR1@0.0: RM 0: [RMEM] server alive
IODDR0@0.0: RM 0: [IODDR0] spawning kernels
IODDR0@0.0: RM 0: cluster   0: 82.81 MB/s (16 MB 0.19 s)
IODDR0@0.0: RM 0: cluster   1: 82.71 MB/s (16 MB 0.19 s)
IODDR0@0.0: RM 0: cluster   2: 50.92 MB/s (16 MB 0.31 s)
IODDR0@0.0: RM 0: cluster   3: 48.12 MB/s (16 MB 0.33 s)
IODDR0@0.0: RM 0: cluster   4: 47.06 MB/s (16 MB 0.34 s)
IODDR0@0.0: RM 0: cluster   5: 58.12 MB/s (16 MB 0.28 s)
IODDR0@0.0: RM 0: cluster   6: 59.76 MB/s (16 MB 0.27 s)
IODDR0@0.0: RM 0: cluster   7: 63.44 MB/s (16 MB 0.25 s)
IODDR0@0.0: RM 0: [IODDR0] waiting kernels
IODDR0@0.0: RM 0: [IODDR0] waiting kernels
IODDR0@0.0: RM 0: cluster   8: 55.31 MB/s (16 MB 0.29 s)
IODDR0@0.0: RM 0: cluster   9: 55.31 MB/s (16 MB 0.29 s)
IODDR0@0.0: RM 0: cluster  10: 64.44 MB/s (16 MB 0.25 s)
IODDR0@0.0: RM 0: cluster  11: 64.83 MB/s (16 MB 0.25 s)
IODDR0@0.0: RM 0: cluster  12: 64.81 MB/s (16 MB 0.25 s)
IODDR0@0.0: RM 0: cluster  13: 68.14 MB/s (16 MB 0.23 s)
IODDR1@0.0: RM 0: [RMEM] booting up server
IODDR1@0.0: RM 0: [RMEM] server alive
IODDR0@0.0: RM 0: [IODDR0] spawning kernels
IODDR0@0.0: RM 0: cluster   0: 82.80 MB/s (16 MB 0.19 s)
IODDR0@0.0: RM 0: cluster   1: 70.08 MB/s (16 MB 0.23 s)
IODDR0@0.0: RM 0: cluster   2: 67.53 MB/s (16 MB 0.24 s)
IODDR0@0.0: RM 0: cluster   3: 67.77 MB/s (16 MB 0.24 s)
IODDR0@0.0: RM 0: cluster   4: 79.90 MB/s (16 MB 0.20 s)
IODDR0@0.0: RM 0: cluster   5: 67.43 MB/s (16 MB 0.24 s)
IODDR0@0.0: RM 0: cluster   6: 56.62 MB/s (16 MB 0.28 s)
IODDR0@0.0: RM 0: cluster   7: 56.62 MB/s (16 MB 0.28 s)
IODDR0@0.0: RM 0: cluster   8: 65.33 MB/s (16 MB 0.24 s)
IODDR0@0.0: RM 0: [IODDR0] waiting kernels
IODDR0@0.0: RM 0: cluster   9: 67.16 MB/s (16 MB 0.24 s)
IODDR0@0.0: RM 0: cluster  10: 67.17 MB/s (16 MB 0.24 s)
IODDR0@0.0: RM 0: cluster  11: 69.83 MB/s (16 MB 0.23 s)
IODDR0@0.0: RM 0: cluster  12: 77.41 MB/s (16 MB 0.21 s)
IODDR0@0.0: RM 0: cluster  13: 77.44 MB/s (16 MB 0.21 s)
IODDR1@0.0: RM 0: [RMEM] booting up server
IODDR1@0.0: RM 0: [RMEM] server alive
IODDR0@0.0: RM 0: [IODDR0] spawning kernels
IODDR0@0.0: RM 0: cluster   0: 45.93 MB/s (16 MB 0.35 s)
IODDR0@0.0: RM 0: cluster   2: 44.47 MB/s (16 MB 0.36 s)
IODDR0@0.0: RM 0: cluster   1: 43.98 MB/s (16 MB 0.36 s)
IODDR0@0.0: RM 0: cluster   3: 49.60 MB/s (16 MB 0.32 s)
IODDR0@0.0: RM 0: cluster   4: 76.85 MB/s (16 MB 0.21 s)
IODDR0@0.0: RM 0: [IODDR0] waiting kernels
IODDR0@0.0: RM 0: cluster   5: 39.30 MB/s (16 MB 0.41 s)
IODDR0@0.0: RM 0: cluster   6: 38.20 MB/s (16 MB 0.42 s)
IODDR0@0.0: RM 0: cluster   7: 36.80 MB/s (16 MB 0.43 s)
IODDR0@0.0: RM 0: cluster   8: 36.79 MB/s (16 MB 0.43 s)
IODDR0@0.0: RM 0: cluster   9: 46.75 MB/s (16 MB 0.34 s)
IODDR0@0.0: RM 0: cluster  10: 54.68 MB/s (16 MB 0.29 s)
IODDR0@0.0: RM 0: cluster  11: 51.90 MB/s (16 MB 0.31 s)
IODDR0@0.0: RM 0: cluster  13: 58.61 MB/s (16 MB 0.27 s)
IODDR0@0.0: RM 0: cluster  12: 60.58 MB/s (16 MB 0.26 s)
IODDR1@0.0: RM 0: [RMEM] booting up server
IODDR1@0.0: RM 0: [RMEM] server alive
IODDR0@0.0: RM 0: [IODDR0] spawning kernels
IODDR0@0.0: RM 0: cluster   0: 80.66 MB/s (16 MB 0.20 s)
IODDR0@0.0: RM 0: cluster   1: 78.07 MB/s (16 MB 0.20 s)
IODDR0@0.0: RM 0: cluster   2: 80.10 MB/s (16 MB 0.20 s)
IODDR0@0.0: RM 0: cluster   3: 47.41 MB/s (16 MB 0.34 s)
IODDR0@0.0: RM 0: cluster   4: 46.04 MB/s (16 MB 0.35 s)
IODDR0@0.0: RM 0: cluster   5: 46.05 MB/s (16 MB 0.35 s)
IODDR0@0.0: RM 0: cluster   6: 53.72 MB/s (16 MB 0.30 s)
IODDR0@0.0: RM 0: [IODDR0] waiting kernels
IODDR0@0.0: RM 0: [IODDR0] waiting kernels
IODDR0@0.0: RM 0: cluster   7: 59.72 MB/s (16 MB 0.27 s)
IODDR0@0.0: RM 0: cluster   8: 45.04 MB/s (16 MB 0.36 s)
IODDR0@0.0: RM 0: cluster  10: 44.03 MB/s (16 MB 0.36 s)
IODDR0@0.0: RM 0: cluster   9: 44.66 MB/s (16 MB 0.36 s)
IODDR0@0.0: RM 0: cluster  11: 50.45 MB/s (16 MB 0.32 s)
IODDR0@0.0: RM 0: cluster  12: 59.49 MB/s (16 MB 0.27 s)
IODDR0@0.0: RM 0: cluster  13: 59.61 MB/s (16 MB 0.27 s)
