IODDR1@0.0: RM 0: [RMEM] booting up server
IODDR1@0.0: RM 0: [RMEM] server alive
IODDR0@0.0: RM 0: [IODDR0] spawning kernels
IODDR0@0.0: RM 0: cluster   0: 84.53 MB/s (16 MB 0.19 s)
IODDR0@0.0: RM 0: cluster   1: 50.01 MB/s (16 MB 0.32 s)
IODDR0@0.0: RM 0: cluster   2: 48.09 MB/s (16 MB 0.33 s)
IODDR0@0.0: RM 0: cluster   3: 47.98 MB/s (16 MB 0.33 s)
IODDR0@0.0: RM 0: cluster   4: 48.98 MB/s (16 MB 0.33 s)
IODDR0@0.0: RM 0: [IODDR0] waiting kernels
IODDR0@0.0: RM 0: cluster   5: 56.54 MB/s (16 MB 0.28 s)
IODDR0@0.0: RM 0: cluster   6: 35.04 MB/s (16 MB 0.46 s)
IODDR0@0.0: RM 0: cluster   7: 34.44 MB/s (16 MB 0.46 s)
IODDR0@0.0: RM 0: cluster   8: 34.82 MB/s (16 MB 0.46 s)
IODDR0@0.0: RM 0: cluster   9: 41.58 MB/s (16 MB 0.38 s)
IODDR1@0.0: RM 0: [RMEM] booting up server
IODDR1@0.0: RM 0: [RMEM] server alive
IODDR0@0.0: RM 0: [IODDR0] spawning kernels
IODDR0@0.0: RM 0: cluster   0: 84.53 MB/s (16 MB 0.19 s)
IODDR0@0.0: RM 0: cluster   2: 58.34 MB/s (16 MB 0.27 s)
IODDR0@0.0: RM 0: [IODDR0] waiting kernels
IODDR0@0.0: RM 0: [IODDR0] waiting kernels
IODDR0@0.0: RM 0: cluster   1: 42.41 MB/s (16 MB 0.38 s)
IODDR0@0.0: RM 0: cluster   3: 40.70 MB/s (16 MB 0.39 s)
IODDR0@0.0: RM 0: cluster   4: 40.64 MB/s (16 MB 0.39 s)
IODDR0@0.0: RM 0: cluster   5: 41.81 MB/s (16 MB 0.38 s)
IODDR0@0.0: RM 0: cluster   6: 41.79 MB/s (16 MB 0.38 s)
IODDR0@0.0: RM 0: cluster   7: 39.04 MB/s (16 MB 0.41 s)
IODDR0@0.0: RM 0: cluster   8: 43.15 MB/s (16 MB 0.37 s)
IODDR0@0.0: RM 0: cluster   9: 44.80 MB/s (16 MB 0.36 s)
IODDR1@0.0: RM 0: [RMEM] booting up server
IODDR1@0.0: RM 0: [RMEM] server alive
IODDR0@0.0: RM 0: [IODDR0] spawning kernels
IODDR0@0.0: RM 0: cluster   0: 84.54 MB/s (16 MB 0.19 s)
IODDR0@0.0: RM 0: [IODDR0] waiting kernels
IODDR0@0.0: RM 0: [IODDR0] waiting kernels
IODDR0@0.0: RM 0: cluster   1: 37.17 MB/s (16 MB 0.43 s)
IODDR0@0.0: RM 0: cluster   2: 36.23 MB/s (16 MB 0.44 s)
IODDR0@0.0: RM 0: cluster   3: 35.60 MB/s (16 MB 0.45 s)
IODDR0@0.0: RM 0: cluster   4: 36.21 MB/s (16 MB 0.44 s)
IODDR0@0.0: RM 0: cluster   5: 41.61 MB/s (16 MB 0.38 s)
IODDR0@0.0: RM 0: cluster   6: 59.42 MB/s (16 MB 0.27 s)
IODDR0@0.0: RM 0: cluster   7: 45.23 MB/s (16 MB 0.35 s)
IODDR0@0.0: RM 0: cluster   9: 45.22 MB/s (16 MB 0.35 s)
IODDR0@0.0: RM 0: cluster   8: 46.12 MB/s (16 MB 0.35 s)
IODDR1@0.0: RM 0: [RMEM] booting up server
IODDR1@0.0: RM 0: [RMEM] server alive
IODDR0@0.0: RM 0: [IODDR0] spawning kernels
IODDR0@0.0: RM 0: cluster   0: 84.54 MB/s (16 MB 0.19 s)
IODDR0@0.0: RM 0: cluster   1: 84.22 MB/s (16 MB 0.19 s)
IODDR0@0.0: RM 0: [IODDR0] waiting kernels
IODDR0@0.0: RM 0: [IODDR0] waiting kernels
IODDR0@0.0: RM 0: cluster   2: 45.41 MB/s (16 MB 0.35 s)
IODDR0@0.0: RM 0: cluster   3: 43.76 MB/s (16 MB 0.37 s)
IODDR0@0.0: RM 0: cluster   4: 42.90 MB/s (16 MB 0.37 s)
IODDR0@0.0: RM 0: cluster   5: 48.68 MB/s (16 MB 0.33 s)
IODDR0@0.0: RM 0: cluster   6: 53.02 MB/s (16 MB 0.30 s)
IODDR0@0.0: RM 0: cluster   7: 45.54 MB/s (16 MB 0.35 s)
IODDR0@0.0: RM 0: cluster   8: 49.47 MB/s (16 MB 0.32 s)
IODDR0@0.0: RM 0: cluster   9: 51.16 MB/s (16 MB 0.31 s)
IODDR1@0.0: RM 0: [RMEM] booting up server
IODDR1@0.0: RM 0: [RMEM] server alive
IODDR0@0.0: RM 0: [IODDR0] spawning kernels
IODDR0@0.0: RM 0: cluster   0: 84.53 MB/s (16 MB 0.19 s)
IODDR0@0.0: RM 0: cluster   1: 77.68 MB/s (16 MB 0.21 s)
IODDR0@0.0: RM 0: cluster   2: 71.46 MB/s (16 MB 0.22 s)
IODDR0@0.0: RM 0: cluster   3: 69.53 MB/s (16 MB 0.23 s)
IODDR0@0.0: RM 0: [IODDR0] waiting kernels
IODDR0@0.0: RM 0: cluster   4: 57.30 MB/s (16 MB 0.28 s)
IODDR0@0.0: RM 0: cluster   5: 46.08 MB/s (16 MB 0.35 s)
IODDR0@0.0: RM 0: cluster   6: 45.89 MB/s (16 MB 0.35 s)
IODDR0@0.0: RM 0: cluster   7: 46.02 MB/s (16 MB 0.35 s)
IODDR0@0.0: RM 0: cluster   8: 57.75 MB/s (16 MB 0.28 s)
IODDR0@0.0: RM 0: cluster   9: 58.25 MB/s (16 MB 0.27 s)
IODDR1@0.0: RM 0: [RMEM] booting up server
IODDR1@0.0: RM 0: [RMEM] server alive
IODDR0@0.0: RM 0: [IODDR0] spawning kernels
IODDR0@0.0: RM 0: cluster   0: 84.53 MB/s (16 MB 0.19 s)
IODDR0@0.0: RM 0: cluster   1: 64.01 MB/s (16 MB 0.25 s)
IODDR0@0.0: RM 0: [IODDR0] waiting kernels
IODDR0@0.0: RM 0: [IODDR0] waiting kernels
IODDR0@0.0: RM 0: cluster   2: 42.89 MB/s (16 MB 0.37 s)
IODDR0@0.0: RM 0: cluster   3: 40.80 MB/s (16 MB 0.39 s)
IODDR0@0.0: RM 0: cluster   4: 36.84 MB/s (16 MB 0.43 s)
IODDR0@0.0: RM 0: cluster   5: 33.67 MB/s (16 MB 0.48 s)
IODDR0@0.0: RM 0: cluster   6: 33.44 MB/s (16 MB 0.48 s)
IODDR0@0.0: RM 0: cluster   7: 33.68 MB/s (16 MB 0.48 s)
IODDR0@0.0: RM 0: cluster   8: 43.38 MB/s (16 MB 0.37 s)
IODDR0@0.0: RM 0: cluster   9: 44.46 MB/s (16 MB 0.36 s)
IODDR1@0.0: RM 0: [RMEM] booting up server
IODDR1@0.0: RM 0: [RMEM] server alive
IODDR0@0.0: RM 0: [IODDR0] spawning kernels
IODDR0@0.0: RM 0: cluster   0: 66.16 MB/s (16 MB 0.24 s)
IODDR0@0.0: RM 0: cluster   1: 47.57 MB/s (16 MB 0.34 s)
IODDR0@0.0: RM 0: cluster   2: 47.56 MB/s (16 MB 0.34 s)
IODDR0@0.0: RM 0: cluster   3: 45.00 MB/s (16 MB 0.36 s)
IODDR0@0.0: RM 0: [IODDR0] waiting kernels
IODDR0@0.0: RM 0: cluster   4: 32.30 MB/s (16 MB 0.50 s)
IODDR0@0.0: RM 0: cluster   6: 30.10 MB/s (16 MB 0.53 s)
IODDR0@0.0: RM 0: cluster   5: 29.95 MB/s (16 MB 0.53 s)
IODDR0@0.0: RM 0: cluster   7: 31.41 MB/s (16 MB 0.51 s)
IODDR0@0.0: RM 0: cluster   8: 35.76 MB/s (16 MB 0.45 s)
IODDR0@0.0: RM 0: cluster   9: 42.85 MB/s (16 MB 0.37 s)
IODDR1@0.0: RM 0: [RMEM] booting up server
IODDR1@0.0: RM 0: [RMEM] server alive
IODDR0@0.0: RM 0: [IODDR0] spawning kernels
IODDR0@0.0: RM 0: cluster   0: 84.54 MB/s (16 MB 0.19 s)
IODDR0@0.0: RM 0: cluster   1: 77.72 MB/s (16 MB 0.21 s)
IODDR0@0.0: RM 0: [IODDR0] waiting kernels
IODDR0@0.0: RM 0: [IODDR0] waiting kernels
IODDR0@0.0: RM 0: cluster   2: 53.81 MB/s (16 MB 0.30 s)
IODDR0@0.0: RM 0: cluster   3: 38.04 MB/s (16 MB 0.42 s)
IODDR0@0.0: RM 0: cluster   5: 37.33 MB/s (16 MB 0.43 s)
IODDR0@0.0: RM 0: cluster   4: 37.07 MB/s (16 MB 0.43 s)
IODDR0@0.0: RM 0: cluster   6: 37.04 MB/s (16 MB 0.43 s)
IODDR0@0.0: RM 0: cluster   7: 41.47 MB/s (16 MB 0.39 s)
IODDR0@0.0: RM 0: cluster   8: 42.02 MB/s (16 MB 0.38 s)
IODDR0@0.0: RM 0: cluster   9: 43.05 MB/s (16 MB 0.37 s)
IODDR1@0.0: RM 0: [RMEM] booting up server
IODDR1@0.0: RM 0: [RMEM] server alive
IODDR0@0.0: RM 0: [IODDR0] spawning kernels
IODDR0@0.0: RM 0: cluster   0: 84.53 MB/s (16 MB 0.19 s)
IODDR0@0.0: RM 0: cluster   1: 69.55 MB/s (16 MB 0.23 s)
IODDR0@0.0: RM 0: cluster   2: 69.34 MB/s (16 MB 0.23 s)
IODDR0@0.0: RM 0: cluster   3: 69.39 MB/s (16 MB 0.23 s)
IODDR0@0.0: RM 0: cluster   4: 69.46 MB/s (16 MB 0.23 s)
IODDR0@0.0: RM 0: [IODDR0] waiting kernels
IODDR0@0.0: RM 0: cluster   5: 58.24 MB/s (16 MB 0.27 s)
IODDR0@0.0: RM 0: cluster   6: 57.20 MB/s (16 MB 0.28 s)
IODDR0@0.0: RM 0: cluster   7: 58.58 MB/s (16 MB 0.27 s)
IODDR0@0.0: RM 0: cluster   8: 64.39 MB/s (16 MB 0.25 s)
IODDR0@0.0: RM 0: cluster   9: 65.14 MB/s (16 MB 0.25 s)
IODDR1@0.0: RM 0: [RMEM] booting up server
IODDR1@0.0: RM 0: [RMEM] server alive
IODDR0@0.0: RM 0: [IODDR0] spawning kernels
IODDR0@0.0: RM 0: cluster   0: 84.55 MB/s (16 MB 0.19 s)
IODDR0@0.0: RM 0: cluster   1: 67.06 MB/s (16 MB 0.24 s)
IODDR0@0.0: RM 0: cluster   2: 58.59 MB/s (16 MB 0.27 s)
IODDR0@0.0: RM 0: cluster   3: 58.56 MB/s (16 MB 0.27 s)
IODDR0@0.0: RM 0: cluster   4: 70.05 MB/s (16 MB 0.23 s)
IODDR0@0.0: RM 0: [IODDR0] waiting kernels
IODDR0@0.0: RM 0: cluster   5: 56.79 MB/s (16 MB 0.28 s)
IODDR0@0.0: RM 0: cluster   6: 50.61 MB/s (16 MB 0.32 s)
IODDR0@0.0: RM 0: cluster   7: 49.43 MB/s (16 MB 0.32 s)
IODDR0@0.0: RM 0: cluster   8: 57.62 MB/s (16 MB 0.28 s)
IODDR0@0.0: RM 0: cluster   9: 58.36 MB/s (16 MB 0.27 s)
