IODDR1@0.0: RM 0: [RMEM] booting up server
IODDR1@0.0: RM 0: [RMEM] server alive
IODDR0@0.0: RM 0: [IODDR0] spawning kernels
IODDR0@0.0: RM 0: [IODDR0] waiting kernels
IODDR0@0.0: RM 0: cluster   0: 78.43 MB/s (16 MB 0.20 s)
IODDR0@0.0: RM 0: cluster   1: 71.65 MB/s (16 MB 0.22 s)
IODDR0@0.0: RM 0: cluster   2: 55.78 MB/s (16 MB 0.29 s)
IODDR0@0.0: RM 0: cluster   3: 55.40 MB/s (16 MB 0.29 s)
IODDR0@0.0: RM 0: cluster   4: 55.66 MB/s (16 MB 0.29 s)
IODDR1@0.0: RM 0: [RMEM] booting up server
IODDR1@0.0: RM 0: [RMEM] server alive
IODDR0@0.0: RM 0: [IODDR0] spawning kernels
IODDR0@0.0: RM 0: [IODDR0] waiting kernels
IODDR0@0.0: RM 0: cluster   0: 78.42 MB/s (16 MB 0.20 s)
IODDR0@0.0: RM 0: cluster   1: 71.63 MB/s (16 MB 0.22 s)
IODDR0@0.0: RM 0: cluster   2: 55.80 MB/s (16 MB 0.29 s)
IODDR0@0.0: RM 0: cluster   3: 55.42 MB/s (16 MB 0.29 s)
IODDR0@0.0: RM 0: cluster   4: 55.68 MB/s (16 MB 0.29 s)
IODDR1@0.0: RM 0: [RMEM] booting up server
IODDR1@0.0: RM 0: [RMEM] server alive
IODDR0@0.0: RM 0: [IODDR0] spawning kernels
IODDR0@0.0: RM 0: cluster   0: 84.33 MB/s (16 MB 0.19 s)
IODDR0@0.0: RM 0: [IODDR0] waiting kernels
IODDR0@0.0: RM 0: cluster   1: 77.53 MB/s (16 MB 0.21 s)
IODDR0@0.0: RM 0: cluster   2: 59.00 MB/s (16 MB 0.27 s)
IODDR0@0.0: RM 0: cluster   3: 57.48 MB/s (16 MB 0.28 s)
IODDR0@0.0: RM 0: cluster   4: 58.04 MB/s (16 MB 0.28 s)
IODDR1@0.0: RM 0: [RMEM] booting up server
IODDR1@0.0: RM 0: [RMEM] server alive
IODDR0@0.0: RM 0: [IODDR0] spawning kernels
IODDR0@0.0: RM 0: cluster   0: 84.34 MB/s (16 MB 0.19 s)
IODDR0@0.0: RM 0: [IODDR0] waiting kernels
IODDR0@0.0: RM 0: cluster   1: 66.04 MB/s (16 MB 0.24 s)
IODDR0@0.0: RM 0: cluster   2: 47.14 MB/s (16 MB 0.34 s)
IODDR0@0.0: RM 0: cluster   3: 47.14 MB/s (16 MB 0.34 s)
IODDR0@0.0: RM 0: cluster   4: 55.04 MB/s (16 MB 0.29 s)
IODDR1@0.0: RM 0: [RMEM] booting up server
IODDR1@0.0: RM 0: [RMEM] server alive
IODDR0@0.0: RM 0: [IODDR0] spawning kernels
IODDR0@0.0: RM 0: [IODDR0] waiting kernels
IODDR0@0.0: RM 0: [IODDR0] waiting kernels
IODDR0@0.0: RM 0: cluster   0: 84.34 MB/s (16 MB 0.19 s)
IODDR0@0.0: RM 0: cluster   1: 77.55 MB/s (16 MB 0.21 s)
IODDR0@0.0: RM 0: cluster   2: 58.16 MB/s (16 MB 0.28 s)
IODDR0@0.0: RM 0: cluster   3: 56.67 MB/s (16 MB 0.28 s)
IODDR0@0.0: RM 0: cluster   4: 56.92 MB/s (16 MB 0.28 s)
IODDR1@0.0: RM 0: [RMEM] booting up server
IODDR1@0.0: RM 0: [RMEM] server alive
IODDR0@0.0: RM 0: [IODDR0] spawning kernels
IODDR0@0.0: RM 0: [IODDR0] waiting kernels
IODDR0@0.0: RM 0: cluster   0: 84.34 MB/s (16 MB 0.19 s)
IODDR0@0.0: RM 0: cluster   1: 36.17 MB/s (16 MB 0.44 s)
IODDR0@0.0: RM 0: cluster   2: 35.63 MB/s (16 MB 0.45 s)
IODDR0@0.0: RM 0: cluster   3: 35.62 MB/s (16 MB 0.45 s)
IODDR0@0.0: RM 0: cluster   4: 35.91 MB/s (16 MB 0.45 s)
IODDR1@0.0: RM 0: [RMEM] booting up server
IODDR1@0.0: RM 0: [RMEM] server alive
IODDR0@0.0: RM 0: [IODDR0] spawning kernels
IODDR0@0.0: RM 0: [IODDR0] waiting kernels
IODDR0@0.0: RM 0: [IODDR0] waiting kernels
IODDR0@0.0: RM 0: cluster   0: 84.34 MB/s (16 MB 0.19 s)
IODDR0@0.0: RM 0: cluster   2: 48.80 MB/s (16 MB 0.33 s)
IODDR0@0.0: RM 0: cluster   1: 46.92 MB/s (16 MB 0.34 s)
IODDR0@0.0: RM 0: cluster   3: 46.85 MB/s (16 MB 0.34 s)
IODDR0@0.0: RM 0: cluster   4: 47.32 MB/s (16 MB 0.34 s)
IODDR1@0.0: RM 0: [RMEM] booting up server
IODDR1@0.0: RM 0: [RMEM] server alive
IODDR0@0.0: RM 0: [IODDR0] spawning kernels
IODDR0@0.0: RM 0: [IODDR0] waiting kernels
IODDR0@0.0: RM 0: cluster   0: 84.33 MB/s (16 MB 0.19 s)
IODDR0@0.0: RM 0: cluster   1: 56.48 MB/s (16 MB 0.28 s)
IODDR0@0.0: RM 0: cluster   2: 41.85 MB/s (16 MB 0.38 s)
IODDR0@0.0: RM 0: cluster   3: 41.84 MB/s (16 MB 0.38 s)
IODDR0@0.0: RM 0: cluster   4: 42.25 MB/s (16 MB 0.38 s)
IODDR1@0.0: RM 0: [RMEM] booting up server
IODDR1@0.0: RM 0: [RMEM] server alive
IODDR0@0.0: RM 0: [IODDR0] spawning kernels
IODDR0@0.0: RM 0: [IODDR0] waiting kernels
IODDR0@0.0: RM 0: [IODDR0] waiting kernels
IODDR0@0.0: RM 0: cluster   0: 84.32 MB/s (16 MB 0.19 s)
IODDR0@0.0: RM 0: cluster   2: 56.37 MB/s (16 MB 0.28 s)
IODDR0@0.0: RM 0: cluster   1: 41.92 MB/s (16 MB 0.38 s)
IODDR0@0.0: RM 0: cluster   3: 41.91 MB/s (16 MB 0.38 s)
IODDR0@0.0: RM 0: cluster   4: 42.29 MB/s (16 MB 0.38 s)
IODDR1@0.0: RM 0: [RMEM] booting up server
IODDR1@0.0: RM 0: [RMEM] server alive
IODDR0@0.0: RM 0: [IODDR0] spawning kernels
IODDR0@0.0: RM 0: [IODDR0] waiting kernels
IODDR0@0.0: RM 0: cluster   0: 84.34 MB/s (16 MB 0.19 s)
IODDR0@0.0: RM 0: cluster   1: 36.17 MB/s (16 MB 0.44 s)
IODDR0@0.0: RM 0: cluster   2: 35.64 MB/s (16 MB 0.45 s)
IODDR0@0.0: RM 0: cluster   3: 35.63 MB/s (16 MB 0.45 s)
IODDR0@0.0: RM 0: cluster   4: 35.92 MB/s (16 MB 0.45 s)
