IODDR1@0.0: RM 0: [RMEM] booting up server
IODDR1@0.0: RM 0: [RMEM] server alive
IODDR0@0.0: RM 0: [IODDR0] spawning kernels
IODDR0@0.0: RM 0: cluster   0: 71.80 MB/s (16 MB 0.22 s)
IODDR0@0.0: RM 0: cluster   1: 57.65 MB/s (16 MB 0.28 s)
IODDR0@0.0: RM 0: cluster   2: 59.35 MB/s (16 MB 0.27 s)
IODDR0@0.0: RM 0: [IODDR0] waiting kernels
IODDR0@0.0: RM 0: cluster   3: 31.16 MB/s (16 MB 0.51 s)
IODDR0@0.0: RM 0: cluster   4: 29.94 MB/s (16 MB 0.53 s)
IODDR0@0.0: RM 0: cluster   5: 29.69 MB/s (16 MB 0.54 s)
IODDR0@0.0: RM 0: cluster   6: 29.47 MB/s (16 MB 0.54 s)
IODDR0@0.0: RM 0: cluster   7: 29.84 MB/s (16 MB 0.54 s)
IODDR0@0.0: RM 0: cluster   8: 34.99 MB/s (16 MB 0.46 s)
IODDR1@0.0: RM 0: [RMEM] booting up server
IODDR1@0.0: RM 0: [RMEM] server alive
IODDR0@0.0: RM 0: [IODDR0] spawning kernels
IODDR0@0.0: RM 0: cluster   0: 71.71 MB/s (16 MB 0.22 s)
IODDR0@0.0: RM 0: cluster   1: 57.65 MB/s (16 MB 0.28 s)
IODDR0@0.0: RM 0: cluster   2: 59.80 MB/s (16 MB 0.27 s)
IODDR0@0.0: RM 0: [IODDR0] waiting kernels
IODDR0@0.0: RM 0: cluster   3: 31.85 MB/s (16 MB 0.50 s)
IODDR0@0.0: RM 0: cluster   4: 30.54 MB/s (16 MB 0.52 s)
IODDR0@0.0: RM 0: cluster   5: 30.16 MB/s (16 MB 0.53 s)
IODDR0@0.0: RM 0: cluster   6: 29.81 MB/s (16 MB 0.54 s)
IODDR0@0.0: RM 0: cluster   7: 30.23 MB/s (16 MB 0.53 s)
IODDR0@0.0: RM 0: cluster   8: 35.52 MB/s (16 MB 0.45 s)
IODDR1@0.0: RM 0: [RMEM] booting up server
IODDR1@0.0: RM 0: [RMEM] server alive
IODDR0@0.0: RM 0: [IODDR0] spawning kernels
IODDR0@0.0: RM 0: cluster   0: 71.75 MB/s (16 MB 0.22 s)
IODDR0@0.0: RM 0: cluster   1: 54.55 MB/s (16 MB 0.29 s)
IODDR0@0.0: RM 0: cluster   2: 48.60 MB/s (16 MB 0.33 s)
IODDR0@0.0: RM 0: [IODDR0] waiting kernels
IODDR0@0.0: RM 0: [IODDR0] waiting kernels
IODDR0@0.0: RM 0: cluster   3: 44.25 MB/s (16 MB 0.36 s)
IODDR0@0.0: RM 0: cluster   4: 35.08 MB/s (16 MB 0.46 s)
IODDR0@0.0: RM 0: cluster   5: 30.26 MB/s (16 MB 0.53 s)
IODDR0@0.0: RM 0: cluster   6: 29.97 MB/s (16 MB 0.53 s)
IODDR0@0.0: RM 0: cluster   7: 30.23 MB/s (16 MB 0.53 s)
IODDR0@0.0: RM 0: cluster   8: 35.50 MB/s (16 MB 0.45 s)
IODDR1@0.0: RM 0: [RMEM] booting up server
IODDR1@0.0: RM 0: [RMEM] server alive
IODDR0@0.0: RM 0: [IODDR0] spawning kernels
IODDR0@0.0: RM 0: cluster   0: 84.33 MB/s (16 MB 0.19 s)
IODDR0@0.0: RM 0: cluster   1: 69.65 MB/s (16 MB 0.23 s)
IODDR0@0.0: RM 0: cluster   2: 69.93 MB/s (16 MB 0.23 s)
IODDR0@0.0: RM 0: [IODDR0] waiting kernels
IODDR0@0.0: RM 0: cluster   3: 35.05 MB/s (16 MB 0.46 s)
IODDR0@0.0: RM 0: cluster   4: 33.71 MB/s (16 MB 0.47 s)
IODDR0@0.0: RM 0: cluster   5: 26.55 MB/s (16 MB 0.60 s)
IODDR0@0.0: RM 0: cluster   6: 26.51 MB/s (16 MB 0.60 s)
IODDR0@0.0: RM 0: cluster   7: 32.40 MB/s (16 MB 0.49 s)
IODDR0@0.0: RM 0: cluster   8: 32.80 MB/s (16 MB 0.49 s)
IODDR1@0.0: RM 0: [RMEM] booting up server
IODDR1@0.0: RM 0: [RMEM] server alive
IODDR0@0.0: RM 0: [IODDR0] spawning kernels
IODDR0@0.0: RM 0: cluster   0: 84.34 MB/s (16 MB 0.19 s)
IODDR0@0.0: RM 0: cluster   1: 69.66 MB/s (16 MB 0.23 s)
IODDR0@0.0: RM 0: cluster   2: 54.23 MB/s (16 MB 0.30 s)
IODDR0@0.0: RM 0: [IODDR0] waiting kernels
IODDR0@0.0: RM 0: [IODDR0] waiting kernels
IODDR0@0.0: RM 0: cluster   3: 49.05 MB/s (16 MB 0.33 s)
IODDR0@0.0: RM 0: cluster   4: 40.42 MB/s (16 MB 0.40 s)
IODDR0@0.0: RM 0: cluster   5: 34.68 MB/s (16 MB 0.46 s)
IODDR0@0.0: RM 0: cluster   6: 33.56 MB/s (16 MB 0.48 s)
IODDR0@0.0: RM 0: cluster   7: 34.05 MB/s (16 MB 0.47 s)
IODDR0@0.0: RM 0: cluster   8: 39.87 MB/s (16 MB 0.40 s)
IODDR1@0.0: RM 0: [RMEM] booting up server
IODDR1@0.0: RM 0: [RMEM] server alive
IODDR0@0.0: RM 0: [IODDR0] spawning kernels
IODDR0@0.0: RM 0: cluster   0: 84.35 MB/s (16 MB 0.19 s)
IODDR0@0.0: RM 0: cluster   1: 69.57 MB/s (16 MB 0.23 s)
IODDR0@0.0: RM 0: [IODDR0] waiting kernels
IODDR0@0.0: RM 0: [IODDR0] waiting kernels
IODDR0@0.0: RM 0: cluster   2: 48.10 MB/s (16 MB 0.33 s)
IODDR0@0.0: RM 0: cluster   3: 34.52 MB/s (16 MB 0.46 s)
IODDR0@0.0: RM 0: cluster   4: 25.35 MB/s (16 MB 0.63 s)
IODDR0@0.0: RM 0: cluster   5: 25.24 MB/s (16 MB 0.63 s)
IODDR0@0.0: RM 0: cluster   6: 25.36 MB/s (16 MB 0.63 s)
IODDR0@0.0: RM 0: cluster   7: 30.52 MB/s (16 MB 0.52 s)
IODDR0@0.0: RM 0: cluster   8: 30.85 MB/s (16 MB 0.52 s)
IODDR1@0.0: RM 0: [RMEM] booting up server
IODDR1@0.0: RM 0: [RMEM] server alive
IODDR0@0.0: RM 0: [IODDR0] spawning kernels
IODDR0@0.0: RM 0: cluster   0: 84.35 MB/s (16 MB 0.19 s)
IODDR0@0.0: RM 0: cluster   1: 82.69 MB/s (16 MB 0.19 s)
IODDR0@0.0: RM 0: [IODDR0] waiting kernels
IODDR0@0.0: RM 0: cluster   2: 33.60 MB/s (16 MB 0.48 s)
IODDR0@0.0: RM 0: cluster   4: 31.01 MB/s (16 MB 0.52 s)
IODDR0@0.0: RM 0: cluster   3: 30.13 MB/s (16 MB 0.53 s)
IODDR0@0.0: RM 0: cluster   5: 27.15 MB/s (16 MB 0.59 s)
IODDR0@0.0: RM 0: cluster   6: 32.23 MB/s (16 MB 0.50 s)
IODDR0@0.0: RM 0: cluster   7: 32.45 MB/s (16 MB 0.49 s)
IODDR0@0.0: RM 0: cluster   8: 32.86 MB/s (16 MB 0.49 s)
IODDR1@0.0: RM 0: [RMEM] booting up server
IODDR1@0.0: RM 0: [RMEM] server alive
IODDR0@0.0: RM 0: [IODDR0] spawning kernels
IODDR0@0.0: RM 0: cluster   0: 84.32 MB/s (16 MB 0.19 s)
IODDR0@0.0: RM 0: cluster   2: 51.41 MB/s (16 MB 0.31 s)
IODDR0@0.0: RM 0: cluster   1: 50.08 MB/s (16 MB 0.32 s)
IODDR0@0.0: RM 0: cluster   4: 49.99 MB/s (16 MB 0.32 s)
IODDR0@0.0: RM 0: cluster   3: 50.61 MB/s (16 MB 0.32 s)
IODDR0@0.0: RM 0: [IODDR0] waiting kernels
IODDR0@0.0: RM 0: cluster   5: 37.32 MB/s (16 MB 0.43 s)
IODDR0@0.0: RM 0: cluster   6: 35.17 MB/s (16 MB 0.45 s)
IODDR0@0.0: RM 0: cluster   7: 35.17 MB/s (16 MB 0.45 s)
IODDR0@0.0: RM 0: cluster   8: 40.89 MB/s (16 MB 0.39 s)
IODDR1@0.0: RM 0: [RMEM] booting up server
IODDR1@0.0: RM 0: [RMEM] server alive
IODDR0@0.0: RM 0: [IODDR0] spawning kernels
IODDR0@0.0: RM 0: cluster   0: 84.33 MB/s (16 MB 0.19 s)
IODDR0@0.0: RM 0: [IODDR0] waiting kernels
IODDR0@0.0: RM 0: [IODDR0] waiting kernels
IODDR0@0.0: RM 0: cluster   1: 44.07 MB/s (16 MB 0.36 s)
IODDR0@0.0: RM 0: cluster   2: 42.76 MB/s (16 MB 0.37 s)
IODDR0@0.0: RM 0: cluster   3: 36.49 MB/s (16 MB 0.44 s)
IODDR0@0.0: RM 0: cluster   4: 32.12 MB/s (16 MB 0.50 s)
IODDR0@0.0: RM 0: cluster   5: 31.01 MB/s (16 MB 0.52 s)
IODDR0@0.0: RM 0: cluster   6: 30.88 MB/s (16 MB 0.52 s)
IODDR0@0.0: RM 0: cluster   7: 33.84 MB/s (16 MB 0.47 s)
IODDR0@0.0: RM 0: cluster   8: 34.57 MB/s (16 MB 0.46 s)
IODDR1@0.0: RM 0: [RMEM] booting up server
IODDR1@0.0: RM 0: [RMEM] server alive
IODDR0@0.0: RM 0: [IODDR0] spawning kernels
IODDR0@0.0: RM 0: cluster   0: 60.42 MB/s (16 MB 0.26 s)
IODDR0@0.0: RM 0: cluster   1: 45.12 MB/s (16 MB 0.35 s)
IODDR0@0.0: RM 0: cluster   2: 45.10 MB/s (16 MB 0.35 s)
IODDR0@0.0: RM 0: cluster   3: 54.09 MB/s (16 MB 0.30 s)
IODDR0@0.0: RM 0: [IODDR0] waiting kernels
IODDR0@0.0: RM 0: cluster   4: 30.82 MB/s (16 MB 0.52 s)
IODDR0@0.0: RM 0: cluster   5: 30.12 MB/s (16 MB 0.53 s)
IODDR0@0.0: RM 0: cluster   6: 30.06 MB/s (16 MB 0.53 s)
IODDR0@0.0: RM 0: cluster   7: 32.70 MB/s (16 MB 0.49 s)
IODDR0@0.0: RM 0: cluster   8: 38.44 MB/s (16 MB 0.42 s)
