IODDR1@0.0: RM 0: [RMEM] booting up server
IODDR1@0.0: RM 0: [RMEM] server alive
IODDR0@0.0: RM 0: [IODDR0] spawning kernels
IODDR0@0.0: RM 0: cluster   0: 84.33 MB/s (16 MB 0.19 s)
IODDR0@0.0: RM 0: [IODDR0] waiting kernels
IODDR0@0.0: RM 0: cluster   1: 56.72 MB/s (16 MB 0.28 s)
IODDR0@0.0: RM 0: cluster   2: 35.28 MB/s (16 MB 0.45 s)
IODDR0@0.0: RM 0: cluster   3: 34.63 MB/s (16 MB 0.46 s)
IODDR0@0.0: RM 0: cluster   4: 34.82 MB/s (16 MB 0.46 s)
IODDR0@0.0: RM 0: cluster   5: 40.51 MB/s (16 MB 0.39 s)
IODDR1@0.0: RM 0: [RMEM] booting up server
IODDR1@0.0: RM 0: [RMEM] server alive
IODDR0@0.0: RM 0: [IODDR0] spawning kernels
IODDR0@0.0: RM 0: cluster   0: 84.34 MB/s (16 MB 0.19 s)
IODDR0@0.0: RM 0: [IODDR0] waiting kernels
IODDR0@0.0: RM 0: [IODDR0] waiting kernels
IODDR0@0.0: RM 0: cluster   1: 77.53 MB/s (16 MB 0.21 s)
IODDR0@0.0: RM 0: cluster   2: 77.46 MB/s (16 MB 0.21 s)
IODDR0@0.0: RM 0: cluster   3: 47.48 MB/s (16 MB 0.34 s)
IODDR0@0.0: RM 0: cluster   4: 47.24 MB/s (16 MB 0.34 s)
IODDR0@0.0: RM 0: cluster   5: 47.61 MB/s (16 MB 0.34 s)
IODDR1@0.0: RM 0: [RMEM] booting up server
IODDR1@0.0: RM 0: [RMEM] server alive
IODDR0@0.0: RM 0: [IODDR0] spawning kernels
IODDR0@0.0: RM 0: [IODDR0] waiting kernels
IODDR0@0.0: RM 0: [IODDR0] waiting kernels
IODDR0@0.0: RM 0: cluster   0: 77.79 MB/s (16 MB 0.21 s)
IODDR0@0.0: RM 0: cluster   1: 70.92 MB/s (16 MB 0.23 s)
IODDR0@0.0: RM 0: cluster   2: 70.13 MB/s (16 MB 0.23 s)
IODDR0@0.0: RM 0: cluster   3: 57.57 MB/s (16 MB 0.28 s)
IODDR0@0.0: RM 0: cluster   4: 56.56 MB/s (16 MB 0.28 s)
IODDR0@0.0: RM 0: cluster   5: 57.08 MB/s (16 MB 0.28 s)
IODDR1@0.0: RM 0: [RMEM] booting up server
IODDR1@0.0: RM 0: [RMEM] server alive
IODDR0@0.0: RM 0: [IODDR0] spawning kernels
IODDR0@0.0: RM 0: [IODDR0] waiting kernels
IODDR0@0.0: RM 0: [IODDR0] waiting kernels
IODDR0@0.0: RM 0: cluster   0: 78.37 MB/s (16 MB 0.20 s)
IODDR0@0.0: RM 0: cluster   1: 71.59 MB/s (16 MB 0.22 s)
IODDR0@0.0: RM 0: cluster   2: 69.79 MB/s (16 MB 0.23 s)
IODDR0@0.0: RM 0: cluster   3: 57.08 MB/s (16 MB 0.28 s)
IODDR0@0.0: RM 0: cluster   4: 56.41 MB/s (16 MB 0.28 s)
IODDR0@0.0: RM 0: cluster   5: 56.95 MB/s (16 MB 0.28 s)
IODDR1@0.0: RM 0: [RMEM] booting up server
IODDR1@0.0: RM 0: [RMEM] server alive
IODDR0@0.0: RM 0: [IODDR0] spawning kernels
IODDR0@0.0: RM 0: cluster   0: 84.35 MB/s (16 MB 0.19 s)
IODDR0@0.0: RM 0: [IODDR0] waiting kernels
IODDR0@0.0: RM 0: cluster   1: 66.94 MB/s (16 MB 0.24 s)
IODDR0@0.0: RM 0: cluster   2: 56.27 MB/s (16 MB 0.28 s)
IODDR0@0.0: RM 0: cluster   3: 54.00 MB/s (16 MB 0.30 s)
IODDR0@0.0: RM 0: cluster   4: 60.14 MB/s (16 MB 0.27 s)
IODDR0@0.0: RM 0: cluster   5: 60.99 MB/s (16 MB 0.26 s)
IODDR1@0.0: RM 0: [RMEM] booting up server
IODDR1@0.0: RM 0: [RMEM] server alive
IODDR0@0.0: RM 0: [IODDR0] spawning kernels
IODDR0@0.0: RM 0: cluster   0: 84.33 MB/s (16 MB 0.19 s)
IODDR0@0.0: RM 0: [IODDR0] waiting kernels
IODDR0@0.0: RM 0: [IODDR0] waiting kernels
IODDR0@0.0: RM 0: cluster   2: 76.87 MB/s (16 MB 0.21 s)
IODDR0@0.0: RM 0: cluster   1: 76.89 MB/s (16 MB 0.21 s)
IODDR0@0.0: RM 0: cluster   3: 47.84 MB/s (16 MB 0.33 s)
IODDR0@0.0: RM 0: cluster   4: 47.34 MB/s (16 MB 0.34 s)
IODDR0@0.0: RM 0: cluster   5: 47.51 MB/s (16 MB 0.34 s)
IODDR1@0.0: RM 0: [RMEM] booting up server
IODDR1@0.0: RM 0: [RMEM] server alive
IODDR0@0.0: RM 0: [IODDR0] spawning kernels
IODDR0@0.0: RM 0: cluster   0: 84.35 MB/s (16 MB 0.19 s)
IODDR0@0.0: RM 0: [IODDR0] waiting kernels
IODDR0@0.0: RM 0: cluster   1: 54.12 MB/s (16 MB 0.30 s)
IODDR0@0.0: RM 0: cluster   2: 50.38 MB/s (16 MB 0.32 s)
IODDR0@0.0: RM 0: cluster   3: 42.23 MB/s (16 MB 0.38 s)
IODDR0@0.0: RM 0: cluster   4: 46.60 MB/s (16 MB 0.34 s)
IODDR0@0.0: RM 0: cluster   5: 47.30 MB/s (16 MB 0.34 s)
IODDR1@0.0: RM 0: [RMEM] booting up server
IODDR1@0.0: RM 0: [RMEM] server alive
IODDR0@0.0: RM 0: [IODDR0] spawning kernels
IODDR0@0.0: RM 0: [IODDR0] waiting kernels
IODDR0@0.0: RM 0: cluster   0: 78.43 MB/s (16 MB 0.20 s)
IODDR0@0.0: RM 0: cluster   1: 78.18 MB/s (16 MB 0.20 s)
IODDR0@0.0: RM 0: cluster   2: 56.57 MB/s (16 MB 0.28 s)
IODDR0@0.0: RM 0: cluster   4: 41.84 MB/s (16 MB 0.38 s)
IODDR0@0.0: RM 0: cluster   3: 41.83 MB/s (16 MB 0.38 s)
IODDR0@0.0: RM 0: cluster   5: 42.62 MB/s (16 MB 0.38 s)
IODDR1@0.0: RM 0: [RMEM] booting up server
IODDR1@0.0: RM 0: [RMEM] server alive
IODDR0@0.0: RM 0: [IODDR0] spawning kernels
IODDR0@0.0: RM 0: cluster   0: 84.32 MB/s (16 MB 0.19 s)
IODDR0@0.0: RM 0: [IODDR0] waiting kernels
IODDR0@0.0: RM 0: cluster   2: 76.87 MB/s (16 MB 0.21 s)
IODDR0@0.0: RM 0: cluster   1: 70.35 MB/s (16 MB 0.23 s)
IODDR0@0.0: RM 0: cluster   3: 56.70 MB/s (16 MB 0.28 s)
IODDR0@0.0: RM 0: cluster   4: 56.31 MB/s (16 MB 0.28 s)
IODDR0@0.0: RM 0: cluster   5: 57.11 MB/s (16 MB 0.28 s)
IODDR1@0.0: RM 0: [RMEM] booting up server
IODDR1@0.0: RM 0: [RMEM] server alive
IODDR0@0.0: RM 0: [IODDR0] spawning kernels
IODDR0@0.0: RM 0: [IODDR0] waiting kernels
IODDR0@0.0: RM 0: [IODDR0] waiting kernels
IODDR0@0.0: RM 0: cluster   0: 78.36 MB/s (16 MB 0.20 s)
IODDR0@0.0: RM 0: cluster   1: 71.03 MB/s (16 MB 0.23 s)
IODDR0@0.0: RM 0: cluster   2: 69.68 MB/s (16 MB 0.23 s)
IODDR0@0.0: RM 0: cluster   3: 57.60 MB/s (16 MB 0.28 s)
IODDR0@0.0: RM 0: cluster   4: 56.58 MB/s (16 MB 0.28 s)
IODDR0@0.0: RM 0: cluster   5: 57.10 MB/s (16 MB 0.28 s)
