IODDR1@0.0: RM 0: [RMEM] booting up server
IODDR1@0.0: RM 0: [RMEM] server alive
IODDR0@0.0: RM 0: [IODDR0] spawning kernels
IODDR0@0.0: RM 0: cluster   0: 82.81 MB/s (16 MB 0.19 s)
IODDR0@0.0: RM 0: cluster   1: 61.65 MB/s (16 MB 0.26 s)
IODDR0@0.0: RM 0: cluster   2: 48.28 MB/s (16 MB 0.33 s)
IODDR0@0.0: RM 0: cluster   3: 48.27 MB/s (16 MB 0.33 s)
IODDR0@0.0: RM 0: cluster   4: 49.10 MB/s (16 MB 0.33 s)
IODDR0@0.0: RM 0: cluster   5: 58.33 MB/s (16 MB 0.27 s)
IODDR0@0.0: RM 0: cluster   6: 56.40 MB/s (16 MB 0.28 s)
IODDR0@0.0: RM 0: cluster   7: 53.89 MB/s (16 MB 0.30 s)
IODDR0@0.0: RM 0: cluster   8: 54.86 MB/s (16 MB 0.29 s)
IODDR0@0.0: RM 0: [IODDR0] waiting kernels
IODDR0@0.0: RM 0: cluster   9: 63.40 MB/s (16 MB 0.25 s)
IODDR0@0.0: RM 0: cluster  10: 54.01 MB/s (16 MB 0.30 s)
IODDR0@0.0: RM 0: cluster  11: 54.00 MB/s (16 MB 0.30 s)
IODDR0@0.0: RM 0: cluster  12: 63.15 MB/s (16 MB 0.25 s)
IODDR1@0.0: RM 0: [RMEM] booting up server
IODDR1@0.0: RM 0: [RMEM] server alive
IODDR0@0.0: RM 0: [IODDR0] spawning kernels
IODDR0@0.0: RM 0: cluster   0: 82.80 MB/s (16 MB 0.19 s)
IODDR0@0.0: RM 0: cluster   1: 61.58 MB/s (16 MB 0.26 s)
IODDR0@0.0: RM 0: cluster   2: 48.27 MB/s (16 MB 0.33 s)
IODDR0@0.0: RM 0: cluster   3: 48.26 MB/s (16 MB 0.33 s)
IODDR0@0.0: RM 0: cluster   4: 49.08 MB/s (16 MB 0.33 s)
IODDR0@0.0: RM 0: cluster   5: 58.28 MB/s (16 MB 0.27 s)
IODDR0@0.0: RM 0: cluster   6: 55.66 MB/s (16 MB 0.29 s)
IODDR0@0.0: RM 0: cluster   7: 46.21 MB/s (16 MB 0.35 s)
IODDR0@0.0: RM 0: cluster   8: 46.91 MB/s (16 MB 0.34 s)
IODDR0@0.0: RM 0: [IODDR0] waiting kernels
IODDR0@0.0: RM 0: cluster   9: 55.75 MB/s (16 MB 0.29 s)
IODDR0@0.0: RM 0: cluster  10: 61.89 MB/s (16 MB 0.26 s)
IODDR0@0.0: RM 0: cluster  11: 61.88 MB/s (16 MB 0.26 s)
IODDR0@0.0: RM 0: cluster  12: 67.66 MB/s (16 MB 0.24 s)
IODDR1@0.0: RM 0: [RMEM] booting up server
IODDR1@0.0: RM 0: [RMEM] server alive
IODDR0@0.0: RM 0: [IODDR0] spawning kernels
IODDR0@0.0: RM 0: cluster   0: 80.68 MB/s (16 MB 0.20 s)
IODDR0@0.0: RM 0: cluster   1: 65.41 MB/s (16 MB 0.24 s)
IODDR0@0.0: RM 0: cluster   2: 64.24 MB/s (16 MB 0.25 s)
IODDR0@0.0: RM 0: cluster   3: 62.66 MB/s (16 MB 0.26 s)
IODDR0@0.0: RM 0: cluster   4: 63.01 MB/s (16 MB 0.25 s)
IODDR0@0.0: RM 0: cluster   5: 63.48 MB/s (16 MB 0.25 s)
IODDR0@0.0: RM 0: cluster   6: 65.36 MB/s (16 MB 0.24 s)
IODDR0@0.0: RM 0: cluster   7: 77.43 MB/s (16 MB 0.21 s)
IODDR0@0.0: RM 0: cluster   8: 80.39 MB/s (16 MB 0.20 s)
IODDR0@0.0: RM 0: [IODDR0] waiting kernels
IODDR0@0.0: RM 0: cluster   9: 77.64 MB/s (16 MB 0.21 s)
IODDR0@0.0: RM 0: cluster  10: 77.64 MB/s (16 MB 0.21 s)
IODDR0@0.0: RM 0: cluster  11: 77.23 MB/s (16 MB 0.21 s)
IODDR0@0.0: RM 0: cluster  12: 77.22 MB/s (16 MB 0.21 s)
IODDR1@0.0: RM 0: [RMEM] booting up server
IODDR1@0.0: RM 0: [RMEM] server alive
IODDR0@0.0: RM 0: [IODDR0] spawning kernels
IODDR0@0.0: RM 0: cluster   0: 82.81 MB/s (16 MB 0.19 s)
IODDR0@0.0: RM 0: cluster   1: 80.64 MB/s (16 MB 0.20 s)
IODDR0@0.0: RM 0: cluster   2: 78.37 MB/s (16 MB 0.20 s)
IODDR0@0.0: RM 0: cluster   3: 67.28 MB/s (16 MB 0.24 s)
IODDR0@0.0: RM 0: cluster   4: 54.14 MB/s (16 MB 0.30 s)
IODDR0@0.0: RM 0: cluster   5: 52.09 MB/s (16 MB 0.31 s)
IODDR0@0.0: RM 0: cluster   6: 58.25 MB/s (16 MB 0.27 s)
IODDR0@0.0: RM 0: cluster   7: 71.05 MB/s (16 MB 0.23 s)
IODDR0@0.0: RM 0: [IODDR0] waiting kernels
IODDR0@0.0: RM 0: cluster   8: 70.31 MB/s (16 MB 0.23 s)
IODDR0@0.0: RM 0: cluster   9: 57.09 MB/s (16 MB 0.28 s)
IODDR0@0.0: RM 0: cluster  10: 55.56 MB/s (16 MB 0.29 s)
IODDR0@0.0: RM 0: cluster  11: 61.71 MB/s (16 MB 0.26 s)
IODDR0@0.0: RM 0: cluster  12: 73.51 MB/s (16 MB 0.22 s)
IODDR1@0.0: RM 0: [RMEM] booting up server
IODDR1@0.0: RM 0: [RMEM] server alive
IODDR0@0.0: RM 0: [IODDR0] spawning kernels
IODDR0@0.0: RM 0: cluster   0: 82.81 MB/s (16 MB 0.19 s)
IODDR0@0.0: RM 0: cluster   1: 80.44 MB/s (16 MB 0.20 s)
IODDR0@0.0: RM 0: cluster   2: 65.08 MB/s (16 MB 0.25 s)
IODDR0@0.0: RM 0: cluster   3: 41.87 MB/s (16 MB 0.38 s)
IODDR0@0.0: RM 0: cluster   4: 40.28 MB/s (16 MB 0.40 s)
IODDR0@0.0: RM 0: cluster   5: 39.26 MB/s (16 MB 0.41 s)
IODDR0@0.0: RM 0: cluster   6: 39.29 MB/s (16 MB 0.41 s)
IODDR0@0.0: RM 0: cluster   7: 46.42 MB/s (16 MB 0.34 s)
IODDR0@0.0: RM 0: [IODDR0] waiting kernels
IODDR0@0.0: RM 0: cluster   8: 57.61 MB/s (16 MB 0.28 s)
IODDR0@0.0: RM 0: cluster   9: 62.59 MB/s (16 MB 0.26 s)
IODDR0@0.0: RM 0: cluster  10: 62.66 MB/s (16 MB 0.26 s)
IODDR0@0.0: RM 0: cluster  11: 77.08 MB/s (16 MB 0.21 s)
IODDR0@0.0: RM 0: cluster  12: 77.22 MB/s (16 MB 0.21 s)
IODDR1@0.0: RM 0: [RMEM] booting up server
IODDR1@0.0: RM 0: [RMEM] server alive
IODDR0@0.0: RM 0: [IODDR0] spawning kernels
IODDR0@0.0: RM 0: cluster   0: 82.81 MB/s (16 MB 0.19 s)
IODDR0@0.0: RM 0: cluster   1: 80.43 MB/s (16 MB 0.20 s)
IODDR0@0.0: RM 0: cluster   2: 78.30 MB/s (16 MB 0.20 s)
IODDR0@0.0: RM 0: cluster   3: 78.16 MB/s (16 MB 0.20 s)
IODDR0@0.0: RM 0: cluster   4: 66.40 MB/s (16 MB 0.24 s)
IODDR0@0.0: RM 0: cluster   5: 65.78 MB/s (16 MB 0.24 s)
IODDR0@0.0: RM 0: cluster   6: 66.02 MB/s (16 MB 0.24 s)
IODDR0@0.0: RM 0: cluster   7: 82.56 MB/s (16 MB 0.19 s)
IODDR0@0.0: RM 0: [IODDR0] waiting kernels
IODDR0@0.0: RM 0: cluster   8: 45.18 MB/s (16 MB 0.35 s)
IODDR0@0.0: RM 0: cluster  10: 44.06 MB/s (16 MB 0.36 s)
IODDR0@0.0: RM 0: cluster   9: 42.67 MB/s (16 MB 0.37 s)
IODDR0@0.0: RM 0: cluster  11: 48.37 MB/s (16 MB 0.33 s)
IODDR0@0.0: RM 0: cluster  12: 58.85 MB/s (16 MB 0.27 s)
IODDR1@0.0: RM 0: [RMEM] booting up server
IODDR1@0.0: RM 0: [RMEM] server alive
IODDR0@0.0: RM 0: [IODDR0] spawning kernels
IODDR0@0.0: RM 0: cluster   0: 80.47 MB/s (16 MB 0.20 s)
IODDR0@0.0: RM 0: cluster   1: 65.39 MB/s (16 MB 0.24 s)
IODDR0@0.0: RM 0: cluster   2: 64.67 MB/s (16 MB 0.25 s)
IODDR0@0.0: RM 0: cluster   3: 64.83 MB/s (16 MB 0.25 s)
IODDR0@0.0: RM 0: cluster   4: 47.62 MB/s (16 MB 0.34 s)
IODDR0@0.0: RM 0: cluster   6: 46.87 MB/s (16 MB 0.34 s)
IODDR0@0.0: RM 0: cluster   5: 46.88 MB/s (16 MB 0.34 s)
IODDR0@0.0: RM 0: cluster   7: 55.40 MB/s (16 MB 0.29 s)
IODDR0@0.0: RM 0: [IODDR0] waiting kernels
IODDR0@0.0: RM 0: cluster   9: 58.46 MB/s (16 MB 0.27 s)
IODDR0@0.0: RM 0: cluster   8: 55.06 MB/s (16 MB 0.29 s)
IODDR0@0.0: RM 0: cluster  10: 45.70 MB/s (16 MB 0.35 s)
IODDR0@0.0: RM 0: cluster  11: 46.36 MB/s (16 MB 0.35 s)
IODDR0@0.0: RM 0: cluster  12: 57.56 MB/s (16 MB 0.28 s)
IODDR1@0.0: RM 0: [RMEM] booting up server
IODDR1@0.0: RM 0: [RMEM] server alive
IODDR0@0.0: RM 0: [IODDR0] spawning kernels
IODDR0@0.0: RM 0: cluster   0: 82.81 MB/s (16 MB 0.19 s)
IODDR0@0.0: RM 0: cluster   1: 82.70 MB/s (16 MB 0.19 s)
IODDR0@0.0: RM 0: cluster   2: 52.28 MB/s (16 MB 0.31 s)
IODDR0@0.0: RM 0: cluster   3: 50.67 MB/s (16 MB 0.32 s)
IODDR0@0.0: RM 0: cluster   4: 50.68 MB/s (16 MB 0.32 s)
IODDR0@0.0: RM 0: cluster   5: 67.32 MB/s (16 MB 0.24 s)
IODDR0@0.0: RM 0: cluster   6: 77.23 MB/s (16 MB 0.21 s)
IODDR0@0.0: RM 0: [IODDR0] waiting kernels
IODDR0@0.0: RM 0: [IODDR0] waiting kernels
IODDR0@0.0: RM 0: cluster   7: 66.29 MB/s (16 MB 0.24 s)
IODDR0@0.0: RM 0: cluster   8: 56.46 MB/s (16 MB 0.28 s)
IODDR0@0.0: RM 0: cluster   9: 56.47 MB/s (16 MB 0.28 s)
IODDR0@0.0: RM 0: cluster  10: 65.41 MB/s (16 MB 0.24 s)
IODDR0@0.0: RM 0: cluster  11: 75.98 MB/s (16 MB 0.21 s)
IODDR0@0.0: RM 0: cluster  12: 76.34 MB/s (16 MB 0.21 s)
IODDR1@0.0: RM 0: [RMEM] booting up server
IODDR1@0.0: RM 0: [RMEM] server alive
IODDR0@0.0: RM 0: [IODDR0] spawning kernels
IODDR0@0.0: RM 0: cluster   0: 82.80 MB/s (16 MB 0.19 s)
IODDR0@0.0: RM 0: cluster   1: 77.34 MB/s (16 MB 0.21 s)
IODDR0@0.0: RM 0: cluster   2: 77.36 MB/s (16 MB 0.21 s)
IODDR0@0.0: RM 0: cluster   3: 66.87 MB/s (16 MB 0.24 s)
IODDR0@0.0: RM 0: cluster   4: 66.56 MB/s (16 MB 0.24 s)
IODDR0@0.0: RM 0: cluster   5: 68.83 MB/s (16 MB 0.23 s)
IODDR0@0.0: RM 0: cluster   6: 82.50 MB/s (16 MB 0.19 s)
IODDR0@0.0: RM 0: [IODDR0] waiting kernels
IODDR0@0.0: RM 0: cluster   7: 46.99 MB/s (16 MB 0.34 s)
IODDR0@0.0: RM 0: cluster   9: 45.70 MB/s (16 MB 0.35 s)
IODDR0@0.0: RM 0: cluster   8: 45.70 MB/s (16 MB 0.35 s)
IODDR0@0.0: RM 0: cluster  10: 47.13 MB/s (16 MB 0.34 s)
IODDR0@0.0: RM 0: cluster  11: 64.74 MB/s (16 MB 0.25 s)
IODDR0@0.0: RM 0: cluster  12: 64.89 MB/s (16 MB 0.25 s)
IODDR1@0.0: RM 0: [RMEM] booting up server
IODDR1@0.0: RM 0: [RMEM] server alive
IODDR0@0.0: RM 0: [IODDR0] spawning kernels
IODDR0@0.0: RM 0: cluster   0: 80.66 MB/s (16 MB 0.20 s)
IODDR0@0.0: RM 0: cluster   1: 78.29 MB/s (16 MB 0.20 s)
IODDR0@0.0: RM 0: cluster   2: 80.31 MB/s (16 MB 0.20 s)
IODDR0@0.0: RM 0: cluster   3: 61.27 MB/s (16 MB 0.26 s)
IODDR0@0.0: RM 0: cluster   4: 44.63 MB/s (16 MB 0.36 s)
IODDR0@0.0: RM 0: cluster   5: 43.67 MB/s (16 MB 0.37 s)
IODDR0@0.0: RM 0: cluster   6: 43.65 MB/s (16 MB 0.37 s)
IODDR0@0.0: RM 0: [IODDR0] waiting kernels
IODDR0@0.0: RM 0: cluster   7: 45.37 MB/s (16 MB 0.35 s)
IODDR0@0.0: RM 0: cluster   8: 46.37 MB/s (16 MB 0.35 s)
IODDR0@0.0: RM 0: cluster   9: 45.34 MB/s (16 MB 0.35 s)
IODDR0@0.0: RM 0: cluster  10: 45.84 MB/s (16 MB 0.35 s)
IODDR0@0.0: RM 0: cluster  11: 55.82 MB/s (16 MB 0.29 s)
IODDR0@0.0: RM 0: cluster  12: 67.73 MB/s (16 MB 0.24 s)
