IODDR1@0.0: RM 0: [RMEM] booting up server
IODDR1@0.0: RM 0: [RMEM] server alive
IODDR0@0.0: RM 0: [IODDR0] spawning kernels
IODDR0@0.0: RM 0: cluster   0: 82.81 MB/s (16 MB 0.19 s)
IODDR0@0.0: RM 0: cluster   1: 82.69 MB/s (16 MB 0.19 s)
IODDR0@0.0: RM 0: [IODDR0] waiting kernels
IODDR0@0.0: RM 0: cluster   2: 44.04 MB/s (16 MB 0.36 s)
IODDR0@0.0: RM 0: cluster   3: 42.02 MB/s (16 MB 0.38 s)
IODDR0@0.0: RM 0: cluster   4: 41.19 MB/s (16 MB 0.39 s)
IODDR0@0.0: RM 0: cluster   5: 45.82 MB/s (16 MB 0.35 s)
IODDR0@0.0: RM 0: cluster   6: 55.16 MB/s (16 MB 0.29 s)
IODDR1@0.0: RM 0: [RMEM] booting up server
IODDR1@0.0: RM 0: [RMEM] server alive
IODDR0@0.0: RM 0: [IODDR0] spawning kernels
IODDR0@0.0: RM 0: cluster   0: 82.81 MB/s (16 MB 0.19 s)
IODDR0@0.0: RM 0: cluster   1: 80.62 MB/s (16 MB 0.20 s)
IODDR0@0.0: RM 0: [IODDR0] waiting kernels
IODDR0@0.0: RM 0: [IODDR0] waiting kernels
IODDR0@0.0: RM 0: cluster   2: 66.75 MB/s (16 MB 0.24 s)
IODDR0@0.0: RM 0: cluster   3: 65.82 MB/s (16 MB 0.24 s)
IODDR0@0.0: RM 0: cluster   4: 65.85 MB/s (16 MB 0.24 s)
IODDR0@0.0: RM 0: cluster   5: 77.06 MB/s (16 MB 0.21 s)
IODDR0@0.0: RM 0: cluster   6: 77.47 MB/s (16 MB 0.21 s)
IODDR1@0.0: RM 0: [RMEM] booting up server
IODDR1@0.0: RM 0: [RMEM] server alive
IODDR0@0.0: RM 0: [IODDR0] spawning kernels
IODDR0@0.0: RM 0: cluster   0: 80.67 MB/s (16 MB 0.20 s)
IODDR0@0.0: RM 0: cluster   1: 78.28 MB/s (16 MB 0.20 s)
IODDR0@0.0: RM 0: cluster   2: 80.32 MB/s (16 MB 0.20 s)
IODDR0@0.0: RM 0: [IODDR0] waiting kernels
IODDR0@0.0: RM 0: cluster   4: 46.05 MB/s (16 MB 0.35 s)
IODDR0@0.0: RM 0: cluster   3: 44.85 MB/s (16 MB 0.36 s)
IODDR0@0.0: RM 0: cluster   5: 44.84 MB/s (16 MB 0.36 s)
IODDR0@0.0: RM 0: cluster   6: 51.81 MB/s (16 MB 0.31 s)
IODDR1@0.0: RM 0: [RMEM] booting up server
IODDR1@0.0: RM 0: [RMEM] server alive
IODDR0@0.0: RM 0: [IODDR0] spawning kernels
IODDR0@0.0: RM 0: cluster   0: 82.80 MB/s (16 MB 0.19 s)
IODDR0@0.0: RM 0: [IODDR0] waiting kernels
IODDR0@0.0: RM 0: [IODDR0] waiting kernels
IODDR0@0.0: RM 0: cluster   2: 80.26 MB/s (16 MB 0.20 s)
IODDR0@0.0: RM 0: cluster   1: 78.12 MB/s (16 MB 0.20 s)
IODDR0@0.0: RM 0: cluster   3: 78.16 MB/s (16 MB 0.20 s)
IODDR0@0.0: RM 0: cluster   4: 66.45 MB/s (16 MB 0.24 s)
IODDR0@0.0: RM 0: cluster   5: 65.80 MB/s (16 MB 0.24 s)
IODDR0@0.0: RM 0: cluster   6: 66.09 MB/s (16 MB 0.24 s)
IODDR1@0.0: RM 0: [RMEM] booting up server
IODDR1@0.0: RM 0: [RMEM] server alive
IODDR0@0.0: RM 0: [IODDR0] spawning kernels
IODDR0@0.0: RM 0: [IODDR0] waiting kernels
IODDR0@0.0: RM 0: cluster   0: 65.75 MB/s (16 MB 0.24 s)
IODDR0@0.0: RM 0: cluster   2: 65.44 MB/s (16 MB 0.24 s)
IODDR0@0.0: RM 0: cluster   1: 67.42 MB/s (16 MB 0.24 s)
IODDR0@0.0: RM 0: cluster   3: 58.26 MB/s (16 MB 0.27 s)
IODDR0@0.0: RM 0: cluster   4: 46.81 MB/s (16 MB 0.34 s)
IODDR0@0.0: RM 0: cluster   5: 46.80 MB/s (16 MB 0.34 s)
IODDR0@0.0: RM 0: cluster   6: 47.61 MB/s (16 MB 0.34 s)
IODDR1@0.0: RM 0: [RMEM] booting up server
IODDR1@0.0: RM 0: [RMEM] server alive
IODDR0@0.0: RM 0: [IODDR0] spawning kernels
IODDR0@0.0: RM 0: cluster   0: 82.79 MB/s (16 MB 0.19 s)
IODDR0@0.0: RM 0: cluster   1: 80.61 MB/s (16 MB 0.20 s)
IODDR0@0.0: RM 0: [IODDR0] waiting kernels
IODDR0@0.0: RM 0: [IODDR0] waiting kernels
IODDR0@0.0: RM 0: cluster   2: 66.76 MB/s (16 MB 0.24 s)
IODDR0@0.0: RM 0: cluster   3: 52.03 MB/s (16 MB 0.31 s)
IODDR0@0.0: RM 0: cluster   4: 50.76 MB/s (16 MB 0.32 s)
IODDR0@0.0: RM 0: cluster   5: 57.18 MB/s (16 MB 0.28 s)
IODDR0@0.0: RM 0: cluster   6: 67.26 MB/s (16 MB 0.24 s)
IODDR1@0.0: RM 0: [RMEM] booting up server
IODDR1@0.0: RM 0: [RMEM] server alive
IODDR0@0.0: RM 0: [IODDR0] spawning kernels
IODDR0@0.0: RM 0: cluster   0: 80.46 MB/s (16 MB 0.20 s)
IODDR0@0.0: RM 0: cluster   1: 78.08 MB/s (16 MB 0.20 s)
IODDR0@0.0: RM 0: cluster   2: 80.28 MB/s (16 MB 0.20 s)
IODDR0@0.0: RM 0: [IODDR0] waiting kernels
IODDR0@0.0: RM 0: cluster   3: 46.63 MB/s (16 MB 0.34 s)
IODDR0@0.0: RM 0: cluster   4: 46.00 MB/s (16 MB 0.35 s)
IODDR0@0.0: RM 0: cluster   5: 45.99 MB/s (16 MB 0.35 s)
IODDR0@0.0: RM 0: cluster   6: 52.79 MB/s (16 MB 0.30 s)
IODDR1@0.0: RM 0: [RMEM] booting up server
IODDR1@0.0: RM 0: [RMEM] server alive
IODDR0@0.0: RM 0: [IODDR0] spawning kernels
IODDR0@0.0: RM 0: cluster   0: 82.80 MB/s (16 MB 0.19 s)
IODDR0@0.0: RM 0: cluster   2: 80.26 MB/s (16 MB 0.20 s)
IODDR0@0.0: RM 0: [IODDR0] waiting kernels
IODDR0@0.0: RM 0: [IODDR0] waiting kernels
IODDR0@0.0: RM 0: cluster   1: 77.89 MB/s (16 MB 0.21 s)
IODDR0@0.0: RM 0: cluster   3: 78.12 MB/s (16 MB 0.20 s)
IODDR0@0.0: RM 0: cluster   4: 66.61 MB/s (16 MB 0.24 s)
IODDR0@0.0: RM 0: cluster   5: 65.81 MB/s (16 MB 0.24 s)
IODDR0@0.0: RM 0: cluster   6: 66.12 MB/s (16 MB 0.24 s)
IODDR1@0.0: RM 0: [RMEM] booting up server
IODDR1@0.0: RM 0: [RMEM] server alive
IODDR0@0.0: RM 0: [IODDR0] spawning kernels
IODDR0@0.0: RM 0: cluster   0: 82.80 MB/s (16 MB 0.19 s)
IODDR0@0.0: RM 0: [IODDR0] waiting kernels
IODDR0@0.0: RM 0: cluster   1: 65.87 MB/s (16 MB 0.24 s)
IODDR0@0.0: RM 0: cluster   2: 64.47 MB/s (16 MB 0.25 s)
IODDR0@0.0: RM 0: cluster   3: 62.78 MB/s (16 MB 0.25 s)
IODDR0@0.0: RM 0: cluster   4: 61.75 MB/s (16 MB 0.26 s)
IODDR0@0.0: RM 0: cluster   5: 62.79 MB/s (16 MB 0.25 s)
IODDR0@0.0: RM 0: cluster   6: 64.30 MB/s (16 MB 0.25 s)
IODDR1@0.0: RM 0: [RMEM] booting up server
IODDR1@0.0: RM 0: [RMEM] server alive
IODDR0@0.0: RM 0: [IODDR0] spawning kernels
IODDR0@0.0: RM 0: cluster   0: 82.80 MB/s (16 MB 0.19 s)
IODDR0@0.0: RM 0: cluster   1: 77.33 MB/s (16 MB 0.21 s)
IODDR0@0.0: RM 0: cluster   2: 77.35 MB/s (16 MB 0.21 s)
IODDR0@0.0: RM 0: [IODDR0] waiting kernels
IODDR0@0.0: RM 0: cluster   3: 69.11 MB/s (16 MB 0.23 s)
IODDR0@0.0: RM 0: cluster   4: 54.63 MB/s (16 MB 0.29 s)
IODDR0@0.0: RM 0: cluster   5: 54.63 MB/s (16 MB 0.29 s)
IODDR0@0.0: RM 0: cluster   6: 62.88 MB/s (16 MB 0.25 s)
