IODDR1@0.0: RM 0: [RMEM] booting up server
IODDR1@0.0: RM 0: [RMEM] server alive
IODDR0@0.0: RM 0: [IODDR0] spawning kernels
IODDR0@0.0: RM 0: cluster   0: 77.77 MB/s (16 MB 0.21 s)
IODDR0@0.0: RM 0: cluster   1: 70.93 MB/s (16 MB 0.23 s)
IODDR0@0.0: RM 0: cluster   2: 76.16 MB/s (16 MB 0.21 s)
IODDR0@0.0: RM 0: [IODDR0] waiting kernels
IODDR0@0.0: RM 0: cluster   3: 40.53 MB/s (16 MB 0.39 s)
IODDR0@0.0: RM 0: cluster   4: 39.84 MB/s (16 MB 0.40 s)
IODDR0@0.0: RM 0: cluster   5: 39.80 MB/s (16 MB 0.40 s)
IODDR0@0.0: RM 0: cluster   6: 45.84 MB/s (16 MB 0.35 s)
IODDR1@0.0: RM 0: [RMEM] booting up server
IODDR1@0.0: RM 0: [RMEM] server alive
IODDR0@0.0: RM 0: [IODDR0] spawning kernels
IODDR0@0.0: RM 0: [IODDR0] waiting kernels
IODDR0@0.0: RM 0: [IODDR0] waiting kernels
IODDR0@0.0: RM 0: cluster   0: 77.76 MB/s (16 MB 0.21 s)
IODDR0@0.0: RM 0: cluster   1: 57.96 MB/s (16 MB 0.28 s)
IODDR0@0.0: RM 0: cluster   2: 56.63 MB/s (16 MB 0.28 s)
IODDR0@0.0: RM 0: cluster   3: 56.91 MB/s (16 MB 0.28 s)
IODDR0@0.0: RM 0: cluster   4: 47.56 MB/s (16 MB 0.34 s)
IODDR0@0.0: RM 0: cluster   5: 47.02 MB/s (16 MB 0.34 s)
IODDR0@0.0: RM 0: cluster   6: 47.20 MB/s (16 MB 0.34 s)
IODDR1@0.0: RM 0: [RMEM] booting up server
IODDR1@0.0: RM 0: [RMEM] server alive
IODDR0@0.0: RM 0: [IODDR0] spawning kernels
IODDR0@0.0: RM 0: cluster   0: 84.35 MB/s (16 MB 0.19 s)
IODDR0@0.0: RM 0: [IODDR0] waiting kernels
IODDR0@0.0: RM 0: cluster   1: 63.90 MB/s (16 MB 0.25 s)
IODDR0@0.0: RM 0: cluster   2: 39.52 MB/s (16 MB 0.40 s)
IODDR0@0.0: RM 0: cluster   3: 38.01 MB/s (16 MB 0.42 s)
IODDR0@0.0: RM 0: cluster   4: 37.82 MB/s (16 MB 0.42 s)
IODDR0@0.0: RM 0: cluster   5: 41.41 MB/s (16 MB 0.39 s)
IODDR0@0.0: RM 0: cluster   6: 42.43 MB/s (16 MB 0.38 s)
IODDR1@0.0: RM 0: [RMEM] booting up server
IODDR1@0.0: RM 0: [RMEM] server alive
IODDR0@0.0: RM 0: [IODDR0] spawning kernels
IODDR0@0.0: RM 0: [IODDR0] waiting kernels
IODDR0@0.0: RM 0: [IODDR0] waiting kernels
IODDR0@0.0: RM 0: cluster   0: 77.81 MB/s (16 MB 0.21 s)
IODDR0@0.0: RM 0: cluster   1: 77.59 MB/s (16 MB 0.21 s)
IODDR0@0.0: RM 0: cluster   2: 66.54 MB/s (16 MB 0.24 s)
IODDR0@0.0: RM 0: cluster   4: 39.24 MB/s (16 MB 0.41 s)
IODDR0@0.0: RM 0: cluster   3: 38.84 MB/s (16 MB 0.41 s)
IODDR0@0.0: RM 0: cluster   5: 42.31 MB/s (16 MB 0.38 s)
IODDR0@0.0: RM 0: cluster   6: 43.09 MB/s (16 MB 0.37 s)
IODDR1@0.0: RM 0: [RMEM] booting up server
IODDR1@0.0: RM 0: [RMEM] server alive
IODDR0@0.0: RM 0: [IODDR0] spawning kernels
IODDR0@0.0: RM 0: cluster   0: 84.33 MB/s (16 MB 0.19 s)
IODDR0@0.0: RM 0: cluster   1: 83.97 MB/s (16 MB 0.19 s)
IODDR0@0.0: RM 0: [IODDR0] waiting kernels
IODDR0@0.0: RM 0: cluster   2: 42.31 MB/s (16 MB 0.38 s)
IODDR0@0.0: RM 0: cluster   3: 39.86 MB/s (16 MB 0.40 s)
IODDR0@0.0: RM 0: cluster   4: 39.08 MB/s (16 MB 0.41 s)
IODDR0@0.0: RM 0: cluster   5: 47.25 MB/s (16 MB 0.34 s)
IODDR0@0.0: RM 0: cluster   6: 47.89 MB/s (16 MB 0.33 s)
IODDR1@0.0: RM 0: [RMEM] booting up server
IODDR1@0.0: RM 0: [RMEM] server alive
IODDR0@0.0: RM 0: [IODDR0] spawning kernels
IODDR0@0.0: RM 0: [IODDR0] waiting kernels
IODDR0@0.0: RM 0: cluster   0: 48.29 MB/s (16 MB 0.33 s)
IODDR0@0.0: RM 0: cluster   1: 47.81 MB/s (16 MB 0.33 s)
IODDR0@0.0: RM 0: cluster   2: 47.93 MB/s (16 MB 0.33 s)
IODDR0@0.0: RM 0: cluster   3: 48.26 MB/s (16 MB 0.33 s)
IODDR0@0.0: RM 0: cluster   4: 47.47 MB/s (16 MB 0.34 s)
IODDR0@0.0: RM 0: cluster   5: 47.13 MB/s (16 MB 0.34 s)
IODDR0@0.0: RM 0: cluster   6: 48.64 MB/s (16 MB 0.33 s)
IODDR1@0.0: RM 0: [RMEM] booting up server
IODDR1@0.0: RM 0: [RMEM] server alive
IODDR0@0.0: RM 0: [IODDR0] spawning kernels
IODDR0@0.0: RM 0: cluster   0: 84.34 MB/s (16 MB 0.19 s)
IODDR0@0.0: RM 0: [IODDR0] waiting kernels
IODDR0@0.0: RM 0: [IODDR0] waiting kernels
IODDR0@0.0: RM 0: cluster   1: 69.53 MB/s (16 MB 0.23 s)
IODDR0@0.0: RM 0: cluster   2: 69.29 MB/s (16 MB 0.23 s)
IODDR0@0.0: RM 0: cluster   3: 69.39 MB/s (16 MB 0.23 s)
IODDR0@0.0: RM 0: cluster   4: 69.48 MB/s (16 MB 0.23 s)
IODDR0@0.0: RM 0: cluster   5: 68.33 MB/s (16 MB 0.23 s)
IODDR0@0.0: RM 0: cluster   6: 68.41 MB/s (16 MB 0.23 s)
IODDR1@0.0: RM 0: [RMEM] booting up server
IODDR1@0.0: RM 0: [RMEM] server alive
IODDR0@0.0: RM 0: [IODDR0] spawning kernels
IODDR0@0.0: RM 0: cluster   0: 84.34 MB/s (16 MB 0.19 s)
IODDR0@0.0: RM 0: [IODDR0] waiting kernels
IODDR0@0.0: RM 0: cluster   1: 55.56 MB/s (16 MB 0.29 s)
IODDR0@0.0: RM 0: cluster   2: 54.35 MB/s (16 MB 0.29 s)
IODDR0@0.0: RM 0: cluster   3: 44.49 MB/s (16 MB 0.36 s)
IODDR0@0.0: RM 0: cluster   4: 44.22 MB/s (16 MB 0.36 s)
IODDR0@0.0: RM 0: cluster   5: 46.98 MB/s (16 MB 0.34 s)
IODDR0@0.0: RM 0: cluster   6: 47.47 MB/s (16 MB 0.34 s)
IODDR1@0.0: RM 0: [RMEM] booting up server
IODDR1@0.0: RM 0: [RMEM] server alive
IODDR0@0.0: RM 0: [IODDR0] spawning kernels
IODDR0@0.0: RM 0: cluster   0: 84.35 MB/s (16 MB 0.19 s)
IODDR0@0.0: RM 0: cluster   1: 77.54 MB/s (16 MB 0.21 s)
IODDR0@0.0: RM 0: [IODDR0] waiting kernels
IODDR0@0.0: RM 0: [IODDR0] waiting kernels
IODDR0@0.0: RM 0: cluster   2: 70.90 MB/s (16 MB 0.23 s)
IODDR0@0.0: RM 0: cluster   3: 56.39 MB/s (16 MB 0.28 s)
IODDR0@0.0: RM 0: cluster   4: 45.86 MB/s (16 MB 0.35 s)
IODDR0@0.0: RM 0: cluster   5: 45.80 MB/s (16 MB 0.35 s)
IODDR0@0.0: RM 0: cluster   6: 53.42 MB/s (16 MB 0.30 s)
IODDR1@0.0: RM 0: [RMEM] booting up server
IODDR1@0.0: RM 0: [RMEM] server alive
IODDR0@0.0: RM 0: [IODDR0] spawning kernels
IODDR0@0.0: RM 0: cluster   0: 84.34 MB/s (16 MB 0.19 s)
IODDR0@0.0: RM 0: [IODDR0] waiting kernels
IODDR0@0.0: RM 0: cluster   1: 56.10 MB/s (16 MB 0.29 s)
IODDR0@0.0: RM 0: cluster   2: 53.67 MB/s (16 MB 0.30 s)
IODDR0@0.0: RM 0: cluster   3: 43.65 MB/s (16 MB 0.37 s)
IODDR0@0.0: RM 0: cluster   4: 43.39 MB/s (16 MB 0.37 s)
IODDR0@0.0: RM 0: cluster   6: 46.54 MB/s (16 MB 0.34 s)
IODDR0@0.0: RM 0: cluster   5: 47.01 MB/s (16 MB 0.34 s)
