IODDR1@0.0: RM 0: [RMEM] booting up server
IODDR1@0.0: RM 0: [RMEM] server alive
IODDR0@0.0: RM 0: [IODDR0] spawning kernels
IODDR0@0.0: RM 0: cluster   0: 70.64 MB/s (16 MB 0.23 s)
IODDR0@0.0: RM 0: cluster   1: 53.89 MB/s (16 MB 0.30 s)
IODDR0@0.0: RM 0: cluster   2: 49.29 MB/s (16 MB 0.32 s)
IODDR0@0.0: RM 0: cluster   3: 41.20 MB/s (16 MB 0.39 s)
IODDR0@0.0: RM 0: cluster   4: 36.82 MB/s (16 MB 0.43 s)
IODDR0@0.0: RM 0: cluster   5: 35.87 MB/s (16 MB 0.45 s)
IODDR0@0.0: RM 0: cluster   6: 36.35 MB/s (16 MB 0.44 s)
IODDR0@0.0: RM 0: cluster   7: 46.20 MB/s (16 MB 0.35 s)
IODDR0@0.0: RM 0: [IODDR0] waiting kernels
IODDR0@0.0: RM 0: cluster   8: 35.84 MB/s (16 MB 0.45 s)
IODDR0@0.0: RM 0: cluster   9: 30.07 MB/s (16 MB 0.53 s)
IODDR0@0.0: RM 0: cluster  10: 29.88 MB/s (16 MB 0.54 s)
IODDR0@0.0: RM 0: cluster  11: 30.26 MB/s (16 MB 0.53 s)
IODDR0@0.0: RM 0: cluster  12: 35.47 MB/s (16 MB 0.45 s)
IODDR1@0.0: RM 0: [RMEM] booting up server
IODDR1@0.0: RM 0: [RMEM] server alive
IODDR0@0.0: RM 0: [IODDR0] spawning kernels
IODDR0@0.0: RM 0: cluster   0: 84.32 MB/s (16 MB 0.19 s)
IODDR0@0.0: RM 0: cluster   1: 82.69 MB/s (16 MB 0.19 s)
IODDR0@0.0: RM 0: cluster   2: 38.26 MB/s (16 MB 0.42 s)
IODDR0@0.0: RM 0: cluster   3: 36.03 MB/s (16 MB 0.44 s)
IODDR0@0.0: RM 0: cluster   4: 35.51 MB/s (16 MB 0.45 s)
IODDR0@0.0: RM 0: cluster   5: 34.56 MB/s (16 MB 0.46 s)
IODDR0@0.0: RM 0: [IODDR0] waiting kernels
IODDR0@0.0: RM 0: cluster   6: 32.31 MB/s (16 MB 0.50 s)
IODDR0@0.0: RM 0: cluster   7: 29.53 MB/s (16 MB 0.54 s)
IODDR0@0.0: RM 0: cluster   8: 26.06 MB/s (16 MB 0.61 s)
IODDR0@0.0: RM 0: cluster   9: 25.88 MB/s (16 MB 0.62 s)
IODDR0@0.0: RM 0: cluster  10: 26.06 MB/s (16 MB 0.61 s)
IODDR0@0.0: RM 0: cluster  11: 29.78 MB/s (16 MB 0.54 s)
IODDR0@0.0: RM 0: cluster  12: 34.62 MB/s (16 MB 0.46 s)
IODDR1@0.0: RM 0: [RMEM] booting up server
IODDR1@0.0: RM 0: [RMEM] server alive
IODDR0@0.0: RM 0: [IODDR0] spawning kernels
IODDR0@0.0: RM 0: cluster   0: 71.72 MB/s (16 MB 0.22 s)
IODDR0@0.0: RM 0: cluster   1: 57.59 MB/s (16 MB 0.28 s)
IODDR0@0.0: RM 0: cluster   2: 60.38 MB/s (16 MB 0.26 s)
IODDR0@0.0: RM 0: cluster   3: 33.57 MB/s (16 MB 0.48 s)
IODDR0@0.0: RM 0: cluster   4: 32.10 MB/s (16 MB 0.50 s)
IODDR0@0.0: RM 0: cluster   5: 31.66 MB/s (16 MB 0.51 s)
IODDR0@0.0: RM 0: [IODDR0] waiting kernels
IODDR0@0.0: RM 0: cluster   6: 27.78 MB/s (16 MB 0.58 s)
IODDR0@0.0: RM 0: cluster   7: 27.54 MB/s (16 MB 0.58 s)
IODDR0@0.0: RM 0: cluster   8: 27.53 MB/s (16 MB 0.58 s)
IODDR0@0.0: RM 0: cluster   9: 28.36 MB/s (16 MB 0.56 s)
IODDR0@0.0: RM 0: cluster  10: 29.59 MB/s (16 MB 0.54 s)
IODDR0@0.0: RM 0: cluster  11: 30.06 MB/s (16 MB 0.53 s)
IODDR0@0.0: RM 0: cluster  12: 35.67 MB/s (16 MB 0.45 s)
IODDR1@0.0: RM 0: [RMEM] booting up server
IODDR1@0.0: RM 0: [RMEM] server alive
IODDR0@0.0: RM 0: [IODDR0] spawning kernels
IODDR0@0.0: RM 0: cluster   0: 71.75 MB/s (16 MB 0.22 s)
IODDR0@0.0: RM 0: cluster   1: 57.65 MB/s (16 MB 0.28 s)
IODDR0@0.0: RM 0: cluster   2: 59.87 MB/s (16 MB 0.27 s)
IODDR0@0.0: RM 0: cluster   3: 33.41 MB/s (16 MB 0.48 s)
IODDR0@0.0: RM 0: cluster   4: 31.96 MB/s (16 MB 0.50 s)
IODDR0@0.0: RM 0: cluster   5: 31.51 MB/s (16 MB 0.51 s)
IODDR0@0.0: RM 0: [IODDR0] waiting kernels
IODDR0@0.0: RM 0: cluster   6: 27.73 MB/s (16 MB 0.58 s)
IODDR0@0.0: RM 0: cluster   7: 27.49 MB/s (16 MB 0.58 s)
IODDR0@0.0: RM 0: cluster   8: 27.47 MB/s (16 MB 0.58 s)
IODDR0@0.0: RM 0: cluster   9: 28.38 MB/s (16 MB 0.56 s)
IODDR0@0.0: RM 0: cluster  10: 29.61 MB/s (16 MB 0.54 s)
IODDR0@0.0: RM 0: cluster  11: 30.33 MB/s (16 MB 0.53 s)
IODDR0@0.0: RM 0: cluster  12: 35.60 MB/s (16 MB 0.45 s)
IODDR1@0.0: RM 0: [RMEM] booting up server
IODDR1@0.0: RM 0: [RMEM] server alive
IODDR0@0.0: RM 0: [IODDR0] spawning kernels
IODDR0@0.0: RM 0: cluster   0: 84.33 MB/s (16 MB 0.19 s)
IODDR0@0.0: RM 0: cluster   2: 45.61 MB/s (16 MB 0.35 s)
IODDR0@0.0: RM 0: cluster   1: 43.59 MB/s (16 MB 0.37 s)
IODDR0@0.0: RM 0: cluster   3: 42.31 MB/s (16 MB 0.38 s)
IODDR0@0.0: RM 0: cluster   4: 45.48 MB/s (16 MB 0.35 s)
IODDR0@0.0: RM 0: [IODDR0] waiting kernels
IODDR0@0.0: RM 0: [IODDR0] waiting kernels
IODDR0@0.0: RM 0: cluster   5: 36.33 MB/s (16 MB 0.44 s)
IODDR0@0.0: RM 0: cluster   6: 28.11 MB/s (16 MB 0.57 s)
IODDR0@0.0: RM 0: cluster   7: 27.75 MB/s (16 MB 0.58 s)
IODDR0@0.0: RM 0: cluster   8: 27.15 MB/s (16 MB 0.59 s)
IODDR0@0.0: RM 0: cluster   9: 27.08 MB/s (16 MB 0.59 s)
IODDR0@0.0: RM 0: cluster  10: 28.64 MB/s (16 MB 0.56 s)
IODDR0@0.0: RM 0: cluster  11: 32.36 MB/s (16 MB 0.49 s)
IODDR0@0.0: RM 0: cluster  12: 32.80 MB/s (16 MB 0.49 s)
IODDR1@0.0: RM 0: [RMEM] booting up server
IODDR1@0.0: RM 0: [RMEM] server alive
IODDR0@0.0: RM 0: [IODDR0] spawning kernels
IODDR0@0.0: RM 0: cluster   0: 70.72 MB/s (16 MB 0.23 s)
IODDR0@0.0: RM 0: cluster   1: 53.45 MB/s (16 MB 0.30 s)
IODDR0@0.0: RM 0: cluster   2: 48.36 MB/s (16 MB 0.33 s)
IODDR0@0.0: RM 0: cluster   3: 37.44 MB/s (16 MB 0.43 s)
IODDR0@0.0: RM 0: cluster   4: 32.74 MB/s (16 MB 0.49 s)
IODDR0@0.0: RM 0: cluster   5: 28.38 MB/s (16 MB 0.56 s)
IODDR0@0.0: RM 0: cluster   6: 28.15 MB/s (16 MB 0.57 s)
IODDR0@0.0: RM 0: [IODDR0] waiting kernels
IODDR0@0.0: RM 0: cluster   7: 28.71 MB/s (16 MB 0.56 s)
IODDR0@0.0: RM 0: cluster   8: 27.17 MB/s (16 MB 0.59 s)
IODDR0@0.0: RM 0: cluster   9: 27.78 MB/s (16 MB 0.58 s)
IODDR0@0.0: RM 0: cluster  10: 29.40 MB/s (16 MB 0.54 s)
IODDR0@0.0: RM 0: cluster  11: 29.57 MB/s (16 MB 0.54 s)
IODDR0@0.0: RM 0: cluster  12: 34.91 MB/s (16 MB 0.46 s)
IODDR1@0.0: RM 0: [RMEM] booting up server
IODDR1@0.0: RM 0: [RMEM] server alive
IODDR0@0.0: RM 0: [IODDR0] spawning kernels
IODDR0@0.0: RM 0: cluster   0: 84.33 MB/s (16 MB 0.19 s)
IODDR0@0.0: RM 0: cluster   1: 49.94 MB/s (16 MB 0.32 s)
IODDR0@0.0: RM 0: cluster   2: 30.38 MB/s (16 MB 0.53 s)
IODDR0@0.0: RM 0: cluster   3: 29.69 MB/s (16 MB 0.54 s)
IODDR0@0.0: RM 0: cluster   4: 29.67 MB/s (16 MB 0.54 s)
IODDR0@0.0: RM 0: [IODDR0] waiting kernels
IODDR0@0.0: RM 0: cluster   5: 28.02 MB/s (16 MB 0.57 s)
IODDR0@0.0: RM 0: cluster   6: 25.99 MB/s (16 MB 0.62 s)
IODDR0@0.0: RM 0: cluster   7: 21.76 MB/s (16 MB 0.74 s)
IODDR0@0.0: RM 0: cluster   8: 21.41 MB/s (16 MB 0.75 s)
IODDR0@0.0: RM 0: cluster   9: 21.41 MB/s (16 MB 0.75 s)
IODDR0@0.0: RM 0: cluster  10: 23.22 MB/s (16 MB 0.69 s)
IODDR0@0.0: RM 0: cluster  11: 28.73 MB/s (16 MB 0.56 s)
IODDR0@0.0: RM 0: cluster  12: 29.05 MB/s (16 MB 0.55 s)
IODDR1@0.0: RM 0: [RMEM] booting up server
IODDR1@0.0: RM 0: [RMEM] server alive
IODDR0@0.0: RM 0: [IODDR0] spawning kernels
IODDR0@0.0: RM 0: cluster   0: 84.34 MB/s (16 MB 0.19 s)
IODDR0@0.0: RM 0: cluster   2: 69.22 MB/s (16 MB 0.23 s)
IODDR0@0.0: RM 0: cluster   1: 66.49 MB/s (16 MB 0.24 s)
IODDR0@0.0: RM 0: cluster   3: 66.14 MB/s (16 MB 0.24 s)
IODDR0@0.0: RM 0: cluster   4: 66.71 MB/s (16 MB 0.24 s)
IODDR0@0.0: RM 0: [IODDR0] waiting kernels
IODDR0@0.0: RM 0: cluster   5: 34.90 MB/s (16 MB 0.46 s)
IODDR0@0.0: RM 0: cluster   6: 33.96 MB/s (16 MB 0.47 s)
IODDR0@0.0: RM 0: cluster   7: 33.65 MB/s (16 MB 0.48 s)
IODDR0@0.0: RM 0: cluster   8: 36.43 MB/s (16 MB 0.44 s)
IODDR0@0.0: RM 0: cluster   9: 37.19 MB/s (16 MB 0.43 s)
IODDR0@0.0: RM 0: cluster  10: 35.02 MB/s (16 MB 0.46 s)
IODDR0@0.0: RM 0: cluster  12: 35.02 MB/s (16 MB 0.46 s)
IODDR0@0.0: RM 0: cluster  11: 35.33 MB/s (16 MB 0.45 s)
IODDR1@0.0: RM 0: [RMEM] booting up server
IODDR1@0.0: RM 0: [RMEM] server alive
IODDR0@0.0: RM 0: [IODDR0] spawning kernels
IODDR0@0.0: RM 0: cluster   0: 84.34 MB/s (16 MB 0.19 s)
IODDR0@0.0: RM 0: cluster   2: 48.58 MB/s (16 MB 0.33 s)
IODDR0@0.0: RM 0: cluster   1: 48.37 MB/s (16 MB 0.33 s)
IODDR0@0.0: RM 0: cluster   3: 55.07 MB/s (16 MB 0.29 s)
IODDR0@0.0: RM 0: [IODDR0] waiting kernels
IODDR0@0.0: RM 0: cluster   4: 24.11 MB/s (16 MB 0.66 s)
IODDR0@0.0: RM 0: cluster   6: 21.89 MB/s (16 MB 0.73 s)
IODDR0@0.0: RM 0: cluster   7: 20.63 MB/s (16 MB 0.78 s)
IODDR0@0.0: RM 0: cluster   5: 20.43 MB/s (16 MB 0.78 s)
IODDR0@0.0: RM 0: cluster   8: 19.73 MB/s (16 MB 0.81 s)
IODDR0@0.0: RM 0: cluster   9: 20.71 MB/s (16 MB 0.77 s)
IODDR0@0.0: RM 0: cluster  10: 22.52 MB/s (16 MB 0.71 s)
IODDR0@0.0: RM 0: cluster  11: 25.30 MB/s (16 MB 0.63 s)
IODDR0@0.0: RM 0: cluster  12: 25.56 MB/s (16 MB 0.63 s)
IODDR1@0.0: RM 0: [RMEM] booting up server
IODDR1@0.0: RM 0: [RMEM] server alive
IODDR0@0.0: RM 0: [IODDR0] spawning kernels
IODDR0@0.0: RM 0: cluster   0: 84.34 MB/s (16 MB 0.19 s)
IODDR0@0.0: RM 0: cluster   1: 69.63 MB/s (16 MB 0.23 s)
IODDR0@0.0: RM 0: cluster   2: 54.21 MB/s (16 MB 0.30 s)
IODDR0@0.0: RM 0: cluster   3: 49.06 MB/s (16 MB 0.33 s)
IODDR0@0.0: RM 0: cluster   4: 40.88 MB/s (16 MB 0.39 s)
IODDR0@0.0: RM 0: cluster   5: 36.04 MB/s (16 MB 0.44 s)
IODDR0@0.0: RM 0: [IODDR0] waiting kernels
IODDR0@0.0: RM 0: cluster   6: 30.67 MB/s (16 MB 0.52 s)
IODDR0@0.0: RM 0: cluster   7: 30.00 MB/s (16 MB 0.53 s)
IODDR0@0.0: RM 0: cluster   8: 26.28 MB/s (16 MB 0.61 s)
IODDR0@0.0: RM 0: cluster   9: 26.27 MB/s (16 MB 0.61 s)
IODDR0@0.0: RM 0: cluster  10: 29.86 MB/s (16 MB 0.54 s)
IODDR0@0.0: RM 0: cluster  11: 30.37 MB/s (16 MB 0.53 s)
IODDR0@0.0: RM 0: cluster  12: 35.20 MB/s (16 MB 0.45 s)
