IODDR1@0.0: RM 0: [RMEM] booting up server
IODDR1@0.0: RM 0: [RMEM] server alive
IODDR0@0.0: RM 0: [IODDR0] spawning kernels
IODDR0@0.0: RM 0: cluster   0: 82.81 MB/s (16 MB 0.19 s)
IODDR0@0.0: RM 0: cluster   1: 80.44 MB/s (16 MB 0.20 s)
IODDR0@0.0: RM 0: cluster   2: 65.16 MB/s (16 MB 0.25 s)
IODDR0@0.0: RM 0: cluster   3: 42.65 MB/s (16 MB 0.38 s)
IODDR0@0.0: RM 0: cluster   4: 40.77 MB/s (16 MB 0.39 s)
IODDR0@0.0: RM 0: cluster   5: 37.06 MB/s (16 MB 0.43 s)
IODDR0@0.0: RM 0: cluster   6: 37.10 MB/s (16 MB 0.43 s)
IODDR0@0.0: RM 0: [IODDR0] waiting kernels
IODDR0@0.0: RM 0: cluster   7: 42.14 MB/s (16 MB 0.38 s)
IODDR0@0.0: RM 0: cluster   8: 47.59 MB/s (16 MB 0.34 s)
IODDR0@0.0: RM 0: cluster   9: 53.47 MB/s (16 MB 0.30 s)
IODDR0@0.0: RM 0: cluster  10: 54.38 MB/s (16 MB 0.29 s)
IODDR0@0.0: RM 0: cluster  11: 62.93 MB/s (16 MB 0.25 s)
IODDR1@0.0: RM 0: [RMEM] booting up server
IODDR1@0.0: RM 0: [RMEM] server alive
IODDR0@0.0: RM 0: [IODDR0] spawning kernels
IODDR0@0.0: RM 0: cluster   0: 82.80 MB/s (16 MB 0.19 s)
IODDR0@0.0: RM 0: cluster   1: 61.60 MB/s (16 MB 0.26 s)
IODDR0@0.0: RM 0: cluster   2: 48.27 MB/s (16 MB 0.33 s)
IODDR0@0.0: RM 0: cluster   3: 48.27 MB/s (16 MB 0.33 s)
IODDR0@0.0: RM 0: cluster   4: 49.07 MB/s (16 MB 0.33 s)
IODDR0@0.0: RM 0: [IODDR0] waiting kernels
IODDR0@0.0: RM 0: [IODDR0] waiting kernels
IODDR0@0.0: RM 0: cluster   5: 58.34 MB/s (16 MB 0.27 s)
IODDR0@0.0: RM 0: cluster   6: 55.74 MB/s (16 MB 0.29 s)
IODDR0@0.0: RM 0: cluster   7: 46.25 MB/s (16 MB 0.35 s)
IODDR0@0.0: RM 0: cluster   8: 46.97 MB/s (16 MB 0.34 s)
IODDR0@0.0: RM 0: cluster   9: 56.00 MB/s (16 MB 0.29 s)
IODDR0@0.0: RM 0: cluster  10: 72.16 MB/s (16 MB 0.22 s)
IODDR0@0.0: RM 0: cluster  11: 72.64 MB/s (16 MB 0.22 s)
IODDR1@0.0: RM 0: [RMEM] booting up server
IODDR1@0.0: RM 0: [RMEM] server alive
IODDR0@0.0: RM 0: [IODDR0] spawning kernels
IODDR0@0.0: RM 0: cluster   0: 82.82 MB/s (16 MB 0.19 s)
IODDR0@0.0: RM 0: cluster   1: 80.62 MB/s (16 MB 0.20 s)
IODDR0@0.0: RM 0: cluster   2: 66.71 MB/s (16 MB 0.24 s)
IODDR0@0.0: RM 0: cluster   3: 65.78 MB/s (16 MB 0.24 s)
IODDR0@0.0: RM 0: cluster   4: 65.71 MB/s (16 MB 0.24 s)
IODDR0@0.0: RM 0: cluster   5: 67.17 MB/s (16 MB 0.24 s)
IODDR0@0.0: RM 0: cluster   6: 67.19 MB/s (16 MB 0.24 s)
IODDR0@0.0: RM 0: cluster   7: 69.84 MB/s (16 MB 0.23 s)
IODDR0@0.0: RM 0: [IODDR0] waiting kernels
IODDR0@0.0: RM 0: cluster   8: 68.99 MB/s (16 MB 0.23 s)
IODDR0@0.0: RM 0: cluster   9: 55.25 MB/s (16 MB 0.29 s)
IODDR0@0.0: RM 0: cluster  10: 55.26 MB/s (16 MB 0.29 s)
IODDR0@0.0: RM 0: cluster  11: 63.80 MB/s (16 MB 0.25 s)
IODDR1@0.0: RM 0: [RMEM] booting up server
IODDR1@0.0: RM 0: [RMEM] server alive
IODDR0@0.0: RM 0: [IODDR0] spawning kernels
IODDR0@0.0: RM 0: cluster   0: 82.81 MB/s (16 MB 0.19 s)
IODDR0@0.0: RM 0: cluster   1: 82.71 MB/s (16 MB 0.19 s)
IODDR0@0.0: RM 0: cluster   2: 46.27 MB/s (16 MB 0.35 s)
IODDR0@0.0: RM 0: cluster   4: 45.05 MB/s (16 MB 0.36 s)
IODDR0@0.0: RM 0: cluster   3: 45.04 MB/s (16 MB 0.36 s)
IODDR0@0.0: RM 0: cluster   5: 51.39 MB/s (16 MB 0.31 s)
IODDR0@0.0: RM 0: cluster   7: 77.93 MB/s (16 MB 0.21 s)
IODDR0@0.0: RM 0: [IODDR0] waiting kernels
IODDR0@0.0: RM 0: cluster   6: 66.45 MB/s (16 MB 0.24 s)
IODDR0@0.0: RM 0: cluster   8: 55.99 MB/s (16 MB 0.29 s)
IODDR0@0.0: RM 0: cluster   9: 54.54 MB/s (16 MB 0.29 s)
IODDR0@0.0: RM 0: cluster  10: 62.00 MB/s (16 MB 0.26 s)
IODDR0@0.0: RM 0: cluster  11: 73.93 MB/s (16 MB 0.22 s)
IODDR1@0.0: RM 0: [RMEM] booting up server
IODDR1@0.0: RM 0: [RMEM] server alive
IODDR0@0.0: RM 0: [IODDR0] spawning kernels
IODDR0@0.0: RM 0: cluster   0: 82.82 MB/s (16 MB 0.19 s)
IODDR0@0.0: RM 0: cluster   1: 82.70 MB/s (16 MB 0.19 s)
IODDR0@0.0: RM 0: cluster   2: 51.21 MB/s (16 MB 0.31 s)
IODDR0@0.0: RM 0: cluster   3: 48.37 MB/s (16 MB 0.33 s)
IODDR0@0.0: RM 0: cluster   4: 47.28 MB/s (16 MB 0.34 s)
IODDR0@0.0: RM 0: cluster   5: 57.76 MB/s (16 MB 0.28 s)
IODDR0@0.0: RM 0: cluster   6: 60.12 MB/s (16 MB 0.27 s)
IODDR0@0.0: RM 0: cluster   7: 76.01 MB/s (16 MB 0.21 s)
IODDR0@0.0: RM 0: [IODDR0] waiting kernels
IODDR0@0.0: RM 0: cluster   8: 48.25 MB/s (16 MB 0.33 s)
IODDR0@0.0: RM 0: cluster  10: 46.83 MB/s (16 MB 0.34 s)
IODDR0@0.0: RM 0: cluster   9: 46.85 MB/s (16 MB 0.34 s)
IODDR0@0.0: RM 0: cluster  11: 56.07 MB/s (16 MB 0.29 s)
IODDR1@0.0: RM 0: [RMEM] booting up server
IODDR1@0.0: RM 0: [RMEM] server alive
IODDR0@0.0: RM 0: [IODDR0] spawning kernels
IODDR0@0.0: RM 0: cluster   0: 82.80 MB/s (16 MB 0.19 s)
IODDR0@0.0: RM 0: cluster   1: 80.65 MB/s (16 MB 0.20 s)
IODDR0@0.0: RM 0: cluster   2: 65.48 MB/s (16 MB 0.24 s)
IODDR0@0.0: RM 0: cluster   3: 45.33 MB/s (16 MB 0.35 s)
IODDR0@0.0: RM 0: cluster   4: 44.35 MB/s (16 MB 0.36 s)
IODDR0@0.0: RM 0: cluster   5: 44.76 MB/s (16 MB 0.36 s)
IODDR0@0.0: RM 0: cluster   6: 45.74 MB/s (16 MB 0.35 s)
IODDR0@0.0: RM 0: cluster   7: 67.74 MB/s (16 MB 0.24 s)
IODDR0@0.0: RM 0: [IODDR0] waiting kernels
IODDR0@0.0: RM 0: cluster   8: 47.38 MB/s (16 MB 0.34 s)
IODDR0@0.0: RM 0: cluster   9: 46.12 MB/s (16 MB 0.35 s)
IODDR0@0.0: RM 0: cluster  10: 46.13 MB/s (16 MB 0.35 s)
IODDR0@0.0: RM 0: cluster  11: 53.99 MB/s (16 MB 0.30 s)
IODDR1@0.0: RM 0: [RMEM] booting up server
IODDR1@0.0: RM 0: [RMEM] server alive
IODDR0@0.0: RM 0: [IODDR0] spawning kernels
IODDR0@0.0: RM 0: cluster   0: 82.82 MB/s (16 MB 0.19 s)
IODDR0@0.0: RM 0: cluster   1: 80.41 MB/s (16 MB 0.20 s)
IODDR0@0.0: RM 0: cluster   2: 78.13 MB/s (16 MB 0.20 s)
IODDR0@0.0: RM 0: [IODDR0] waiting kernels
IODDR0@0.0: RM 0: [IODDR0] waiting kernels
IODDR0@0.0: RM 0: cluster   3: 57.41 MB/s (16 MB 0.28 s)
IODDR0@0.0: RM 0: cluster   4: 43.61 MB/s (16 MB 0.37 s)
IODDR0@0.0: RM 0: cluster   5: 43.12 MB/s (16 MB 0.37 s)
IODDR0@0.0: RM 0: cluster   6: 43.28 MB/s (16 MB 0.37 s)
IODDR0@0.0: RM 0: cluster   7: 60.00 MB/s (16 MB 0.27 s)
IODDR0@0.0: RM 0: cluster   8: 77.25 MB/s (16 MB 0.21 s)
IODDR0@0.0: RM 0: cluster   9: 54.58 MB/s (16 MB 0.29 s)
IODDR0@0.0: RM 0: cluster  10: 54.25 MB/s (16 MB 0.29 s)
IODDR0@0.0: RM 0: cluster  11: 54.34 MB/s (16 MB 0.29 s)
IODDR1@0.0: RM 0: [RMEM] booting up server
IODDR1@0.0: RM 0: [RMEM] server alive
IODDR0@0.0: RM 0: [IODDR0] spawning kernels
IODDR0@0.0: RM 0: cluster   0: 82.81 MB/s (16 MB 0.19 s)
IODDR0@0.0: RM 0: cluster   1: 80.41 MB/s (16 MB 0.20 s)
IODDR0@0.0: RM 0: cluster   2: 78.16 MB/s (16 MB 0.20 s)
IODDR0@0.0: RM 0: cluster   3: 67.33 MB/s (16 MB 0.24 s)
IODDR0@0.0: RM 0: cluster   4: 66.68 MB/s (16 MB 0.24 s)
IODDR0@0.0: RM 0: cluster   5: 66.89 MB/s (16 MB 0.24 s)
IODDR0@0.0: RM 0: [IODDR0] waiting kernels
IODDR0@0.0: RM 0: [IODDR0] waiting kernels
IODDR0@0.0: RM 0: cluster   6: 66.74 MB/s (16 MB 0.24 s)
IODDR0@0.0: RM 0: cluster   7: 66.52 MB/s (16 MB 0.24 s)
IODDR0@0.0: RM 0: cluster   8: 68.79 MB/s (16 MB 0.23 s)
IODDR0@0.0: RM 0: cluster   9: 70.52 MB/s (16 MB 0.23 s)
IODDR0@0.0: RM 0: cluster  10: 67.74 MB/s (16 MB 0.24 s)
IODDR0@0.0: RM 0: cluster  11: 68.02 MB/s (16 MB 0.24 s)
IODDR1@0.0: RM 0: [RMEM] booting up server
IODDR1@0.0: RM 0: [RMEM] server alive
IODDR0@0.0: RM 0: [IODDR0] spawning kernels
IODDR0@0.0: RM 0: cluster   0: 82.82 MB/s (16 MB 0.19 s)
IODDR0@0.0: RM 0: cluster   1: 65.82 MB/s (16 MB 0.24 s)
IODDR0@0.0: RM 0: cluster   2: 64.26 MB/s (16 MB 0.25 s)
IODDR0@0.0: RM 0: cluster   3: 63.53 MB/s (16 MB 0.25 s)
IODDR0@0.0: RM 0: cluster   4: 74.35 MB/s (16 MB 0.22 s)
IODDR0@0.0: RM 0: cluster   5: 66.11 MB/s (16 MB 0.24 s)
IODDR0@0.0: RM 0: [IODDR0] waiting kernels
IODDR0@0.0: RM 0: cluster   6: 54.56 MB/s (16 MB 0.29 s)
IODDR0@0.0: RM 0: cluster   7: 52.48 MB/s (16 MB 0.30 s)
IODDR0@0.0: RM 0: cluster   8: 58.96 MB/s (16 MB 0.27 s)
IODDR0@0.0: RM 0: cluster   9: 71.44 MB/s (16 MB 0.22 s)
IODDR0@0.0: RM 0: cluster  10: 77.36 MB/s (16 MB 0.21 s)
IODDR0@0.0: RM 0: cluster  11: 77.38 MB/s (16 MB 0.21 s)
IODDR1@0.0: RM 0: [RMEM] booting up server
IODDR1@0.0: RM 0: [RMEM] server alive
IODDR0@0.0: RM 0: [IODDR0] spawning kernels
IODDR0@0.0: RM 0: cluster   0: 82.81 MB/s (16 MB 0.19 s)
IODDR0@0.0: RM 0: cluster   1: 80.44 MB/s (16 MB 0.20 s)
IODDR0@0.0: RM 0: cluster   2: 78.32 MB/s (16 MB 0.20 s)
IODDR0@0.0: RM 0: cluster   3: 78.35 MB/s (16 MB 0.20 s)
IODDR0@0.0: RM 0: cluster   4: 66.72 MB/s (16 MB 0.24 s)
IODDR0@0.0: RM 0: cluster   5: 54.97 MB/s (16 MB 0.29 s)
IODDR0@0.0: RM 0: cluster   6: 54.96 MB/s (16 MB 0.29 s)
IODDR0@0.0: RM 0: cluster   7: 62.81 MB/s (16 MB 0.25 s)
IODDR0@0.0: RM 0: [IODDR0] waiting kernels
IODDR0@0.0: RM 0: cluster   8: 64.91 MB/s (16 MB 0.25 s)
IODDR0@0.0: RM 0: cluster   9: 64.57 MB/s (16 MB 0.25 s)
IODDR0@0.0: RM 0: cluster  10: 65.58 MB/s (16 MB 0.24 s)
IODDR0@0.0: RM 0: cluster  11: 78.58 MB/s (16 MB 0.20 s)
