IODDR1@0.0: RM 0: [RMEM] booting up server
IODDR1@0.0: RM 0: [RMEM] server alive
IODDR0@0.0: RM 0: [IODDR0] spawning kernels
IODDR0@0.0: RM 0: cluster   0: 82.81 MB/s (16 MB 0.19 s)
IODDR0@0.0: RM 0: [IODDR0] waiting kernels
IODDR0@0.0: RM 0: [IODDR0] waiting kernels
IODDR0@0.0: RM 0: cluster   1: 80.44 MB/s (16 MB 0.20 s)
IODDR0@0.0: RM 0: cluster   2: 66.67 MB/s (16 MB 0.24 s)
IODDR0@0.0: RM 0: cluster   3: 53.13 MB/s (16 MB 0.30 s)
IODDR0@0.0: RM 0: cluster   4: 53.15 MB/s (16 MB 0.30 s)
IODDR0@0.0: RM 0: cluster   5: 61.36 MB/s (16 MB 0.26 s)
IODDR1@0.0: RM 0: [RMEM] booting up server
IODDR1@0.0: RM 0: [RMEM] server alive
IODDR0@0.0: RM 0: [IODDR0] spawning kernels
IODDR0@0.0: RM 0: [IODDR0] waiting kernels
IODDR0@0.0: RM 0: [IODDR0] waiting kernels
IODDR0@0.0: RM 0: cluster   0: 80.49 MB/s (16 MB 0.20 s)
IODDR0@0.0: RM 0: cluster   1: 80.39 MB/s (16 MB 0.20 s)
IODDR0@0.0: RM 0: cluster   2: 61.43 MB/s (16 MB 0.26 s)
IODDR0@0.0: RM 0: cluster   3: 48.03 MB/s (16 MB 0.33 s)
IODDR0@0.0: RM 0: cluster   4: 48.03 MB/s (16 MB 0.33 s)
IODDR0@0.0: RM 0: cluster   5: 48.50 MB/s (16 MB 0.33 s)
IODDR1@0.0: RM 0: [RMEM] booting up server
IODDR1@0.0: RM 0: [RMEM] server alive
IODDR0@0.0: RM 0: [IODDR0] spawning kernels
IODDR0@0.0: RM 0: [IODDR0] waiting kernels
IODDR0@0.0: RM 0: [IODDR0] waiting kernels
IODDR0@0.0: RM 0: cluster   0: 82.81 MB/s (16 MB 0.19 s)
IODDR0@0.0: RM 0: cluster   1: 80.43 MB/s (16 MB 0.20 s)
IODDR0@0.0: RM 0: cluster   2: 56.80 MB/s (16 MB 0.28 s)
IODDR0@0.0: RM 0: cluster   3: 47.02 MB/s (16 MB 0.34 s)
IODDR0@0.0: RM 0: cluster   4: 47.02 MB/s (16 MB 0.34 s)
IODDR0@0.0: RM 0: cluster   5: 47.42 MB/s (16 MB 0.34 s)
IODDR1@0.0: RM 0: [RMEM] booting up server
IODDR1@0.0: RM 0: [RMEM] server alive
IODDR0@0.0: RM 0: [IODDR0] spawning kernels
IODDR0@0.0: RM 0: [IODDR0] waiting kernels
IODDR0@0.0: RM 0: cluster   0: 56.69 MB/s (16 MB 0.28 s)
IODDR0@0.0: RM 0: cluster   2: 54.87 MB/s (16 MB 0.29 s)
IODDR0@0.0: RM 0: cluster   1: 45.44 MB/s (16 MB 0.35 s)
IODDR0@0.0: RM 0: cluster   3: 45.45 MB/s (16 MB 0.35 s)
IODDR0@0.0: RM 0: cluster   4: 58.57 MB/s (16 MB 0.27 s)
IODDR0@0.0: RM 0: cluster   5: 59.27 MB/s (16 MB 0.27 s)
IODDR1@0.0: RM 0: [RMEM] booting up server
IODDR1@0.0: RM 0: [RMEM] server alive
IODDR0@0.0: RM 0: [IODDR0] spawning kernels
IODDR0@0.0: RM 0: [IODDR0] waiting kernels
IODDR0@0.0: RM 0: [IODDR0] waiting kernels
IODDR0@0.0: RM 0: cluster   0: 80.68 MB/s (16 MB 0.20 s)
IODDR0@0.0: RM 0: cluster   1: 78.10 MB/s (16 MB 0.20 s)
IODDR0@0.0: RM 0: cluster   2: 80.11 MB/s (16 MB 0.20 s)
IODDR0@0.0: RM 0: cluster   3: 53.78 MB/s (16 MB 0.30 s)
IODDR0@0.0: RM 0: cluster   4: 53.56 MB/s (16 MB 0.30 s)
IODDR0@0.0: RM 0: cluster   5: 53.66 MB/s (16 MB 0.30 s)
IODDR1@0.0: RM 0: [RMEM] booting up server
IODDR1@0.0: RM 0: [RMEM] server alive
IODDR0@0.0: RM 0: [IODDR0] spawning kernels
IODDR0@0.0: RM 0: [IODDR0] waiting kernels
IODDR0@0.0: RM 0: [IODDR0] waiting kernels
IODDR0@0.0: RM 0: cluster   0: 80.68 MB/s (16 MB 0.20 s)
IODDR0@0.0: RM 0: cluster   1: 78.08 MB/s (16 MB 0.20 s)
IODDR0@0.0: RM 0: cluster   2: 80.11 MB/s (16 MB 0.20 s)
IODDR0@0.0: RM 0: cluster   3: 53.78 MB/s (16 MB 0.30 s)
IODDR0@0.0: RM 0: cluster   4: 53.56 MB/s (16 MB 0.30 s)
IODDR0@0.0: RM 0: cluster   5: 53.66 MB/s (16 MB 0.30 s)
IODDR1@0.0: RM 0: [RMEM] booting up server
IODDR1@0.0: RM 0: [RMEM] server alive
IODDR0@0.0: RM 0: [IODDR0] spawning kernels
IODDR0@0.0: RM 0: [IODDR0] waiting kernels
IODDR0@0.0: RM 0: [IODDR0] waiting kernels
IODDR0@0.0: RM 0: cluster   0: 82.81 MB/s (16 MB 0.19 s)
IODDR0@0.0: RM 0: cluster   1: 65.99 MB/s (16 MB 0.24 s)
IODDR0@0.0: RM 0: cluster   2: 62.71 MB/s (16 MB 0.26 s)
IODDR0@0.0: RM 0: cluster   3: 50.93 MB/s (16 MB 0.31 s)
IODDR0@0.0: RM 0: cluster   4: 57.51 MB/s (16 MB 0.28 s)
IODDR0@0.0: RM 0: cluster   5: 58.13 MB/s (16 MB 0.28 s)
IODDR1@0.0: RM 0: [RMEM] booting up server
IODDR1@0.0: RM 0: [RMEM] server alive
IODDR0@0.0: RM 0: [IODDR0] spawning kernels
IODDR0@0.0: RM 0: [IODDR0] waiting kernels
IODDR0@0.0: RM 0: [IODDR0] waiting kernels
IODDR0@0.0: RM 0: cluster   0: 80.43 MB/s (16 MB 0.20 s)
IODDR0@0.0: RM 0: cluster   1: 78.09 MB/s (16 MB 0.20 s)
IODDR0@0.0: RM 0: cluster   2: 78.15 MB/s (16 MB 0.20 s)
IODDR0@0.0: RM 0: cluster   3: 66.64 MB/s (16 MB 0.24 s)
IODDR0@0.0: RM 0: cluster   4: 65.84 MB/s (16 MB 0.24 s)
IODDR0@0.0: RM 0: cluster   5: 66.13 MB/s (16 MB 0.24 s)
IODDR1@0.0: RM 0: [RMEM] booting up server
IODDR1@0.0: RM 0: [RMEM] server alive
IODDR0@0.0: RM 0: [IODDR0] spawning kernels
IODDR0@0.0: RM 0: [IODDR0] waiting kernels
IODDR0@0.0: RM 0: [IODDR0] waiting kernels
IODDR0@0.0: RM 0: cluster   0: 80.68 MB/s (16 MB 0.20 s)
IODDR0@0.0: RM 0: cluster   1: 65.48 MB/s (16 MB 0.24 s)
IODDR0@0.0: RM 0: cluster   2: 62.75 MB/s (16 MB 0.25 s)
IODDR0@0.0: RM 0: cluster   3: 60.84 MB/s (16 MB 0.26 s)
IODDR0@0.0: RM 0: cluster   5: 71.51 MB/s (16 MB 0.22 s)
IODDR0@0.0: RM 0: cluster   4: 72.44 MB/s (16 MB 0.22 s)
IODDR1@0.0: RM 0: [RMEM] booting up server
IODDR1@0.0: RM 0: [RMEM] server alive
IODDR0@0.0: RM 0: [IODDR0] spawning kernels
IODDR0@0.0: RM 0: cluster   0: 82.80 MB/s (16 MB 0.19 s)
IODDR0@0.0: RM 0: [IODDR0] waiting kernels
IODDR0@0.0: RM 0: cluster   2: 60.90 MB/s (16 MB 0.26 s)
IODDR0@0.0: RM 0: cluster   1: 40.18 MB/s (16 MB 0.40 s)
IODDR0@0.0: RM 0: cluster   3: 39.39 MB/s (16 MB 0.41 s)
IODDR0@0.0: RM 0: cluster   4: 39.64 MB/s (16 MB 0.40 s)
IODDR0@0.0: RM 0: cluster   5: 46.43 MB/s (16 MB 0.34 s)
