IODDR1@0.0: RM 0: [RMEM] booting up server
IODDR1@0.0: RM 0: [RMEM] server alive
IODDR0@0.0: RM 0: [IODDR0] spawning kernels
IODDR0@0.0: RM 0: cluster   0: 84.34 MB/s (16 MB 0.19 s)
IODDR0@0.0: RM 0: cluster   1: 69.54 MB/s (16 MB 0.23 s)
IODDR0@0.0: RM 0: cluster   2: 69.33 MB/s (16 MB 0.23 s)
IODDR0@0.0: RM 0: cluster   3: 69.36 MB/s (16 MB 0.23 s)
IODDR0@0.0: RM 0: cluster   4: 69.40 MB/s (16 MB 0.23 s)
IODDR0@0.0: RM 0: [IODDR0] waiting kernels
IODDR0@0.0: RM 0: cluster   5: 57.12 MB/s (16 MB 0.28 s)
IODDR0@0.0: RM 0: cluster   6: 56.46 MB/s (16 MB 0.28 s)
IODDR0@0.0: RM 0: cluster   7: 61.37 MB/s (16 MB 0.26 s)
IODDR1@0.0: RM 0: [RMEM] booting up server
IODDR1@0.0: RM 0: [RMEM] server alive
IODDR0@0.0: RM 0: [IODDR0] spawning kernels
IODDR0@0.0: RM 0: cluster   0: 84.32 MB/s (16 MB 0.19 s)
IODDR0@0.0: RM 0: cluster   1: 83.96 MB/s (16 MB 0.19 s)
IODDR0@0.0: RM 0: [IODDR0] waiting kernels
IODDR0@0.0: RM 0: cluster   2: 40.94 MB/s (16 MB 0.39 s)
IODDR0@0.0: RM 0: cluster   3: 37.78 MB/s (16 MB 0.42 s)
IODDR0@0.0: RM 0: cluster   4: 29.72 MB/s (16 MB 0.54 s)
IODDR0@0.0: RM 0: cluster   5: 29.69 MB/s (16 MB 0.54 s)
IODDR0@0.0: RM 0: cluster   6: 30.12 MB/s (16 MB 0.53 s)
IODDR0@0.0: RM 0: cluster   7: 35.00 MB/s (16 MB 0.46 s)
IODDR1@0.0: RM 0: [RMEM] booting up server
IODDR1@0.0: RM 0: [RMEM] server alive
IODDR0@0.0: RM 0: [IODDR0] spawning kernels
IODDR0@0.0: RM 0: cluster   0: 84.32 MB/s (16 MB 0.19 s)
IODDR0@0.0: RM 0: cluster   1: 76.96 MB/s (16 MB 0.21 s)
IODDR0@0.0: RM 0: [IODDR0] waiting kernels
IODDR0@0.0: RM 0: cluster   2: 59.35 MB/s (16 MB 0.27 s)
IODDR0@0.0: RM 0: cluster   3: 54.59 MB/s (16 MB 0.29 s)
IODDR0@0.0: RM 0: cluster   4: 54.54 MB/s (16 MB 0.29 s)
IODDR0@0.0: RM 0: cluster   5: 53.44 MB/s (16 MB 0.30 s)
IODDR0@0.0: RM 0: cluster   6: 54.18 MB/s (16 MB 0.30 s)
IODDR0@0.0: RM 0: cluster   7: 54.45 MB/s (16 MB 0.29 s)
IODDR1@0.0: RM 0: [RMEM] booting up server
IODDR1@0.0: RM 0: [RMEM] server alive
IODDR0@0.0: RM 0: [IODDR0] spawning kernels
IODDR0@0.0: RM 0: cluster   0: 84.34 MB/s (16 MB 0.19 s)
IODDR0@0.0: RM 0: [IODDR0] waiting kernels
IODDR0@0.0: RM 0: cluster   1: 56.06 MB/s (16 MB 0.29 s)
IODDR0@0.0: RM 0: cluster   2: 53.78 MB/s (16 MB 0.30 s)
IODDR0@0.0: RM 0: cluster   3: 49.05 MB/s (16 MB 0.33 s)
IODDR0@0.0: RM 0: cluster   4: 49.69 MB/s (16 MB 0.32 s)
IODDR0@0.0: RM 0: cluster   5: 45.89 MB/s (16 MB 0.35 s)
IODDR0@0.0: RM 0: cluster   6: 49.67 MB/s (16 MB 0.32 s)
IODDR0@0.0: RM 0: cluster   7: 50.26 MB/s (16 MB 0.32 s)
IODDR1@0.0: RM 0: [RMEM] booting up server
IODDR1@0.0: RM 0: [RMEM] server alive
IODDR0@0.0: RM 0: [IODDR0] spawning kernels
IODDR0@0.0: RM 0: cluster   0: 84.34 MB/s (16 MB 0.19 s)
IODDR0@0.0: RM 0: [IODDR0] waiting kernels
IODDR0@0.0: RM 0: [IODDR0] waiting kernels
IODDR0@0.0: RM 0: cluster   1: 58.19 MB/s (16 MB 0.27 s)
IODDR0@0.0: RM 0: cluster   2: 41.79 MB/s (16 MB 0.38 s)
IODDR0@0.0: RM 0: cluster   3: 39.32 MB/s (16 MB 0.41 s)
IODDR0@0.0: RM 0: cluster   4: 38.84 MB/s (16 MB 0.41 s)
IODDR0@0.0: RM 0: cluster   5: 41.43 MB/s (16 MB 0.39 s)
IODDR0@0.0: RM 0: cluster   6: 42.30 MB/s (16 MB 0.38 s)
IODDR0@0.0: RM 0: cluster   7: 42.91 MB/s (16 MB 0.37 s)
IODDR1@0.0: RM 0: [RMEM] booting up server
IODDR1@0.0: RM 0: [RMEM] server alive
IODDR0@0.0: RM 0: [IODDR0] spawning kernels
IODDR0@0.0: RM 0: [IODDR0] waiting kernels
IODDR0@0.0: RM 0: cluster   0: 56.23 MB/s (16 MB 0.28 s)
IODDR0@0.0: RM 0: cluster   1: 53.81 MB/s (16 MB 0.30 s)
IODDR0@0.0: RM 0: cluster   2: 53.73 MB/s (16 MB 0.30 s)
IODDR0@0.0: RM 0: cluster   3: 61.20 MB/s (16 MB 0.26 s)
IODDR0@0.0: RM 0: cluster   4: 38.37 MB/s (16 MB 0.42 s)
IODDR0@0.0: RM 0: cluster   5: 37.58 MB/s (16 MB 0.43 s)
IODDR0@0.0: RM 0: cluster   6: 37.81 MB/s (16 MB 0.42 s)
IODDR0@0.0: RM 0: cluster   7: 43.89 MB/s (16 MB 0.36 s)
IODDR1@0.0: RM 0: [RMEM] booting up server
IODDR1@0.0: RM 0: [RMEM] server alive
IODDR0@0.0: RM 0: [IODDR0] spawning kernels
IODDR0@0.0: RM 0: cluster   0: 78.36 MB/s (16 MB 0.20 s)
IODDR0@0.0: RM 0: cluster   1: 71.03 MB/s (16 MB 0.23 s)
IODDR0@0.0: RM 0: cluster   2: 69.61 MB/s (16 MB 0.23 s)
IODDR0@0.0: RM 0: [IODDR0] waiting kernels
IODDR0@0.0: RM 0: cluster   3: 56.27 MB/s (16 MB 0.28 s)
IODDR0@0.0: RM 0: cluster   4: 41.59 MB/s (16 MB 0.38 s)
IODDR0@0.0: RM 0: cluster   5: 40.72 MB/s (16 MB 0.39 s)
IODDR0@0.0: RM 0: cluster   6: 45.41 MB/s (16 MB 0.35 s)
IODDR0@0.0: RM 0: cluster   7: 53.45 MB/s (16 MB 0.30 s)
IODDR1@0.0: RM 0: [RMEM] booting up server
IODDR1@0.0: RM 0: [RMEM] server alive
IODDR0@0.0: RM 0: [IODDR0] spawning kernels
IODDR0@0.0: RM 0: cluster   0: 84.34 MB/s (16 MB 0.19 s)
IODDR0@0.0: RM 0: [IODDR0] waiting kernels
IODDR0@0.0: RM 0: cluster   1: 56.00 MB/s (16 MB 0.29 s)
IODDR0@0.0: RM 0: cluster   2: 53.73 MB/s (16 MB 0.30 s)
IODDR0@0.0: RM 0: cluster   3: 48.42 MB/s (16 MB 0.33 s)
IODDR0@0.0: RM 0: cluster   4: 46.58 MB/s (16 MB 0.34 s)
IODDR0@0.0: RM 0: cluster   5: 43.82 MB/s (16 MB 0.37 s)
IODDR0@0.0: RM 0: cluster   6: 47.81 MB/s (16 MB 0.33 s)
IODDR0@0.0: RM 0: cluster   7: 48.81 MB/s (16 MB 0.33 s)
IODDR1@0.0: RM 0: [RMEM] booting up server
IODDR1@0.0: RM 0: [RMEM] server alive
IODDR0@0.0: RM 0: [IODDR0] spawning kernels
IODDR0@0.0: RM 0: cluster   0: 77.73 MB/s (16 MB 0.21 s)
IODDR0@0.0: RM 0: cluster   1: 77.53 MB/s (16 MB 0.21 s)
IODDR0@0.0: RM 0: [IODDR0] waiting kernels
IODDR0@0.0: RM 0: cluster   2: 63.49 MB/s (16 MB 0.25 s)
IODDR0@0.0: RM 0: cluster   4: 35.82 MB/s (16 MB 0.45 s)
IODDR0@0.0: RM 0: cluster   3: 34.61 MB/s (16 MB 0.46 s)
IODDR0@0.0: RM 0: cluster   5: 34.41 MB/s (16 MB 0.46 s)
IODDR0@0.0: RM 0: cluster   6: 34.87 MB/s (16 MB 0.46 s)
IODDR0@0.0: RM 0: cluster   7: 41.13 MB/s (16 MB 0.39 s)
IODDR1@0.0: RM 0: [RMEM] booting up server
IODDR1@0.0: RM 0: [RMEM] server alive
IODDR0@0.0: RM 0: [IODDR0] spawning kernels
IODDR0@0.0: RM 0: cluster   0: 84.34 MB/s (16 MB 0.19 s)
IODDR0@0.0: RM 0: cluster   1: 69.53 MB/s (16 MB 0.23 s)
IODDR0@0.0: RM 0: cluster   2: 69.33 MB/s (16 MB 0.23 s)
IODDR0@0.0: RM 0: [IODDR0] waiting kernels
IODDR0@0.0: RM 0: [IODDR0] waiting kernels
IODDR0@0.0: RM 0: cluster   3: 69.36 MB/s (16 MB 0.23 s)
IODDR0@0.0: RM 0: cluster   4: 69.44 MB/s (16 MB 0.23 s)
IODDR0@0.0: RM 0: cluster   5: 57.07 MB/s (16 MB 0.28 s)
IODDR0@0.0: RM 0: cluster   6: 56.40 MB/s (16 MB 0.28 s)
IODDR0@0.0: RM 0: cluster   7: 61.30 MB/s (16 MB 0.26 s)
