IODDR1@0.0: RM 0: [RMEM] booting up server
IODDR1@0.0: RM 0: [RMEM] server alive
IODDR0@0.0: RM 0: [IODDR0] spawning kernels
IODDR0@0.0: RM 0: cluster   0: 84.34 MB/s (16 MB 0.19 s)
IODDR0@0.0: RM 0: cluster   1: 53.18 MB/s (16 MB 0.30 s)
IODDR0@0.0: RM 0: [IODDR0] waiting kernels
IODDR0@0.0: RM 0: [IODDR0] waiting kernels
IODDR0@0.0: RM 0: cluster   2: 34.56 MB/s (16 MB 0.46 s)
IODDR0@0.0: RM 0: cluster   4: 33.65 MB/s (16 MB 0.48 s)
IODDR0@0.0: RM 0: cluster   3: 33.47 MB/s (16 MB 0.48 s)
IODDR0@0.0: RM 0: cluster   5: 29.69 MB/s (16 MB 0.54 s)
IODDR0@0.0: RM 0: cluster   6: 29.66 MB/s (16 MB 0.54 s)
IODDR0@0.0: RM 0: cluster   7: 32.01 MB/s (16 MB 0.50 s)
IODDR0@0.0: RM 0: cluster   8: 34.45 MB/s (16 MB 0.46 s)
IODDR0@0.0: RM 0: cluster   9: 35.19 MB/s (16 MB 0.45 s)
IODDR1@0.0: RM 0: [RMEM] booting up server
IODDR1@0.0: RM 0: [RMEM] server alive
IODDR0@0.0: RM 0: [IODDR0] spawning kernels
IODDR0@0.0: RM 0: cluster   0: 84.34 MB/s (16 MB 0.19 s)
IODDR0@0.0: RM 0: cluster   1: 68.60 MB/s (16 MB 0.23 s)
IODDR0@0.0: RM 0: cluster   2: 46.39 MB/s (16 MB 0.34 s)
IODDR0@0.0: RM 0: cluster   3: 37.66 MB/s (16 MB 0.42 s)
IODDR0@0.0: RM 0: cluster   4: 37.09 MB/s (16 MB 0.43 s)
IODDR0@0.0: RM 0: [IODDR0] waiting kernels
IODDR0@0.0: RM 0: cluster   6: 32.53 MB/s (16 MB 0.49 s)
IODDR0@0.0: RM 0: cluster   5: 32.42 MB/s (16 MB 0.49 s)
IODDR0@0.0: RM 0: cluster   8: 34.25 MB/s (16 MB 0.47 s)
IODDR0@0.0: RM 0: cluster   7: 34.53 MB/s (16 MB 0.46 s)
IODDR0@0.0: RM 0: cluster   9: 41.58 MB/s (16 MB 0.38 s)
IODDR1@0.0: RM 0: [RMEM] booting up server
IODDR1@0.0: RM 0: [RMEM] server alive
IODDR0@0.0: RM 0: [IODDR0] spawning kernels
IODDR0@0.0: RM 0: cluster   0: 71.78 MB/s (16 MB 0.22 s)
IODDR0@0.0: RM 0: cluster   1: 57.66 MB/s (16 MB 0.28 s)
IODDR0@0.0: RM 0: cluster   2: 59.81 MB/s (16 MB 0.27 s)
IODDR0@0.0: RM 0: [IODDR0] waiting kernels
IODDR0@0.0: RM 0: cluster   3: 34.77 MB/s (16 MB 0.46 s)
IODDR0@0.0: RM 0: cluster   4: 33.90 MB/s (16 MB 0.47 s)
IODDR0@0.0: RM 0: cluster   5: 33.73 MB/s (16 MB 0.47 s)
IODDR0@0.0: RM 0: cluster   6: 27.78 MB/s (16 MB 0.58 s)
IODDR0@0.0: RM 0: cluster   7: 28.01 MB/s (16 MB 0.57 s)
IODDR0@0.0: RM 0: cluster   8: 34.55 MB/s (16 MB 0.46 s)
IODDR0@0.0: RM 0: cluster   9: 35.28 MB/s (16 MB 0.45 s)
IODDR1@0.0: RM 0: [RMEM] booting up server
IODDR1@0.0: RM 0: [RMEM] server alive
IODDR0@0.0: RM 0: [IODDR0] spawning kernels
IODDR0@0.0: RM 0: cluster   0: 84.33 MB/s (16 MB 0.19 s)
IODDR0@0.0: RM 0: cluster   1: 69.63 MB/s (16 MB 0.23 s)
IODDR0@0.0: RM 0: [IODDR0] waiting kernels
IODDR0@0.0: RM 0: cluster   2: 37.12 MB/s (16 MB 0.43 s)
IODDR0@0.0: RM 0: cluster   3: 27.50 MB/s (16 MB 0.58 s)
IODDR0@0.0: RM 0: cluster   4: 26.90 MB/s (16 MB 0.59 s)
IODDR0@0.0: RM 0: cluster   5: 26.54 MB/s (16 MB 0.60 s)
IODDR0@0.0: RM 0: cluster   6: 26.48 MB/s (16 MB 0.60 s)
IODDR0@0.0: RM 0: cluster   7: 30.11 MB/s (16 MB 0.53 s)
IODDR0@0.0: RM 0: cluster   8: 34.14 MB/s (16 MB 0.47 s)
IODDR0@0.0: RM 0: cluster   9: 34.56 MB/s (16 MB 0.46 s)
IODDR1@0.0: RM 0: [RMEM] booting up server
IODDR1@0.0: RM 0: [RMEM] server alive
IODDR0@0.0: RM 0: [IODDR0] spawning kernels
IODDR0@0.0: RM 0: cluster   0: 84.34 MB/s (16 MB 0.19 s)
IODDR0@0.0: RM 0: cluster   1: 44.85 MB/s (16 MB 0.36 s)
IODDR0@0.0: RM 0: cluster   2: 42.14 MB/s (16 MB 0.38 s)
IODDR0@0.0: RM 0: cluster   3: 36.21 MB/s (16 MB 0.44 s)
IODDR0@0.0: RM 0: [IODDR0] waiting kernels
IODDR0@0.0: RM 0: cluster   4: 31.68 MB/s (16 MB 0.51 s)
IODDR0@0.0: RM 0: cluster   5: 29.72 MB/s (16 MB 0.54 s)
IODDR0@0.0: RM 0: cluster   6: 28.27 MB/s (16 MB 0.57 s)
IODDR0@0.0: RM 0: cluster   7: 29.29 MB/s (16 MB 0.55 s)
IODDR0@0.0: RM 0: cluster   8: 29.70 MB/s (16 MB 0.54 s)
IODDR0@0.0: RM 0: cluster   9: 35.31 MB/s (16 MB 0.45 s)
IODDR1@0.0: RM 0: [RMEM] booting up server
IODDR1@0.0: RM 0: [RMEM] server alive
IODDR0@0.0: RM 0: [IODDR0] spawning kernels
IODDR0@0.0: RM 0: cluster   0: 71.80 MB/s (16 MB 0.22 s)
IODDR0@0.0: RM 0: cluster   1: 53.85 MB/s (16 MB 0.30 s)
IODDR0@0.0: RM 0: cluster   2: 52.77 MB/s (16 MB 0.30 s)
IODDR0@0.0: RM 0: cluster   3: 51.19 MB/s (16 MB 0.31 s)
IODDR0@0.0: RM 0: [IODDR0] waiting kernels
IODDR0@0.0: RM 0: cluster   4: 30.64 MB/s (16 MB 0.52 s)
IODDR0@0.0: RM 0: cluster   5: 30.12 MB/s (16 MB 0.53 s)
IODDR0@0.0: RM 0: cluster   6: 29.73 MB/s (16 MB 0.54 s)
IODDR0@0.0: RM 0: cluster   7: 31.00 MB/s (16 MB 0.52 s)
IODDR0@0.0: RM 0: cluster   8: 31.40 MB/s (16 MB 0.51 s)
IODDR0@0.0: RM 0: cluster   9: 36.99 MB/s (16 MB 0.43 s)
IODDR1@0.0: RM 0: [RMEM] booting up server
IODDR1@0.0: RM 0: [RMEM] server alive
IODDR0@0.0: RM 0: [IODDR0] spawning kernels
IODDR0@0.0: RM 0: cluster   0: 84.34 MB/s (16 MB 0.19 s)
IODDR0@0.0: RM 0: cluster   1: 61.00 MB/s (16 MB 0.26 s)
IODDR0@0.0: RM 0: cluster   2: 45.63 MB/s (16 MB 0.35 s)
IODDR0@0.0: RM 0: cluster   3: 45.38 MB/s (16 MB 0.35 s)
IODDR0@0.0: RM 0: [IODDR0] waiting kernels
IODDR0@0.0: RM 0: cluster   4: 42.51 MB/s (16 MB 0.38 s)
IODDR0@0.0: RM 0: cluster   5: 37.87 MB/s (16 MB 0.42 s)
IODDR0@0.0: RM 0: cluster   6: 31.30 MB/s (16 MB 0.51 s)
IODDR0@0.0: RM 0: cluster   7: 31.31 MB/s (16 MB 0.51 s)
IODDR0@0.0: RM 0: cluster   8: 35.07 MB/s (16 MB 0.46 s)
IODDR0@0.0: RM 0: cluster   9: 41.31 MB/s (16 MB 0.39 s)
IODDR1@0.0: RM 0: [RMEM] booting up server
IODDR1@0.0: RM 0: [RMEM] server alive
IODDR0@0.0: RM 0: [IODDR0] spawning kernels
IODDR0@0.0: RM 0: cluster   0: 71.80 MB/s (16 MB 0.22 s)
IODDR0@0.0: RM 0: cluster   1: 53.81 MB/s (16 MB 0.30 s)
IODDR0@0.0: RM 0: cluster   2: 48.84 MB/s (16 MB 0.33 s)
IODDR0@0.0: RM 0: [IODDR0] waiting kernels
IODDR0@0.0: RM 0: cluster   3: 40.38 MB/s (16 MB 0.40 s)
IODDR0@0.0: RM 0: cluster   4: 34.84 MB/s (16 MB 0.46 s)
IODDR0@0.0: RM 0: cluster   5: 29.56 MB/s (16 MB 0.54 s)
IODDR0@0.0: RM 0: cluster   6: 28.96 MB/s (16 MB 0.55 s)
IODDR0@0.0: RM 0: cluster   7: 30.44 MB/s (16 MB 0.53 s)
IODDR0@0.0: RM 0: cluster   8: 37.25 MB/s (16 MB 0.43 s)
IODDR0@0.0: RM 0: cluster   9: 37.68 MB/s (16 MB 0.42 s)
IODDR1@0.0: RM 0: [RMEM] booting up server
IODDR1@0.0: RM 0: [RMEM] server alive
IODDR0@0.0: RM 0: [IODDR0] spawning kernels
IODDR0@0.0: RM 0: cluster   0: 59.84 MB/s (16 MB 0.27 s)
IODDR0@0.0: RM 0: cluster   1: 39.55 MB/s (16 MB 0.40 s)
IODDR0@0.0: RM 0: cluster   2: 38.97 MB/s (16 MB 0.41 s)
IODDR0@0.0: RM 0: cluster   3: 39.43 MB/s (16 MB 0.41 s)
IODDR0@0.0: RM 0: [IODDR0] waiting kernels
IODDR0@0.0: RM 0: cluster   4: 30.87 MB/s (16 MB 0.52 s)
IODDR0@0.0: RM 0: cluster   5: 25.69 MB/s (16 MB 0.62 s)
IODDR0@0.0: RM 0: cluster   6: 25.52 MB/s (16 MB 0.63 s)
IODDR0@0.0: RM 0: cluster   7: 26.33 MB/s (16 MB 0.61 s)
IODDR0@0.0: RM 0: cluster   8: 26.47 MB/s (16 MB 0.60 s)
IODDR0@0.0: RM 0: cluster   9: 30.94 MB/s (16 MB 0.52 s)
IODDR1@0.0: RM 0: [RMEM] booting up server
IODDR1@0.0: RM 0: [RMEM] server alive
IODDR0@0.0: RM 0: [IODDR0] spawning kernels
IODDR0@0.0: RM 0: cluster   0: 84.33 MB/s (16 MB 0.19 s)
IODDR0@0.0: RM 0: cluster   1: 53.28 MB/s (16 MB 0.30 s)
IODDR0@0.0: RM 0: [IODDR0] waiting kernels
IODDR0@0.0: RM 0: [IODDR0] waiting kernels
IODDR0@0.0: RM 0: cluster   2: 33.79 MB/s (16 MB 0.47 s)
IODDR0@0.0: RM 0: cluster   3: 32.49 MB/s (16 MB 0.49 s)
IODDR0@0.0: RM 0: cluster   4: 32.19 MB/s (16 MB 0.50 s)
IODDR0@0.0: RM 0: cluster   5: 28.01 MB/s (16 MB 0.57 s)
IODDR0@0.0: RM 0: cluster   6: 28.07 MB/s (16 MB 0.57 s)
IODDR0@0.0: RM 0: cluster   7: 30.55 MB/s (16 MB 0.52 s)
IODDR0@0.0: RM 0: cluster   8: 33.32 MB/s (16 MB 0.48 s)
IODDR0@0.0: RM 0: cluster   9: 34.37 MB/s (16 MB 0.47 s)
