IODDR1@0.0: RM 0: [RMEM] booting up server
IODDR1@0.0: RM 0: [RMEM] server alive
IODDR0@0.0: RM 0: [IODDR0] spawning kernels
IODDR0@0.0: RM 0: cluster   0: 70.81 MB/s (16 MB 0.23 s)
IODDR0@0.0: RM 0: cluster   1: 68.82 MB/s (16 MB 0.23 s)
IODDR0@0.0: RM 0: [IODDR0] waiting kernels
IODDR0@0.0: RM 0: cluster   2: 52.46 MB/s (16 MB 0.30 s)
IODDR0@0.0: RM 0: cluster   3: 30.88 MB/s (16 MB 0.52 s)
IODDR0@0.0: RM 0: cluster   4: 30.18 MB/s (16 MB 0.53 s)
IODDR0@0.0: RM 0: cluster   5: 30.21 MB/s (16 MB 0.53 s)
IODDR0@0.0: RM 0: cluster   6: 35.85 MB/s (16 MB 0.45 s)
IODDR0@0.0: RM 0: cluster   7: 36.25 MB/s (16 MB 0.44 s)
IODDR1@0.0: RM 0: [RMEM] booting up server
IODDR1@0.0: RM 0: [RMEM] server alive
IODDR0@0.0: RM 0: [IODDR0] spawning kernels
IODDR0@0.0: RM 0: cluster   0: 84.54 MB/s (16 MB 0.19 s)
IODDR0@0.0: RM 0: [IODDR0] waiting kernels
IODDR0@0.0: RM 0: [IODDR0] waiting kernels
IODDR0@0.0: RM 0: cluster   1: 50.61 MB/s (16 MB 0.32 s)
IODDR0@0.0: RM 0: cluster   2: 49.24 MB/s (16 MB 0.32 s)
IODDR0@0.0: RM 0: cluster   3: 39.11 MB/s (16 MB 0.41 s)
IODDR0@0.0: RM 0: cluster   4: 38.68 MB/s (16 MB 0.41 s)
IODDR0@0.0: RM 0: cluster   5: 38.67 MB/s (16 MB 0.41 s)
IODDR0@0.0: RM 0: cluster   6: 44.88 MB/s (16 MB 0.36 s)
IODDR0@0.0: RM 0: cluster   7: 45.48 MB/s (16 MB 0.35 s)
IODDR1@0.0: RM 0: [RMEM] booting up server
IODDR1@0.0: RM 0: [RMEM] server alive
IODDR0@0.0: RM 0: [IODDR0] spawning kernels
IODDR0@0.0: RM 0: cluster   0: 70.84 MB/s (16 MB 0.23 s)
IODDR0@0.0: RM 0: cluster   1: 47.18 MB/s (16 MB 0.34 s)
IODDR0@0.0: RM 0: [IODDR0] waiting kernels
IODDR0@0.0: RM 0: [IODDR0] waiting kernels
IODDR0@0.0: RM 0: cluster   2: 46.12 MB/s (16 MB 0.35 s)
IODDR0@0.0: RM 0: cluster   3: 46.04 MB/s (16 MB 0.35 s)
IODDR0@0.0: RM 0: cluster   4: 34.51 MB/s (16 MB 0.46 s)
IODDR0@0.0: RM 0: cluster   5: 34.35 MB/s (16 MB 0.47 s)
IODDR0@0.0: RM 0: cluster   6: 34.40 MB/s (16 MB 0.47 s)
IODDR0@0.0: RM 0: cluster   7: 40.50 MB/s (16 MB 0.40 s)
IODDR1@0.0: RM 0: [RMEM] booting up server
IODDR1@0.0: RM 0: [RMEM] server alive
IODDR0@0.0: RM 0: [IODDR0] spawning kernels
IODDR0@0.0: RM 0: cluster   0: 84.54 MB/s (16 MB 0.19 s)
IODDR0@0.0: RM 0: [IODDR0] waiting kernels
IODDR0@0.0: RM 0: cluster   1: 40.13 MB/s (16 MB 0.40 s)
IODDR0@0.0: RM 0: cluster   2: 37.73 MB/s (16 MB 0.42 s)
IODDR0@0.0: RM 0: cluster   3: 30.42 MB/s (16 MB 0.53 s)
IODDR0@0.0: RM 0: cluster   4: 30.14 MB/s (16 MB 0.53 s)
IODDR0@0.0: RM 0: cluster   5: 33.36 MB/s (16 MB 0.48 s)
IODDR0@0.0: RM 0: cluster   6: 36.71 MB/s (16 MB 0.44 s)
IODDR0@0.0: RM 0: cluster   7: 37.13 MB/s (16 MB 0.43 s)
IODDR1@0.0: RM 0: [RMEM] booting up server
IODDR1@0.0: RM 0: [RMEM] server alive
IODDR0@0.0: RM 0: [IODDR0] spawning kernels
IODDR0@0.0: RM 0: cluster   0: 84.54 MB/s (16 MB 0.19 s)
IODDR0@0.0: RM 0: cluster   1: 70.86 MB/s (16 MB 0.23 s)
IODDR0@0.0: RM 0: [IODDR0] waiting kernels
IODDR0@0.0: RM 0: cluster   2: 44.87 MB/s (16 MB 0.36 s)
IODDR0@0.0: RM 0: cluster   3: 31.65 MB/s (16 MB 0.51 s)
IODDR0@0.0: RM 0: cluster   4: 30.91 MB/s (16 MB 0.52 s)
IODDR0@0.0: RM 0: cluster   5: 31.06 MB/s (16 MB 0.52 s)
IODDR0@0.0: RM 0: cluster   6: 34.21 MB/s (16 MB 0.47 s)
IODDR0@0.0: RM 0: cluster   7: 40.58 MB/s (16 MB 0.39 s)
IODDR1@0.0: RM 0: [RMEM] booting up server
IODDR1@0.0: RM 0: [RMEM] server alive
IODDR0@0.0: RM 0: [IODDR0] spawning kernels
IODDR0@0.0: RM 0: cluster   0: 84.53 MB/s (16 MB 0.19 s)
IODDR0@0.0: RM 0: [IODDR0] waiting kernels
IODDR0@0.0: RM 0: cluster   1: 43.92 MB/s (16 MB 0.36 s)
IODDR0@0.0: RM 0: cluster   2: 42.59 MB/s (16 MB 0.38 s)
IODDR0@0.0: RM 0: cluster   3: 34.92 MB/s (16 MB 0.46 s)
IODDR0@0.0: RM 0: cluster   4: 32.36 MB/s (16 MB 0.49 s)
IODDR0@0.0: RM 0: cluster   5: 34.14 MB/s (16 MB 0.47 s)
IODDR0@0.0: RM 0: cluster   6: 36.74 MB/s (16 MB 0.44 s)
IODDR0@0.0: RM 0: cluster   7: 37.19 MB/s (16 MB 0.43 s)
IODDR1@0.0: RM 0: [RMEM] booting up server
IODDR1@0.0: RM 0: [RMEM] server alive
IODDR0@0.0: RM 0: [IODDR0] spawning kernels
IODDR0@0.0: RM 0: cluster   0: 84.52 MB/s (16 MB 0.19 s)
IODDR0@0.0: RM 0: [IODDR0] waiting kernels
IODDR0@0.0: RM 0: [IODDR0] waiting kernels
IODDR0@0.0: RM 0: cluster   1: 60.53 MB/s (16 MB 0.26 s)
IODDR0@0.0: RM 0: cluster   2: 39.98 MB/s (16 MB 0.40 s)
IODDR0@0.0: RM 0: cluster   3: 39.09 MB/s (16 MB 0.41 s)
IODDR0@0.0: RM 0: cluster   4: 42.33 MB/s (16 MB 0.38 s)
IODDR0@0.0: RM 0: cluster   6: 43.26 MB/s (16 MB 0.37 s)
IODDR0@0.0: RM 0: cluster   5: 48.67 MB/s (16 MB 0.33 s)
IODDR0@0.0: RM 0: cluster   7: 49.95 MB/s (16 MB 0.32 s)
IODDR1@0.0: RM 0: [RMEM] booting up server
IODDR1@0.0: RM 0: [RMEM] server alive
IODDR0@0.0: RM 0: [IODDR0] spawning kernels
IODDR0@0.0: RM 0: cluster   0: 72.00 MB/s (16 MB 0.22 s)
IODDR0@0.0: RM 0: cluster   1: 57.21 MB/s (16 MB 0.28 s)
IODDR0@0.0: RM 0: [IODDR0] waiting kernels
IODDR0@0.0: RM 0: [IODDR0] waiting kernels
IODDR0@0.0: RM 0: cluster   2: 61.66 MB/s (16 MB 0.26 s)
IODDR0@0.0: RM 0: cluster   3: 39.00 MB/s (16 MB 0.41 s)
IODDR0@0.0: RM 0: cluster   4: 36.84 MB/s (16 MB 0.43 s)
IODDR0@0.0: RM 0: cluster   5: 33.94 MB/s (16 MB 0.47 s)
IODDR0@0.0: RM 0: cluster   6: 36.46 MB/s (16 MB 0.44 s)
IODDR0@0.0: RM 0: cluster   7: 36.94 MB/s (16 MB 0.43 s)
IODDR1@0.0: RM 0: [RMEM] booting up server
IODDR1@0.0: RM 0: [RMEM] server alive
IODDR0@0.0: RM 0: [IODDR0] spawning kernels
IODDR0@0.0: RM 0: cluster   0: 84.53 MB/s (16 MB 0.19 s)
IODDR0@0.0: RM 0: [IODDR0] waiting kernels
IODDR0@0.0: RM 0: cluster   1: 53.28 MB/s (16 MB 0.30 s)
IODDR0@0.0: RM 0: cluster   2: 28.94 MB/s (16 MB 0.55 s)
IODDR0@0.0: RM 0: cluster   3: 27.87 MB/s (16 MB 0.57 s)
IODDR0@0.0: RM 0: cluster   4: 27.54 MB/s (16 MB 0.58 s)
IODDR0@0.0: RM 0: cluster   6: 29.34 MB/s (16 MB 0.55 s)
IODDR0@0.0: RM 0: cluster   5: 33.39 MB/s (16 MB 0.48 s)
IODDR0@0.0: RM 0: cluster   7: 34.23 MB/s (16 MB 0.47 s)
IODDR1@0.0: RM 0: [RMEM] booting up server
IODDR1@0.0: RM 0: [RMEM] server alive
IODDR0@0.0: RM 0: [IODDR0] spawning kernels
IODDR0@0.0: RM 0: cluster   0: 70.81 MB/s (16 MB 0.23 s)
IODDR0@0.0: RM 0: cluster   1: 68.82 MB/s (16 MB 0.23 s)
IODDR0@0.0: RM 0: [IODDR0] waiting kernels
IODDR0@0.0: RM 0: cluster   2: 58.77 MB/s (16 MB 0.27 s)
IODDR0@0.0: RM 0: cluster   4: 28.42 MB/s (16 MB 0.56 s)
IODDR0@0.0: RM 0: cluster   3: 27.96 MB/s (16 MB 0.57 s)
IODDR0@0.0: RM 0: cluster   5: 28.09 MB/s (16 MB 0.57 s)
IODDR0@0.0: RM 0: cluster   6: 28.46 MB/s (16 MB 0.56 s)
IODDR0@0.0: RM 0: cluster   7: 32.79 MB/s (16 MB 0.49 s)
