IODDR1@0.0: RM 0: [RMEM] booting up server
IODDR1@0.0: RM 0: [RMEM] server alive
IODDR0@0.0: RM 0: [IODDR0] spawning kernels
IODDR0@0.0: RM 0: cluster   0: 84.34 MB/s (16 MB 0.19 s)
IODDR0@0.0: RM 0: cluster   1: 69.58 MB/s (16 MB 0.23 s)
IODDR0@0.0: RM 0: cluster   2: 53.61 MB/s (16 MB 0.30 s)
IODDR0@0.0: RM 0: cluster   3: 48.45 MB/s (16 MB 0.33 s)
IODDR0@0.0: RM 0: cluster   4: 48.38 MB/s (16 MB 0.33 s)
IODDR0@0.0: RM 0: cluster   5: 45.61 MB/s (16 MB 0.35 s)
IODDR0@0.0: RM 0: [IODDR0] waiting kernels
IODDR0@0.0: RM 0: cluster   6: 27.85 MB/s (16 MB 0.57 s)
IODDR0@0.0: RM 0: cluster   8: 26.76 MB/s (16 MB 0.60 s)
IODDR0@0.0: RM 0: cluster   7: 26.77 MB/s (16 MB 0.60 s)
IODDR0@0.0: RM 0: cluster   9: 29.52 MB/s (16 MB 0.54 s)
IODDR0@0.0: RM 0: cluster  10: 34.12 MB/s (16 MB 0.47 s)
IODDR1@0.0: RM 0: [RMEM] booting up server
IODDR1@0.0: RM 0: [RMEM] server alive
IODDR0@0.0: RM 0: [IODDR0] spawning kernels
IODDR0@0.0: RM 0: cluster   0: 44.36 MB/s (16 MB 0.36 s)
IODDR0@0.0: RM 0: cluster   1: 42.47 MB/s (16 MB 0.38 s)
IODDR0@0.0: RM 0: cluster   2: 40.70 MB/s (16 MB 0.39 s)
IODDR0@0.0: RM 0: cluster   3: 42.71 MB/s (16 MB 0.37 s)
IODDR0@0.0: RM 0: [IODDR0] waiting kernels
IODDR0@0.0: RM 0: cluster   4: 33.13 MB/s (16 MB 0.48 s)
IODDR0@0.0: RM 0: cluster   5: 25.06 MB/s (16 MB 0.64 s)
IODDR0@0.0: RM 0: cluster   6: 24.79 MB/s (16 MB 0.65 s)
IODDR0@0.0: RM 0: cluster   7: 23.28 MB/s (16 MB 0.69 s)
IODDR0@0.0: RM 0: cluster   8: 23.50 MB/s (16 MB 0.68 s)
IODDR0@0.0: RM 0: cluster   9: 29.34 MB/s (16 MB 0.55 s)
IODDR0@0.0: RM 0: cluster  10: 29.96 MB/s (16 MB 0.53 s)
IODDR1@0.0: RM 0: [RMEM] booting up server
IODDR1@0.0: RM 0: [RMEM] server alive
IODDR0@0.0: RM 0: [IODDR0] spawning kernels
IODDR0@0.0: RM 0: cluster   0: 84.33 MB/s (16 MB 0.19 s)
IODDR0@0.0: RM 0: cluster   1: 69.63 MB/s (16 MB 0.23 s)
IODDR0@0.0: RM 0: cluster   2: 49.68 MB/s (16 MB 0.32 s)
IODDR0@0.0: RM 0: [IODDR0] waiting kernels
IODDR0@0.0: RM 0: cluster   3: 34.92 MB/s (16 MB 0.46 s)
IODDR0@0.0: RM 0: cluster   4: 23.82 MB/s (16 MB 0.67 s)
IODDR0@0.0: RM 0: cluster   5: 23.20 MB/s (16 MB 0.69 s)
IODDR0@0.0: RM 0: cluster   6: 21.34 MB/s (16 MB 0.75 s)
IODDR0@0.0: RM 0: cluster   7: 21.40 MB/s (16 MB 0.75 s)
IODDR0@0.0: RM 0: cluster   8: 24.22 MB/s (16 MB 0.66 s)
IODDR0@0.0: RM 0: cluster   9: 24.56 MB/s (16 MB 0.65 s)
IODDR0@0.0: RM 0: cluster  10: 28.18 MB/s (16 MB 0.57 s)
IODDR1@0.0: RM 0: [RMEM] booting up server
IODDR1@0.0: RM 0: [RMEM] server alive
IODDR0@0.0: RM 0: [IODDR0] spawning kernels
IODDR0@0.0: RM 0: cluster   0: 84.33 MB/s (16 MB 0.19 s)
IODDR0@0.0: RM 0: cluster   1: 61.02 MB/s (16 MB 0.26 s)
IODDR0@0.0: RM 0: cluster   2: 45.99 MB/s (16 MB 0.35 s)
IODDR0@0.0: RM 0: cluster   3: 45.43 MB/s (16 MB 0.35 s)
IODDR0@0.0: RM 0: cluster   4: 50.00 MB/s (16 MB 0.32 s)
IODDR0@0.0: RM 0: [IODDR0] waiting kernels
IODDR0@0.0: RM 0: cluster   5: 51.30 MB/s (16 MB 0.31 s)
IODDR0@0.0: RM 0: cluster   6: 32.65 MB/s (16 MB 0.49 s)
IODDR0@0.0: RM 0: cluster   8: 31.86 MB/s (16 MB 0.50 s)
IODDR0@0.0: RM 0: cluster   7: 31.87 MB/s (16 MB 0.50 s)
IODDR0@0.0: RM 0: cluster   9: 38.03 MB/s (16 MB 0.42 s)
IODDR0@0.0: RM 0: cluster  10: 38.50 MB/s (16 MB 0.42 s)
IODDR1@0.0: RM 0: [RMEM] booting up server
IODDR1@0.0: RM 0: [RMEM] server alive
IODDR0@0.0: RM 0: [IODDR0] spawning kernels
IODDR0@0.0: RM 0: cluster   0: 84.34 MB/s (16 MB 0.19 s)
IODDR0@0.0: RM 0: cluster   1: 62.51 MB/s (16 MB 0.26 s)
IODDR0@0.0: RM 0: cluster   3: 37.33 MB/s (16 MB 0.43 s)
IODDR0@0.0: RM 0: cluster   2: 36.71 MB/s (16 MB 0.44 s)
IODDR0@0.0: RM 0: [IODDR0] waiting kernels
IODDR0@0.0: RM 0: cluster   4: 33.96 MB/s (16 MB 0.47 s)
IODDR0@0.0: RM 0: cluster   5: 29.06 MB/s (16 MB 0.55 s)
IODDR0@0.0: RM 0: cluster   6: 23.98 MB/s (16 MB 0.67 s)
IODDR0@0.0: RM 0: cluster   8: 23.83 MB/s (16 MB 0.67 s)
IODDR0@0.0: RM 0: cluster   7: 23.90 MB/s (16 MB 0.67 s)
IODDR0@0.0: RM 0: cluster   9: 26.80 MB/s (16 MB 0.60 s)
IODDR0@0.0: RM 0: cluster  10: 30.87 MB/s (16 MB 0.52 s)
IODDR1@0.0: RM 0: [RMEM] booting up server
IODDR1@0.0: RM 0: [RMEM] server alive
IODDR0@0.0: RM 0: [IODDR0] spawning kernels
IODDR0@0.0: RM 0: cluster   0: 84.35 MB/s (16 MB 0.19 s)
IODDR0@0.0: RM 0: cluster   1: 82.69 MB/s (16 MB 0.19 s)
IODDR0@0.0: RM 0: [IODDR0] waiting kernels
IODDR0@0.0: RM 0: [IODDR0] waiting kernels
IODDR0@0.0: RM 0: cluster   2: 38.30 MB/s (16 MB 0.42 s)
IODDR0@0.0: RM 0: cluster   3: 36.03 MB/s (16 MB 0.44 s)
IODDR0@0.0: RM 0: cluster   4: 35.51 MB/s (16 MB 0.45 s)
IODDR0@0.0: RM 0: cluster   5: 36.49 MB/s (16 MB 0.44 s)
IODDR0@0.0: RM 0: cluster   6: 37.14 MB/s (16 MB 0.43 s)
IODDR0@0.0: RM 0: cluster   7: 35.96 MB/s (16 MB 0.44 s)
IODDR0@0.0: RM 0: cluster   8: 34.55 MB/s (16 MB 0.46 s)
IODDR0@0.0: RM 0: cluster  10: 35.07 MB/s (16 MB 0.46 s)
IODDR0@0.0: RM 0: cluster   9: 35.44 MB/s (16 MB 0.45 s)
IODDR1@0.0: RM 0: [RMEM] booting up server
IODDR1@0.0: RM 0: [RMEM] server alive
IODDR0@0.0: RM 0: [IODDR0] spawning kernels
IODDR0@0.0: RM 0: cluster   0: 71.79 MB/s (16 MB 0.22 s)
IODDR0@0.0: RM 0: cluster   1: 57.00 MB/s (16 MB 0.28 s)
IODDR0@0.0: RM 0: cluster   2: 62.92 MB/s (16 MB 0.25 s)
IODDR0@0.0: RM 0: [IODDR0] waiting kernels
IODDR0@0.0: RM 0: [IODDR0] waiting kernels
IODDR0@0.0: RM 0: cluster   3: 50.48 MB/s (16 MB 0.32 s)
IODDR0@0.0: RM 0: cluster   4: 29.72 MB/s (16 MB 0.54 s)
IODDR0@0.0: RM 0: cluster   5: 28.48 MB/s (16 MB 0.56 s)
IODDR0@0.0: RM 0: cluster   6: 28.00 MB/s (16 MB 0.57 s)
IODDR0@0.0: RM 0: cluster   7: 27.20 MB/s (16 MB 0.59 s)
IODDR0@0.0: RM 0: cluster   8: 27.33 MB/s (16 MB 0.59 s)
IODDR0@0.0: RM 0: cluster   9: 34.35 MB/s (16 MB 0.47 s)
IODDR0@0.0: RM 0: cluster  10: 34.77 MB/s (16 MB 0.46 s)
IODDR1@0.0: RM 0: [RMEM] booting up server
IODDR1@0.0: RM 0: [RMEM] server alive
IODDR0@0.0: RM 0: [IODDR0] spawning kernels
IODDR0@0.0: RM 0: cluster   0: 84.34 MB/s (16 MB 0.19 s)
IODDR0@0.0: RM 0: cluster   1: 69.61 MB/s (16 MB 0.23 s)
IODDR0@0.0: RM 0: cluster   2: 46.46 MB/s (16 MB 0.34 s)
IODDR0@0.0: RM 0: cluster   3: 41.14 MB/s (16 MB 0.39 s)
IODDR0@0.0: RM 0: cluster   4: 40.47 MB/s (16 MB 0.40 s)
IODDR0@0.0: RM 0: [IODDR0] waiting kernels
IODDR0@0.0: RM 0: cluster   5: 42.33 MB/s (16 MB 0.38 s)
IODDR0@0.0: RM 0: cluster   6: 37.67 MB/s (16 MB 0.42 s)
IODDR0@0.0: RM 0: cluster   7: 32.75 MB/s (16 MB 0.49 s)
IODDR0@0.0: RM 0: cluster   8: 32.46 MB/s (16 MB 0.49 s)
IODDR0@0.0: RM 0: cluster   9: 33.14 MB/s (16 MB 0.48 s)
IODDR0@0.0: RM 0: cluster  10: 38.61 MB/s (16 MB 0.41 s)
IODDR1@0.0: RM 0: [RMEM] booting up server
IODDR1@0.0: RM 0: [RMEM] server alive
IODDR0@0.0: RM 0: [IODDR0] spawning kernels
IODDR0@0.0: RM 0: cluster   0: 71.80 MB/s (16 MB 0.22 s)
IODDR0@0.0: RM 0: cluster   1: 57.68 MB/s (16 MB 0.28 s)
IODDR0@0.0: RM 0: cluster   2: 59.73 MB/s (16 MB 0.27 s)
IODDR0@0.0: RM 0: [IODDR0] waiting kernels
IODDR0@0.0: RM 0: cluster   3: 33.73 MB/s (16 MB 0.47 s)
IODDR0@0.0: RM 0: cluster   4: 32.48 MB/s (16 MB 0.49 s)
IODDR0@0.0: RM 0: cluster   5: 32.19 MB/s (16 MB 0.50 s)
IODDR0@0.0: RM 0: cluster   6: 27.47 MB/s (16 MB 0.58 s)
IODDR0@0.0: RM 0: cluster   7: 27.45 MB/s (16 MB 0.58 s)
IODDR0@0.0: RM 0: cluster   8: 29.56 MB/s (16 MB 0.54 s)
IODDR0@0.0: RM 0: cluster   9: 36.01 MB/s (16 MB 0.44 s)
IODDR0@0.0: RM 0: cluster  10: 36.82 MB/s (16 MB 0.43 s)
IODDR1@0.0: RM 0: [RMEM] booting up server
IODDR1@0.0: RM 0: [RMEM] server alive
IODDR0@0.0: RM 0: [IODDR0] spawning kernels
IODDR0@0.0: RM 0: cluster   0: 84.33 MB/s (16 MB 0.19 s)
IODDR0@0.0: RM 0: cluster   2: 54.22 MB/s (16 MB 0.30 s)
IODDR0@0.0: RM 0: [IODDR0] waiting kernels
IODDR0@0.0: RM 0: [IODDR0] waiting kernels
IODDR0@0.0: RM 0: cluster   1: 32.31 MB/s (16 MB 0.50 s)
IODDR0@0.0: RM 0: cluster   3: 30.98 MB/s (16 MB 0.52 s)
IODDR0@0.0: RM 0: cluster   4: 30.54 MB/s (16 MB 0.52 s)
IODDR0@0.0: RM 0: cluster   5: 31.42 MB/s (16 MB 0.51 s)
IODDR0@0.0: RM 0: cluster   6: 28.66 MB/s (16 MB 0.56 s)
IODDR0@0.0: RM 0: cluster   7: 29.59 MB/s (16 MB 0.54 s)
IODDR0@0.0: RM 0: cluster   8: 30.50 MB/s (16 MB 0.52 s)
IODDR0@0.0: RM 0: cluster   9: 30.91 MB/s (16 MB 0.52 s)
IODDR0@0.0: RM 0: cluster  10: 31.57 MB/s (16 MB 0.51 s)
