IODDR1@0.0: RM 0: [RMEM] booting up server
IODDR1@0.0: RM 0: [RMEM] server alive
IODDR0@0.0: RM 0: [IODDR0] spawning kernels
IODDR0@0.0: RM 0: [IODDR0] waiting kernels
IODDR0@0.0: RM 0: [IODDR0] waiting kernels
IODDR0@0.0: RM 0: cluster   0: 84.55 MB/s (16 MB 0.19 s)
IODDR0@0.0: RM 0: cluster   1: 65.21 MB/s (16 MB 0.25 s)
IODDR0@0.0: RM 0: cluster   2: 58.93 MB/s (16 MB 0.27 s)
IODDR0@0.0: RM 0: cluster   3: 59.24 MB/s (16 MB 0.27 s)
IODDR1@0.0: RM 0: [RMEM] booting up server
IODDR1@0.0: RM 0: [RMEM] server alive
IODDR0@0.0: RM 0: [IODDR0] spawning kernels
IODDR0@0.0: RM 0: [IODDR0] waiting kernels
IODDR0@0.0: RM 0: cluster   0: 84.53 MB/s (16 MB 0.19 s)
IODDR0@0.0: RM 0: cluster   1: 65.17 MB/s (16 MB 0.25 s)
IODDR0@0.0: RM 0: cluster   2: 58.88 MB/s (16 MB 0.27 s)
IODDR0@0.0: RM 0: cluster   3: 59.19 MB/s (16 MB 0.27 s)
IODDR1@0.0: RM 0: [RMEM] booting up server
IODDR1@0.0: RM 0: [RMEM] server alive
IODDR0@0.0: RM 0: [IODDR0] spawning kernels
IODDR0@0.0: RM 0: [IODDR0] waiting kernels
IODDR0@0.0: RM 0: cluster   0: 84.53 MB/s (16 MB 0.19 s)
IODDR0@0.0: RM 0: cluster   1: 47.47 MB/s (16 MB 0.34 s)
IODDR0@0.0: RM 0: cluster   2: 47.20 MB/s (16 MB 0.34 s)
IODDR0@0.0: RM 0: cluster   3: 47.43 MB/s (16 MB 0.34 s)
IODDR1@0.0: RM 0: [RMEM] booting up server
IODDR1@0.0: RM 0: [RMEM] server alive
IODDR0@0.0: RM 0: [IODDR0] spawning kernels
IODDR0@0.0: RM 0: [IODDR0] waiting kernels
IODDR0@0.0: RM 0: cluster   0: 78.01 MB/s (16 MB 0.21 s)
IODDR0@0.0: RM 0: cluster   1: 57.88 MB/s (16 MB 0.28 s)
IODDR0@0.0: RM 0: cluster   2: 56.72 MB/s (16 MB 0.28 s)
IODDR0@0.0: RM 0: cluster   3: 57.32 MB/s (16 MB 0.28 s)
IODDR1@0.0: RM 0: [RMEM] booting up server
IODDR1@0.0: RM 0: [RMEM] server alive
IODDR0@0.0: RM 0: [IODDR0] spawning kernels
IODDR0@0.0: RM 0: [IODDR0] waiting kernels
IODDR0@0.0: RM 0: cluster   0: 78.01 MB/s (16 MB 0.21 s)
IODDR0@0.0: RM 0: cluster   1: 57.87 MB/s (16 MB 0.28 s)
IODDR0@0.0: RM 0: cluster   2: 56.71 MB/s (16 MB 0.28 s)
IODDR0@0.0: RM 0: cluster   3: 57.30 MB/s (16 MB 0.28 s)
IODDR1@0.0: RM 0: [RMEM] booting up server
IODDR1@0.0: RM 0: [RMEM] server alive
IODDR0@0.0: RM 0: [IODDR0] spawning kernels
IODDR0@0.0: RM 0: [IODDR0] waiting kernels
IODDR0@0.0: RM 0: cluster   0: 78.02 MB/s (16 MB 0.21 s)
IODDR0@0.0: RM 0: cluster   1: 57.09 MB/s (16 MB 0.28 s)
IODDR0@0.0: RM 0: cluster   2: 55.98 MB/s (16 MB 0.29 s)
IODDR0@0.0: RM 0: cluster   3: 56.27 MB/s (16 MB 0.28 s)
IODDR1@0.0: RM 0: [RMEM] booting up server
IODDR1@0.0: RM 0: [RMEM] server alive
IODDR0@0.0: RM 0: [IODDR0] spawning kernels
IODDR0@0.0: RM 0: [IODDR0] waiting kernels
IODDR0@0.0: RM 0: cluster   0: 78.00 MB/s (16 MB 0.21 s)
IODDR0@0.0: RM 0: cluster   2: 57.04 MB/s (16 MB 0.28 s)
IODDR0@0.0: RM 0: cluster   1: 55.92 MB/s (16 MB 0.29 s)
IODDR0@0.0: RM 0: cluster   3: 56.24 MB/s (16 MB 0.28 s)
IODDR1@0.0: RM 0: [RMEM] booting up server
IODDR1@0.0: RM 0: [RMEM] server alive
IODDR0@0.0: RM 0: [IODDR0] spawning kernels
IODDR0@0.0: RM 0: [IODDR0] waiting kernels
IODDR0@0.0: RM 0: [IODDR0] waiting kernels
IODDR0@0.0: RM 0: cluster   0: 84.53 MB/s (16 MB 0.19 s)
IODDR0@0.0: RM 0: cluster   1: 65.24 MB/s (16 MB 0.25 s)
IODDR0@0.0: RM 0: cluster   2: 58.92 MB/s (16 MB 0.27 s)
IODDR0@0.0: RM 0: cluster   3: 59.26 MB/s (16 MB 0.27 s)
IODDR1@0.0: RM 0: [RMEM] booting up server
IODDR1@0.0: RM 0: [RMEM] server alive
IODDR0@0.0: RM 0: [IODDR0] spawning kernels
IODDR0@0.0: RM 0: [IODDR0] waiting kernels
IODDR0@0.0: RM 0: cluster   0: 39.37 MB/s (16 MB 0.41 s)
IODDR0@0.0: RM 0: cluster   2: 38.69 MB/s (16 MB 0.41 s)
IODDR0@0.0: RM 0: cluster   1: 38.68 MB/s (16 MB 0.41 s)
IODDR0@0.0: RM 0: cluster   3: 43.96 MB/s (16 MB 0.36 s)
IODDR1@0.0: RM 0: [RMEM] booting up server
IODDR1@0.0: RM 0: [RMEM] server alive
IODDR0@0.0: RM 0: [IODDR0] spawning kernels
IODDR0@0.0: RM 0: [IODDR0] waiting kernels
IODDR0@0.0: RM 0: cluster   0: 77.99 MB/s (16 MB 0.21 s)
IODDR0@0.0: RM 0: cluster   1: 57.08 MB/s (16 MB 0.28 s)
IODDR0@0.0: RM 0: cluster   2: 55.96 MB/s (16 MB 0.29 s)
IODDR0@0.0: RM 0: cluster   3: 56.27 MB/s (16 MB 0.28 s)
