IODDR1@0.0: RM 0: [RMEM] booting up server
IODDR1@0.0: RM 0: [RMEM] server alive
IODDR0@0.0: RM 0: [IODDR0] spawning kernels
IODDR0@0.0: RM 0: [IODDR0] waiting kernels
IODDR0@0.0: RM 0: cluster   0: 63.65 MB/s (16 MB 0.25 s)
IODDR0@0.0: RM 0: cluster   1: 57.97 MB/s (16 MB 0.28 s)
IODDR0@0.0: RM 0: cluster   2: 58.28 MB/s (16 MB 0.27 s)
IODDR1@0.0: RM 0: [RMEM] booting up server
IODDR1@0.0: RM 0: [RMEM] server alive
IODDR0@0.0: RM 0: [IODDR0] spawning kernels
IODDR0@0.0: RM 0: [IODDR0] waiting kernels
IODDR0@0.0: RM 0: cluster   0: 84.32 MB/s (16 MB 0.19 s)
IODDR0@0.0: RM 0: cluster   1: 69.54 MB/s (16 MB 0.23 s)
IODDR0@0.0: RM 0: cluster   2: 69.52 MB/s (16 MB 0.23 s)
IODDR1@0.0: RM 0: [RMEM] booting up server
IODDR1@0.0: RM 0: [RMEM] server alive
IODDR0@0.0: RM 0: [IODDR0] spawning kernels
IODDR0@0.0: RM 0: [IODDR0] waiting kernels
IODDR0@0.0: RM 0: cluster   0: 63.62 MB/s (16 MB 0.25 s)
IODDR0@0.0: RM 0: cluster   1: 57.93 MB/s (16 MB 0.28 s)
IODDR0@0.0: RM 0: cluster   2: 58.21 MB/s (16 MB 0.27 s)
IODDR1@0.0: RM 0: [RMEM] booting up server
IODDR1@0.0: RM 0: [RMEM] server alive
IODDR0@0.0: RM 0: [IODDR0] spawning kernels
IODDR0@0.0: RM 0: [IODDR0] waiting kernels
IODDR0@0.0: RM 0: cluster   0: 63.62 MB/s (16 MB 0.25 s)
IODDR0@0.0: RM 0: cluster   1: 57.93 MB/s (16 MB 0.28 s)
IODDR0@0.0: RM 0: cluster   2: 58.21 MB/s (16 MB 0.27 s)
IODDR1@0.0: RM 0: [RMEM] booting up server
IODDR1@0.0: RM 0: [RMEM] server alive
IODDR0@0.0: RM 0: [IODDR0] spawning kernels
IODDR0@0.0: RM 0: [IODDR0] waiting kernels
IODDR0@0.0: RM 0: cluster   0: 63.67 MB/s (16 MB 0.25 s)
IODDR0@0.0: RM 0: cluster   2: 57.97 MB/s (16 MB 0.28 s)
IODDR0@0.0: RM 0: cluster   1: 58.26 MB/s (16 MB 0.27 s)
IODDR1@0.0: RM 0: [RMEM] booting up server
IODDR1@0.0: RM 0: [RMEM] server alive
IODDR0@0.0: RM 0: [IODDR0] spawning kernels
IODDR0@0.0: RM 0: [IODDR0] waiting kernels
IODDR0@0.0: RM 0: cluster   0: 84.32 MB/s (16 MB 0.19 s)
IODDR0@0.0: RM 0: cluster   2: 69.99 MB/s (16 MB 0.23 s)
IODDR0@0.0: RM 0: cluster   1: 69.98 MB/s (16 MB 0.23 s)
IODDR1@0.0: RM 0: [RMEM] booting up server
IODDR1@0.0: RM 0: [RMEM] server alive
IODDR0@0.0: RM 0: [IODDR0] spawning kernels
IODDR0@0.0: RM 0: [IODDR0] waiting kernels
IODDR0@0.0: RM 0: cluster   0: 84.33 MB/s (16 MB 0.19 s)
IODDR0@0.0: RM 0: cluster   1: 69.50 MB/s (16 MB 0.23 s)
IODDR0@0.0: RM 0: cluster   2: 69.51 MB/s (16 MB 0.23 s)
IODDR1@0.0: RM 0: [RMEM] booting up server
IODDR1@0.0: RM 0: [RMEM] server alive
IODDR0@0.0: RM 0: [IODDR0] spawning kernels
IODDR0@0.0: RM 0: [IODDR0] waiting kernels
IODDR0@0.0: RM 0: cluster   0: 84.34 MB/s (16 MB 0.19 s)
IODDR0@0.0: RM 0: cluster   1: 69.54 MB/s (16 MB 0.23 s)
IODDR0@0.0: RM 0: cluster   2: 69.53 MB/s (16 MB 0.23 s)
IODDR1@0.0: RM 0: [RMEM] booting up server
IODDR1@0.0: RM 0: [RMEM] server alive
IODDR0@0.0: RM 0: [IODDR0] spawning kernels
IODDR0@0.0: RM 0: [IODDR0] waiting kernels
IODDR0@0.0: RM 0: cluster   0: 84.33 MB/s (16 MB 0.19 s)
IODDR0@0.0: RM 0: cluster   1: 69.50 MB/s (16 MB 0.23 s)
IODDR0@0.0: RM 0: cluster   2: 69.50 MB/s (16 MB 0.23 s)
IODDR1@0.0: RM 0: [RMEM] booting up server
IODDR1@0.0: RM 0: [RMEM] server alive
IODDR0@0.0: RM 0: [IODDR0] spawning kernels
IODDR0@0.0: RM 0: [IODDR0] waiting kernels
IODDR0@0.0: RM 0: cluster   0: 84.33 MB/s (16 MB 0.19 s)
IODDR0@0.0: RM 0: cluster   1: 69.55 MB/s (16 MB 0.23 s)
IODDR0@0.0: RM 0: cluster   2: 69.53 MB/s (16 MB 0.23 s)
