IODDR1@0.0: RM 0: [RMEM] booting up server
IODDR1@0.0: RM 0: [RMEM] server alive
IODDR0@0.0: RM 0: [IODDR0] spawning kernels
IODDR0@0.0: RM 0: cluster   0: 72.01 MB/s (16 MB 0.22 s)
IODDR0@0.0: RM 0: cluster   1: 57.19 MB/s (16 MB 0.28 s)
IODDR0@0.0: RM 0: cluster   2: 60.77 MB/s (16 MB 0.26 s)
IODDR0@0.0: RM 0: [IODDR0] waiting kernels
IODDR0@0.0: RM 0: cluster   3: 33.28 MB/s (16 MB 0.48 s)
IODDR0@0.0: RM 0: cluster   4: 31.79 MB/s (16 MB 0.50 s)
IODDR0@0.0: RM 0: cluster   5: 31.39 MB/s (16 MB 0.51 s)
IODDR0@0.0: RM 0: cluster   6: 30.88 MB/s (16 MB 0.52 s)
IODDR0@0.0: RM 0: cluster   7: 31.28 MB/s (16 MB 0.51 s)
IODDR0@0.0: RM 0: cluster   8: 36.75 MB/s (16 MB 0.44 s)
IODDR1@0.0: RM 0: [RMEM] booting up server
IODDR1@0.0: RM 0: [RMEM] server alive
IODDR0@0.0: RM 0: [IODDR0] spawning kernels
IODDR0@0.0: RM 0: cluster   0: 72.02 MB/s (16 MB 0.22 s)
IODDR0@0.0: RM 0: cluster   1: 54.67 MB/s (16 MB 0.29 s)
IODDR0@0.0: RM 0: cluster   2: 49.22 MB/s (16 MB 0.33 s)
IODDR0@0.0: RM 0: [IODDR0] waiting kernels
IODDR0@0.0: RM 0: cluster   4: 39.23 MB/s (16 MB 0.41 s)
IODDR0@0.0: RM 0: cluster   3: 29.96 MB/s (16 MB 0.53 s)
IODDR0@0.0: RM 0: cluster   5: 29.57 MB/s (16 MB 0.54 s)
IODDR0@0.0: RM 0: cluster   6: 30.22 MB/s (16 MB 0.53 s)
IODDR0@0.0: RM 0: cluster   7: 33.45 MB/s (16 MB 0.48 s)
IODDR0@0.0: RM 0: cluster   8: 39.14 MB/s (16 MB 0.41 s)
IODDR1@0.0: RM 0: [RMEM] booting up server
IODDR1@0.0: RM 0: [RMEM] server alive
IODDR0@0.0: RM 0: [IODDR0] spawning kernels
IODDR0@0.0: RM 0: cluster   0: 84.53 MB/s (16 MB 0.19 s)
IODDR0@0.0: RM 0: cluster   1: 60.64 MB/s (16 MB 0.26 s)
IODDR0@0.0: RM 0: [IODDR0] waiting kernels
IODDR0@0.0: RM 0: [IODDR0] waiting kernels
IODDR0@0.0: RM 0: cluster   2: 39.77 MB/s (16 MB 0.40 s)
IODDR0@0.0: RM 0: cluster   3: 38.96 MB/s (16 MB 0.41 s)
IODDR0@0.0: RM 0: cluster   4: 40.66 MB/s (16 MB 0.39 s)
IODDR0@0.0: RM 0: cluster   5: 39.08 MB/s (16 MB 0.41 s)
IODDR0@0.0: RM 0: cluster   6: 37.83 MB/s (16 MB 0.42 s)
IODDR0@0.0: RM 0: cluster   7: 39.07 MB/s (16 MB 0.41 s)
IODDR0@0.0: RM 0: cluster   8: 39.45 MB/s (16 MB 0.41 s)
IODDR1@0.0: RM 0: [RMEM] booting up server
IODDR1@0.0: RM 0: [RMEM] server alive
IODDR0@0.0: RM 0: [IODDR0] spawning kernels
IODDR0@0.0: RM 0: cluster   0: 70.95 MB/s (16 MB 0.23 s)
IODDR0@0.0: RM 0: cluster   1: 56.86 MB/s (16 MB 0.28 s)
IODDR0@0.0: RM 0: cluster   2: 59.22 MB/s (16 MB 0.27 s)
IODDR0@0.0: RM 0: [IODDR0] waiting kernels
IODDR0@0.0: RM 0: cluster   3: 31.77 MB/s (16 MB 0.50 s)
IODDR0@0.0: RM 0: cluster   4: 30.65 MB/s (16 MB 0.52 s)
IODDR0@0.0: RM 0: cluster   5: 30.40 MB/s (16 MB 0.53 s)
IODDR0@0.0: RM 0: cluster   6: 30.10 MB/s (16 MB 0.53 s)
IODDR0@0.0: RM 0: cluster   7: 30.55 MB/s (16 MB 0.52 s)
IODDR0@0.0: RM 0: cluster   8: 36.01 MB/s (16 MB 0.44 s)
IODDR1@0.0: RM 0: [RMEM] booting up server
IODDR1@0.0: RM 0: [RMEM] server alive
IODDR0@0.0: RM 0: [IODDR0] spawning kernels
IODDR0@0.0: RM 0: cluster   0: 84.54 MB/s (16 MB 0.19 s)
IODDR0@0.0: RM 0: cluster   1: 69.63 MB/s (16 MB 0.23 s)
IODDR0@0.0: RM 0: [IODDR0] waiting kernels
IODDR0@0.0: RM 0: cluster   2: 39.34 MB/s (16 MB 0.41 s)
IODDR0@0.0: RM 0: cluster   3: 28.35 MB/s (16 MB 0.56 s)
IODDR0@0.0: RM 0: cluster   4: 27.37 MB/s (16 MB 0.58 s)
IODDR0@0.0: RM 0: cluster   5: 25.12 MB/s (16 MB 0.64 s)
IODDR0@0.0: RM 0: cluster   6: 25.29 MB/s (16 MB 0.63 s)
IODDR0@0.0: RM 0: cluster   7: 30.45 MB/s (16 MB 0.53 s)
IODDR0@0.0: RM 0: cluster   8: 30.77 MB/s (16 MB 0.52 s)
IODDR1@0.0: RM 0: [RMEM] booting up server
IODDR1@0.0: RM 0: [RMEM] server alive
IODDR0@0.0: RM 0: [IODDR0] spawning kernels
IODDR0@0.0: RM 0: cluster   0: 72.05 MB/s (16 MB 0.22 s)
IODDR0@0.0: RM 0: cluster   1: 57.88 MB/s (16 MB 0.28 s)
IODDR0@0.0: RM 0: cluster   2: 60.40 MB/s (16 MB 0.26 s)
IODDR0@0.0: RM 0: [IODDR0] waiting kernels
IODDR0@0.0: RM 0: cluster   3: 33.03 MB/s (16 MB 0.48 s)
IODDR0@0.0: RM 0: cluster   4: 31.60 MB/s (16 MB 0.51 s)
IODDR0@0.0: RM 0: cluster   5: 31.18 MB/s (16 MB 0.51 s)
IODDR0@0.0: RM 0: cluster   6: 30.78 MB/s (16 MB 0.52 s)
IODDR0@0.0: RM 0: cluster   7: 31.18 MB/s (16 MB 0.51 s)
IODDR0@0.0: RM 0: cluster   8: 36.60 MB/s (16 MB 0.44 s)
IODDR1@0.0: RM 0: [RMEM] booting up server
IODDR1@0.0: RM 0: [RMEM] server alive
IODDR0@0.0: RM 0: [IODDR0] spawning kernels
IODDR0@0.0: RM 0: cluster   0: 84.53 MB/s (16 MB 0.19 s)
IODDR0@0.0: RM 0: cluster   1: 68.76 MB/s (16 MB 0.23 s)
IODDR0@0.0: RM 0: [IODDR0] waiting kernels
IODDR0@0.0: RM 0: [IODDR0] waiting kernels
IODDR0@0.0: RM 0: cluster   2: 46.51 MB/s (16 MB 0.34 s)
IODDR0@0.0: RM 0: cluster   3: 37.61 MB/s (16 MB 0.43 s)
IODDR0@0.0: RM 0: cluster   4: 37.05 MB/s (16 MB 0.43 s)
IODDR0@0.0: RM 0: cluster   6: 33.58 MB/s (16 MB 0.48 s)
IODDR0@0.0: RM 0: cluster   5: 33.59 MB/s (16 MB 0.48 s)
IODDR0@0.0: RM 0: cluster   7: 40.56 MB/s (16 MB 0.39 s)
IODDR0@0.0: RM 0: cluster   8: 41.36 MB/s (16 MB 0.39 s)
IODDR1@0.0: RM 0: [RMEM] booting up server
IODDR1@0.0: RM 0: [RMEM] server alive
IODDR0@0.0: RM 0: [IODDR0] spawning kernels
IODDR0@0.0: RM 0: cluster   0: 71.98 MB/s (16 MB 0.22 s)
IODDR0@0.0: RM 0: cluster   1: 54.85 MB/s (16 MB 0.29 s)
IODDR0@0.0: RM 0: cluster   2: 45.49 MB/s (16 MB 0.35 s)
IODDR0@0.0: RM 0: [IODDR0] waiting kernels
IODDR0@0.0: RM 0: cluster   3: 38.43 MB/s (16 MB 0.42 s)
IODDR0@0.0: RM 0: cluster   4: 30.60 MB/s (16 MB 0.52 s)
IODDR0@0.0: RM 0: cluster   5: 30.24 MB/s (16 MB 0.53 s)
IODDR0@0.0: RM 0: cluster   6: 31.07 MB/s (16 MB 0.51 s)
IODDR0@0.0: RM 0: cluster   7: 31.50 MB/s (16 MB 0.51 s)
IODDR0@0.0: RM 0: cluster   8: 37.03 MB/s (16 MB 0.43 s)
IODDR1@0.0: RM 0: [RMEM] booting up server
IODDR1@0.0: RM 0: [RMEM] server alive
IODDR0@0.0: RM 0: [IODDR0] spawning kernels
IODDR0@0.0: RM 0: cluster   0: 84.53 MB/s (16 MB 0.19 s)
IODDR0@0.0: RM 0: cluster   1: 69.82 MB/s (16 MB 0.23 s)
IODDR0@0.0: RM 0: cluster   2: 55.00 MB/s (16 MB 0.29 s)
IODDR0@0.0: RM 0: [IODDR0] waiting kernels
IODDR0@0.0: RM 0: [IODDR0] waiting kernels
IODDR0@0.0: RM 0: cluster   3: 50.67 MB/s (16 MB 0.32 s)
IODDR0@0.0: RM 0: cluster   4: 42.82 MB/s (16 MB 0.37 s)
IODDR0@0.0: RM 0: cluster   5: 35.48 MB/s (16 MB 0.45 s)
IODDR0@0.0: RM 0: cluster   6: 33.83 MB/s (16 MB 0.47 s)
IODDR0@0.0: RM 0: cluster   7: 34.32 MB/s (16 MB 0.47 s)
IODDR0@0.0: RM 0: cluster   8: 40.24 MB/s (16 MB 0.40 s)
IODDR1@0.0: RM 0: [RMEM] booting up server
IODDR1@0.0: RM 0: [RMEM] server alive
IODDR0@0.0: RM 0: [IODDR0] spawning kernels
IODDR0@0.0: RM 0: cluster   0: 72.03 MB/s (16 MB 0.22 s)
IODDR0@0.0: RM 0: cluster   1: 57.86 MB/s (16 MB 0.28 s)
IODDR0@0.0: RM 0: cluster   2: 60.27 MB/s (16 MB 0.27 s)
IODDR0@0.0: RM 0: [IODDR0] waiting kernels
IODDR0@0.0: RM 0: cluster   3: 32.99 MB/s (16 MB 0.49 s)
IODDR0@0.0: RM 0: cluster   4: 31.58 MB/s (16 MB 0.51 s)
IODDR0@0.0: RM 0: cluster   5: 31.16 MB/s (16 MB 0.51 s)
IODDR0@0.0: RM 0: cluster   6: 30.77 MB/s (16 MB 0.52 s)
IODDR0@0.0: RM 0: cluster   7: 31.16 MB/s (16 MB 0.51 s)
IODDR0@0.0: RM 0: cluster   8: 36.58 MB/s (16 MB 0.44 s)
