IODDR1@0.0: RM 0: [RMEM] booting up server
IODDR1@0.0: RM 0: [RMEM] server alive
IODDR0@0.0: RM 0: [IODDR0] spawning kernels
IODDR0@0.0: RM 0: [IODDR0] waiting kernels
IODDR0@0.0: RM 0: cluster   0: 63.99 MB/s (16 MB 0.25 s)
IODDR0@0.0: RM 0: cluster   1: 59.54 MB/s (16 MB 0.27 s)
IODDR0@0.0: RM 0: cluster   2: 49.41 MB/s (16 MB 0.32 s)
IODDR0@0.0: RM 0: cluster   3: 55.78 MB/s (16 MB 0.29 s)
IODDR0@0.0: RM 0: cluster   4: 56.58 MB/s (16 MB 0.28 s)
IODDR1@0.0: RM 0: [RMEM] booting up server
IODDR1@0.0: RM 0: [RMEM] server alive
IODDR0@0.0: RM 0: [IODDR0] spawning kernels
IODDR0@0.0: RM 0: [IODDR0] waiting kernels
IODDR0@0.0: RM 0: [IODDR0] waiting kernels
IODDR0@0.0: RM 0: cluster   0: 82.80 MB/s (16 MB 0.19 s)
IODDR0@0.0: RM 0: cluster   1: 80.65 MB/s (16 MB 0.20 s)
IODDR0@0.0: RM 0: cluster   2: 65.86 MB/s (16 MB 0.24 s)
IODDR0@0.0: RM 0: cluster   3: 64.93 MB/s (16 MB 0.25 s)
IODDR0@0.0: RM 0: cluster   4: 65.08 MB/s (16 MB 0.25 s)
IODDR1@0.0: RM 0: [RMEM] booting up server
IODDR1@0.0: RM 0: [RMEM] server alive
IODDR0@0.0: RM 0: [IODDR0] spawning kernels
IODDR0@0.0: RM 0: [IODDR0] waiting kernels
IODDR0@0.0: RM 0: cluster   0: 48.30 MB/s (16 MB 0.33 s)
IODDR0@0.0: RM 0: cluster   1: 46.97 MB/s (16 MB 0.34 s)
IODDR0@0.0: RM 0: cluster   3: 40.41 MB/s (16 MB 0.40 s)
IODDR0@0.0: RM 0: cluster   2: 40.65 MB/s (16 MB 0.39 s)
IODDR0@0.0: RM 0: cluster   4: 41.08 MB/s (16 MB 0.39 s)
IODDR1@0.0: RM 0: [RMEM] booting up server
IODDR1@0.0: RM 0: [RMEM] server alive
IODDR0@0.0: RM 0: [IODDR0] spawning kernels
IODDR0@0.0: RM 0: cluster   0: 82.80 MB/s (16 MB 0.19 s)
IODDR0@0.0: RM 0: [IODDR0] waiting kernels
IODDR0@0.0: RM 0: [IODDR0] waiting kernels
IODDR0@0.0: RM 0: cluster   1: 77.33 MB/s (16 MB 0.21 s)
IODDR0@0.0: RM 0: cluster   2: 77.36 MB/s (16 MB 0.21 s)
IODDR0@0.0: RM 0: cluster   3: 77.31 MB/s (16 MB 0.21 s)
IODDR0@0.0: RM 0: cluster   4: 77.33 MB/s (16 MB 0.21 s)
IODDR1@0.0: RM 0: [RMEM] booting up server
IODDR1@0.0: RM 0: [RMEM] server alive
IODDR0@0.0: RM 0: [IODDR0] spawning kernels
IODDR0@0.0: RM 0: [IODDR0] waiting kernels
IODDR0@0.0: RM 0: [IODDR0] waiting kernels
IODDR0@0.0: RM 0: cluster   0: 82.80 MB/s (16 MB 0.19 s)
IODDR0@0.0: RM 0: cluster   1: 80.43 MB/s (16 MB 0.20 s)
IODDR0@0.0: RM 0: cluster   2: 64.48 MB/s (16 MB 0.25 s)
IODDR0@0.0: RM 0: cluster   3: 63.88 MB/s (16 MB 0.25 s)
IODDR0@0.0: RM 0: cluster   4: 64.03 MB/s (16 MB 0.25 s)
IODDR1@0.0: RM 0: [RMEM] booting up server
IODDR1@0.0: RM 0: [RMEM] server alive
IODDR0@0.0: RM 0: [IODDR0] spawning kernels
IODDR0@0.0: RM 0: [IODDR0] waiting kernels
IODDR0@0.0: RM 0: cluster   0: 80.71 MB/s (16 MB 0.20 s)
IODDR0@0.0: RM 0: cluster   1: 78.33 MB/s (16 MB 0.20 s)
IODDR0@0.0: RM 0: cluster   2: 64.32 MB/s (16 MB 0.25 s)
IODDR0@0.0: RM 0: cluster   3: 63.81 MB/s (16 MB 0.25 s)
IODDR0@0.0: RM 0: cluster   4: 63.95 MB/s (16 MB 0.25 s)
IODDR1@0.0: RM 0: [RMEM] booting up server
IODDR1@0.0: RM 0: [RMEM] server alive
IODDR0@0.0: RM 0: [IODDR0] spawning kernels
IODDR0@0.0: RM 0: [IODDR0] waiting kernels
IODDR0@0.0: RM 0: [IODDR0] waiting kernels
IODDR0@0.0: RM 0: cluster   0: 82.80 MB/s (16 MB 0.19 s)
IODDR0@0.0: RM 0: cluster   1: 59.56 MB/s (16 MB 0.27 s)
IODDR0@0.0: RM 0: cluster   2: 47.03 MB/s (16 MB 0.34 s)
IODDR0@0.0: RM 0: cluster   3: 47.01 MB/s (16 MB 0.34 s)
IODDR0@0.0: RM 0: cluster   4: 47.42 MB/s (16 MB 0.34 s)
IODDR1@0.0: RM 0: [RMEM] booting up server
IODDR1@0.0: RM 0: [RMEM] server alive
IODDR0@0.0: RM 0: [IODDR0] spawning kernels
IODDR0@0.0: RM 0: [IODDR0] waiting kernels
IODDR0@0.0: RM 0: cluster   0: 80.70 MB/s (16 MB 0.20 s)
IODDR0@0.0: RM 0: cluster   1: 78.31 MB/s (16 MB 0.20 s)
IODDR0@0.0: RM 0: cluster   2: 65.29 MB/s (16 MB 0.25 s)
IODDR0@0.0: RM 0: cluster   3: 64.77 MB/s (16 MB 0.25 s)
IODDR0@0.0: RM 0: cluster   4: 65.05 MB/s (16 MB 0.25 s)
IODDR1@0.0: RM 0: [RMEM] booting up server
IODDR1@0.0: RM 0: [RMEM] server alive
IODDR0@0.0: RM 0: [IODDR0] spawning kernels
IODDR0@0.0: RM 0: [IODDR0] waiting kernels
IODDR0@0.0: RM 0: cluster   0: 80.51 MB/s (16 MB 0.20 s)
IODDR0@0.0: RM 0: cluster   1: 55.42 MB/s (16 MB 0.29 s)
IODDR0@0.0: RM 0: cluster   2: 46.02 MB/s (16 MB 0.35 s)
IODDR0@0.0: RM 0: cluster   3: 46.02 MB/s (16 MB 0.35 s)
IODDR0@0.0: RM 0: cluster   4: 46.42 MB/s (16 MB 0.34 s)
IODDR1@0.0: RM 0: [RMEM] booting up server
IODDR1@0.0: RM 0: [RMEM] server alive
IODDR0@0.0: RM 0: [IODDR0] spawning kernels
IODDR0@0.0: RM 0: [IODDR0] waiting kernels
IODDR0@0.0: RM 0: cluster   0: 80.46 MB/s (16 MB 0.20 s)
IODDR0@0.0: RM 0: cluster   1: 78.13 MB/s (16 MB 0.20 s)
IODDR0@0.0: RM 0: cluster   2: 65.25 MB/s (16 MB 0.25 s)
IODDR0@0.0: RM 0: cluster   3: 64.74 MB/s (16 MB 0.25 s)
IODDR0@0.0: RM 0: cluster   4: 65.01 MB/s (16 MB 0.25 s)
