IODDR1@0.0: RM 0: [RMEM] booting up server
IODDR1@0.0: RM 0: [RMEM] server alive
IODDR0@0.0: RM 0: [IODDR0] spawning kernels
IODDR0@0.0: RM 0: cluster   0: 78.49 MB/s (16 MB 0.20 s)
IODDR0@0.0: RM 0: cluster   1: 71.53 MB/s (16 MB 0.22 s)
IODDR0@0.0: RM 0: cluster   2: 76.44 MB/s (16 MB 0.21 s)
IODDR0@0.0: RM 0: [IODDR0] waiting kernels
IODDR0@0.0: RM 0: [IODDR0] waiting kernels
IODDR0@0.0: RM 0: cluster   3: 41.30 MB/s (16 MB 0.39 s)
IODDR0@0.0: RM 0: cluster   4: 39.06 MB/s (16 MB 0.41 s)
IODDR0@0.0: RM 0: cluster   5: 38.29 MB/s (16 MB 0.42 s)
IODDR0@0.0: RM 0: cluster   6: 40.51 MB/s (16 MB 0.39 s)
IODDR0@0.0: RM 0: cluster   7: 56.48 MB/s (16 MB 0.28 s)
IODDR0@0.0: RM 0: cluster   8: 65.77 MB/s (16 MB 0.24 s)
IODDR0@0.0: RM 0: cluster  10: 46.06 MB/s (16 MB 0.35 s)
IODDR0@0.0: RM 0: cluster   9: 46.06 MB/s (16 MB 0.35 s)
IODDR0@0.0: RM 0: cluster  11: 46.44 MB/s (16 MB 0.34 s)
IODDR1@0.0: RM 0: [RMEM] booting up server
IODDR1@0.0: RM 0: [RMEM] server alive
IODDR0@0.0: RM 0: [IODDR0] spawning kernels
IODDR0@0.0: RM 0: cluster   0: 77.94 MB/s (16 MB 0.21 s)
IODDR0@0.0: RM 0: cluster   1: 70.97 MB/s (16 MB 0.23 s)
IODDR0@0.0: RM 0: cluster   2: 70.13 MB/s (16 MB 0.23 s)
IODDR0@0.0: RM 0: cluster   3: 55.76 MB/s (16 MB 0.29 s)
IODDR0@0.0: RM 0: cluster   4: 45.17 MB/s (16 MB 0.35 s)
IODDR0@0.0: RM 0: cluster   5: 44.97 MB/s (16 MB 0.36 s)
IODDR0@0.0: RM 0: cluster   6: 50.34 MB/s (16 MB 0.32 s)
IODDR0@0.0: RM 0: [IODDR0] waiting kernels
IODDR0@0.0: RM 0: cluster   7: 56.21 MB/s (16 MB 0.28 s)
IODDR0@0.0: RM 0: cluster   8: 41.38 MB/s (16 MB 0.39 s)
IODDR0@0.0: RM 0: cluster   9: 40.56 MB/s (16 MB 0.39 s)
IODDR0@0.0: RM 0: cluster  10: 45.63 MB/s (16 MB 0.35 s)
IODDR0@0.0: RM 0: cluster  11: 53.64 MB/s (16 MB 0.30 s)
IODDR1@0.0: RM 0: [RMEM] booting up server
IODDR1@0.0: RM 0: [RMEM] server alive
IODDR0@0.0: RM 0: [IODDR0] spawning kernels
IODDR0@0.0: RM 0: cluster   0: 84.53 MB/s (16 MB 0.19 s)
IODDR0@0.0: RM 0: cluster   1: 69.55 MB/s (16 MB 0.23 s)
IODDR0@0.0: RM 0: cluster   2: 69.31 MB/s (16 MB 0.23 s)
IODDR0@0.0: RM 0: cluster   4: 76.78 MB/s (16 MB 0.21 s)
IODDR0@0.0: RM 0: cluster   3: 59.56 MB/s (16 MB 0.27 s)
IODDR0@0.0: RM 0: cluster   5: 54.48 MB/s (16 MB 0.29 s)
IODDR0@0.0: RM 0: cluster   6: 54.43 MB/s (16 MB 0.29 s)
IODDR0@0.0: RM 0: cluster   7: 73.57 MB/s (16 MB 0.22 s)
IODDR0@0.0: RM 0: [IODDR0] waiting kernels
IODDR0@0.0: RM 0: cluster   8: 39.89 MB/s (16 MB 0.40 s)
IODDR0@0.0: RM 0: cluster   9: 39.24 MB/s (16 MB 0.41 s)
IODDR0@0.0: RM 0: cluster  10: 39.23 MB/s (16 MB 0.41 s)
IODDR0@0.0: RM 0: cluster  11: 45.62 MB/s (16 MB 0.35 s)
IODDR1@0.0: RM 0: [RMEM] booting up server
IODDR1@0.0: RM 0: [RMEM] server alive
IODDR0@0.0: RM 0: [IODDR0] spawning kernels
IODDR0@0.0: RM 0: cluster   0: 84.54 MB/s (16 MB 0.19 s)
IODDR0@0.0: RM 0: cluster   1: 36.04 MB/s (16 MB 0.44 s)
IODDR0@0.0: RM 0: cluster   2: 34.74 MB/s (16 MB 0.46 s)
IODDR0@0.0: RM 0: cluster   3: 33.55 MB/s (16 MB 0.48 s)
IODDR0@0.0: RM 0: cluster   4: 30.82 MB/s (16 MB 0.52 s)
IODDR0@0.0: RM 0: [IODDR0] waiting kernels
IODDR0@0.0: RM 0: [IODDR0] waiting kernels
IODDR0@0.0: RM 0: cluster   5: 31.49 MB/s (16 MB 0.51 s)
IODDR0@0.0: RM 0: cluster   6: 31.21 MB/s (16 MB 0.51 s)
IODDR0@0.0: RM 0: cluster   7: 31.23 MB/s (16 MB 0.51 s)
IODDR0@0.0: RM 0: cluster   8: 29.76 MB/s (16 MB 0.54 s)
IODDR0@0.0: RM 0: cluster  10: 29.87 MB/s (16 MB 0.54 s)
IODDR0@0.0: RM 0: cluster   9: 30.13 MB/s (16 MB 0.53 s)
IODDR0@0.0: RM 0: cluster  11: 36.81 MB/s (16 MB 0.43 s)
IODDR1@0.0: RM 0: [RMEM] booting up server
IODDR1@0.0: RM 0: [RMEM] server alive
IODDR0@0.0: RM 0: [IODDR0] spawning kernels
IODDR0@0.0: RM 0: cluster   0: 84.54 MB/s (16 MB 0.19 s)
IODDR0@0.0: RM 0: cluster   1: 77.67 MB/s (16 MB 0.21 s)
IODDR0@0.0: RM 0: cluster   2: 70.91 MB/s (16 MB 0.23 s)
IODDR0@0.0: RM 0: cluster   3: 56.70 MB/s (16 MB 0.28 s)
IODDR0@0.0: RM 0: cluster   4: 46.09 MB/s (16 MB 0.35 s)
IODDR0@0.0: RM 0: cluster   5: 46.02 MB/s (16 MB 0.35 s)
IODDR0@0.0: RM 0: cluster   6: 51.77 MB/s (16 MB 0.31 s)
IODDR0@0.0: RM 0: [IODDR0] waiting kernels
IODDR0@0.0: RM 0: cluster   7: 57.50 MB/s (16 MB 0.28 s)
IODDR0@0.0: RM 0: cluster   8: 41.56 MB/s (16 MB 0.38 s)
IODDR0@0.0: RM 0: cluster   9: 40.74 MB/s (16 MB 0.39 s)
IODDR0@0.0: RM 0: cluster  10: 45.85 MB/s (16 MB 0.35 s)
IODDR0@0.0: RM 0: cluster  11: 53.82 MB/s (16 MB 0.30 s)
IODDR1@0.0: RM 0: [RMEM] booting up server
IODDR1@0.0: RM 0: [RMEM] server alive
IODDR0@0.0: RM 0: [IODDR0] spawning kernels
IODDR0@0.0: RM 0: cluster   0: 78.47 MB/s (16 MB 0.20 s)
IODDR0@0.0: RM 0: cluster   1: 71.08 MB/s (16 MB 0.23 s)
IODDR0@0.0: RM 0: cluster   2: 75.88 MB/s (16 MB 0.21 s)
IODDR0@0.0: RM 0: [IODDR0] waiting kernels
IODDR0@0.0: RM 0: [IODDR0] waiting kernels
IODDR0@0.0: RM 0: cluster   3: 41.63 MB/s (16 MB 0.38 s)
IODDR0@0.0: RM 0: cluster   5: 39.60 MB/s (16 MB 0.40 s)
IODDR0@0.0: RM 0: cluster   4: 39.60 MB/s (16 MB 0.40 s)
IODDR0@0.0: RM 0: cluster   6: 45.91 MB/s (16 MB 0.35 s)
IODDR0@0.0: RM 0: cluster   7: 63.01 MB/s (16 MB 0.25 s)
IODDR0@0.0: RM 0: cluster   8: 37.97 MB/s (16 MB 0.42 s)
IODDR0@0.0: RM 0: cluster   9: 37.62 MB/s (16 MB 0.43 s)
IODDR0@0.0: RM 0: cluster  10: 41.47 MB/s (16 MB 0.39 s)
IODDR0@0.0: RM 0: cluster  11: 41.86 MB/s (16 MB 0.38 s)
IODDR1@0.0: RM 0: [RMEM] booting up server
IODDR1@0.0: RM 0: [RMEM] server alive
IODDR0@0.0: RM 0: [IODDR0] spawning kernels
IODDR0@0.0: RM 0: cluster   0: 84.53 MB/s (16 MB 0.19 s)
IODDR0@0.0: RM 0: cluster   1: 69.54 MB/s (16 MB 0.23 s)
IODDR0@0.0: RM 0: cluster   2: 69.29 MB/s (16 MB 0.23 s)
IODDR0@0.0: RM 0: cluster   3: 76.91 MB/s (16 MB 0.21 s)
IODDR0@0.0: RM 0: cluster   4: 59.50 MB/s (16 MB 0.27 s)
IODDR0@0.0: RM 0: cluster   5: 54.45 MB/s (16 MB 0.29 s)
IODDR0@0.0: RM 0: cluster   6: 54.40 MB/s (16 MB 0.29 s)
IODDR0@0.0: RM 0: cluster   7: 67.21 MB/s (16 MB 0.24 s)
IODDR0@0.0: RM 0: [IODDR0] waiting kernels
IODDR0@0.0: RM 0: cluster   8: 54.58 MB/s (16 MB 0.29 s)
IODDR0@0.0: RM 0: cluster   9: 45.04 MB/s (16 MB 0.36 s)
IODDR0@0.0: RM 0: cluster  10: 45.03 MB/s (16 MB 0.36 s)
IODDR0@0.0: RM 0: cluster  11: 53.04 MB/s (16 MB 0.30 s)
IODDR1@0.0: RM 0: [RMEM] booting up server
IODDR1@0.0: RM 0: [RMEM] server alive
IODDR0@0.0: RM 0: [IODDR0] spawning kernels
IODDR0@0.0: RM 0: cluster   0: 56.25 MB/s (16 MB 0.28 s)
IODDR0@0.0: RM 0: cluster   1: 53.80 MB/s (16 MB 0.30 s)
IODDR0@0.0: RM 0: cluster   2: 53.73 MB/s (16 MB 0.30 s)
IODDR0@0.0: RM 0: cluster   3: 63.93 MB/s (16 MB 0.25 s)
IODDR0@0.0: RM 0: cluster   4: 62.74 MB/s (16 MB 0.26 s)
IODDR0@0.0: RM 0: [IODDR0] waiting kernels
IODDR0@0.0: RM 0: cluster   6: 37.38 MB/s (16 MB 0.43 s)
IODDR0@0.0: RM 0: cluster   5: 36.71 MB/s (16 MB 0.44 s)
IODDR0@0.0: RM 0: cluster   7: 33.63 MB/s (16 MB 0.48 s)
IODDR0@0.0: RM 0: cluster   8: 33.16 MB/s (16 MB 0.48 s)
IODDR0@0.0: RM 0: cluster   9: 37.81 MB/s (16 MB 0.42 s)
IODDR0@0.0: RM 0: cluster  10: 42.76 MB/s (16 MB 0.37 s)
IODDR0@0.0: RM 0: cluster  11: 43.32 MB/s (16 MB 0.37 s)
IODDR1@0.0: RM 0: [RMEM] booting up server
IODDR1@0.0: RM 0: [RMEM] server alive
IODDR0@0.0: RM 0: [IODDR0] spawning kernels
IODDR0@0.0: RM 0: cluster   0: 84.54 MB/s (16 MB 0.19 s)
IODDR0@0.0: RM 0: cluster   1: 77.10 MB/s (16 MB 0.21 s)
IODDR0@0.0: RM 0: cluster   2: 58.56 MB/s (16 MB 0.27 s)
IODDR0@0.0: RM 0: cluster   3: 42.45 MB/s (16 MB 0.38 s)
IODDR0@0.0: RM 0: cluster   4: 41.57 MB/s (16 MB 0.38 s)
IODDR0@0.0: RM 0: cluster   5: 46.07 MB/s (16 MB 0.35 s)
IODDR0@0.0: RM 0: cluster   6: 47.87 MB/s (16 MB 0.33 s)
IODDR0@0.0: RM 0: [IODDR0] waiting kernels
IODDR0@0.0: RM 0: cluster   7: 45.40 MB/s (16 MB 0.35 s)
IODDR0@0.0: RM 0: cluster   8: 44.44 MB/s (16 MB 0.36 s)
IODDR0@0.0: RM 0: cluster   9: 42.87 MB/s (16 MB 0.37 s)
IODDR0@0.0: RM 0: cluster  10: 48.56 MB/s (16 MB 0.33 s)
IODDR0@0.0: RM 0: cluster  11: 58.98 MB/s (16 MB 0.27 s)
IODDR1@0.0: RM 0: [RMEM] booting up server
IODDR1@0.0: RM 0: [RMEM] server alive
IODDR0@0.0: RM 0: [IODDR0] spawning kernels
IODDR0@0.0: RM 0: cluster   0: 77.92 MB/s (16 MB 0.21 s)
IODDR0@0.0: RM 0: cluster   1: 77.73 MB/s (16 MB 0.21 s)
IODDR0@0.0: RM 0: cluster   2: 58.47 MB/s (16 MB 0.27 s)
IODDR0@0.0: RM 0: cluster   3: 38.20 MB/s (16 MB 0.42 s)
IODDR0@0.0: RM 0: cluster   4: 36.80 MB/s (16 MB 0.43 s)
IODDR0@0.0: RM 0: cluster   5: 36.77 MB/s (16 MB 0.44 s)
IODDR0@0.0: RM 0: [IODDR0] waiting kernels
IODDR0@0.0: RM 0: cluster   6: 38.97 MB/s (16 MB 0.41 s)
IODDR0@0.0: RM 0: cluster   7: 37.97 MB/s (16 MB 0.42 s)
IODDR0@0.0: RM 0: cluster   8: 35.17 MB/s (16 MB 0.45 s)
IODDR0@0.0: RM 0: cluster   9: 35.12 MB/s (16 MB 0.46 s)
IODDR0@0.0: RM 0: cluster  10: 35.74 MB/s (16 MB 0.45 s)
IODDR0@0.0: RM 0: cluster  11: 43.25 MB/s (16 MB 0.37 s)
