IODDR1@0.0: RM 0: [RMEM] booting up server
IODDR1@0.0: RM 0: [RMEM] server alive
IODDR0@0.0: RM 0: [IODDR0] spawning kernels
IODDR0@0.0: RM 0: cluster   0: 84.53 MB/s (16 MB 0.19 s)
IODDR0@0.0: RM 0: cluster   1: 38.08 MB/s (16 MB 0.42 s)
IODDR0@0.0: RM 0: cluster   2: 36.65 MB/s (16 MB 0.44 s)
IODDR0@0.0: RM 0: cluster   3: 31.37 MB/s (16 MB 0.51 s)
IODDR0@0.0: RM 0: cluster   4: 31.09 MB/s (16 MB 0.51 s)
IODDR0@0.0: RM 0: [IODDR0] waiting kernels
IODDR0@0.0: RM 0: cluster   5: 26.60 MB/s (16 MB 0.60 s)
IODDR0@0.0: RM 0: cluster   6: 26.11 MB/s (16 MB 0.61 s)
IODDR0@0.0: RM 0: cluster   7: 24.78 MB/s (16 MB 0.65 s)
IODDR0@0.0: RM 0: cluster   8: 21.72 MB/s (16 MB 0.74 s)
IODDR0@0.0: RM 0: cluster   9: 21.63 MB/s (16 MB 0.74 s)
IODDR0@0.0: RM 0: cluster  10: 22.25 MB/s (16 MB 0.72 s)
IODDR0@0.0: RM 0: cluster  11: 26.36 MB/s (16 MB 0.61 s)
IODDR0@0.0: RM 0: cluster  12: 29.15 MB/s (16 MB 0.55 s)
IODDR0@0.0: RM 0: cluster  13: 29.47 MB/s (16 MB 0.54 s)
IODDR1@0.0: RM 0: [RMEM] booting up server
IODDR1@0.0: RM 0: [RMEM] server alive
IODDR0@0.0: RM 0: [IODDR0] spawning kernels
IODDR0@0.0: RM 0: cluster   0: 84.54 MB/s (16 MB 0.19 s)
IODDR0@0.0: RM 0: cluster   1: 70.78 MB/s (16 MB 0.23 s)
IODDR0@0.0: RM 0: cluster   2: 52.70 MB/s (16 MB 0.30 s)
IODDR0@0.0: RM 0: cluster   3: 44.51 MB/s (16 MB 0.36 s)
IODDR0@0.0: RM 0: cluster   4: 43.98 MB/s (16 MB 0.36 s)
IODDR0@0.0: RM 0: cluster   5: 44.51 MB/s (16 MB 0.36 s)
IODDR0@0.0: RM 0: [IODDR0] waiting kernels
IODDR0@0.0: RM 0: cluster   6: 31.50 MB/s (16 MB 0.51 s)
IODDR0@0.0: RM 0: cluster   8: 30.76 MB/s (16 MB 0.52 s)
IODDR0@0.0: RM 0: cluster   7: 30.74 MB/s (16 MB 0.52 s)
IODDR0@0.0: RM 0: cluster   9: 31.15 MB/s (16 MB 0.51 s)
IODDR0@0.0: RM 0: cluster  10: 30.11 MB/s (16 MB 0.53 s)
IODDR0@0.0: RM 0: cluster  11: 34.61 MB/s (16 MB 0.46 s)
IODDR0@0.0: RM 0: cluster  12: 34.76 MB/s (16 MB 0.46 s)
IODDR0@0.0: RM 0: cluster  13: 35.53 MB/s (16 MB 0.45 s)
IODDR1@0.0: RM 0: [RMEM] booting up server
IODDR1@0.0: RM 0: [RMEM] server alive
IODDR0@0.0: RM 0: [IODDR0] spawning kernels
IODDR0@0.0: RM 0: cluster   0: 46.84 MB/s (16 MB 0.34 s)
IODDR0@0.0: RM 0: cluster   1: 44.66 MB/s (16 MB 0.36 s)
IODDR0@0.0: RM 0: cluster   2: 36.12 MB/s (16 MB 0.44 s)
IODDR0@0.0: RM 0: cluster   3: 26.76 MB/s (16 MB 0.60 s)
IODDR0@0.0: RM 0: cluster   4: 26.35 MB/s (16 MB 0.61 s)
IODDR0@0.0: RM 0: cluster   5: 26.25 MB/s (16 MB 0.61 s)
IODDR0@0.0: RM 0: [IODDR0] waiting kernels
IODDR0@0.0: RM 0: cluster   6: 24.12 MB/s (16 MB 0.66 s)
IODDR0@0.0: RM 0: cluster   7: 23.80 MB/s (16 MB 0.67 s)
IODDR0@0.0: RM 0: cluster   8: 23.30 MB/s (16 MB 0.69 s)
IODDR0@0.0: RM 0: cluster   9: 24.10 MB/s (16 MB 0.66 s)
IODDR0@0.0: RM 0: cluster  10: 23.55 MB/s (16 MB 0.68 s)
IODDR0@0.0: RM 0: cluster  11: 25.21 MB/s (16 MB 0.63 s)
IODDR0@0.0: RM 0: cluster  12: 25.58 MB/s (16 MB 0.63 s)
IODDR0@0.0: RM 0: cluster  13: 29.51 MB/s (16 MB 0.54 s)
IODDR1@0.0: RM 0: [RMEM] booting up server
IODDR1@0.0: RM 0: [RMEM] server alive
IODDR0@0.0: RM 0: [IODDR0] spawning kernels
IODDR0@0.0: RM 0: cluster   0: 84.54 MB/s (16 MB 0.19 s)
IODDR0@0.0: RM 0: cluster   2: 38.20 MB/s (16 MB 0.42 s)
IODDR0@0.0: RM 0: cluster   1: 36.76 MB/s (16 MB 0.44 s)
IODDR0@0.0: RM 0: cluster   3: 31.54 MB/s (16 MB 0.51 s)
IODDR0@0.0: RM 0: cluster   4: 31.25 MB/s (16 MB 0.51 s)
IODDR0@0.0: RM 0: [IODDR0] waiting kernels
IODDR0@0.0: RM 0: cluster   5: 27.34 MB/s (16 MB 0.59 s)
IODDR0@0.0: RM 0: cluster   6: 26.80 MB/s (16 MB 0.60 s)
IODDR0@0.0: RM 0: cluster   7: 25.14 MB/s (16 MB 0.64 s)
IODDR0@0.0: RM 0: cluster   8: 21.97 MB/s (16 MB 0.73 s)
IODDR0@0.0: RM 0: cluster   9: 21.93 MB/s (16 MB 0.73 s)
IODDR0@0.0: RM 0: cluster  10: 23.94 MB/s (16 MB 0.67 s)
IODDR0@0.0: RM 0: cluster  11: 26.13 MB/s (16 MB 0.61 s)
IODDR0@0.0: RM 0: cluster  12: 29.39 MB/s (16 MB 0.54 s)
IODDR0@0.0: RM 0: cluster  13: 29.75 MB/s (16 MB 0.54 s)
IODDR1@0.0: RM 0: [RMEM] booting up server
IODDR1@0.0: RM 0: [RMEM] server alive
IODDR0@0.0: RM 0: [IODDR0] spawning kernels
IODDR0@0.0: RM 0: cluster   0: 70.95 MB/s (16 MB 0.23 s)
IODDR0@0.0: RM 0: cluster   1: 68.84 MB/s (16 MB 0.23 s)
IODDR0@0.0: RM 0: cluster   2: 58.24 MB/s (16 MB 0.27 s)
IODDR0@0.0: RM 0: cluster   3: 32.31 MB/s (16 MB 0.50 s)
IODDR0@0.0: RM 0: cluster   4: 31.72 MB/s (16 MB 0.50 s)
IODDR0@0.0: RM 0: cluster   5: 28.19 MB/s (16 MB 0.57 s)
IODDR0@0.0: RM 0: cluster   6: 28.17 MB/s (16 MB 0.57 s)
IODDR0@0.0: RM 0: [IODDR0] waiting kernels
IODDR0@0.0: RM 0: cluster   7: 26.86 MB/s (16 MB 0.60 s)
IODDR0@0.0: RM 0: cluster   8: 25.55 MB/s (16 MB 0.63 s)
IODDR0@0.0: RM 0: cluster   9: 25.58 MB/s (16 MB 0.63 s)
IODDR0@0.0: RM 0: cluster  10: 26.60 MB/s (16 MB 0.60 s)
IODDR0@0.0: RM 0: cluster  11: 27.92 MB/s (16 MB 0.57 s)
IODDR0@0.0: RM 0: cluster  12: 28.32 MB/s (16 MB 0.56 s)
IODDR0@0.0: RM 0: cluster  13: 33.86 MB/s (16 MB 0.47 s)
IODDR1@0.0: RM 0: [RMEM] booting up server
IODDR1@0.0: RM 0: [RMEM] server alive
IODDR0@0.0: RM 0: [IODDR0] spawning kernels
IODDR0@0.0: RM 0: cluster   0: 84.53 MB/s (16 MB 0.19 s)
IODDR0@0.0: RM 0: cluster   1: 61.04 MB/s (16 MB 0.26 s)
IODDR0@0.0: RM 0: cluster   2: 50.07 MB/s (16 MB 0.32 s)
IODDR0@0.0: RM 0: cluster   3: 51.21 MB/s (16 MB 0.31 s)
IODDR0@0.0: RM 0: cluster   4: 49.15 MB/s (16 MB 0.33 s)
IODDR0@0.0: RM 0: cluster   5: 45.12 MB/s (16 MB 0.35 s)
IODDR0@0.0: RM 0: [IODDR0] waiting kernels
IODDR0@0.0: RM 0: cluster   6: 29.81 MB/s (16 MB 0.54 s)
IODDR0@0.0: RM 0: cluster   7: 29.14 MB/s (16 MB 0.55 s)
IODDR0@0.0: RM 0: cluster   8: 29.14 MB/s (16 MB 0.55 s)
IODDR0@0.0: RM 0: cluster   9: 26.21 MB/s (16 MB 0.61 s)
IODDR0@0.0: RM 0: cluster  10: 26.16 MB/s (16 MB 0.61 s)
IODDR0@0.0: RM 0: cluster  11: 26.39 MB/s (16 MB 0.61 s)
IODDR0@0.0: RM 0: cluster  12: 32.49 MB/s (16 MB 0.49 s)
IODDR0@0.0: RM 0: cluster  13: 32.84 MB/s (16 MB 0.49 s)
IODDR1@0.0: RM 0: [RMEM] booting up server
IODDR1@0.0: RM 0: [RMEM] server alive
IODDR0@0.0: RM 0: [IODDR0] spawning kernels
IODDR0@0.0: RM 0: cluster   0: 34.90 MB/s (16 MB 0.46 s)
IODDR0@0.0: RM 0: cluster   1: 32.71 MB/s (16 MB 0.49 s)
IODDR0@0.0: RM 0: cluster   2: 32.09 MB/s (16 MB 0.50 s)
IODDR0@0.0: RM 0: cluster   3: 26.67 MB/s (16 MB 0.60 s)
IODDR0@0.0: RM 0: cluster   4: 26.53 MB/s (16 MB 0.60 s)
IODDR0@0.0: RM 0: cluster   5: 26.29 MB/s (16 MB 0.61 s)
IODDR0@0.0: RM 0: cluster   6: 26.20 MB/s (16 MB 0.61 s)
IODDR0@0.0: RM 0: [IODDR0] waiting kernels
IODDR0@0.0: RM 0: cluster   7: 22.22 MB/s (16 MB 0.72 s)
IODDR0@0.0: RM 0: cluster   8: 22.09 MB/s (16 MB 0.72 s)
IODDR0@0.0: RM 0: cluster   9: 22.59 MB/s (16 MB 0.71 s)
IODDR0@0.0: RM 0: cluster  10: 23.55 MB/s (16 MB 0.68 s)
IODDR0@0.0: RM 0: cluster  11: 23.88 MB/s (16 MB 0.67 s)
IODDR0@0.0: RM 0: cluster  12: 26.95 MB/s (16 MB 0.59 s)
IODDR0@0.0: RM 0: cluster  13: 31.41 MB/s (16 MB 0.51 s)
IODDR1@0.0: RM 0: [RMEM] booting up server
IODDR1@0.0: RM 0: [RMEM] server alive
IODDR0@0.0: RM 0: [IODDR0] spawning kernels
IODDR0@0.0: RM 0: cluster   0: 84.55 MB/s (16 MB 0.19 s)
IODDR0@0.0: RM 0: cluster   1: 52.36 MB/s (16 MB 0.31 s)
IODDR0@0.0: RM 0: cluster   2: 29.97 MB/s (16 MB 0.53 s)
IODDR0@0.0: RM 0: cluster   3: 29.50 MB/s (16 MB 0.54 s)
IODDR0@0.0: RM 0: cluster   4: 29.46 MB/s (16 MB 0.54 s)
IODDR0@0.0: RM 0: [IODDR0] waiting kernels
IODDR0@0.0: RM 0: [IODDR0] waiting kernels
IODDR0@0.0: RM 0: cluster   5: 31.03 MB/s (16 MB 0.52 s)
IODDR0@0.0: RM 0: cluster   6: 30.00 MB/s (16 MB 0.53 s)
IODDR0@0.0: RM 0: cluster   7: 27.93 MB/s (16 MB 0.57 s)
IODDR0@0.0: RM 0: cluster   8: 23.41 MB/s (16 MB 0.68 s)
IODDR0@0.0: RM 0: cluster   9: 23.35 MB/s (16 MB 0.69 s)
IODDR0@0.0: RM 0: cluster  10: 23.44 MB/s (16 MB 0.68 s)
IODDR0@0.0: RM 0: cluster  11: 25.49 MB/s (16 MB 0.63 s)
IODDR0@0.0: RM 0: cluster  12: 31.42 MB/s (16 MB 0.51 s)
IODDR0@0.0: RM 0: cluster  13: 32.17 MB/s (16 MB 0.50 s)
IODDR1@0.0: RM 0: [RMEM] booting up server
IODDR1@0.0: RM 0: [RMEM] server alive
IODDR0@0.0: RM 0: [IODDR0] spawning kernels
IODDR0@0.0: RM 0: cluster   0: 84.53 MB/s (16 MB 0.19 s)
IODDR0@0.0: RM 0: cluster   1: 49.66 MB/s (16 MB 0.32 s)
IODDR0@0.0: RM 0: cluster   2: 33.69 MB/s (16 MB 0.47 s)
IODDR0@0.0: RM 0: cluster   3: 33.47 MB/s (16 MB 0.48 s)
IODDR0@0.0: RM 0: cluster   4: 33.13 MB/s (16 MB 0.48 s)
IODDR0@0.0: RM 0: [IODDR0] waiting kernels
IODDR0@0.0: RM 0: cluster   5: 28.87 MB/s (16 MB 0.55 s)
IODDR0@0.0: RM 0: cluster   7: 25.75 MB/s (16 MB 0.62 s)
IODDR0@0.0: RM 0: cluster   6: 25.44 MB/s (16 MB 0.63 s)
IODDR0@0.0: RM 0: cluster   8: 22.08 MB/s (16 MB 0.72 s)
IODDR0@0.0: RM 0: cluster   9: 21.99 MB/s (16 MB 0.73 s)
IODDR0@0.0: RM 0: cluster  10: 22.69 MB/s (16 MB 0.71 s)
IODDR0@0.0: RM 0: cluster  11: 26.73 MB/s (16 MB 0.60 s)
IODDR0@0.0: RM 0: cluster  12: 30.56 MB/s (16 MB 0.52 s)
IODDR0@0.0: RM 0: cluster  13: 30.93 MB/s (16 MB 0.52 s)
IODDR1@0.0: RM 0: [RMEM] booting up server
IODDR1@0.0: RM 0: [RMEM] server alive
IODDR0@0.0: RM 0: [IODDR0] spawning kernels
IODDR0@0.0: RM 0: cluster   0: 84.54 MB/s (16 MB 0.19 s)
IODDR0@0.0: RM 0: cluster   1: 82.69 MB/s (16 MB 0.19 s)
IODDR0@0.0: RM 0: cluster   2: 36.27 MB/s (16 MB 0.44 s)
IODDR0@0.0: RM 0: cluster   3: 34.23 MB/s (16 MB 0.47 s)
IODDR0@0.0: RM 0: cluster   4: 33.67 MB/s (16 MB 0.48 s)
IODDR0@0.0: RM 0: cluster   5: 33.83 MB/s (16 MB 0.47 s)
IODDR0@0.0: RM 0: [IODDR0] waiting kernels
IODDR0@0.0: RM 0: [IODDR0] waiting kernels
IODDR0@0.0: RM 0: cluster   6: 33.51 MB/s (16 MB 0.48 s)
IODDR0@0.0: RM 0: cluster   7: 34.29 MB/s (16 MB 0.47 s)
IODDR0@0.0: RM 0: cluster   8: 27.82 MB/s (16 MB 0.58 s)
IODDR0@0.0: RM 0: cluster  10: 27.39 MB/s (16 MB 0.58 s)
IODDR0@0.0: RM 0: cluster   9: 27.40 MB/s (16 MB 0.58 s)
IODDR0@0.0: RM 0: cluster  11: 30.90 MB/s (16 MB 0.52 s)
IODDR0@0.0: RM 0: cluster  12: 34.28 MB/s (16 MB 0.47 s)
IODDR0@0.0: RM 0: cluster  13: 34.68 MB/s (16 MB 0.46 s)
