IODDR1@0.0: RM 0: [RMEM] booting up server
IODDR1@0.0: RM 0: [RMEM] server alive
IODDR0@0.0: RM 0: [IODDR0] spawning kernels
IODDR0@0.0: RM 0: cluster   0: 57.91 MB/s (16 MB 0.28 s)
IODDR0@0.0: RM 0: cluster   2: 57.22 MB/s (16 MB 0.28 s)
IODDR0@0.0: RM 0: cluster   1: 60.15 MB/s (16 MB 0.27 s)
IODDR0@0.0: RM 0: cluster   3: 74.09 MB/s (16 MB 0.22 s)
IODDR0@0.0: RM 0: cluster   4: 69.40 MB/s (16 MB 0.23 s)
IODDR0@0.0: RM 0: [IODDR0] waiting kernels
IODDR0@0.0: RM 0: cluster   5: 45.67 MB/s (16 MB 0.35 s)
IODDR0@0.0: RM 0: cluster   6: 32.37 MB/s (16 MB 0.49 s)
IODDR0@0.0: RM 0: cluster   7: 30.30 MB/s (16 MB 0.53 s)
IODDR0@0.0: RM 0: cluster   8: 30.13 MB/s (16 MB 0.53 s)
IODDR0@0.0: RM 0: cluster   9: 32.31 MB/s (16 MB 0.50 s)
IODDR0@0.0: RM 0: cluster  10: 42.16 MB/s (16 MB 0.38 s)
IODDR0@0.0: RM 0: cluster  11: 42.80 MB/s (16 MB 0.37 s)
IODDR1@0.0: RM 0: [RMEM] booting up server
IODDR1@0.0: RM 0: [RMEM] server alive
IODDR0@0.0: RM 0: [IODDR0] spawning kernels
IODDR0@0.0: RM 0: cluster   0: 77.80 MB/s (16 MB 0.21 s)
IODDR0@0.0: RM 0: cluster   1: 77.61 MB/s (16 MB 0.21 s)
IODDR0@0.0: RM 0: cluster   2: 66.33 MB/s (16 MB 0.24 s)
IODDR0@0.0: RM 0: [IODDR0] waiting kernels
IODDR0@0.0: RM 0: [IODDR0] waiting kernels
IODDR0@0.0: RM 0: cluster   3: 35.83 MB/s (16 MB 0.45 s)
IODDR0@0.0: RM 0: cluster   4: 34.92 MB/s (16 MB 0.46 s)
IODDR0@0.0: RM 0: cluster   5: 31.00 MB/s (16 MB 0.52 s)
IODDR0@0.0: RM 0: cluster   6: 30.99 MB/s (16 MB 0.52 s)
IODDR0@0.0: RM 0: cluster   7: 35.26 MB/s (16 MB 0.45 s)
IODDR0@0.0: RM 0: cluster   8: 38.15 MB/s (16 MB 0.42 s)
IODDR0@0.0: RM 0: cluster   9: 43.17 MB/s (16 MB 0.37 s)
IODDR0@0.0: RM 0: cluster  10: 43.37 MB/s (16 MB 0.37 s)
IODDR0@0.0: RM 0: cluster  11: 43.80 MB/s (16 MB 0.37 s)
IODDR1@0.0: RM 0: [RMEM] booting up server
IODDR1@0.0: RM 0: [RMEM] server alive
IODDR0@0.0: RM 0: [IODDR0] spawning kernels
IODDR0@0.0: RM 0: cluster   0: 84.34 MB/s (16 MB 0.19 s)
IODDR0@0.0: RM 0: cluster   2: 50.80 MB/s (16 MB 0.31 s)
IODDR0@0.0: RM 0: cluster   1: 48.80 MB/s (16 MB 0.33 s)
IODDR0@0.0: RM 0: cluster   3: 48.70 MB/s (16 MB 0.33 s)
IODDR0@0.0: RM 0: cluster   4: 49.25 MB/s (16 MB 0.32 s)
IODDR0@0.0: RM 0: [IODDR0] waiting kernels
IODDR0@0.0: RM 0: cluster   5: 55.19 MB/s (16 MB 0.29 s)
IODDR0@0.0: RM 0: cluster   6: 32.13 MB/s (16 MB 0.50 s)
IODDR0@0.0: RM 0: cluster   7: 31.40 MB/s (16 MB 0.51 s)
IODDR0@0.0: RM 0: cluster   8: 31.06 MB/s (16 MB 0.52 s)
IODDR0@0.0: RM 0: cluster   9: 33.39 MB/s (16 MB 0.48 s)
IODDR0@0.0: RM 0: cluster  10: 43.27 MB/s (16 MB 0.37 s)
IODDR0@0.0: RM 0: cluster  11: 43.93 MB/s (16 MB 0.36 s)
IODDR1@0.0: RM 0: [RMEM] booting up server
IODDR1@0.0: RM 0: [RMEM] server alive
IODDR0@0.0: RM 0: [IODDR0] spawning kernels
IODDR0@0.0: RM 0: cluster   0: 77.77 MB/s (16 MB 0.21 s)
IODDR0@0.0: RM 0: cluster   1: 70.51 MB/s (16 MB 0.23 s)
IODDR0@0.0: RM 0: cluster   2: 49.04 MB/s (16 MB 0.33 s)
IODDR0@0.0: RM 0: [IODDR0] waiting kernels
IODDR0@0.0: RM 0: [IODDR0] waiting kernels
IODDR0@0.0: RM 0: cluster   3: 32.68 MB/s (16 MB 0.49 s)
IODDR0@0.0: RM 0: cluster   5: 31.90 MB/s (16 MB 0.50 s)
IODDR0@0.0: RM 0: cluster   4: 31.55 MB/s (16 MB 0.51 s)
IODDR0@0.0: RM 0: cluster   6: 29.59 MB/s (16 MB 0.54 s)
IODDR0@0.0: RM 0: cluster   7: 29.25 MB/s (16 MB 0.55 s)
IODDR0@0.0: RM 0: cluster   9: 31.68 MB/s (16 MB 0.51 s)
IODDR0@0.0: RM 0: cluster   8: 32.05 MB/s (16 MB 0.50 s)
IODDR0@0.0: RM 0: cluster  10: 41.26 MB/s (16 MB 0.39 s)
IODDR0@0.0: RM 0: cluster  11: 43.02 MB/s (16 MB 0.37 s)
IODDR1@0.0: RM 0: [RMEM] booting up server
IODDR1@0.0: RM 0: [RMEM] server alive
IODDR0@0.0: RM 0: [IODDR0] spawning kernels
IODDR0@0.0: RM 0: cluster   0: 84.35 MB/s (16 MB 0.19 s)
IODDR0@0.0: RM 0: cluster   1: 77.53 MB/s (16 MB 0.21 s)
IODDR0@0.0: RM 0: cluster   2: 71.37 MB/s (16 MB 0.22 s)
IODDR0@0.0: RM 0: cluster   3: 69.97 MB/s (16 MB 0.23 s)
IODDR0@0.0: RM 0: cluster   4: 55.07 MB/s (16 MB 0.29 s)
IODDR0@0.0: RM 0: cluster   5: 44.93 MB/s (16 MB 0.36 s)
IODDR0@0.0: RM 0: cluster   6: 44.67 MB/s (16 MB 0.36 s)
IODDR0@0.0: RM 0: cluster   7: 45.04 MB/s (16 MB 0.36 s)
IODDR0@0.0: RM 0: [IODDR0] waiting kernels
IODDR0@0.0: RM 0: cluster   8: 43.31 MB/s (16 MB 0.37 s)
IODDR0@0.0: RM 0: cluster   9: 42.82 MB/s (16 MB 0.37 s)
IODDR0@0.0: RM 0: cluster  10: 47.53 MB/s (16 MB 0.34 s)
IODDR0@0.0: RM 0: cluster  11: 56.52 MB/s (16 MB 0.28 s)
IODDR1@0.0: RM 0: [RMEM] booting up server
IODDR1@0.0: RM 0: [RMEM] server alive
IODDR0@0.0: RM 0: [IODDR0] spawning kernels
IODDR0@0.0: RM 0: cluster   0: 84.33 MB/s (16 MB 0.19 s)
IODDR0@0.0: RM 0: cluster   1: 58.23 MB/s (16 MB 0.27 s)
IODDR0@0.0: RM 0: cluster   2: 42.35 MB/s (16 MB 0.38 s)
IODDR0@0.0: RM 0: cluster   3: 40.62 MB/s (16 MB 0.39 s)
IODDR0@0.0: RM 0: cluster   4: 40.61 MB/s (16 MB 0.39 s)
IODDR0@0.0: RM 0: [IODDR0] waiting kernels
IODDR0@0.0: RM 0: [IODDR0] waiting kernels
IODDR0@0.0: RM 0: cluster   5: 41.65 MB/s (16 MB 0.38 s)
IODDR0@0.0: RM 0: cluster   6: 41.58 MB/s (16 MB 0.38 s)
IODDR0@0.0: RM 0: cluster   7: 33.89 MB/s (16 MB 0.47 s)
IODDR0@0.0: RM 0: cluster   8: 31.19 MB/s (16 MB 0.51 s)
IODDR0@0.0: RM 0: cluster   9: 31.54 MB/s (16 MB 0.51 s)
IODDR0@0.0: RM 0: cluster  10: 37.09 MB/s (16 MB 0.43 s)
IODDR0@0.0: RM 0: cluster  11: 44.18 MB/s (16 MB 0.36 s)
IODDR1@0.0: RM 0: [RMEM] booting up server
IODDR1@0.0: RM 0: [RMEM] server alive
IODDR0@0.0: RM 0: [IODDR0] spawning kernels
IODDR0@0.0: RM 0: cluster   0: 84.33 MB/s (16 MB 0.19 s)
IODDR0@0.0: RM 0: cluster   1: 77.52 MB/s (16 MB 0.21 s)
IODDR0@0.0: RM 0: cluster   2: 70.87 MB/s (16 MB 0.23 s)
IODDR0@0.0: RM 0: cluster   3: 46.38 MB/s (16 MB 0.34 s)
IODDR0@0.0: RM 0: [IODDR0] waiting kernels
IODDR0@0.0: RM 0: cluster   4: 32.32 MB/s (16 MB 0.50 s)
IODDR0@0.0: RM 0: cluster   5: 31.53 MB/s (16 MB 0.51 s)
IODDR0@0.0: RM 0: cluster   6: 30.85 MB/s (16 MB 0.52 s)
IODDR0@0.0: RM 0: cluster   7: 30.02 MB/s (16 MB 0.53 s)
IODDR0@0.0: RM 0: cluster   8: 30.70 MB/s (16 MB 0.52 s)
IODDR0@0.0: RM 0: cluster   9: 33.61 MB/s (16 MB 0.48 s)
IODDR0@0.0: RM 0: cluster  10: 33.97 MB/s (16 MB 0.47 s)
IODDR0@0.0: RM 0: cluster  11: 40.16 MB/s (16 MB 0.40 s)
IODDR1@0.0: RM 0: [RMEM] booting up server
IODDR1@0.0: RM 0: [RMEM] server alive
IODDR0@0.0: RM 0: [IODDR0] spawning kernels
IODDR0@0.0: RM 0: cluster   0: 84.34 MB/s (16 MB 0.19 s)
IODDR0@0.0: RM 0: cluster   1: 77.52 MB/s (16 MB 0.21 s)
IODDR0@0.0: RM 0: cluster   2: 71.34 MB/s (16 MB 0.22 s)
IODDR0@0.0: RM 0: cluster   3: 69.94 MB/s (16 MB 0.23 s)
IODDR0@0.0: RM 0: cluster   4: 55.46 MB/s (16 MB 0.29 s)
IODDR0@0.0: RM 0: [IODDR0] waiting kernels
IODDR0@0.0: RM 0: [IODDR0] waiting kernels
IODDR0@0.0: RM 0: cluster   5: 41.97 MB/s (16 MB 0.38 s)
IODDR0@0.0: RM 0: cluster   6: 40.37 MB/s (16 MB 0.40 s)
IODDR0@0.0: RM 0: cluster   7: 40.25 MB/s (16 MB 0.40 s)
IODDR0@0.0: RM 0: cluster   8: 43.25 MB/s (16 MB 0.37 s)
IODDR0@0.0: RM 0: cluster   9: 46.65 MB/s (16 MB 0.34 s)
IODDR0@0.0: RM 0: cluster  10: 56.21 MB/s (16 MB 0.28 s)
IODDR0@0.0: RM 0: cluster  11: 57.64 MB/s (16 MB 0.28 s)
IODDR1@0.0: RM 0: [RMEM] booting up server
IODDR1@0.0: RM 0: [RMEM] server alive
IODDR0@0.0: RM 0: [IODDR0] spawning kernels
IODDR0@0.0: RM 0: cluster   0: 84.33 MB/s (16 MB 0.19 s)
IODDR0@0.0: RM 0: cluster   1: 83.97 MB/s (16 MB 0.19 s)
IODDR0@0.0: RM 0: cluster   2: 42.92 MB/s (16 MB 0.37 s)
IODDR0@0.0: RM 0: cluster   3: 40.42 MB/s (16 MB 0.40 s)
IODDR0@0.0: RM 0: cluster   4: 39.63 MB/s (16 MB 0.40 s)
IODDR0@0.0: RM 0: cluster   5: 48.30 MB/s (16 MB 0.33 s)
IODDR0@0.0: RM 0: cluster   6: 49.57 MB/s (16 MB 0.32 s)
IODDR0@0.0: RM 0: [IODDR0] waiting kernels
IODDR0@0.0: RM 0: cluster   8: 44.69 MB/s (16 MB 0.36 s)
IODDR0@0.0: RM 0: cluster   7: 43.27 MB/s (16 MB 0.37 s)
IODDR0@0.0: RM 0: cluster   9: 37.21 MB/s (16 MB 0.43 s)
IODDR0@0.0: RM 0: cluster  10: 37.63 MB/s (16 MB 0.43 s)
IODDR0@0.0: RM 0: cluster  11: 46.21 MB/s (16 MB 0.35 s)
IODDR1@0.0: RM 0: [RMEM] booting up server
IODDR1@0.0: RM 0: [RMEM] server alive
IODDR0@0.0: RM 0: [IODDR0] spawning kernels
IODDR0@0.0: RM 0: cluster   0: 84.34 MB/s (16 MB 0.19 s)
IODDR0@0.0: RM 0: cluster   1: 77.52 MB/s (16 MB 0.21 s)
IODDR0@0.0: RM 0: cluster   2: 71.38 MB/s (16 MB 0.22 s)
IODDR0@0.0: RM 0: cluster   3: 69.50 MB/s (16 MB 0.23 s)
IODDR0@0.0: RM 0: cluster   4: 68.70 MB/s (16 MB 0.23 s)
IODDR0@0.0: RM 0: [IODDR0] waiting kernels
IODDR0@0.0: RM 0: [IODDR0] waiting kernels
IODDR0@0.0: RM 0: cluster   5: 57.56 MB/s (16 MB 0.28 s)
IODDR0@0.0: RM 0: cluster   6: 45.90 MB/s (16 MB 0.35 s)
IODDR0@0.0: RM 0: cluster   7: 45.89 MB/s (16 MB 0.35 s)
IODDR0@0.0: RM 0: cluster   8: 51.72 MB/s (16 MB 0.31 s)
IODDR0@0.0: RM 0: cluster   9: 57.77 MB/s (16 MB 0.28 s)
IODDR0@0.0: RM 0: cluster  10: 55.66 MB/s (16 MB 0.29 s)
IODDR0@0.0: RM 0: cluster  11: 56.19 MB/s (16 MB 0.28 s)
