IODDR1@0.0: RM 0: [RMEM] booting up server
IODDR1@0.0: RM 0: [RMEM] server alive
IODDR0@0.0: RM 0: [IODDR0] spawning kernels
IODDR0@0.0: RM 0: cluster   0: 78.49 MB/s (16 MB 0.20 s)
IODDR0@0.0: RM 0: cluster   1: 71.57 MB/s (16 MB 0.22 s)
IODDR0@0.0: RM 0: cluster   2: 76.42 MB/s (16 MB 0.21 s)
IODDR0@0.0: RM 0: [IODDR0] waiting kernels
IODDR0@0.0: RM 0: cluster   3: 40.88 MB/s (16 MB 0.39 s)
IODDR0@0.0: RM 0: cluster   4: 39.49 MB/s (16 MB 0.41 s)
IODDR0@0.0: RM 0: cluster   5: 39.48 MB/s (16 MB 0.41 s)
IODDR0@0.0: RM 0: cluster   6: 45.42 MB/s (16 MB 0.35 s)
IODDR1@0.0: RM 0: [RMEM] booting up server
IODDR1@0.0: RM 0: [RMEM] server alive
IODDR0@0.0: RM 0: [IODDR0] spawning kernels
IODDR0@0.0: RM 0: cluster   0: 84.53 MB/s (16 MB 0.19 s)
IODDR0@0.0: RM 0: [IODDR0] waiting kernels
IODDR0@0.0: RM 0: cluster   1: 48.97 MB/s (16 MB 0.33 s)
IODDR0@0.0: RM 0: cluster   2: 47.13 MB/s (16 MB 0.34 s)
IODDR0@0.0: RM 0: cluster   3: 36.11 MB/s (16 MB 0.44 s)
IODDR0@0.0: RM 0: cluster   4: 36.08 MB/s (16 MB 0.44 s)
IODDR0@0.0: RM 0: cluster   5: 46.55 MB/s (16 MB 0.34 s)
IODDR0@0.0: RM 0: cluster   6: 47.04 MB/s (16 MB 0.34 s)
IODDR1@0.0: RM 0: [RMEM] booting up server
IODDR1@0.0: RM 0: [RMEM] server alive
IODDR0@0.0: RM 0: [IODDR0] spawning kernels
IODDR0@0.0: RM 0: cluster   0: 84.54 MB/s (16 MB 0.19 s)
IODDR0@0.0: RM 0: [IODDR0] waiting kernels
IODDR0@0.0: RM 0: cluster   2: 58.40 MB/s (16 MB 0.27 s)
IODDR0@0.0: RM 0: cluster   1: 34.99 MB/s (16 MB 0.46 s)
IODDR0@0.0: RM 0: cluster   3: 33.81 MB/s (16 MB 0.47 s)
IODDR0@0.0: RM 0: cluster   4: 33.78 MB/s (16 MB 0.47 s)
IODDR0@0.0: RM 0: cluster   5: 41.63 MB/s (16 MB 0.38 s)
IODDR0@0.0: RM 0: cluster   6: 42.18 MB/s (16 MB 0.38 s)
IODDR1@0.0: RM 0: [RMEM] booting up server
IODDR1@0.0: RM 0: [RMEM] server alive
IODDR0@0.0: RM 0: [IODDR0] spawning kernels
IODDR0@0.0: RM 0: cluster   0: 77.91 MB/s (16 MB 0.21 s)
IODDR0@0.0: RM 0: cluster   1: 77.75 MB/s (16 MB 0.21 s)
IODDR0@0.0: RM 0: [IODDR0] waiting kernels
IODDR0@0.0: RM 0: cluster   2: 57.08 MB/s (16 MB 0.28 s)
IODDR0@0.0: RM 0: cluster   3: 35.20 MB/s (16 MB 0.45 s)
IODDR0@0.0: RM 0: cluster   4: 34.56 MB/s (16 MB 0.46 s)
IODDR0@0.0: RM 0: cluster   5: 34.75 MB/s (16 MB 0.46 s)
IODDR0@0.0: RM 0: cluster   6: 40.90 MB/s (16 MB 0.39 s)
IODDR1@0.0: RM 0: [RMEM] booting up server
IODDR1@0.0: RM 0: [RMEM] server alive
IODDR0@0.0: RM 0: [IODDR0] spawning kernels
IODDR0@0.0: RM 0: [IODDR0] waiting kernels
IODDR0@0.0: RM 0: cluster   0: 56.23 MB/s (16 MB 0.28 s)
IODDR0@0.0: RM 0: cluster   1: 53.78 MB/s (16 MB 0.30 s)
IODDR0@0.0: RM 0: cluster   2: 53.72 MB/s (16 MB 0.30 s)
IODDR0@0.0: RM 0: cluster   3: 61.33 MB/s (16 MB 0.26 s)
IODDR0@0.0: RM 0: cluster   4: 45.80 MB/s (16 MB 0.35 s)
IODDR0@0.0: RM 0: cluster   5: 45.76 MB/s (16 MB 0.35 s)
IODDR0@0.0: RM 0: cluster   6: 46.20 MB/s (16 MB 0.35 s)
IODDR1@0.0: RM 0: [RMEM] booting up server
IODDR1@0.0: RM 0: [RMEM] server alive
IODDR0@0.0: RM 0: [IODDR0] spawning kernels
IODDR0@0.0: RM 0: cluster   0: 84.53 MB/s (16 MB 0.19 s)
IODDR0@0.0: RM 0: [IODDR0] waiting kernels
IODDR0@0.0: RM 0: [IODDR0] waiting kernels
IODDR0@0.0: RM 0: cluster   1: 69.54 MB/s (16 MB 0.23 s)
IODDR0@0.0: RM 0: cluster   2: 69.34 MB/s (16 MB 0.23 s)
IODDR0@0.0: RM 0: cluster   3: 69.43 MB/s (16 MB 0.23 s)
IODDR0@0.0: RM 0: cluster   4: 69.55 MB/s (16 MB 0.23 s)
IODDR0@0.0: RM 0: cluster   5: 67.86 MB/s (16 MB 0.24 s)
IODDR0@0.0: RM 0: cluster   6: 67.90 MB/s (16 MB 0.24 s)
IODDR1@0.0: RM 0: [RMEM] booting up server
IODDR1@0.0: RM 0: [RMEM] server alive
IODDR0@0.0: RM 0: [IODDR0] spawning kernels
IODDR0@0.0: RM 0: cluster   0: 84.55 MB/s (16 MB 0.19 s)
IODDR0@0.0: RM 0: [IODDR0] waiting kernels
IODDR0@0.0: RM 0: cluster   1: 44.19 MB/s (16 MB 0.36 s)
IODDR0@0.0: RM 0: cluster   2: 40.55 MB/s (16 MB 0.39 s)
IODDR0@0.0: RM 0: cluster   3: 31.48 MB/s (16 MB 0.51 s)
IODDR0@0.0: RM 0: cluster   4: 31.46 MB/s (16 MB 0.51 s)
IODDR0@0.0: RM 0: cluster   5: 35.20 MB/s (16 MB 0.45 s)
IODDR0@0.0: RM 0: cluster   6: 35.65 MB/s (16 MB 0.45 s)
IODDR1@0.0: RM 0: [RMEM] booting up server
IODDR1@0.0: RM 0: [RMEM] server alive
IODDR0@0.0: RM 0: [IODDR0] spawning kernels
IODDR0@0.0: RM 0: [IODDR0] waiting kernels
IODDR0@0.0: RM 0: [IODDR0] waiting kernels
IODDR0@0.0: RM 0: cluster   0: 77.86 MB/s (16 MB 0.21 s)
IODDR0@0.0: RM 0: cluster   1: 77.67 MB/s (16 MB 0.21 s)
IODDR0@0.0: RM 0: cluster   2: 66.78 MB/s (16 MB 0.24 s)
IODDR0@0.0: RM 0: cluster   3: 39.34 MB/s (16 MB 0.41 s)
IODDR0@0.0: RM 0: cluster   4: 38.95 MB/s (16 MB 0.41 s)
IODDR0@0.0: RM 0: cluster   5: 42.39 MB/s (16 MB 0.38 s)
IODDR0@0.0: RM 0: cluster   6: 43.19 MB/s (16 MB 0.37 s)
IODDR1@0.0: RM 0: [RMEM] booting up server
IODDR1@0.0: RM 0: [RMEM] server alive
IODDR0@0.0: RM 0: [IODDR0] spawning kernels
IODDR0@0.0: RM 0: cluster   0: 84.55 MB/s (16 MB 0.19 s)
IODDR0@0.0: RM 0: [IODDR0] waiting kernels
IODDR0@0.0: RM 0: cluster   2: 58.40 MB/s (16 MB 0.27 s)
IODDR0@0.0: RM 0: cluster   1: 35.13 MB/s (16 MB 0.46 s)
IODDR0@0.0: RM 0: cluster   3: 33.95 MB/s (16 MB 0.47 s)
IODDR0@0.0: RM 0: cluster   4: 33.91 MB/s (16 MB 0.47 s)
IODDR0@0.0: RM 0: cluster   5: 41.85 MB/s (16 MB 0.38 s)
IODDR0@0.0: RM 0: cluster   6: 42.90 MB/s (16 MB 0.37 s)
IODDR1@0.0: RM 0: [RMEM] booting up server
IODDR1@0.0: RM 0: [RMEM] server alive
IODDR0@0.0: RM 0: [IODDR0] spawning kernels
IODDR0@0.0: RM 0: cluster   0: 77.85 MB/s (16 MB 0.21 s)
IODDR0@0.0: RM 0: cluster   1: 77.70 MB/s (16 MB 0.21 s)
IODDR0@0.0: RM 0: [IODDR0] waiting kernels
IODDR0@0.0: RM 0: cluster   2: 57.71 MB/s (16 MB 0.28 s)
IODDR0@0.0: RM 0: cluster   4: 35.42 MB/s (16 MB 0.45 s)
IODDR0@0.0: RM 0: cluster   3: 34.80 MB/s (16 MB 0.46 s)
IODDR0@0.0: RM 0: cluster   5: 35.19 MB/s (16 MB 0.45 s)
IODDR0@0.0: RM 0: cluster   6: 41.07 MB/s (16 MB 0.39 s)
