IODDR1@0.0: RM 0: [RMEM] booting up server
IODDR1@0.0: RM 0: [RMEM] server alive
IODDR0@0.0: RM 0: [IODDR0] spawning kernels
IODDR0@0.0: RM 0: cluster   0: 82.81 MB/s (16 MB 0.19 s)
IODDR0@0.0: RM 0: cluster   2: 80.28 MB/s (16 MB 0.20 s)
IODDR0@0.0: RM 0: cluster   1: 80.17 MB/s (16 MB 0.20 s)
IODDR0@0.0: RM 0: cluster   3: 51.11 MB/s (16 MB 0.31 s)
IODDR0@0.0: RM 0: cluster   4: 50.38 MB/s (16 MB 0.32 s)
IODDR0@0.0: RM 0: cluster   5: 50.35 MB/s (16 MB 0.32 s)
IODDR0@0.0: RM 0: cluster   6: 69.85 MB/s (16 MB 0.23 s)
IODDR0@0.0: RM 0: cluster   7: 58.43 MB/s (16 MB 0.27 s)
IODDR0@0.0: RM 0: cluster   8: 55.76 MB/s (16 MB 0.29 s)
IODDR0@0.0: RM 0: cluster   9: 46.25 MB/s (16 MB 0.35 s)
IODDR0@0.0: RM 0: cluster  10: 46.97 MB/s (16 MB 0.34 s)
IODDR0@0.0: RM 0: [IODDR0] waiting kernels
IODDR0@0.0: RM 0: cluster  11: 56.00 MB/s (16 MB 0.29 s)
IODDR0@0.0: RM 0: cluster  12: 61.15 MB/s (16 MB 0.26 s)
IODDR0@0.0: RM 0: cluster  13: 61.12 MB/s (16 MB 0.26 s)
IODDR0@0.0: RM 0: cluster  14: 66.61 MB/s (16 MB 0.24 s)
IODDR1@0.0: RM 0: [RMEM] booting up server
IODDR1@0.0: RM 0: [RMEM] server alive
IODDR0@0.0: RM 0: [IODDR0] spawning kernels
IODDR0@0.0: RM 0: cluster   0: 82.81 MB/s (16 MB 0.19 s)
IODDR0@0.0: RM 0: cluster   1: 80.43 MB/s (16 MB 0.20 s)
IODDR0@0.0: RM 0: cluster   2: 78.33 MB/s (16 MB 0.20 s)
IODDR0@0.0: RM 0: cluster   3: 78.12 MB/s (16 MB 0.20 s)
IODDR0@0.0: RM 0: cluster   4: 66.41 MB/s (16 MB 0.24 s)
IODDR0@0.0: RM 0: cluster   5: 54.99 MB/s (16 MB 0.29 s)
IODDR0@0.0: RM 0: cluster   6: 55.00 MB/s (16 MB 0.29 s)
IODDR0@0.0: RM 0: cluster   7: 63.86 MB/s (16 MB 0.25 s)
IODDR0@0.0: RM 0: cluster   8: 79.92 MB/s (16 MB 0.20 s)
IODDR0@0.0: RM 0: [IODDR0] waiting kernels
IODDR0@0.0: RM 0: [IODDR0] waiting kernels
IODDR0@0.0: RM 0: cluster   9: 66.78 MB/s (16 MB 0.24 s)
IODDR0@0.0: RM 0: cluster  10: 65.84 MB/s (16 MB 0.24 s)
IODDR0@0.0: RM 0: cluster  11: 66.12 MB/s (16 MB 0.24 s)
IODDR0@0.0: RM 0: cluster  12: 69.26 MB/s (16 MB 0.23 s)
IODDR0@0.0: RM 0: cluster  13: 66.63 MB/s (16 MB 0.24 s)
IODDR0@0.0: RM 0: cluster  14: 66.79 MB/s (16 MB 0.24 s)
IODDR1@0.0: RM 0: [RMEM] booting up server
IODDR1@0.0: RM 0: [RMEM] server alive
IODDR0@0.0: RM 0: [IODDR0] spawning kernels
IODDR0@0.0: RM 0: cluster   0: 82.80 MB/s (16 MB 0.19 s)
IODDR0@0.0: RM 0: cluster   2: 61.70 MB/s (16 MB 0.26 s)
IODDR0@0.0: RM 0: cluster   1: 44.63 MB/s (16 MB 0.36 s)
IODDR0@0.0: RM 0: cluster   3: 43.43 MB/s (16 MB 0.37 s)
IODDR0@0.0: RM 0: cluster   4: 43.40 MB/s (16 MB 0.37 s)
IODDR0@0.0: RM 0: cluster   5: 52.38 MB/s (16 MB 0.31 s)
IODDR0@0.0: RM 0: cluster   6: 57.10 MB/s (16 MB 0.28 s)
IODDR0@0.0: RM 0: cluster   7: 49.26 MB/s (16 MB 0.32 s)
IODDR0@0.0: RM 0: cluster   8: 50.07 MB/s (16 MB 0.32 s)
IODDR0@0.0: RM 0: [IODDR0] waiting kernels
IODDR0@0.0: RM 0: [IODDR0] waiting kernels
IODDR0@0.0: RM 0: cluster   9: 58.97 MB/s (16 MB 0.27 s)
IODDR0@0.0: RM 0: cluster  10: 64.50 MB/s (16 MB 0.25 s)
IODDR0@0.0: RM 0: cluster  11: 64.47 MB/s (16 MB 0.25 s)
IODDR0@0.0: RM 0: cluster  12: 69.34 MB/s (16 MB 0.23 s)
IODDR0@0.0: RM 0: cluster  13: 77.14 MB/s (16 MB 0.21 s)
IODDR0@0.0: RM 0: cluster  14: 77.42 MB/s (16 MB 0.21 s)
IODDR1@0.0: RM 0: [RMEM] booting up server
IODDR1@0.0: RM 0: [RMEM] server alive
IODDR0@0.0: RM 0: [IODDR0] spawning kernels
IODDR0@0.0: RM 0: cluster   0: 80.67 MB/s (16 MB 0.20 s)
IODDR0@0.0: RM 0: cluster   1: 78.11 MB/s (16 MB 0.20 s)
IODDR0@0.0: RM 0: cluster   2: 77.95 MB/s (16 MB 0.21 s)
IODDR0@0.0: RM 0: cluster   3: 66.54 MB/s (16 MB 0.24 s)
IODDR0@0.0: RM 0: cluster   4: 53.83 MB/s (16 MB 0.30 s)
IODDR0@0.0: RM 0: cluster   5: 52.47 MB/s (16 MB 0.30 s)
IODDR0@0.0: RM 0: cluster   6: 59.41 MB/s (16 MB 0.27 s)
IODDR0@0.0: RM 0: cluster   7: 71.88 MB/s (16 MB 0.22 s)
IODDR0@0.0: RM 0: [IODDR0] waiting kernels
IODDR0@0.0: RM 0: cluster   8: 46.94 MB/s (16 MB 0.34 s)
IODDR0@0.0: RM 0: cluster   9: 45.69 MB/s (16 MB 0.35 s)
IODDR0@0.0: RM 0: cluster  10: 45.68 MB/s (16 MB 0.35 s)
IODDR0@0.0: RM 0: cluster  11: 53.31 MB/s (16 MB 0.30 s)
IODDR0@0.0: RM 0: cluster  12: 67.59 MB/s (16 MB 0.24 s)
IODDR0@0.0: RM 0: cluster  13: 66.81 MB/s (16 MB 0.24 s)
IODDR0@0.0: RM 0: cluster  14: 67.26 MB/s (16 MB 0.24 s)
IODDR1@0.0: RM 0: [RMEM] booting up server
IODDR1@0.0: RM 0: [RMEM] server alive
IODDR0@0.0: RM 0: [IODDR0] spawning kernels
IODDR0@0.0: RM 0: cluster   0: 82.81 MB/s (16 MB 0.19 s)
IODDR0@0.0: RM 0: cluster   1: 80.60 MB/s (16 MB 0.20 s)
IODDR0@0.0: RM 0: cluster   2: 66.77 MB/s (16 MB 0.24 s)
IODDR0@0.0: RM 0: cluster   3: 52.24 MB/s (16 MB 0.31 s)
IODDR0@0.0: RM 0: cluster   4: 50.96 MB/s (16 MB 0.31 s)
IODDR0@0.0: RM 0: cluster   5: 57.44 MB/s (16 MB 0.28 s)
IODDR0@0.0: RM 0: cluster   6: 68.29 MB/s (16 MB 0.23 s)
IODDR0@0.0: RM 0: cluster   7: 69.08 MB/s (16 MB 0.23 s)
IODDR0@0.0: RM 0: cluster   8: 56.54 MB/s (16 MB 0.28 s)
IODDR0@0.0: RM 0: cluster   9: 56.53 MB/s (16 MB 0.28 s)
IODDR0@0.0: RM 0: cluster  10: 64.96 MB/s (16 MB 0.25 s)
IODDR0@0.0: RM 0: [IODDR0] waiting kernels
IODDR0@0.0: RM 0: cluster  11: 66.91 MB/s (16 MB 0.24 s)
IODDR0@0.0: RM 0: cluster  12: 66.89 MB/s (16 MB 0.24 s)
IODDR0@0.0: RM 0: cluster  13: 67.66 MB/s (16 MB 0.24 s)
IODDR0@0.0: RM 0: cluster  14: 79.68 MB/s (16 MB 0.20 s)
IODDR1@0.0: RM 0: [RMEM] booting up server
IODDR1@0.0: RM 0: [RMEM] server alive
IODDR0@0.0: RM 0: [IODDR0] spawning kernels
IODDR0@0.0: RM 0: cluster   0: 82.81 MB/s (16 MB 0.19 s)
IODDR0@0.0: RM 0: cluster   1: 80.64 MB/s (16 MB 0.20 s)
IODDR0@0.0: RM 0: cluster   2: 78.57 MB/s (16 MB 0.20 s)
IODDR0@0.0: RM 0: cluster   3: 78.18 MB/s (16 MB 0.20 s)
IODDR0@0.0: RM 0: cluster   4: 80.22 MB/s (16 MB 0.20 s)
IODDR0@0.0: RM 0: cluster   5: 47.41 MB/s (16 MB 0.34 s)
IODDR0@0.0: RM 0: cluster   6: 46.02 MB/s (16 MB 0.35 s)
IODDR0@0.0: RM 0: cluster   7: 46.04 MB/s (16 MB 0.35 s)
IODDR0@0.0: RM 0: cluster   8: 52.67 MB/s (16 MB 0.30 s)
IODDR0@0.0: RM 0: [IODDR0] waiting kernels
IODDR0@0.0: RM 0: [IODDR0] waiting kernels
IODDR0@0.0: RM 0: cluster   9: 67.56 MB/s (16 MB 0.24 s)
IODDR0@0.0: RM 0: cluster  10: 57.66 MB/s (16 MB 0.28 s)
IODDR0@0.0: RM 0: cluster  11: 57.65 MB/s (16 MB 0.28 s)
IODDR0@0.0: RM 0: cluster  12: 66.68 MB/s (16 MB 0.24 s)
IODDR0@0.0: RM 0: cluster  13: 77.11 MB/s (16 MB 0.21 s)
IODDR0@0.0: RM 0: cluster  14: 77.60 MB/s (16 MB 0.21 s)
IODDR1@0.0: RM 0: [RMEM] booting up server
IODDR1@0.0: RM 0: [RMEM] server alive
IODDR0@0.0: RM 0: [IODDR0] spawning kernels
IODDR0@0.0: RM 0: cluster   0: 69.00 MB/s (16 MB 0.23 s)
IODDR0@0.0: RM 0: cluster   1: 54.27 MB/s (16 MB 0.29 s)
IODDR0@0.0: RM 0: cluster   2: 54.29 MB/s (16 MB 0.29 s)
IODDR0@0.0: RM 0: cluster   3: 59.05 MB/s (16 MB 0.27 s)
IODDR0@0.0: RM 0: cluster   4: 43.17 MB/s (16 MB 0.37 s)
IODDR0@0.0: RM 0: cluster   5: 40.66 MB/s (16 MB 0.39 s)
IODDR0@0.0: RM 0: cluster   6: 40.64 MB/s (16 MB 0.39 s)
IODDR0@0.0: RM 0: cluster   7: 45.93 MB/s (16 MB 0.35 s)
IODDR0@0.0: RM 0: cluster   8: 56.70 MB/s (16 MB 0.28 s)
IODDR0@0.0: RM 0: [IODDR0] waiting kernels
IODDR0@0.0: RM 0: [IODDR0] waiting kernels
IODDR0@0.0: RM 0: cluster  10: 67.24 MB/s (16 MB 0.24 s)
IODDR0@0.0: RM 0: cluster   9: 56.72 MB/s (16 MB 0.28 s)
IODDR0@0.0: RM 0: cluster  11: 56.73 MB/s (16 MB 0.28 s)
IODDR0@0.0: RM 0: cluster  12: 65.69 MB/s (16 MB 0.24 s)
IODDR0@0.0: RM 0: cluster  13: 76.10 MB/s (16 MB 0.21 s)
IODDR0@0.0: RM 0: cluster  14: 76.51 MB/s (16 MB 0.21 s)
IODDR1@0.0: RM 0: [RMEM] booting up server
IODDR1@0.0: RM 0: [RMEM] server alive
IODDR0@0.0: RM 0: [IODDR0] spawning kernels
IODDR0@0.0: RM 0: cluster   0: 82.80 MB/s (16 MB 0.19 s)
IODDR0@0.0: RM 0: cluster   1: 61.60 MB/s (16 MB 0.26 s)
IODDR0@0.0: RM 0: cluster   2: 48.27 MB/s (16 MB 0.33 s)
IODDR0@0.0: RM 0: cluster   3: 48.28 MB/s (16 MB 0.33 s)
IODDR0@0.0: RM 0: cluster   4: 49.07 MB/s (16 MB 0.33 s)
IODDR0@0.0: RM 0: cluster   5: 58.34 MB/s (16 MB 0.27 s)
IODDR0@0.0: RM 0: cluster   6: 56.42 MB/s (16 MB 0.28 s)
IODDR0@0.0: RM 0: cluster   7: 54.63 MB/s (16 MB 0.29 s)
IODDR0@0.0: RM 0: cluster   8: 55.64 MB/s (16 MB 0.29 s)
IODDR0@0.0: RM 0: cluster   9: 75.97 MB/s (16 MB 0.21 s)
IODDR0@0.0: RM 0: [IODDR0] waiting kernels
IODDR0@0.0: RM 0: [IODDR0] waiting kernels
IODDR0@0.0: RM 0: cluster  10: 67.32 MB/s (16 MB 0.24 s)
IODDR0@0.0: RM 0: cluster  11: 54.74 MB/s (16 MB 0.29 s)
IODDR0@0.0: RM 0: cluster  12: 52.62 MB/s (16 MB 0.30 s)
IODDR0@0.0: RM 0: cluster  13: 58.85 MB/s (16 MB 0.27 s)
IODDR0@0.0: RM 0: cluster  14: 70.44 MB/s (16 MB 0.23 s)
IODDR1@0.0: RM 0: [RMEM] booting up server
IODDR1@0.0: RM 0: [RMEM] server alive
IODDR0@0.0: RM 0: [IODDR0] spawning kernels
IODDR0@0.0: RM 0: cluster   0: 82.81 MB/s (16 MB 0.19 s)
IODDR0@0.0: RM 0: cluster   1: 69.30 MB/s (16 MB 0.23 s)
IODDR0@0.0: RM 0: cluster   3: 48.80 MB/s (16 MB 0.33 s)
IODDR0@0.0: RM 0: cluster   2: 47.67 MB/s (16 MB 0.34 s)
IODDR0@0.0: RM 0: cluster   4: 42.89 MB/s (16 MB 0.37 s)
IODDR0@0.0: RM 0: cluster   5: 42.62 MB/s (16 MB 0.38 s)
IODDR0@0.0: RM 0: cluster   6: 42.91 MB/s (16 MB 0.37 s)
IODDR0@0.0: RM 0: cluster   7: 46.52 MB/s (16 MB 0.34 s)
IODDR0@0.0: RM 0: [IODDR0] waiting kernels
IODDR0@0.0: RM 0: [IODDR0] waiting kernels
IODDR0@0.0: RM 0: cluster   8: 52.55 MB/s (16 MB 0.30 s)
IODDR0@0.0: RM 0: cluster   9: 53.72 MB/s (16 MB 0.30 s)
IODDR0@0.0: RM 0: cluster  10: 63.08 MB/s (16 MB 0.25 s)
IODDR0@0.0: RM 0: cluster  11: 80.03 MB/s (16 MB 0.20 s)
IODDR0@0.0: RM 0: cluster  12: 66.74 MB/s (16 MB 0.24 s)
IODDR0@0.0: RM 0: cluster  13: 65.81 MB/s (16 MB 0.24 s)
IODDR0@0.0: RM 0: cluster  14: 65.97 MB/s (16 MB 0.24 s)
IODDR1@0.0: RM 0: [RMEM] booting up server
IODDR1@0.0: RM 0: [RMEM] server alive
IODDR0@0.0: RM 0: [IODDR0] spawning kernels
IODDR0@0.0: RM 0: cluster   0: 80.44 MB/s (16 MB 0.20 s)
IODDR0@0.0: RM 0: cluster   1: 78.28 MB/s (16 MB 0.20 s)
IODDR0@0.0: RM 0: cluster   2: 78.20 MB/s (16 MB 0.20 s)
IODDR0@0.0: RM 0: cluster   3: 67.37 MB/s (16 MB 0.24 s)
IODDR0@0.0: RM 0: cluster   4: 66.70 MB/s (16 MB 0.24 s)
IODDR0@0.0: RM 0: cluster   5: 66.90 MB/s (16 MB 0.24 s)
IODDR0@0.0: RM 0: cluster   6: 66.74 MB/s (16 MB 0.24 s)
IODDR0@0.0: RM 0: cluster   7: 66.49 MB/s (16 MB 0.24 s)
IODDR0@0.0: RM 0: cluster   8: 66.68 MB/s (16 MB 0.24 s)
IODDR0@0.0: RM 0: cluster   9: 79.61 MB/s (16 MB 0.20 s)
IODDR0@0.0: RM 0: [IODDR0] waiting kernels
IODDR0@0.0: RM 0: cluster  10: 77.37 MB/s (16 MB 0.21 s)
IODDR0@0.0: RM 0: cluster  11: 77.39 MB/s (16 MB 0.21 s)
IODDR0@0.0: RM 0: cluster  12: 69.34 MB/s (16 MB 0.23 s)
IODDR0@0.0: RM 0: cluster  13: 66.68 MB/s (16 MB 0.24 s)
IODDR0@0.0: RM 0: cluster  14: 66.83 MB/s (16 MB 0.24 s)
