IODDR1@0.0: RM 0: [RMEM] booting up server
IODDR1@0.0: RM 0: [RMEM] server alive
IODDR0@0.0: RM 0: [IODDR0] spawning kernels
IODDR0@0.0: RM 0: [IODDR0] waiting kernels
IODDR0@0.0: RM 0: cluster   0: 84.53 MB/s (16 MB 0.19 s)
IODDR0@0.0: RM 0: cluster   1: 69.51 MB/s (16 MB 0.23 s)
IODDR0@0.0: RM 0: cluster   2: 69.52 MB/s (16 MB 0.23 s)
IODDR1@0.0: RM 0: [RMEM] booting up server
IODDR1@0.0: RM 0: [RMEM] server alive
IODDR0@0.0: RM 0: [IODDR0] spawning kernels
IODDR0@0.0: RM 0: [IODDR0] waiting kernels
IODDR0@0.0: RM 0: cluster   0: 84.53 MB/s (16 MB 0.19 s)
IODDR0@0.0: RM 0: cluster   1: 70.05 MB/s (16 MB 0.23 s)
IODDR0@0.0: RM 0: cluster   2: 70.04 MB/s (16 MB 0.23 s)
IODDR1@0.0: RM 0: [RMEM] booting up server
IODDR1@0.0: RM 0: [RMEM] server alive
IODDR0@0.0: RM 0: [IODDR0] spawning kernels
IODDR0@0.0: RM 0: [IODDR0] waiting kernels
IODDR0@0.0: RM 0: cluster   0: 84.53 MB/s (16 MB 0.19 s)
IODDR0@0.0: RM 0: cluster   1: 69.49 MB/s (16 MB 0.23 s)
IODDR0@0.0: RM 0: cluster   2: 69.50 MB/s (16 MB 0.23 s)
IODDR1@0.0: RM 0: [RMEM] booting up server
IODDR1@0.0: RM 0: [RMEM] server alive
IODDR0@0.0: RM 0: [IODDR0] spawning kernels
IODDR0@0.0: RM 0: [IODDR0] waiting kernels
IODDR0@0.0: RM 0: cluster   0: 84.54 MB/s (16 MB 0.19 s)
IODDR0@0.0: RM 0: cluster   1: 69.51 MB/s (16 MB 0.23 s)
IODDR0@0.0: RM 0: cluster   2: 69.48 MB/s (16 MB 0.23 s)
IODDR1@0.0: RM 0: [RMEM] booting up server
IODDR1@0.0: RM 0: [RMEM] server alive
IODDR0@0.0: RM 0: [IODDR0] spawning kernels
IODDR0@0.0: RM 0: [IODDR0] waiting kernels
IODDR0@0.0: RM 0: cluster   0: 63.75 MB/s (16 MB 0.25 s)
IODDR0@0.0: RM 0: cluster   2: 58.00 MB/s (16 MB 0.28 s)
IODDR0@0.0: RM 0: cluster   1: 58.27 MB/s (16 MB 0.27 s)
IODDR1@0.0: RM 0: [RMEM] booting up server
IODDR1@0.0: RM 0: [RMEM] server alive
IODDR0@0.0: RM 0: [IODDR0] spawning kernels
IODDR0@0.0: RM 0: [IODDR0] waiting kernels
IODDR0@0.0: RM 0: cluster   0: 84.54 MB/s (16 MB 0.19 s)
IODDR0@0.0: RM 0: cluster   1: 69.54 MB/s (16 MB 0.23 s)
IODDR0@0.0: RM 0: cluster   2: 69.52 MB/s (16 MB 0.23 s)
IODDR1@0.0: RM 0: [RMEM] booting up server
IODDR1@0.0: RM 0: [RMEM] server alive
IODDR0@0.0: RM 0: [IODDR0] spawning kernels
IODDR0@0.0: RM 0: [IODDR0] waiting kernels
IODDR0@0.0: RM 0: cluster   0: 63.77 MB/s (16 MB 0.25 s)
IODDR0@0.0: RM 0: cluster   2: 58.00 MB/s (16 MB 0.28 s)
IODDR0@0.0: RM 0: cluster   1: 58.31 MB/s (16 MB 0.27 s)
IODDR1@0.0: RM 0: [RMEM] booting up server
IODDR1@0.0: RM 0: [RMEM] server alive
IODDR0@0.0: RM 0: [IODDR0] spawning kernels
IODDR0@0.0: RM 0: [IODDR0] waiting kernels
IODDR0@0.0: RM 0: cluster   0: 63.82 MB/s (16 MB 0.25 s)
IODDR0@0.0: RM 0: cluster   1: 58.00 MB/s (16 MB 0.28 s)
IODDR0@0.0: RM 0: cluster   2: 58.30 MB/s (16 MB 0.27 s)
IODDR1@0.0: RM 0: [RMEM] booting up server
IODDR1@0.0: RM 0: [RMEM] server alive
IODDR0@0.0: RM 0: [IODDR0] spawning kernels
IODDR0@0.0: RM 0: [IODDR0] waiting kernels
IODDR0@0.0: RM 0: cluster   0: 84.53 MB/s (16 MB 0.19 s)
IODDR0@0.0: RM 0: cluster   1: 69.53 MB/s (16 MB 0.23 s)
IODDR0@0.0: RM 0: cluster   2: 69.54 MB/s (16 MB 0.23 s)
IODDR1@0.0: RM 0: [RMEM] booting up server
IODDR1@0.0: RM 0: [RMEM] server alive
IODDR0@0.0: RM 0: [IODDR0] spawning kernels
IODDR0@0.0: RM 0: [IODDR0] waiting kernels
IODDR0@0.0: RM 0: cluster   0: 63.71 MB/s (16 MB 0.25 s)
IODDR0@0.0: RM 0: cluster   1: 57.95 MB/s (16 MB 0.28 s)
IODDR0@0.0: RM 0: cluster   2: 58.24 MB/s (16 MB 0.27 s)
