IODDR1@0.0: RM 0: [RMEM] booting up server
IODDR1@0.0: RM 0: [RMEM] server alive
IODDR0@0.0: RM 0: [IODDR0] spawning kernels
IODDR0@0.0: RM 0: [IODDR0] waiting kernels
IODDR0@0.0: RM 0: [IODDR0] waiting kernels
IODDR0@0.0: RM 0: cluster   0: 84.34 MB/s (16 MB 0.19 s)
IODDR0@0.0: RM 0: cluster   1: 46.77 MB/s (16 MB 0.34 s)
IODDR0@0.0: RM 0: cluster   2: 46.24 MB/s (16 MB 0.35 s)
IODDR0@0.0: RM 0: cluster   3: 51.56 MB/s (16 MB 0.31 s)
IODDR1@0.0: RM 0: [RMEM] booting up server
IODDR1@0.0: RM 0: [RMEM] server alive
IODDR0@0.0: RM 0: [IODDR0] spawning kernels
IODDR0@0.0: RM 0: [IODDR0] waiting kernels
IODDR0@0.0: RM 0: cluster   0: 70.87 MB/s (16 MB 0.23 s)
IODDR0@0.0: RM 0: cluster   1: 46.34 MB/s (16 MB 0.35 s)
IODDR0@0.0: RM 0: cluster   2: 46.12 MB/s (16 MB 0.35 s)
IODDR0@0.0: RM 0: cluster   3: 46.51 MB/s (16 MB 0.34 s)
IODDR1@0.0: RM 0: [RMEM] booting up server
IODDR1@0.0: RM 0: [RMEM] server alive
IODDR0@0.0: RM 0: [IODDR0] spawning kernels
IODDR0@0.0: RM 0: [IODDR0] waiting kernels
IODDR0@0.0: RM 0: cluster   0: 70.83 MB/s (16 MB 0.23 s)
IODDR0@0.0: RM 0: cluster   1: 46.31 MB/s (16 MB 0.35 s)
IODDR0@0.0: RM 0: cluster   2: 46.10 MB/s (16 MB 0.35 s)
IODDR0@0.0: RM 0: cluster   3: 46.49 MB/s (16 MB 0.34 s)
IODDR1@0.0: RM 0: [RMEM] booting up server
IODDR1@0.0: RM 0: [RMEM] server alive
IODDR0@0.0: RM 0: [IODDR0] spawning kernels
IODDR0@0.0: RM 0: [IODDR0] waiting kernels
IODDR0@0.0: RM 0: cluster   0: 84.35 MB/s (16 MB 0.19 s)
IODDR0@0.0: RM 0: cluster   1: 58.11 MB/s (16 MB 0.28 s)
IODDR0@0.0: RM 0: cluster   2: 48.71 MB/s (16 MB 0.33 s)
IODDR0@0.0: RM 0: cluster   3: 49.10 MB/s (16 MB 0.33 s)
IODDR1@0.0: RM 0: [RMEM] booting up server
IODDR1@0.0: RM 0: [RMEM] server alive
IODDR0@0.0: RM 0: [IODDR0] spawning kernels
IODDR0@0.0: RM 0: [IODDR0] waiting kernels
IODDR0@0.0: RM 0: cluster   0: 84.34 MB/s (16 MB 0.19 s)
IODDR0@0.0: RM 0: cluster   1: 42.21 MB/s (16 MB 0.38 s)
IODDR0@0.0: RM 0: cluster   2: 41.78 MB/s (16 MB 0.38 s)
IODDR0@0.0: RM 0: cluster   3: 42.10 MB/s (16 MB 0.38 s)
IODDR1@0.0: RM 0: [RMEM] booting up server
IODDR1@0.0: RM 0: [RMEM] server alive
IODDR0@0.0: RM 0: [IODDR0] spawning kernels
IODDR0@0.0: RM 0: [IODDR0] waiting kernels
IODDR0@0.0: RM 0: [IODDR0] waiting kernels
IODDR0@0.0: RM 0: cluster   0: 84.35 MB/s (16 MB 0.19 s)
IODDR0@0.0: RM 0: cluster   1: 46.79 MB/s (16 MB 0.34 s)
IODDR0@0.0: RM 0: cluster   2: 46.24 MB/s (16 MB 0.35 s)
IODDR0@0.0: RM 0: cluster   3: 51.59 MB/s (16 MB 0.31 s)
IODDR1@0.0: RM 0: [RMEM] booting up server
IODDR1@0.0: RM 0: [RMEM] server alive
IODDR0@0.0: RM 0: [IODDR0] spawning kernels
IODDR0@0.0: RM 0: [IODDR0] waiting kernels
IODDR0@0.0: RM 0: cluster   0: 70.83 MB/s (16 MB 0.23 s)
IODDR0@0.0: RM 0: cluster   1: 46.70 MB/s (16 MB 0.34 s)
IODDR0@0.0: RM 0: cluster   2: 46.48 MB/s (16 MB 0.34 s)
IODDR0@0.0: RM 0: cluster   3: 47.20 MB/s (16 MB 0.34 s)
IODDR1@0.0: RM 0: [RMEM] booting up server
IODDR1@0.0: RM 0: [RMEM] server alive
IODDR0@0.0: RM 0: [IODDR0] spawning kernels
IODDR0@0.0: RM 0: [IODDR0] waiting kernels
IODDR0@0.0: RM 0: cluster   0: 84.33 MB/s (16 MB 0.19 s)
IODDR0@0.0: RM 0: cluster   2: 42.26 MB/s (16 MB 0.38 s)
IODDR0@0.0: RM 0: cluster   1: 42.16 MB/s (16 MB 0.38 s)
IODDR0@0.0: RM 0: cluster   3: 42.48 MB/s (16 MB 0.38 s)
IODDR1@0.0: RM 0: [RMEM] booting up server
IODDR1@0.0: RM 0: [RMEM] server alive
IODDR0@0.0: RM 0: [IODDR0] spawning kernels
IODDR0@0.0: RM 0: [IODDR0] waiting kernels
IODDR0@0.0: RM 0: cluster   0: 39.59 MB/s (16 MB 0.40 s)
IODDR0@0.0: RM 0: cluster   1: 38.68 MB/s (16 MB 0.41 s)
IODDR0@0.0: RM 0: cluster   2: 38.65 MB/s (16 MB 0.41 s)
IODDR0@0.0: RM 0: cluster   3: 39.08 MB/s (16 MB 0.41 s)
IODDR1@0.0: RM 0: [RMEM] booting up server
IODDR1@0.0: RM 0: [RMEM] server alive
IODDR0@0.0: RM 0: [IODDR0] spawning kernels
IODDR0@0.0: RM 0: [IODDR0] waiting kernels
IODDR0@0.0: RM 0: [IODDR0] waiting kernels
IODDR0@0.0: RM 0: cluster   0: 84.32 MB/s (16 MB 0.19 s)
IODDR0@0.0: RM 0: cluster   1: 59.87 MB/s (16 MB 0.27 s)
IODDR0@0.0: RM 0: cluster   2: 49.38 MB/s (16 MB 0.32 s)
IODDR0@0.0: RM 0: cluster   3: 49.82 MB/s (16 MB 0.32 s)
