IODDR1@0.0: RM 0: [RMEM] booting up server
IODDR1@0.0: RM 0: [RMEM] server alive
IODDR0@0.0: RM 0: [IODDR0] spawning kernels
IODDR0@0.0: RM 0: [IODDR0] waiting kernels
IODDR0@0.0: RM 0: cluster   0: 66.84 MB/s (16 MB 0.24 s)
IODDR0@0.0: RM 0: cluster   1: 64.61 MB/s (16 MB 0.25 s)
IODDR0@0.0: RM 0: cluster   2: 64.75 MB/s (16 MB 0.25 s)
IODDR1@0.0: RM 0: [RMEM] booting up server
IODDR1@0.0: RM 0: [RMEM] server alive
IODDR0@0.0: RM 0: [IODDR0] spawning kernels
IODDR0@0.0: RM 0: [IODDR0] waiting kernels
IODDR0@0.0: RM 0: cluster   0: 82.81 MB/s (16 MB 0.19 s)
IODDR0@0.0: RM 0: cluster   1: 77.35 MB/s (16 MB 0.21 s)
IODDR0@0.0: RM 0: cluster   2: 77.35 MB/s (16 MB 0.21 s)
IODDR1@0.0: RM 0: [RMEM] booting up server
IODDR1@0.0: RM 0: [RMEM] server alive
IODDR0@0.0: RM 0: [IODDR0] spawning kernels
IODDR0@0.0: RM 0: [IODDR0] waiting kernels
IODDR0@0.0: RM 0: cluster   0: 82.81 MB/s (16 MB 0.19 s)
IODDR0@0.0: RM 0: cluster   1: 77.31 MB/s (16 MB 0.21 s)
IODDR0@0.0: RM 0: cluster   2: 77.35 MB/s (16 MB 0.21 s)
IODDR1@0.0: RM 0: [RMEM] booting up server
IODDR1@0.0: RM 0: [RMEM] server alive
IODDR0@0.0: RM 0: [IODDR0] spawning kernels
IODDR0@0.0: RM 0: [IODDR0] waiting kernels
IODDR0@0.0: RM 0: cluster   0: 82.80 MB/s (16 MB 0.19 s)
IODDR0@0.0: RM 0: cluster   1: 77.31 MB/s (16 MB 0.21 s)
IODDR0@0.0: RM 0: cluster   2: 77.34 MB/s (16 MB 0.21 s)
IODDR1@0.0: RM 0: [RMEM] booting up server
IODDR1@0.0: RM 0: [RMEM] server alive
IODDR0@0.0: RM 0: [IODDR0] spawning kernels
IODDR0@0.0: RM 0: [IODDR0] waiting kernels
IODDR0@0.0: RM 0: cluster   0: 66.78 MB/s (16 MB 0.24 s)
IODDR0@0.0: RM 0: cluster   1: 64.57 MB/s (16 MB 0.25 s)
IODDR0@0.0: RM 0: cluster   2: 64.71 MB/s (16 MB 0.25 s)
IODDR1@0.0: RM 0: [RMEM] booting up server
IODDR1@0.0: RM 0: [RMEM] server alive
IODDR0@0.0: RM 0: [IODDR0] spawning kernels
IODDR0@0.0: RM 0: [IODDR0] waiting kernels
IODDR0@0.0: RM 0: cluster   0: 66.82 MB/s (16 MB 0.24 s)
IODDR0@0.0: RM 0: cluster   2: 64.60 MB/s (16 MB 0.25 s)
IODDR0@0.0: RM 0: cluster   1: 64.74 MB/s (16 MB 0.25 s)
IODDR1@0.0: RM 0: [RMEM] booting up server
IODDR1@0.0: RM 0: [RMEM] server alive
IODDR0@0.0: RM 0: [IODDR0] spawning kernels
IODDR0@0.0: RM 0: [IODDR0] waiting kernels
IODDR0@0.0: RM 0: cluster   0: 82.80 MB/s (16 MB 0.19 s)
IODDR0@0.0: RM 0: cluster   1: 77.35 MB/s (16 MB 0.21 s)
IODDR0@0.0: RM 0: cluster   2: 77.31 MB/s (16 MB 0.21 s)
IODDR1@0.0: RM 0: [RMEM] booting up server
IODDR1@0.0: RM 0: [RMEM] server alive
IODDR0@0.0: RM 0: [IODDR0] spawning kernels
IODDR0@0.0: RM 0: [IODDR0] waiting kernels
IODDR0@0.0: RM 0: cluster   0: 52.97 MB/s (16 MB 0.30 s)
IODDR0@0.0: RM 0: cluster   1: 52.87 MB/s (16 MB 0.30 s)
IODDR0@0.0: RM 0: cluster   2: 52.97 MB/s (16 MB 0.30 s)
IODDR1@0.0: RM 0: [RMEM] booting up server
IODDR1@0.0: RM 0: [RMEM] server alive
IODDR0@0.0: RM 0: [IODDR0] spawning kernels
IODDR0@0.0: RM 0: [IODDR0] waiting kernels
IODDR0@0.0: RM 0: cluster   0: 52.97 MB/s (16 MB 0.30 s)
IODDR0@0.0: RM 0: cluster   1: 52.86 MB/s (16 MB 0.30 s)
IODDR0@0.0: RM 0: cluster   2: 52.96 MB/s (16 MB 0.30 s)
IODDR1@0.0: RM 0: [RMEM] booting up server
IODDR1@0.0: RM 0: [RMEM] server alive
IODDR0@0.0: RM 0: [IODDR0] spawning kernels
IODDR0@0.0: RM 0: [IODDR0] waiting kernels
IODDR0@0.0: RM 0: cluster   0: 66.77 MB/s (16 MB 0.24 s)
IODDR0@0.0: RM 0: cluster   1: 64.55 MB/s (16 MB 0.25 s)
IODDR0@0.0: RM 0: cluster   2: 64.69 MB/s (16 MB 0.25 s)
