IODDR1@0.0: RM 0: [RMEM] booting up server
IODDR1@0.0: RM 0: [RMEM] server alive
IODDR0@0.0: RM 0: [IODDR0] spawning kernels
IODDR0@0.0: RM 0: cluster   0: 82.80 MB/s (16 MB 0.19 s)
IODDR0@0.0: RM 0: cluster   1: 80.64 MB/s (16 MB 0.20 s)
IODDR0@0.0: RM 0: cluster   3: 65.38 MB/s (16 MB 0.24 s)
IODDR0@0.0: RM 0: cluster   2: 48.66 MB/s (16 MB 0.33 s)
IODDR0@0.0: RM 0: cluster   5: 46.46 MB/s (16 MB 0.34 s)
IODDR0@0.0: RM 0: cluster   4: 46.45 MB/s (16 MB 0.34 s)
IODDR0@0.0: RM 0: cluster   6: 52.90 MB/s (16 MB 0.30 s)
IODDR0@0.0: RM 0: cluster   7: 55.00 MB/s (16 MB 0.29 s)
IODDR0@0.0: RM 0: [IODDR0] waiting kernels
IODDR0@0.0: RM 0: cluster   8: 48.34 MB/s (16 MB 0.33 s)
IODDR0@0.0: RM 0: cluster  10: 46.32 MB/s (16 MB 0.35 s)
IODDR0@0.0: RM 0: cluster   9: 46.31 MB/s (16 MB 0.35 s)
IODDR0@0.0: RM 0: cluster  11: 48.13 MB/s (16 MB 0.33 s)
IODDR0@0.0: RM 0: cluster  12: 65.35 MB/s (16 MB 0.24 s)
IODDR0@0.0: RM 0: cluster  13: 65.51 MB/s (16 MB 0.24 s)
IODDR1@0.0: RM 0: [RMEM] booting up server
IODDR1@0.0: RM 0: [RMEM] server alive
IODDR0@0.0: RM 0: [IODDR0] spawning kernels
IODDR0@0.0: RM 0: cluster   0: 80.42 MB/s (16 MB 0.20 s)
IODDR0@0.0: RM 0: cluster   1: 80.38 MB/s (16 MB 0.20 s)
IODDR0@0.0: RM 0: cluster   2: 80.71 MB/s (16 MB 0.20 s)
IODDR0@0.0: RM 0: cluster   3: 57.35 MB/s (16 MB 0.28 s)
IODDR0@0.0: RM 0: cluster   4: 40.45 MB/s (16 MB 0.40 s)
IODDR0@0.0: RM 0: cluster   5: 38.83 MB/s (16 MB 0.41 s)
IODDR0@0.0: RM 0: cluster   6: 38.81 MB/s (16 MB 0.41 s)
IODDR0@0.0: RM 0: cluster   7: 46.06 MB/s (16 MB 0.35 s)
IODDR0@0.0: RM 0: [IODDR0] waiting kernels
IODDR0@0.0: RM 0: cluster   8: 55.05 MB/s (16 MB 0.29 s)
IODDR0@0.0: RM 0: cluster   9: 51.19 MB/s (16 MB 0.31 s)
IODDR0@0.0: RM 0: cluster  10: 51.33 MB/s (16 MB 0.31 s)
IODDR0@0.0: RM 0: cluster  11: 58.61 MB/s (16 MB 0.27 s)
IODDR0@0.0: RM 0: cluster  12: 74.46 MB/s (16 MB 0.21 s)
IODDR0@0.0: RM 0: cluster  13: 74.65 MB/s (16 MB 0.21 s)
IODDR1@0.0: RM 0: [RMEM] booting up server
IODDR1@0.0: RM 0: [RMEM] server alive
IODDR0@0.0: RM 0: [IODDR0] spawning kernels
IODDR0@0.0: RM 0: cluster   0: 82.81 MB/s (16 MB 0.19 s)
IODDR0@0.0: RM 0: cluster   1: 67.76 MB/s (16 MB 0.24 s)
IODDR0@0.0: RM 0: cluster   2: 50.65 MB/s (16 MB 0.32 s)
IODDR0@0.0: RM 0: cluster   3: 49.40 MB/s (16 MB 0.32 s)
IODDR0@0.0: RM 0: cluster   4: 48.97 MB/s (16 MB 0.33 s)
IODDR0@0.0: RM 0: cluster   5: 46.15 MB/s (16 MB 0.35 s)
IODDR0@0.0: RM 0: cluster   6: 42.81 MB/s (16 MB 0.37 s)
IODDR0@0.0: RM 0: cluster   7: 42.80 MB/s (16 MB 0.37 s)
IODDR0@0.0: RM 0: cluster   8: 49.93 MB/s (16 MB 0.32 s)
IODDR0@0.0: RM 0: cluster   9: 61.38 MB/s (16 MB 0.26 s)
IODDR0@0.0: RM 0: [IODDR0] waiting kernels
IODDR0@0.0: RM 0: cluster  10: 69.02 MB/s (16 MB 0.23 s)
IODDR0@0.0: RM 0: cluster  11: 56.77 MB/s (16 MB 0.28 s)
IODDR0@0.0: RM 0: cluster  12: 56.77 MB/s (16 MB 0.28 s)
IODDR0@0.0: RM 0: cluster  13: 65.20 MB/s (16 MB 0.25 s)
IODDR1@0.0: RM 0: [RMEM] booting up server
IODDR1@0.0: RM 0: [RMEM] server alive
IODDR0@0.0: RM 0: [IODDR0] spawning kernels
IODDR0@0.0: RM 0: cluster   0: 77.53 MB/s (16 MB 0.21 s)
IODDR0@0.0: RM 0: cluster   1: 77.49 MB/s (16 MB 0.21 s)
IODDR0@0.0: RM 0: cluster   2: 69.35 MB/s (16 MB 0.23 s)
IODDR0@0.0: RM 0: cluster   4: 45.88 MB/s (16 MB 0.35 s)
IODDR0@0.0: RM 0: cluster   3: 45.40 MB/s (16 MB 0.35 s)
IODDR0@0.0: RM 0: cluster   5: 45.01 MB/s (16 MB 0.36 s)
IODDR0@0.0: RM 0: cluster   6: 45.66 MB/s (16 MB 0.35 s)
IODDR0@0.0: RM 0: cluster   7: 65.98 MB/s (16 MB 0.24 s)
IODDR0@0.0: RM 0: [IODDR0] waiting kernels
IODDR0@0.0: RM 0: [IODDR0] waiting kernels
IODDR0@0.0: RM 0: cluster   8: 66.48 MB/s (16 MB 0.24 s)
IODDR0@0.0: RM 0: cluster   9: 57.16 MB/s (16 MB 0.28 s)
IODDR0@0.0: RM 0: cluster  10: 57.18 MB/s (16 MB 0.28 s)
IODDR0@0.0: RM 0: cluster  11: 66.31 MB/s (16 MB 0.24 s)
IODDR0@0.0: RM 0: cluster  12: 77.09 MB/s (16 MB 0.21 s)
IODDR0@0.0: RM 0: cluster  13: 77.61 MB/s (16 MB 0.21 s)
IODDR1@0.0: RM 0: [RMEM] booting up server
IODDR1@0.0: RM 0: [RMEM] server alive
IODDR0@0.0: RM 0: [IODDR0] spawning kernels
IODDR0@0.0: RM 0: cluster   0: 80.65 MB/s (16 MB 0.20 s)
IODDR0@0.0: RM 0: cluster   1: 80.60 MB/s (16 MB 0.20 s)
IODDR0@0.0: RM 0: cluster   2: 54.33 MB/s (16 MB 0.29 s)
IODDR0@0.0: RM 0: cluster   4: 33.83 MB/s (16 MB 0.47 s)
IODDR0@0.0: RM 0: cluster   3: 33.21 MB/s (16 MB 0.48 s)
IODDR0@0.0: RM 0: cluster   5: 32.67 MB/s (16 MB 0.49 s)
IODDR0@0.0: RM 0: cluster   6: 32.52 MB/s (16 MB 0.49 s)
IODDR0@0.0: RM 0: [IODDR0] waiting kernels
IODDR0@0.0: RM 0: cluster   7: 33.01 MB/s (16 MB 0.48 s)
IODDR0@0.0: RM 0: cluster   8: 32.36 MB/s (16 MB 0.49 s)
IODDR0@0.0: RM 0: cluster  10: 32.20 MB/s (16 MB 0.50 s)
IODDR0@0.0: RM 0: cluster   9: 32.29 MB/s (16 MB 0.50 s)
IODDR0@0.0: RM 0: cluster  11: 34.82 MB/s (16 MB 0.46 s)
IODDR0@0.0: RM 0: cluster  12: 42.26 MB/s (16 MB 0.38 s)
IODDR0@0.0: RM 0: cluster  13: 51.71 MB/s (16 MB 0.31 s)
IODDR1@0.0: RM 0: [RMEM] booting up server
IODDR1@0.0: RM 0: [RMEM] server alive
IODDR0@0.0: RM 0: [IODDR0] spawning kernels
IODDR0@0.0: RM 0: cluster   0: 80.66 MB/s (16 MB 0.20 s)
IODDR0@0.0: RM 0: cluster   1: 78.11 MB/s (16 MB 0.20 s)
IODDR0@0.0: RM 0: cluster   2: 80.06 MB/s (16 MB 0.20 s)
IODDR0@0.0: RM 0: cluster   3: 58.87 MB/s (16 MB 0.27 s)
IODDR0@0.0: RM 0: cluster   4: 56.90 MB/s (16 MB 0.28 s)
IODDR0@0.0: RM 0: cluster   5: 53.11 MB/s (16 MB 0.30 s)
IODDR0@0.0: RM 0: cluster   6: 54.44 MB/s (16 MB 0.29 s)
IODDR0@0.0: RM 0: cluster   7: 71.50 MB/s (16 MB 0.22 s)
IODDR0@0.0: RM 0: [IODDR0] waiting kernels
IODDR0@0.0: RM 0: [IODDR0] waiting kernels
IODDR0@0.0: RM 0: cluster   8: 66.01 MB/s (16 MB 0.24 s)
IODDR0@0.0: RM 0: cluster   9: 56.33 MB/s (16 MB 0.28 s)
IODDR0@0.0: RM 0: cluster  10: 56.31 MB/s (16 MB 0.28 s)
IODDR0@0.0: RM 0: cluster  11: 66.09 MB/s (16 MB 0.24 s)
IODDR0@0.0: RM 0: cluster  12: 77.07 MB/s (16 MB 0.21 s)
IODDR0@0.0: RM 0: cluster  13: 77.60 MB/s (16 MB 0.21 s)
IODDR1@0.0: RM 0: [RMEM] booting up server
IODDR1@0.0: RM 0: [RMEM] server alive
IODDR0@0.0: RM 0: [IODDR0] spawning kernels
IODDR0@0.0: RM 0: cluster   0: 80.66 MB/s (16 MB 0.20 s)
IODDR0@0.0: RM 0: cluster   1: 78.29 MB/s (16 MB 0.20 s)
IODDR0@0.0: RM 0: cluster   2: 80.31 MB/s (16 MB 0.20 s)
IODDR0@0.0: RM 0: cluster   3: 47.36 MB/s (16 MB 0.34 s)
IODDR0@0.0: RM 0: cluster   4: 46.05 MB/s (16 MB 0.35 s)
IODDR0@0.0: RM 0: cluster   5: 46.04 MB/s (16 MB 0.35 s)
IODDR0@0.0: RM 0: cluster   6: 52.80 MB/s (16 MB 0.30 s)
IODDR0@0.0: RM 0: cluster   7: 78.20 MB/s (16 MB 0.20 s)
IODDR0@0.0: RM 0: [IODDR0] waiting kernels
IODDR0@0.0: RM 0: [IODDR0] waiting kernels
IODDR0@0.0: RM 0: cluster   8: 66.44 MB/s (16 MB 0.24 s)
IODDR0@0.0: RM 0: cluster   9: 56.43 MB/s (16 MB 0.28 s)
IODDR0@0.0: RM 0: cluster  10: 56.43 MB/s (16 MB 0.28 s)
IODDR0@0.0: RM 0: cluster  11: 66.05 MB/s (16 MB 0.24 s)
IODDR0@0.0: RM 0: cluster  12: 77.06 MB/s (16 MB 0.21 s)
IODDR0@0.0: RM 0: cluster  13: 77.61 MB/s (16 MB 0.21 s)
IODDR1@0.0: RM 0: [RMEM] booting up server
IODDR1@0.0: RM 0: [RMEM] server alive
IODDR0@0.0: RM 0: [IODDR0] spawning kernels
IODDR0@0.0: RM 0: cluster   0: 82.81 MB/s (16 MB 0.19 s)
IODDR0@0.0: RM 0: cluster   1: 80.41 MB/s (16 MB 0.20 s)
IODDR0@0.0: RM 0: cluster   2: 78.13 MB/s (16 MB 0.20 s)
IODDR0@0.0: RM 0: cluster   3: 57.13 MB/s (16 MB 0.28 s)
IODDR0@0.0: RM 0: cluster   5: 39.20 MB/s (16 MB 0.41 s)
IODDR0@0.0: RM 0: cluster   4: 38.43 MB/s (16 MB 0.42 s)
IODDR0@0.0: RM 0: cluster   6: 38.41 MB/s (16 MB 0.42 s)
IODDR0@0.0: RM 0: cluster   7: 45.15 MB/s (16 MB 0.35 s)
IODDR0@0.0: RM 0: cluster   8: 66.54 MB/s (16 MB 0.24 s)
IODDR0@0.0: RM 0: cluster   9: 75.74 MB/s (16 MB 0.21 s)
IODDR0@0.0: RM 0: [IODDR0] waiting kernels
IODDR0@0.0: RM 0: cluster  10: 66.12 MB/s (16 MB 0.24 s)
IODDR0@0.0: RM 0: cluster  11: 56.55 MB/s (16 MB 0.28 s)
IODDR0@0.0: RM 0: cluster  12: 56.54 MB/s (16 MB 0.28 s)
IODDR0@0.0: RM 0: cluster  13: 66.70 MB/s (16 MB 0.24 s)
IODDR1@0.0: RM 0: [RMEM] booting up server
IODDR1@0.0: RM 0: [RMEM] server alive
IODDR0@0.0: RM 0: [IODDR0] spawning kernels
IODDR0@0.0: RM 0: cluster   0: 80.46 MB/s (16 MB 0.20 s)
IODDR0@0.0: RM 0: cluster   1: 78.07 MB/s (16 MB 0.20 s)
IODDR0@0.0: RM 0: cluster   2: 78.14 MB/s (16 MB 0.20 s)
IODDR0@0.0: RM 0: cluster   3: 66.35 MB/s (16 MB 0.24 s)
IODDR0@0.0: RM 0: cluster   4: 55.24 MB/s (16 MB 0.29 s)
IODDR0@0.0: RM 0: cluster   5: 53.07 MB/s (16 MB 0.30 s)
IODDR0@0.0: RM 0: cluster   6: 60.23 MB/s (16 MB 0.27 s)
IODDR0@0.0: RM 0: cluster   7: 73.10 MB/s (16 MB 0.22 s)
IODDR0@0.0: RM 0: [IODDR0] waiting kernels
IODDR0@0.0: RM 0: cluster   8: 60.11 MB/s (16 MB 0.27 s)
IODDR0@0.0: RM 0: cluster   9: 42.16 MB/s (16 MB 0.38 s)
IODDR0@0.0: RM 0: cluster  10: 41.31 MB/s (16 MB 0.39 s)
IODDR0@0.0: RM 0: cluster  11: 41.30 MB/s (16 MB 0.39 s)
IODDR0@0.0: RM 0: cluster  12: 56.45 MB/s (16 MB 0.28 s)
IODDR0@0.0: RM 0: cluster  13: 57.37 MB/s (16 MB 0.28 s)
IODDR1@0.0: RM 0: [RMEM] booting up server
IODDR1@0.0: RM 0: [RMEM] server alive
IODDR0@0.0: RM 0: [IODDR0] spawning kernels
IODDR0@0.0: RM 0: cluster   0: 82.81 MB/s (16 MB 0.19 s)
IODDR0@0.0: RM 0: cluster   1: 69.26 MB/s (16 MB 0.23 s)
IODDR0@0.0: RM 0: cluster   2: 66.62 MB/s (16 MB 0.24 s)
IODDR0@0.0: RM 0: cluster   3: 66.68 MB/s (16 MB 0.24 s)
IODDR0@0.0: RM 0: cluster   4: 80.21 MB/s (16 MB 0.20 s)
IODDR0@0.0: RM 0: cluster   5: 67.64 MB/s (16 MB 0.24 s)
IODDR0@0.0: RM 0: cluster   6: 56.87 MB/s (16 MB 0.28 s)
IODDR0@0.0: RM 0: cluster   7: 56.86 MB/s (16 MB 0.28 s)
IODDR0@0.0: RM 0: cluster   8: 65.51 MB/s (16 MB 0.24 s)
IODDR0@0.0: RM 0: [IODDR0] waiting kernels
IODDR0@0.0: RM 0: cluster   9: 69.60 MB/s (16 MB 0.23 s)
IODDR0@0.0: RM 0: cluster  10: 56.84 MB/s (16 MB 0.28 s)
IODDR0@0.0: RM 0: cluster  11: 54.53 MB/s (16 MB 0.29 s)
IODDR0@0.0: RM 0: cluster  12: 60.62 MB/s (16 MB 0.26 s)
IODDR0@0.0: RM 0: cluster  13: 72.03 MB/s (16 MB 0.22 s)
