IODDR1@0.0: RM 0: [RMEM] booting up server
IODDR1@0.0: RM 0: [RMEM] server alive
IODDR0@0.0: RM 0: [IODDR0] spawning kernels
IODDR0@0.0: RM 0: cluster   0: 84.53 MB/s (16 MB 0.19 s)
IODDR0@0.0: RM 0: [IODDR0] waiting kernels
IODDR0@0.0: RM 0: cluster   2: 56.86 MB/s (16 MB 0.28 s)
IODDR0@0.0: RM 0: cluster   1: 35.30 MB/s (16 MB 0.45 s)
IODDR0@0.0: RM 0: cluster   3: 34.66 MB/s (16 MB 0.46 s)
IODDR0@0.0: RM 0: cluster   4: 34.85 MB/s (16 MB 0.46 s)
IODDR0@0.0: RM 0: cluster   5: 40.59 MB/s (16 MB 0.39 s)
IODDR1@0.0: RM 0: [RMEM] booting up server
IODDR1@0.0: RM 0: [RMEM] server alive
IODDR0@0.0: RM 0: [IODDR0] spawning kernels
IODDR0@0.0: RM 0: cluster   0: 84.52 MB/s (16 MB 0.19 s)
IODDR0@0.0: RM 0: [IODDR0] waiting kernels
IODDR0@0.0: RM 0: [IODDR0] waiting kernels
IODDR0@0.0: RM 0: cluster   1: 77.70 MB/s (16 MB 0.21 s)
IODDR0@0.0: RM 0: cluster   2: 70.99 MB/s (16 MB 0.23 s)
IODDR0@0.0: RM 0: cluster   3: 57.35 MB/s (16 MB 0.28 s)
IODDR0@0.0: RM 0: cluster   4: 56.53 MB/s (16 MB 0.28 s)
IODDR0@0.0: RM 0: cluster   5: 57.06 MB/s (16 MB 0.28 s)
IODDR1@0.0: RM 0: [RMEM] booting up server
IODDR1@0.0: RM 0: [RMEM] server alive
IODDR0@0.0: RM 0: [IODDR0] spawning kernels
IODDR0@0.0: RM 0: cluster   0: 84.54 MB/s (16 MB 0.19 s)
IODDR0@0.0: RM 0: [IODDR0] waiting kernels
IODDR0@0.0: RM 0: [IODDR0] waiting kernels
IODDR0@0.0: RM 0: cluster   1: 84.22 MB/s (16 MB 0.19 s)
IODDR0@0.0: RM 0: cluster   2: 41.01 MB/s (16 MB 0.39 s)
IODDR0@0.0: RM 0: cluster   3: 39.59 MB/s (16 MB 0.40 s)
IODDR0@0.0: RM 0: cluster   4: 39.57 MB/s (16 MB 0.40 s)
IODDR0@0.0: RM 0: cluster   5: 45.11 MB/s (16 MB 0.35 s)
IODDR1@0.0: RM 0: [RMEM] booting up server
IODDR1@0.0: RM 0: [RMEM] server alive
IODDR0@0.0: RM 0: [IODDR0] spawning kernels
IODDR0@0.0: RM 0: cluster   0: 84.55 MB/s (16 MB 0.19 s)
IODDR0@0.0: RM 0: [IODDR0] waiting kernels
IODDR0@0.0: RM 0: [IODDR0] waiting kernels
IODDR0@0.0: RM 0: cluster   1: 78.32 MB/s (16 MB 0.20 s)
IODDR0@0.0: RM 0: cluster   2: 57.93 MB/s (16 MB 0.28 s)
IODDR0@0.0: RM 0: cluster   3: 45.68 MB/s (16 MB 0.35 s)
IODDR0@0.0: RM 0: cluster   4: 45.63 MB/s (16 MB 0.35 s)
IODDR0@0.0: RM 0: cluster   5: 53.16 MB/s (16 MB 0.30 s)
IODDR1@0.0: RM 0: [RMEM] booting up server
IODDR1@0.0: RM 0: [RMEM] server alive
IODDR0@0.0: RM 0: [IODDR0] spawning kernels
IODDR0@0.0: RM 0: [IODDR0] waiting kernels
IODDR0@0.0: RM 0: cluster   0: 43.54 MB/s (16 MB 0.37 s)
IODDR0@0.0: RM 0: cluster   1: 40.05 MB/s (16 MB 0.40 s)
IODDR0@0.0: RM 0: cluster   2: 31.21 MB/s (16 MB 0.51 s)
IODDR0@0.0: RM 0: cluster   3: 31.21 MB/s (16 MB 0.51 s)
IODDR0@0.0: RM 0: cluster   4: 34.91 MB/s (16 MB 0.46 s)
IODDR0@0.0: RM 0: cluster   5: 35.36 MB/s (16 MB 0.45 s)
IODDR1@0.0: RM 0: [RMEM] booting up server
IODDR1@0.0: RM 0: [RMEM] server alive
IODDR0@0.0: RM 0: [IODDR0] spawning kernels
IODDR0@0.0: RM 0: [IODDR0] waiting kernels
IODDR0@0.0: RM 0: cluster   0: 77.83 MB/s (16 MB 0.21 s)
IODDR0@0.0: RM 0: cluster   1: 77.70 MB/s (16 MB 0.21 s)
IODDR0@0.0: RM 0: cluster   2: 58.71 MB/s (16 MB 0.27 s)
IODDR0@0.0: RM 0: cluster   3: 42.13 MB/s (16 MB 0.38 s)
IODDR0@0.0: RM 0: cluster   4: 42.13 MB/s (16 MB 0.38 s)
IODDR0@0.0: RM 0: cluster   5: 42.56 MB/s (16 MB 0.38 s)
IODDR1@0.0: RM 0: [RMEM] booting up server
IODDR1@0.0: RM 0: [RMEM] server alive
IODDR0@0.0: RM 0: [IODDR0] spawning kernels
IODDR0@0.0: RM 0: cluster   0: 84.54 MB/s (16 MB 0.19 s)
IODDR0@0.0: RM 0: [IODDR0] waiting kernels
IODDR0@0.0: RM 0: [IODDR0] waiting kernels
IODDR0@0.0: RM 0: cluster   1: 78.30 MB/s (16 MB 0.20 s)
IODDR0@0.0: RM 0: cluster   2: 71.60 MB/s (16 MB 0.22 s)
IODDR0@0.0: RM 0: cluster   3: 57.44 MB/s (16 MB 0.28 s)
IODDR0@0.0: RM 0: cluster   4: 56.55 MB/s (16 MB 0.28 s)
IODDR0@0.0: RM 0: cluster   5: 57.10 MB/s (16 MB 0.28 s)
IODDR1@0.0: RM 0: [RMEM] booting up server
IODDR1@0.0: RM 0: [RMEM] server alive
IODDR0@0.0: RM 0: [IODDR0] spawning kernels
IODDR0@0.0: RM 0: [IODDR0] waiting kernels
IODDR0@0.0: RM 0: [IODDR0] waiting kernels
IODDR0@0.0: RM 0: cluster   0: 84.53 MB/s (16 MB 0.19 s)
IODDR0@0.0: RM 0: cluster   1: 66.92 MB/s (16 MB 0.24 s)
IODDR0@0.0: RM 0: cluster   3: 38.61 MB/s (16 MB 0.41 s)
IODDR0@0.0: RM 0: cluster   2: 38.22 MB/s (16 MB 0.42 s)
IODDR0@0.0: RM 0: cluster   4: 41.61 MB/s (16 MB 0.38 s)
IODDR0@0.0: RM 0: cluster   5: 41.98 MB/s (16 MB 0.38 s)
IODDR1@0.0: RM 0: [RMEM] booting up server
IODDR1@0.0: RM 0: [RMEM] server alive
IODDR0@0.0: RM 0: [IODDR0] spawning kernels
IODDR0@0.0: RM 0: [IODDR0] waiting kernels
IODDR0@0.0: RM 0: [IODDR0] waiting kernels
IODDR0@0.0: RM 0: cluster   0: 77.91 MB/s (16 MB 0.21 s)
IODDR0@0.0: RM 0: cluster   1: 71.02 MB/s (16 MB 0.23 s)
IODDR0@0.0: RM 0: cluster   2: 70.18 MB/s (16 MB 0.23 s)
IODDR0@0.0: RM 0: cluster   3: 57.65 MB/s (16 MB 0.28 s)
IODDR0@0.0: RM 0: cluster   4: 56.62 MB/s (16 MB 0.28 s)
IODDR0@0.0: RM 0: cluster   5: 57.15 MB/s (16 MB 0.28 s)
IODDR1@0.0: RM 0: [RMEM] booting up server
IODDR1@0.0: RM 0: [RMEM] server alive
IODDR0@0.0: RM 0: [IODDR0] spawning kernels
IODDR0@0.0: RM 0: cluster   0: 84.52 MB/s (16 MB 0.19 s)
IODDR0@0.0: RM 0: [IODDR0] waiting kernels
IODDR0@0.0: RM 0: [IODDR0] waiting kernels
IODDR0@0.0: RM 0: cluster   1: 77.69 MB/s (16 MB 0.21 s)
IODDR0@0.0: RM 0: cluster   2: 70.98 MB/s (16 MB 0.23 s)
IODDR0@0.0: RM 0: cluster   3: 57.34 MB/s (16 MB 0.28 s)
IODDR0@0.0: RM 0: cluster   4: 56.52 MB/s (16 MB 0.28 s)
IODDR0@0.0: RM 0: cluster   5: 57.06 MB/s (16 MB 0.28 s)
