IODDR1@0.0: RM 0: [RMEM] booting up server
IODDR1@0.0: RM 0: [RMEM] server alive
IODDR0@0.0: RM 0: [IODDR0] spawning kernels
IODDR0@0.0: RM 0: cluster   0: 77.92 MB/s (16 MB 0.21 s)
IODDR0@0.0: RM 0: cluster   1: 71.50 MB/s (16 MB 0.22 s)
IODDR0@0.0: RM 0: cluster   2: 70.21 MB/s (16 MB 0.23 s)
IODDR0@0.0: RM 0: cluster   3: 57.82 MB/s (16 MB 0.28 s)
IODDR0@0.0: RM 0: cluster   4: 52.35 MB/s (16 MB 0.31 s)
IODDR0@0.0: RM 0: cluster   5: 50.41 MB/s (16 MB 0.32 s)
IODDR0@0.0: RM 0: cluster   6: 46.80 MB/s (16 MB 0.34 s)
IODDR0@0.0: RM 0: cluster   7: 47.54 MB/s (16 MB 0.34 s)
IODDR0@0.0: RM 0: [IODDR0] waiting kernels
IODDR0@0.0: RM 0: [IODDR0] waiting kernels
IODDR0@0.0: RM 0: cluster   8: 48.30 MB/s (16 MB 0.33 s)
IODDR0@0.0: RM 0: cluster   9: 49.18 MB/s (16 MB 0.33 s)
IODDR0@0.0: RM 0: cluster  10: 49.16 MB/s (16 MB 0.33 s)
IODDR0@0.0: RM 0: cluster  11: 51.84 MB/s (16 MB 0.31 s)
IODDR0@0.0: RM 0: cluster  12: 61.03 MB/s (16 MB 0.26 s)
IODDR0@0.0: RM 0: cluster  13: 61.68 MB/s (16 MB 0.26 s)
IODDR1@0.0: RM 0: [RMEM] booting up server
IODDR1@0.0: RM 0: [RMEM] server alive
IODDR0@0.0: RM 0: [IODDR0] spawning kernels
IODDR0@0.0: RM 0: cluster   0: 49.05 MB/s (16 MB 0.33 s)
IODDR0@0.0: RM 0: cluster   2: 47.19 MB/s (16 MB 0.34 s)
IODDR0@0.0: RM 0: cluster   1: 47.16 MB/s (16 MB 0.34 s)
IODDR0@0.0: RM 0: cluster   3: 47.99 MB/s (16 MB 0.33 s)
IODDR0@0.0: RM 0: cluster   4: 47.46 MB/s (16 MB 0.34 s)
IODDR0@0.0: RM 0: cluster   5: 44.67 MB/s (16 MB 0.36 s)
IODDR0@0.0: RM 0: cluster   6: 36.82 MB/s (16 MB 0.43 s)
IODDR0@0.0: RM 0: cluster   7: 36.81 MB/s (16 MB 0.43 s)
IODDR0@0.0: RM 0: [IODDR0] waiting kernels
IODDR0@0.0: RM 0: [IODDR0] waiting kernels
IODDR0@0.0: RM 0: cluster   8: 42.20 MB/s (16 MB 0.38 s)
IODDR0@0.0: RM 0: cluster   9: 45.47 MB/s (16 MB 0.35 s)
IODDR0@0.0: RM 0: cluster  10: 43.25 MB/s (16 MB 0.37 s)
IODDR0@0.0: RM 0: cluster  11: 43.24 MB/s (16 MB 0.37 s)
IODDR0@0.0: RM 0: cluster  12: 53.11 MB/s (16 MB 0.30 s)
IODDR0@0.0: RM 0: cluster  13: 54.40 MB/s (16 MB 0.29 s)
IODDR1@0.0: RM 0: [RMEM] booting up server
IODDR1@0.0: RM 0: [RMEM] server alive
IODDR0@0.0: RM 0: [IODDR0] spawning kernels
IODDR0@0.0: RM 0: cluster   0: 84.53 MB/s (16 MB 0.19 s)
IODDR0@0.0: RM 0: cluster   1: 77.72 MB/s (16 MB 0.21 s)
IODDR0@0.0: RM 0: cluster   2: 71.41 MB/s (16 MB 0.22 s)
IODDR0@0.0: RM 0: cluster   3: 76.67 MB/s (16 MB 0.21 s)
IODDR0@0.0: RM 0: cluster   4: 45.09 MB/s (16 MB 0.35 s)
IODDR0@0.0: RM 0: cluster   5: 43.35 MB/s (16 MB 0.37 s)
IODDR0@0.0: RM 0: cluster   6: 42.69 MB/s (16 MB 0.37 s)
IODDR0@0.0: RM 0: cluster   7: 49.08 MB/s (16 MB 0.33 s)
IODDR0@0.0: RM 0: [IODDR0] waiting kernels
IODDR0@0.0: RM 0: cluster   8: 53.47 MB/s (16 MB 0.30 s)
IODDR0@0.0: RM 0: cluster   9: 42.44 MB/s (16 MB 0.38 s)
IODDR0@0.0: RM 0: cluster  10: 36.54 MB/s (16 MB 0.44 s)
IODDR0@0.0: RM 0: cluster  11: 36.53 MB/s (16 MB 0.44 s)
IODDR0@0.0: RM 0: cluster  12: 41.30 MB/s (16 MB 0.39 s)
IODDR0@0.0: RM 0: cluster  13: 49.49 MB/s (16 MB 0.32 s)
IODDR1@0.0: RM 0: [RMEM] booting up server
IODDR1@0.0: RM 0: [RMEM] server alive
IODDR0@0.0: RM 0: [IODDR0] spawning kernels
IODDR0@0.0: RM 0: cluster   0: 84.55 MB/s (16 MB 0.19 s)
IODDR0@0.0: RM 0: cluster   1: 78.31 MB/s (16 MB 0.20 s)
IODDR0@0.0: RM 0: cluster   2: 72.08 MB/s (16 MB 0.22 s)
IODDR0@0.0: RM 0: cluster   3: 70.10 MB/s (16 MB 0.23 s)
IODDR0@0.0: RM 0: cluster   4: 69.27 MB/s (16 MB 0.23 s)
IODDR0@0.0: RM 0: cluster   5: 55.29 MB/s (16 MB 0.29 s)
IODDR0@0.0: RM 0: cluster   6: 45.07 MB/s (16 MB 0.36 s)
IODDR0@0.0: RM 0: cluster   7: 44.76 MB/s (16 MB 0.36 s)
IODDR0@0.0: RM 0: cluster   8: 50.89 MB/s (16 MB 0.31 s)
IODDR0@0.0: RM 0: [IODDR0] waiting kernels
IODDR0@0.0: RM 0: cluster   9: 55.84 MB/s (16 MB 0.29 s)
IODDR0@0.0: RM 0: cluster  10: 42.23 MB/s (16 MB 0.38 s)
IODDR0@0.0: RM 0: cluster  11: 40.96 MB/s (16 MB 0.39 s)
IODDR0@0.0: RM 0: cluster  12: 46.14 MB/s (16 MB 0.35 s)
IODDR0@0.0: RM 0: cluster  13: 54.20 MB/s (16 MB 0.30 s)
IODDR1@0.0: RM 0: [RMEM] booting up server
IODDR1@0.0: RM 0: [RMEM] server alive
IODDR0@0.0: RM 0: [IODDR0] spawning kernels
IODDR0@0.0: RM 0: cluster   0: 84.54 MB/s (16 MB 0.19 s)
IODDR0@0.0: RM 0: cluster   1: 84.21 MB/s (16 MB 0.19 s)
IODDR0@0.0: RM 0: cluster   2: 45.39 MB/s (16 MB 0.35 s)
IODDR0@0.0: RM 0: cluster   3: 43.75 MB/s (16 MB 0.37 s)
IODDR0@0.0: RM 0: cluster   4: 42.87 MB/s (16 MB 0.37 s)
IODDR0@0.0: RM 0: cluster   5: 49.07 MB/s (16 MB 0.33 s)
IODDR0@0.0: RM 0: cluster   6: 56.46 MB/s (16 MB 0.28 s)
IODDR0@0.0: RM 0: cluster   7: 47.56 MB/s (16 MB 0.34 s)
IODDR0@0.0: RM 0: cluster   8: 46.68 MB/s (16 MB 0.34 s)
IODDR0@0.0: RM 0: cluster   9: 47.35 MB/s (16 MB 0.34 s)
IODDR0@0.0: RM 0: [IODDR0] waiting kernels
IODDR0@0.0: RM 0: cluster  10: 44.63 MB/s (16 MB 0.36 s)
IODDR0@0.0: RM 0: cluster  11: 42.45 MB/s (16 MB 0.38 s)
IODDR0@0.0: RM 0: cluster  12: 42.44 MB/s (16 MB 0.38 s)
IODDR0@0.0: RM 0: cluster  13: 50.05 MB/s (16 MB 0.32 s)
IODDR1@0.0: RM 0: [RMEM] booting up server
IODDR1@0.0: RM 0: [RMEM] server alive
IODDR0@0.0: RM 0: [IODDR0] spawning kernels
IODDR0@0.0: RM 0: cluster   0: 84.54 MB/s (16 MB 0.19 s)
IODDR0@0.0: RM 0: cluster   1: 84.22 MB/s (16 MB 0.19 s)
IODDR0@0.0: RM 0: cluster   2: 42.95 MB/s (16 MB 0.37 s)
IODDR0@0.0: RM 0: cluster   3: 40.44 MB/s (16 MB 0.40 s)
IODDR0@0.0: RM 0: cluster   4: 39.64 MB/s (16 MB 0.40 s)
IODDR0@0.0: RM 0: cluster   5: 48.31 MB/s (16 MB 0.33 s)
IODDR0@0.0: RM 0: cluster   6: 49.60 MB/s (16 MB 0.32 s)
IODDR0@0.0: RM 0: [IODDR0] waiting kernels
IODDR0@0.0: RM 0: cluster   8: 45.11 MB/s (16 MB 0.35 s)
IODDR0@0.0: RM 0: cluster   7: 43.66 MB/s (16 MB 0.37 s)
IODDR0@0.0: RM 0: cluster   9: 35.42 MB/s (16 MB 0.45 s)
IODDR0@0.0: RM 0: cluster  10: 34.99 MB/s (16 MB 0.46 s)
IODDR0@0.0: RM 0: cluster  11: 37.99 MB/s (16 MB 0.42 s)
IODDR0@0.0: RM 0: cluster  12: 48.84 MB/s (16 MB 0.33 s)
IODDR0@0.0: RM 0: cluster  13: 50.27 MB/s (16 MB 0.32 s)
IODDR1@0.0: RM 0: [RMEM] booting up server
IODDR1@0.0: RM 0: [RMEM] server alive
IODDR0@0.0: RM 0: [IODDR0] spawning kernels
IODDR0@0.0: RM 0: cluster   0: 78.53 MB/s (16 MB 0.20 s)
IODDR0@0.0: RM 0: cluster   1: 71.59 MB/s (16 MB 0.22 s)
IODDR0@0.0: RM 0: cluster   2: 76.42 MB/s (16 MB 0.21 s)
IODDR0@0.0: RM 0: cluster   3: 41.37 MB/s (16 MB 0.39 s)
IODDR0@0.0: RM 0: cluster   4: 38.61 MB/s (16 MB 0.41 s)
IODDR0@0.0: RM 0: cluster   5: 37.16 MB/s (16 MB 0.43 s)
IODDR0@0.0: RM 0: cluster   6: 36.98 MB/s (16 MB 0.43 s)
IODDR0@0.0: RM 0: cluster   7: 43.41 MB/s (16 MB 0.37 s)
IODDR0@0.0: RM 0: cluster   8: 43.69 MB/s (16 MB 0.37 s)
IODDR0@0.0: RM 0: [IODDR0] waiting kernels
IODDR0@0.0: RM 0: cluster   9: 40.62 MB/s (16 MB 0.39 s)
IODDR0@0.0: RM 0: cluster  10: 36.81 MB/s (16 MB 0.43 s)
IODDR0@0.0: RM 0: cluster  11: 37.15 MB/s (16 MB 0.43 s)
IODDR0@0.0: RM 0: cluster  12: 41.42 MB/s (16 MB 0.39 s)
IODDR0@0.0: RM 0: cluster  13: 50.56 MB/s (16 MB 0.32 s)
IODDR1@0.0: RM 0: [RMEM] booting up server
IODDR1@0.0: RM 0: [RMEM] server alive
IODDR0@0.0: RM 0: [IODDR0] spawning kernels
IODDR0@0.0: RM 0: cluster   0: 57.94 MB/s (16 MB 0.28 s)
IODDR0@0.0: RM 0: cluster   1: 57.24 MB/s (16 MB 0.28 s)
IODDR0@0.0: RM 0: cluster   2: 59.88 MB/s (16 MB 0.27 s)
IODDR0@0.0: RM 0: cluster   3: 60.80 MB/s (16 MB 0.26 s)
IODDR0@0.0: RM 0: cluster   4: 36.07 MB/s (16 MB 0.44 s)
IODDR0@0.0: RM 0: cluster   5: 34.78 MB/s (16 MB 0.46 s)
IODDR0@0.0: RM 0: cluster   6: 34.64 MB/s (16 MB 0.46 s)
IODDR0@0.0: RM 0: cluster   7: 35.36 MB/s (16 MB 0.45 s)
IODDR0@0.0: RM 0: cluster   8: 39.70 MB/s (16 MB 0.40 s)
IODDR0@0.0: RM 0: [IODDR0] waiting kernels
IODDR0@0.0: RM 0: cluster  10: 38.67 MB/s (16 MB 0.41 s)
IODDR0@0.0: RM 0: cluster   9: 37.93 MB/s (16 MB 0.42 s)
IODDR0@0.0: RM 0: cluster  11: 35.34 MB/s (16 MB 0.45 s)
IODDR0@0.0: RM 0: cluster  12: 35.75 MB/s (16 MB 0.45 s)
IODDR0@0.0: RM 0: cluster  13: 43.45 MB/s (16 MB 0.37 s)
IODDR1@0.0: RM 0: [RMEM] booting up server
IODDR1@0.0: RM 0: [RMEM] server alive
IODDR0@0.0: RM 0: [IODDR0] spawning kernels
IODDR0@0.0: RM 0: cluster   0: 84.54 MB/s (16 MB 0.19 s)
IODDR0@0.0: RM 0: cluster   1: 77.69 MB/s (16 MB 0.21 s)
IODDR0@0.0: RM 0: cluster   2: 54.07 MB/s (16 MB 0.30 s)
IODDR0@0.0: RM 0: cluster   3: 38.10 MB/s (16 MB 0.42 s)
IODDR0@0.0: RM 0: cluster   4: 37.40 MB/s (16 MB 0.43 s)
IODDR0@0.0: RM 0: cluster   5: 36.74 MB/s (16 MB 0.44 s)
IODDR0@0.0: RM 0: cluster   6: 36.67 MB/s (16 MB 0.44 s)
IODDR0@0.0: RM 0: [IODDR0] waiting kernels
IODDR0@0.0: RM 0: cluster   7: 32.99 MB/s (16 MB 0.49 s)
IODDR0@0.0: RM 0: cluster   8: 32.66 MB/s (16 MB 0.49 s)
IODDR0@0.0: RM 0: cluster   9: 32.74 MB/s (16 MB 0.49 s)
IODDR0@0.0: RM 0: cluster  10: 32.66 MB/s (16 MB 0.49 s)
IODDR0@0.0: RM 0: cluster  11: 37.13 MB/s (16 MB 0.43 s)
IODDR0@0.0: RM 0: cluster  12: 43.54 MB/s (16 MB 0.37 s)
IODDR0@0.0: RM 0: cluster  13: 44.40 MB/s (16 MB 0.36 s)
IODDR1@0.0: RM 0: [RMEM] booting up server
IODDR1@0.0: RM 0: [RMEM] server alive
IODDR0@0.0: RM 0: [IODDR0] spawning kernels
IODDR0@0.0: RM 0: cluster   0: 84.53 MB/s (16 MB 0.19 s)
IODDR0@0.0: RM 0: cluster   2: 58.64 MB/s (16 MB 0.27 s)
IODDR0@0.0: RM 0: cluster   1: 57.90 MB/s (16 MB 0.28 s)
IODDR0@0.0: RM 0: cluster   3: 62.90 MB/s (16 MB 0.25 s)
IODDR0@0.0: RM 0: cluster   4: 65.70 MB/s (16 MB 0.24 s)
IODDR0@0.0: RM 0: [IODDR0] waiting kernels
IODDR0@0.0: RM 0: [IODDR0] waiting kernels
IODDR0@0.0: RM 0: cluster   5: 37.71 MB/s (16 MB 0.42 s)
IODDR0@0.0: RM 0: cluster   6: 36.99 MB/s (16 MB 0.43 s)
IODDR0@0.0: RM 0: cluster   7: 35.05 MB/s (16 MB 0.46 s)
IODDR0@0.0: RM 0: cluster   8: 35.03 MB/s (16 MB 0.46 s)
IODDR0@0.0: RM 0: cluster   9: 41.05 MB/s (16 MB 0.39 s)
IODDR0@0.0: RM 0: cluster  10: 39.48 MB/s (16 MB 0.41 s)
IODDR0@0.0: RM 0: cluster  11: 39.88 MB/s (16 MB 0.40 s)
IODDR0@0.0: RM 0: cluster  13: 44.48 MB/s (16 MB 0.36 s)
IODDR0@0.0: RM 0: cluster  12: 45.66 MB/s (16 MB 0.35 s)
