IODDR1@0.0: RM 0: [RMEM] booting up server
IODDR1@0.0: RM 0: [RMEM] server alive
IODDR0@0.0: RM 0: [IODDR0] spawning kernels
IODDR0@0.0: RM 0: cluster   0: 84.54 MB/s (16 MB 0.19 s)
IODDR0@0.0: RM 0: cluster   1: 48.33 MB/s (16 MB 0.33 s)
IODDR0@0.0: RM 0: cluster   2: 47.34 MB/s (16 MB 0.34 s)
IODDR0@0.0: RM 0: cluster   3: 47.93 MB/s (16 MB 0.33 s)
IODDR0@0.0: RM 0: [IODDR0] waiting kernels
IODDR0@0.0: RM 0: cluster   4: 36.44 MB/s (16 MB 0.44 s)
IODDR0@0.0: RM 0: cluster   5: 27.66 MB/s (16 MB 0.58 s)
IODDR0@0.0: RM 0: cluster   7: 27.06 MB/s (16 MB 0.59 s)
IODDR0@0.0: RM 0: cluster   6: 27.05 MB/s (16 MB 0.59 s)
IODDR0@0.0: RM 0: cluster   8: 29.79 MB/s (16 MB 0.54 s)
IODDR0@0.0: RM 0: cluster   9: 35.15 MB/s (16 MB 0.46 s)
IODDR1@0.0: RM 0: [RMEM] booting up server
IODDR1@0.0: RM 0: [RMEM] server alive
IODDR0@0.0: RM 0: [IODDR0] spawning kernels
IODDR0@0.0: RM 0: cluster   0: 84.53 MB/s (16 MB 0.19 s)
IODDR0@0.0: RM 0: cluster   1: 69.83 MB/s (16 MB 0.23 s)
IODDR0@0.0: RM 0: cluster   2: 55.00 MB/s (16 MB 0.29 s)
IODDR0@0.0: RM 0: cluster   3: 46.14 MB/s (16 MB 0.35 s)
IODDR0@0.0: RM 0: [IODDR0] waiting kernels
IODDR0@0.0: RM 0: cluster   4: 35.60 MB/s (16 MB 0.45 s)
IODDR0@0.0: RM 0: cluster   5: 28.01 MB/s (16 MB 0.57 s)
IODDR0@0.0: RM 0: cluster   6: 27.63 MB/s (16 MB 0.58 s)
IODDR0@0.0: RM 0: cluster   7: 29.09 MB/s (16 MB 0.55 s)
IODDR0@0.0: RM 0: cluster   8: 32.07 MB/s (16 MB 0.50 s)
IODDR0@0.0: RM 0: cluster   9: 37.64 MB/s (16 MB 0.43 s)
IODDR1@0.0: RM 0: [RMEM] booting up server
IODDR1@0.0: RM 0: [RMEM] server alive
IODDR0@0.0: RM 0: [IODDR0] spawning kernels
IODDR0@0.0: RM 0: cluster   0: 84.54 MB/s (16 MB 0.19 s)
IODDR0@0.0: RM 0: cluster   1: 82.69 MB/s (16 MB 0.19 s)
IODDR0@0.0: RM 0: [IODDR0] waiting kernels
IODDR0@0.0: RM 0: cluster   2: 36.42 MB/s (16 MB 0.44 s)
IODDR0@0.0: RM 0: cluster   3: 35.08 MB/s (16 MB 0.46 s)
IODDR0@0.0: RM 0: cluster   4: 35.03 MB/s (16 MB 0.46 s)
IODDR0@0.0: RM 0: cluster   5: 35.59 MB/s (16 MB 0.45 s)
IODDR0@0.0: RM 0: cluster   6: 35.44 MB/s (16 MB 0.45 s)
IODDR0@0.0: RM 0: cluster   7: 35.09 MB/s (16 MB 0.46 s)
IODDR0@0.0: RM 0: cluster   8: 37.17 MB/s (16 MB 0.43 s)
IODDR0@0.0: RM 0: cluster   9: 38.27 MB/s (16 MB 0.42 s)
IODDR1@0.0: RM 0: [RMEM] booting up server
IODDR1@0.0: RM 0: [RMEM] server alive
IODDR0@0.0: RM 0: [IODDR0] spawning kernels
IODDR0@0.0: RM 0: cluster   0: 84.54 MB/s (16 MB 0.19 s)
IODDR0@0.0: RM 0: cluster   1: 69.74 MB/s (16 MB 0.23 s)
IODDR0@0.0: RM 0: cluster   2: 52.96 MB/s (16 MB 0.30 s)
IODDR0@0.0: RM 0: cluster   3: 45.61 MB/s (16 MB 0.35 s)
IODDR0@0.0: RM 0: [IODDR0] waiting kernels
IODDR0@0.0: RM 0: cluster   4: 38.68 MB/s (16 MB 0.41 s)
IODDR0@0.0: RM 0: cluster   5: 31.97 MB/s (16 MB 0.50 s)
IODDR0@0.0: RM 0: cluster   6: 31.66 MB/s (16 MB 0.51 s)
IODDR0@0.0: RM 0: cluster   7: 33.31 MB/s (16 MB 0.48 s)
IODDR0@0.0: RM 0: cluster   8: 33.77 MB/s (16 MB 0.47 s)
IODDR0@0.0: RM 0: cluster   9: 39.76 MB/s (16 MB 0.40 s)
IODDR1@0.0: RM 0: [RMEM] booting up server
IODDR1@0.0: RM 0: [RMEM] server alive
IODDR0@0.0: RM 0: [IODDR0] spawning kernels
IODDR0@0.0: RM 0: cluster   0: 84.53 MB/s (16 MB 0.19 s)
IODDR0@0.0: RM 0: cluster   1: 69.71 MB/s (16 MB 0.23 s)
IODDR0@0.0: RM 0: cluster   2: 54.41 MB/s (16 MB 0.29 s)
IODDR0@0.0: RM 0: cluster   3: 49.57 MB/s (16 MB 0.32 s)
IODDR0@0.0: RM 0: [IODDR0] waiting kernels
IODDR0@0.0: RM 0: [IODDR0] waiting kernels
IODDR0@0.0: RM 0: cluster   4: 44.48 MB/s (16 MB 0.36 s)
IODDR0@0.0: RM 0: cluster   5: 39.46 MB/s (16 MB 0.41 s)
IODDR0@0.0: RM 0: cluster   6: 33.67 MB/s (16 MB 0.48 s)
IODDR0@0.0: RM 0: cluster   7: 33.88 MB/s (16 MB 0.47 s)
IODDR0@0.0: RM 0: cluster   8: 36.27 MB/s (16 MB 0.44 s)
IODDR0@0.0: RM 0: cluster   9: 37.18 MB/s (16 MB 0.43 s)
IODDR1@0.0: RM 0: [RMEM] booting up server
IODDR1@0.0: RM 0: [RMEM] server alive
IODDR0@0.0: RM 0: [IODDR0] spawning kernels
IODDR0@0.0: RM 0: cluster   0: 84.54 MB/s (16 MB 0.19 s)
IODDR0@0.0: RM 0: cluster   2: 70.66 MB/s (16 MB 0.23 s)
IODDR0@0.0: RM 0: cluster   1: 67.49 MB/s (16 MB 0.24 s)
IODDR0@0.0: RM 0: [IODDR0] waiting kernels
IODDR0@0.0: RM 0: [IODDR0] waiting kernels
IODDR0@0.0: RM 0: cluster   3: 55.97 MB/s (16 MB 0.29 s)
IODDR0@0.0: RM 0: cluster   4: 40.12 MB/s (16 MB 0.40 s)
IODDR0@0.0: RM 0: cluster   5: 40.15 MB/s (16 MB 0.40 s)
IODDR0@0.0: RM 0: cluster   6: 47.00 MB/s (16 MB 0.34 s)
IODDR0@0.0: RM 0: cluster   7: 42.43 MB/s (16 MB 0.38 s)
IODDR0@0.0: RM 0: cluster   8: 41.70 MB/s (16 MB 0.38 s)
IODDR0@0.0: RM 0: cluster   9: 41.97 MB/s (16 MB 0.38 s)
IODDR1@0.0: RM 0: [RMEM] booting up server
IODDR1@0.0: RM 0: [RMEM] server alive
IODDR0@0.0: RM 0: [IODDR0] spawning kernels
IODDR0@0.0: RM 0: cluster   0: 72.05 MB/s (16 MB 0.22 s)
IODDR0@0.0: RM 0: cluster   1: 57.92 MB/s (16 MB 0.28 s)
IODDR0@0.0: RM 0: cluster   2: 60.28 MB/s (16 MB 0.27 s)
IODDR0@0.0: RM 0: [IODDR0] waiting kernels
IODDR0@0.0: RM 0: cluster   3: 33.27 MB/s (16 MB 0.48 s)
IODDR0@0.0: RM 0: cluster   4: 31.58 MB/s (16 MB 0.51 s)
IODDR0@0.0: RM 0: cluster   5: 30.93 MB/s (16 MB 0.52 s)
IODDR0@0.0: RM 0: cluster   6: 25.71 MB/s (16 MB 0.62 s)
IODDR0@0.0: RM 0: cluster   7: 25.92 MB/s (16 MB 0.62 s)
IODDR0@0.0: RM 0: cluster   8: 28.63 MB/s (16 MB 0.56 s)
IODDR0@0.0: RM 0: cluster   9: 33.64 MB/s (16 MB 0.48 s)
IODDR1@0.0: RM 0: [RMEM] booting up server
IODDR1@0.0: RM 0: [RMEM] server alive
IODDR0@0.0: RM 0: [IODDR0] spawning kernels
IODDR0@0.0: RM 0: cluster   0: 84.52 MB/s (16 MB 0.19 s)
IODDR0@0.0: RM 0: cluster   1: 69.76 MB/s (16 MB 0.23 s)
IODDR0@0.0: RM 0: cluster   2: 54.44 MB/s (16 MB 0.29 s)
IODDR0@0.0: RM 0: cluster   3: 49.21 MB/s (16 MB 0.33 s)
IODDR0@0.0: RM 0: [IODDR0] waiting kernels
IODDR0@0.0: RM 0: cluster   4: 40.69 MB/s (16 MB 0.39 s)
IODDR0@0.0: RM 0: cluster   5: 33.48 MB/s (16 MB 0.48 s)
IODDR0@0.0: RM 0: cluster   6: 30.31 MB/s (16 MB 0.53 s)
IODDR0@0.0: RM 0: cluster   7: 30.35 MB/s (16 MB 0.53 s)
IODDR0@0.0: RM 0: cluster   8: 33.59 MB/s (16 MB 0.48 s)
IODDR0@0.0: RM 0: cluster   9: 39.41 MB/s (16 MB 0.41 s)
IODDR1@0.0: RM 0: [RMEM] booting up server
IODDR1@0.0: RM 0: [RMEM] server alive
IODDR0@0.0: RM 0: [IODDR0] spawning kernels
IODDR0@0.0: RM 0: cluster   0: 84.54 MB/s (16 MB 0.19 s)
IODDR0@0.0: RM 0: cluster   1: 70.81 MB/s (16 MB 0.23 s)
IODDR0@0.0: RM 0: cluster   2: 47.55 MB/s (16 MB 0.34 s)
IODDR0@0.0: RM 0: [IODDR0] waiting kernels
IODDR0@0.0: RM 0: [IODDR0] waiting kernels
IODDR0@0.0: RM 0: cluster   3: 37.90 MB/s (16 MB 0.42 s)
IODDR0@0.0: RM 0: cluster   4: 37.31 MB/s (16 MB 0.43 s)
IODDR0@0.0: RM 0: cluster   5: 32.82 MB/s (16 MB 0.49 s)
IODDR0@0.0: RM 0: cluster   6: 32.50 MB/s (16 MB 0.49 s)
IODDR0@0.0: RM 0: cluster   8: 34.14 MB/s (16 MB 0.47 s)
IODDR0@0.0: RM 0: cluster   7: 34.42 MB/s (16 MB 0.46 s)
IODDR0@0.0: RM 0: cluster   9: 41.41 MB/s (16 MB 0.39 s)
IODDR1@0.0: RM 0: [RMEM] booting up server
IODDR1@0.0: RM 0: [RMEM] server alive
IODDR0@0.0: RM 0: [IODDR0] spawning kernels
IODDR0@0.0: RM 0: cluster   0: 72.03 MB/s (16 MB 0.22 s)
IODDR0@0.0: RM 0: cluster   1: 54.07 MB/s (16 MB 0.30 s)
IODDR0@0.0: RM 0: cluster   2: 45.02 MB/s (16 MB 0.36 s)
IODDR0@0.0: RM 0: [IODDR0] waiting kernels
IODDR0@0.0: RM 0: cluster   3: 38.07 MB/s (16 MB 0.42 s)
IODDR0@0.0: RM 0: cluster   4: 31.30 MB/s (16 MB 0.51 s)
IODDR0@0.0: RM 0: cluster   5: 30.64 MB/s (16 MB 0.52 s)
IODDR0@0.0: RM 0: cluster   6: 27.31 MB/s (16 MB 0.59 s)
IODDR0@0.0: RM 0: cluster   7: 27.54 MB/s (16 MB 0.58 s)
IODDR0@0.0: RM 0: cluster   8: 30.39 MB/s (16 MB 0.53 s)
IODDR0@0.0: RM 0: cluster   9: 35.57 MB/s (16 MB 0.45 s)
