IODDR1@0.0: RM 0: [RMEM] booting up server
IODDR1@0.0: RM 0: [RMEM] server alive
IODDR0@0.0: RM 0: [IODDR0] spawning kernels
IODDR0@0.0: RM 0: cluster   0: 84.54 MB/s (16 MB 0.19 s)
IODDR0@0.0: RM 0: cluster   2: 54.40 MB/s (16 MB 0.29 s)
IODDR0@0.0: RM 0: cluster   1: 35.00 MB/s (16 MB 0.46 s)
IODDR0@0.0: RM 0: cluster   3: 34.07 MB/s (16 MB 0.47 s)
IODDR0@0.0: RM 0: cluster   4: 33.76 MB/s (16 MB 0.47 s)
IODDR0@0.0: RM 0: cluster   5: 26.48 MB/s (16 MB 0.60 s)
IODDR0@0.0: RM 0: cluster   6: 26.19 MB/s (16 MB 0.61 s)
IODDR0@0.0: RM 0: cluster   7: 25.45 MB/s (16 MB 0.63 s)
IODDR0@0.0: RM 0: [IODDR0] waiting kernels
IODDR0@0.0: RM 0: cluster   8: 21.55 MB/s (16 MB 0.74 s)
IODDR0@0.0: RM 0: cluster   9: 21.06 MB/s (16 MB 0.76 s)
IODDR0@0.0: RM 0: cluster  10: 20.76 MB/s (16 MB 0.77 s)
IODDR0@0.0: RM 0: cluster  12: 22.07 MB/s (16 MB 0.73 s)
IODDR0@0.0: RM 0: cluster  11: 23.13 MB/s (16 MB 0.69 s)
IODDR0@0.0: RM 0: cluster  13: 25.02 MB/s (16 MB 0.64 s)
IODDR0@0.0: RM 0: cluster  14: 25.40 MB/s (16 MB 0.63 s)
IODDR0@0.0: RM 0: cluster  15: 29.83 MB/s (16 MB 0.54 s)
IODDR1@0.0: RM 0: [RMEM] booting up server
IODDR1@0.0: RM 0: [RMEM] server alive
IODDR0@0.0: RM 0: [IODDR0] spawning kernels
IODDR0@0.0: RM 0: cluster   0: 84.53 MB/s (16 MB 0.19 s)
IODDR0@0.0: RM 0: cluster   2: 38.20 MB/s (16 MB 0.42 s)
IODDR0@0.0: RM 0: cluster   1: 36.76 MB/s (16 MB 0.44 s)
IODDR0@0.0: RM 0: cluster   3: 30.30 MB/s (16 MB 0.53 s)
IODDR0@0.0: RM 0: cluster   4: 30.05 MB/s (16 MB 0.53 s)
IODDR0@0.0: RM 0: [IODDR0] waiting kernels
IODDR0@0.0: RM 0: [IODDR0] waiting kernels
IODDR0@0.0: RM 0: cluster   5: 24.89 MB/s (16 MB 0.64 s)
IODDR0@0.0: RM 0: cluster   6: 24.36 MB/s (16 MB 0.66 s)
IODDR0@0.0: RM 0: cluster   7: 24.05 MB/s (16 MB 0.67 s)
IODDR0@0.0: RM 0: cluster   8: 23.42 MB/s (16 MB 0.68 s)
IODDR0@0.0: RM 0: cluster   9: 23.48 MB/s (16 MB 0.68 s)
IODDR0@0.0: RM 0: cluster  10: 23.65 MB/s (16 MB 0.68 s)
IODDR0@0.0: RM 0: cluster  11: 24.80 MB/s (16 MB 0.65 s)
IODDR0@0.0: RM 0: cluster  12: 25.27 MB/s (16 MB 0.63 s)
IODDR0@0.0: RM 0: cluster  13: 26.74 MB/s (16 MB 0.60 s)
IODDR0@0.0: RM 0: cluster  14: 27.08 MB/s (16 MB 0.59 s)
IODDR0@0.0: RM 0: cluster  15: 27.63 MB/s (16 MB 0.58 s)
IODDR1@0.0: RM 0: [RMEM] booting up server
IODDR1@0.0: RM 0: [RMEM] server alive
IODDR0@0.0: RM 0: [IODDR0] spawning kernels
IODDR0@0.0: RM 0: cluster   0: 84.52 MB/s (16 MB 0.19 s)
IODDR0@0.0: RM 0: cluster   1: 82.68 MB/s (16 MB 0.19 s)
IODDR0@0.0: RM 0: cluster   2: 34.44 MB/s (16 MB 0.46 s)
IODDR0@0.0: RM 0: cluster   3: 32.25 MB/s (16 MB 0.50 s)
IODDR0@0.0: RM 0: cluster   4: 31.84 MB/s (16 MB 0.50 s)
IODDR0@0.0: RM 0: cluster   5: 31.22 MB/s (16 MB 0.51 s)
IODDR0@0.0: RM 0: cluster   6: 31.01 MB/s (16 MB 0.52 s)
IODDR0@0.0: RM 0: [IODDR0] waiting kernels
IODDR0@0.0: RM 0: cluster   8: 23.76 MB/s (16 MB 0.67 s)
IODDR0@0.0: RM 0: cluster   7: 23.41 MB/s (16 MB 0.68 s)
IODDR0@0.0: RM 0: cluster   9: 20.69 MB/s (16 MB 0.77 s)
IODDR0@0.0: RM 0: cluster  10: 20.61 MB/s (16 MB 0.78 s)
IODDR0@0.0: RM 0: cluster  11: 20.24 MB/s (16 MB 0.79 s)
IODDR0@0.0: RM 0: cluster  12: 20.73 MB/s (16 MB 0.77 s)
IODDR0@0.0: RM 0: cluster  13: 24.38 MB/s (16 MB 0.66 s)
IODDR0@0.0: RM 0: cluster  14: 24.58 MB/s (16 MB 0.65 s)
IODDR0@0.0: RM 0: cluster  15: 28.37 MB/s (16 MB 0.56 s)
IODDR1@0.0: RM 0: [RMEM] booting up server
IODDR1@0.0: RM 0: [RMEM] server alive
IODDR0@0.0: RM 0: [IODDR0] spawning kernels
IODDR0@0.0: RM 0: cluster   0: 72.08 MB/s (16 MB 0.22 s)
IODDR0@0.0: RM 0: cluster   1: 54.07 MB/s (16 MB 0.30 s)
IODDR0@0.0: RM 0: cluster   2: 49.50 MB/s (16 MB 0.32 s)
IODDR0@0.0: RM 0: cluster   3: 45.26 MB/s (16 MB 0.35 s)
IODDR0@0.0: RM 0: cluster   4: 47.37 MB/s (16 MB 0.34 s)
IODDR0@0.0: RM 0: cluster   5: 44.00 MB/s (16 MB 0.36 s)
IODDR0@0.0: RM 0: cluster   6: 31.12 MB/s (16 MB 0.51 s)
IODDR0@0.0: RM 0: cluster   7: 30.04 MB/s (16 MB 0.53 s)
IODDR0@0.0: RM 0: cluster   8: 29.75 MB/s (16 MB 0.54 s)
IODDR0@0.0: RM 0: cluster   9: 30.40 MB/s (16 MB 0.53 s)
IODDR0@0.0: RM 0: [IODDR0] waiting kernels
IODDR0@0.0: RM 0: cluster  10: 29.19 MB/s (16 MB 0.55 s)
IODDR0@0.0: RM 0: cluster  11: 29.33 MB/s (16 MB 0.55 s)
IODDR0@0.0: RM 0: cluster  12: 28.72 MB/s (16 MB 0.56 s)
IODDR0@0.0: RM 0: cluster  13: 29.53 MB/s (16 MB 0.54 s)
IODDR0@0.0: RM 0: cluster  14: 29.89 MB/s (16 MB 0.54 s)
IODDR0@0.0: RM 0: cluster  15: 35.77 MB/s (16 MB 0.45 s)
IODDR1@0.0: RM 0: [RMEM] booting up server
IODDR1@0.0: RM 0: [RMEM] server alive
IODDR0@0.0: RM 0: [IODDR0] spawning kernels
IODDR0@0.0: RM 0: cluster   0: 84.53 MB/s (16 MB 0.19 s)
IODDR0@0.0: RM 0: cluster   2: 69.22 MB/s (16 MB 0.23 s)
IODDR0@0.0: RM 0: cluster   1: 66.33 MB/s (16 MB 0.24 s)
IODDR0@0.0: RM 0: cluster   3: 78.62 MB/s (16 MB 0.20 s)
IODDR0@0.0: RM 0: cluster   4: 35.25 MB/s (16 MB 0.45 s)
IODDR0@0.0: RM 0: cluster   5: 33.45 MB/s (16 MB 0.48 s)
IODDR0@0.0: RM 0: cluster   6: 32.71 MB/s (16 MB 0.49 s)
IODDR0@0.0: RM 0: cluster   7: 32.43 MB/s (16 MB 0.49 s)
IODDR0@0.0: RM 0: [IODDR0] waiting kernels
IODDR0@0.0: RM 0: [IODDR0] waiting kernels
IODDR0@0.0: RM 0: cluster   8: 32.29 MB/s (16 MB 0.50 s)
IODDR0@0.0: RM 0: cluster   9: 32.82 MB/s (16 MB 0.49 s)
IODDR0@0.0: RM 0: cluster  10: 29.32 MB/s (16 MB 0.55 s)
IODDR0@0.0: RM 0: cluster  11: 26.04 MB/s (16 MB 0.61 s)
IODDR0@0.0: RM 0: cluster  12: 25.95 MB/s (16 MB 0.62 s)
IODDR0@0.0: RM 0: cluster  13: 29.44 MB/s (16 MB 0.54 s)
IODDR0@0.0: RM 0: cluster  14: 33.27 MB/s (16 MB 0.48 s)
IODDR0@0.0: RM 0: cluster  15: 33.68 MB/s (16 MB 0.48 s)
IODDR1@0.0: RM 0: [RMEM] booting up server
IODDR1@0.0: RM 0: [RMEM] server alive
IODDR0@0.0: RM 0: [IODDR0] spawning kernels
IODDR0@0.0: RM 0: cluster   0: 84.53 MB/s (16 MB 0.19 s)
IODDR0@0.0: RM 0: cluster   1: 41.72 MB/s (16 MB 0.38 s)
IODDR0@0.0: RM 0: cluster   2: 39.16 MB/s (16 MB 0.41 s)
IODDR0@0.0: RM 0: cluster   3: 35.65 MB/s (16 MB 0.45 s)
IODDR0@0.0: RM 0: cluster   4: 34.27 MB/s (16 MB 0.47 s)
IODDR0@0.0: RM 0: cluster   5: 34.60 MB/s (16 MB 0.46 s)
IODDR0@0.0: RM 0: cluster   6: 39.23 MB/s (16 MB 0.41 s)
IODDR0@0.0: RM 0: cluster   8: 37.93 MB/s (16 MB 0.42 s)
IODDR0@0.0: RM 0: [IODDR0] waiting kernels
IODDR0@0.0: RM 0: cluster   7: 27.92 MB/s (16 MB 0.57 s)
IODDR0@0.0: RM 0: cluster  10: 26.79 MB/s (16 MB 0.60 s)
IODDR0@0.0: RM 0: cluster   9: 26.69 MB/s (16 MB 0.60 s)
IODDR0@0.0: RM 0: cluster  11: 26.23 MB/s (16 MB 0.61 s)
IODDR0@0.0: RM 0: cluster  13: 26.28 MB/s (16 MB 0.61 s)
IODDR0@0.0: RM 0: cluster  12: 28.00 MB/s (16 MB 0.57 s)
IODDR0@0.0: RM 0: cluster  14: 28.48 MB/s (16 MB 0.56 s)
IODDR0@0.0: RM 0: cluster  15: 33.40 MB/s (16 MB 0.48 s)
IODDR1@0.0: RM 0: [RMEM] booting up server
IODDR1@0.0: RM 0: [RMEM] server alive
IODDR0@0.0: RM 0: [IODDR0] spawning kernels
IODDR0@0.0: RM 0: cluster   0: 84.54 MB/s (16 MB 0.19 s)
IODDR0@0.0: RM 0: cluster   1: 53.29 MB/s (16 MB 0.30 s)
IODDR0@0.0: RM 0: cluster   2: 35.92 MB/s (16 MB 0.45 s)
IODDR0@0.0: RM 0: cluster   3: 35.48 MB/s (16 MB 0.45 s)
IODDR0@0.0: RM 0: cluster   4: 35.77 MB/s (16 MB 0.45 s)
IODDR0@0.0: RM 0: cluster   5: 30.53 MB/s (16 MB 0.52 s)
IODDR0@0.0: RM 0: [IODDR0] waiting kernels
IODDR0@0.0: RM 0: [IODDR0] waiting kernels
IODDR0@0.0: RM 0: cluster   6: 26.73 MB/s (16 MB 0.60 s)
IODDR0@0.0: RM 0: cluster   7: 25.85 MB/s (16 MB 0.62 s)
IODDR0@0.0: RM 0: cluster   8: 25.54 MB/s (16 MB 0.63 s)
IODDR0@0.0: RM 0: cluster   9: 26.42 MB/s (16 MB 0.61 s)
IODDR0@0.0: RM 0: cluster  10: 25.88 MB/s (16 MB 0.62 s)
IODDR0@0.0: RM 0: cluster  11: 26.00 MB/s (16 MB 0.62 s)
IODDR0@0.0: RM 0: cluster  12: 25.53 MB/s (16 MB 0.63 s)
IODDR0@0.0: RM 0: cluster  13: 25.68 MB/s (16 MB 0.62 s)
IODDR0@0.0: RM 0: cluster  14: 28.02 MB/s (16 MB 0.57 s)
IODDR0@0.0: RM 0: cluster  15: 28.61 MB/s (16 MB 0.56 s)
IODDR1@0.0: RM 0: [RMEM] booting up server
IODDR1@0.0: RM 0: [RMEM] server alive
IODDR0@0.0: RM 0: [IODDR0] spawning kernels
IODDR0@0.0: RM 0: cluster   0: 72.01 MB/s (16 MB 0.22 s)
IODDR0@0.0: RM 0: cluster   1: 57.82 MB/s (16 MB 0.28 s)
IODDR0@0.0: RM 0: cluster   2: 60.25 MB/s (16 MB 0.27 s)
IODDR0@0.0: RM 0: cluster   3: 29.42 MB/s (16 MB 0.54 s)
IODDR0@0.0: RM 0: cluster   4: 28.29 MB/s (16 MB 0.57 s)
IODDR0@0.0: RM 0: cluster   5: 27.94 MB/s (16 MB 0.57 s)
IODDR0@0.0: RM 0: cluster   6: 26.35 MB/s (16 MB 0.61 s)
IODDR0@0.0: RM 0: [IODDR0] waiting kernels
IODDR0@0.0: RM 0: cluster   7: 24.35 MB/s (16 MB 0.66 s)
IODDR0@0.0: RM 0: cluster   8: 24.35 MB/s (16 MB 0.66 s)
IODDR0@0.0: RM 0: cluster   9: 25.90 MB/s (16 MB 0.62 s)
IODDR0@0.0: RM 0: cluster  10: 24.00 MB/s (16 MB 0.67 s)
IODDR0@0.0: RM 0: cluster  11: 23.82 MB/s (16 MB 0.67 s)
IODDR0@0.0: RM 0: cluster  12: 23.96 MB/s (16 MB 0.67 s)
IODDR0@0.0: RM 0: cluster  13: 28.49 MB/s (16 MB 0.56 s)
IODDR0@0.0: RM 0: cluster  14: 32.03 MB/s (16 MB 0.50 s)
IODDR0@0.0: RM 0: cluster  15: 32.73 MB/s (16 MB 0.49 s)
IODDR1@0.0: RM 0: [RMEM] booting up server
IODDR1@0.0: RM 0: [RMEM] server alive
IODDR0@0.0: RM 0: [IODDR0] spawning kernels
IODDR0@0.0: RM 0: cluster   0: 84.53 MB/s (16 MB 0.19 s)
IODDR0@0.0: RM 0: cluster   1: 53.34 MB/s (16 MB 0.30 s)
IODDR0@0.0: RM 0: cluster   2: 33.82 MB/s (16 MB 0.47 s)
IODDR0@0.0: RM 0: cluster   3: 32.44 MB/s (16 MB 0.49 s)
IODDR0@0.0: RM 0: cluster   4: 31.86 MB/s (16 MB 0.50 s)
IODDR0@0.0: RM 0: [IODDR0] waiting kernels
IODDR0@0.0: RM 0: [IODDR0] waiting kernels
IODDR0@0.0: RM 0: cluster   5: 22.91 MB/s (16 MB 0.70 s)
IODDR0@0.0: RM 0: cluster   6: 22.68 MB/s (16 MB 0.71 s)
IODDR0@0.0: RM 0: cluster   7: 22.65 MB/s (16 MB 0.71 s)
IODDR0@0.0: RM 0: cluster   8: 22.71 MB/s (16 MB 0.70 s)
IODDR0@0.0: RM 0: cluster   9: 23.08 MB/s (16 MB 0.69 s)
IODDR0@0.0: RM 0: cluster  10: 22.99 MB/s (16 MB 0.70 s)
IODDR0@0.0: RM 0: cluster  11: 24.02 MB/s (16 MB 0.67 s)
IODDR0@0.0: RM 0: cluster  12: 28.69 MB/s (16 MB 0.56 s)
IODDR0@0.0: RM 0: cluster  13: 29.87 MB/s (16 MB 0.54 s)
IODDR0@0.0: RM 0: cluster  14: 30.26 MB/s (16 MB 0.53 s)
IODDR0@0.0: RM 0: cluster  15: 30.88 MB/s (16 MB 0.52 s)
IODDR1@0.0: RM 0: [RMEM] booting up server
IODDR1@0.0: RM 0: [RMEM] server alive
IODDR0@0.0: RM 0: [IODDR0] spawning kernels
IODDR0@0.0: RM 0: cluster   0: 72.04 MB/s (16 MB 0.22 s)
IODDR0@0.0: RM 0: cluster   1: 57.88 MB/s (16 MB 0.28 s)
IODDR0@0.0: RM 0: cluster   2: 60.20 MB/s (16 MB 0.27 s)
IODDR0@0.0: RM 0: cluster   3: 34.63 MB/s (16 MB 0.46 s)
IODDR0@0.0: RM 0: cluster   4: 33.74 MB/s (16 MB 0.47 s)
IODDR0@0.0: RM 0: cluster   5: 33.76 MB/s (16 MB 0.47 s)
IODDR0@0.0: RM 0: cluster   6: 31.02 MB/s (16 MB 0.52 s)
IODDR0@0.0: RM 0: cluster   7: 30.83 MB/s (16 MB 0.52 s)
IODDR0@0.0: RM 0: cluster   8: 32.36 MB/s (16 MB 0.49 s)
IODDR0@0.0: RM 0: [IODDR0] waiting kernels
IODDR0@0.0: RM 0: cluster   9: 29.73 MB/s (16 MB 0.54 s)
IODDR0@0.0: RM 0: cluster  10: 27.77 MB/s (16 MB 0.58 s)
IODDR0@0.0: RM 0: cluster  11: 27.79 MB/s (16 MB 0.58 s)
IODDR0@0.0: RM 0: cluster  12: 28.06 MB/s (16 MB 0.57 s)
IODDR0@0.0: RM 0: cluster  13: 29.37 MB/s (16 MB 0.54 s)
IODDR0@0.0: RM 0: cluster  14: 30.06 MB/s (16 MB 0.53 s)
IODDR0@0.0: RM 0: cluster  15: 35.66 MB/s (16 MB 0.45 s)
