IODDR1@0.0: RM 0: [RMEM] booting up server
IODDR1@0.0: RM 0: [RMEM] server alive
IODDR0@0.0: RM 0: [IODDR0] spawning kernels
IODDR0@0.0: RM 0: cluster   0: 78.33 MB/s (16 MB 0.20 s)
IODDR0@0.0: RM 0: cluster   1: 71.04 MB/s (16 MB 0.23 s)
IODDR0@0.0: RM 0: cluster   2: 75.73 MB/s (16 MB 0.21 s)
IODDR0@0.0: RM 0: [IODDR0] waiting kernels
IODDR0@0.0: RM 0: cluster   3: 41.34 MB/s (16 MB 0.39 s)
IODDR0@0.0: RM 0: cluster   4: 36.89 MB/s (16 MB 0.43 s)
IODDR0@0.0: RM 0: cluster   5: 36.19 MB/s (16 MB 0.44 s)
IODDR0@0.0: RM 0: cluster   6: 33.72 MB/s (16 MB 0.47 s)
IODDR0@0.0: RM 0: cluster   7: 38.11 MB/s (16 MB 0.42 s)
IODDR0@0.0: RM 0: cluster   8: 38.47 MB/s (16 MB 0.42 s)
IODDR0@0.0: RM 0: cluster   9: 46.26 MB/s (16 MB 0.35 s)
IODDR1@0.0: RM 0: [RMEM] booting up server
IODDR1@0.0: RM 0: [RMEM] server alive
IODDR0@0.0: RM 0: [IODDR0] spawning kernels
IODDR0@0.0: RM 0: cluster   0: 84.33 MB/s (16 MB 0.19 s)
IODDR0@0.0: RM 0: cluster   1: 66.50 MB/s (16 MB 0.24 s)
IODDR0@0.0: RM 0: [IODDR0] waiting kernels
IODDR0@0.0: RM 0: cluster   3: 38.88 MB/s (16 MB 0.41 s)
IODDR0@0.0: RM 0: cluster   2: 38.17 MB/s (16 MB 0.42 s)
IODDR0@0.0: RM 0: cluster   4: 35.06 MB/s (16 MB 0.46 s)
IODDR0@0.0: RM 0: cluster   5: 35.03 MB/s (16 MB 0.46 s)
IODDR0@0.0: RM 0: cluster   6: 35.80 MB/s (16 MB 0.45 s)
IODDR0@0.0: RM 0: cluster   7: 37.50 MB/s (16 MB 0.43 s)
IODDR0@0.0: RM 0: cluster   8: 42.95 MB/s (16 MB 0.37 s)
IODDR0@0.0: RM 0: cluster   9: 44.22 MB/s (16 MB 0.36 s)
IODDR1@0.0: RM 0: [RMEM] booting up server
IODDR1@0.0: RM 0: [RMEM] server alive
IODDR0@0.0: RM 0: [IODDR0] spawning kernels
IODDR0@0.0: RM 0: cluster   0: 84.33 MB/s (16 MB 0.19 s)
IODDR0@0.0: RM 0: cluster   1: 58.18 MB/s (16 MB 0.27 s)
IODDR0@0.0: RM 0: [IODDR0] waiting kernels
IODDR0@0.0: RM 0: [IODDR0] waiting kernels
IODDR0@0.0: RM 0: cluster   2: 42.35 MB/s (16 MB 0.38 s)
IODDR0@0.0: RM 0: cluster   3: 40.61 MB/s (16 MB 0.39 s)
IODDR0@0.0: RM 0: cluster   4: 40.59 MB/s (16 MB 0.39 s)
IODDR0@0.0: RM 0: cluster   5: 37.53 MB/s (16 MB 0.43 s)
IODDR0@0.0: RM 0: cluster   6: 37.50 MB/s (16 MB 0.43 s)
IODDR0@0.0: RM 0: cluster   7: 35.31 MB/s (16 MB 0.45 s)
IODDR0@0.0: RM 0: cluster   8: 35.72 MB/s (16 MB 0.45 s)
IODDR0@0.0: RM 0: cluster   9: 42.77 MB/s (16 MB 0.37 s)
IODDR1@0.0: RM 0: [RMEM] booting up server
IODDR1@0.0: RM 0: [RMEM] server alive
IODDR0@0.0: RM 0: [IODDR0] spawning kernels
IODDR0@0.0: RM 0: cluster   0: 84.33 MB/s (16 MB 0.19 s)
IODDR0@0.0: RM 0: cluster   1: 66.86 MB/s (16 MB 0.24 s)
IODDR0@0.0: RM 0: cluster   2: 48.71 MB/s (16 MB 0.33 s)
IODDR0@0.0: RM 0: cluster   3: 48.67 MB/s (16 MB 0.33 s)
IODDR0@0.0: RM 0: cluster   4: 50.31 MB/s (16 MB 0.32 s)
IODDR0@0.0: RM 0: [IODDR0] waiting kernels
IODDR0@0.0: RM 0: cluster   5: 50.17 MB/s (16 MB 0.32 s)
IODDR0@0.0: RM 0: cluster   6: 50.16 MB/s (16 MB 0.32 s)
IODDR0@0.0: RM 0: cluster   7: 50.69 MB/s (16 MB 0.32 s)
IODDR0@0.0: RM 0: cluster   8: 59.80 MB/s (16 MB 0.27 s)
IODDR0@0.0: RM 0: cluster   9: 60.11 MB/s (16 MB 0.27 s)
IODDR1@0.0: RM 0: [RMEM] booting up server
IODDR1@0.0: RM 0: [RMEM] server alive
IODDR0@0.0: RM 0: [IODDR0] spawning kernels
IODDR0@0.0: RM 0: cluster   0: 84.32 MB/s (16 MB 0.19 s)
IODDR0@0.0: RM 0: cluster   2: 50.08 MB/s (16 MB 0.32 s)
IODDR0@0.0: RM 0: cluster   1: 48.15 MB/s (16 MB 0.33 s)
IODDR0@0.0: RM 0: cluster   3: 48.07 MB/s (16 MB 0.33 s)
IODDR0@0.0: RM 0: cluster   4: 49.00 MB/s (16 MB 0.33 s)
IODDR0@0.0: RM 0: [IODDR0] waiting kernels
IODDR0@0.0: RM 0: cluster   5: 46.73 MB/s (16 MB 0.34 s)
IODDR0@0.0: RM 0: cluster   6: 43.82 MB/s (16 MB 0.37 s)
IODDR0@0.0: RM 0: cluster   7: 37.63 MB/s (16 MB 0.43 s)
IODDR0@0.0: RM 0: cluster   8: 38.09 MB/s (16 MB 0.42 s)
IODDR0@0.0: RM 0: cluster   9: 46.26 MB/s (16 MB 0.35 s)
IODDR1@0.0: RM 0: [RMEM] booting up server
IODDR1@0.0: RM 0: [RMEM] server alive
IODDR0@0.0: RM 0: [IODDR0] spawning kernels
IODDR0@0.0: RM 0: cluster   0: 84.35 MB/s (16 MB 0.19 s)
IODDR0@0.0: RM 0: cluster   1: 66.88 MB/s (16 MB 0.24 s)
IODDR0@0.0: RM 0: cluster   2: 58.50 MB/s (16 MB 0.27 s)
IODDR0@0.0: RM 0: cluster   3: 58.50 MB/s (16 MB 0.27 s)
IODDR0@0.0: RM 0: cluster   4: 69.96 MB/s (16 MB 0.23 s)
IODDR0@0.0: RM 0: [IODDR0] waiting kernels
IODDR0@0.0: RM 0: cluster   5: 56.75 MB/s (16 MB 0.28 s)
IODDR0@0.0: RM 0: cluster   6: 50.64 MB/s (16 MB 0.32 s)
IODDR0@0.0: RM 0: cluster   7: 49.42 MB/s (16 MB 0.32 s)
IODDR0@0.0: RM 0: cluster   8: 57.63 MB/s (16 MB 0.28 s)
IODDR0@0.0: RM 0: cluster   9: 58.38 MB/s (16 MB 0.27 s)
IODDR1@0.0: RM 0: [RMEM] booting up server
IODDR1@0.0: RM 0: [RMEM] server alive
IODDR0@0.0: RM 0: [IODDR0] spawning kernels
IODDR0@0.0: RM 0: cluster   0: 78.33 MB/s (16 MB 0.20 s)
IODDR0@0.0: RM 0: cluster   1: 71.47 MB/s (16 MB 0.22 s)
IODDR0@0.0: RM 0: cluster   2: 76.27 MB/s (16 MB 0.21 s)
IODDR0@0.0: RM 0: [IODDR0] waiting kernels
IODDR0@0.0: RM 0: cluster   3: 43.16 MB/s (16 MB 0.37 s)
IODDR0@0.0: RM 0: cluster   4: 40.65 MB/s (16 MB 0.39 s)
IODDR0@0.0: RM 0: cluster   5: 39.81 MB/s (16 MB 0.40 s)
IODDR0@0.0: RM 0: cluster   6: 38.66 MB/s (16 MB 0.41 s)
IODDR0@0.0: RM 0: cluster   7: 39.00 MB/s (16 MB 0.41 s)
IODDR0@0.0: RM 0: cluster   8: 48.45 MB/s (16 MB 0.33 s)
IODDR0@0.0: RM 0: cluster   9: 49.01 MB/s (16 MB 0.33 s)
IODDR1@0.0: RM 0: [RMEM] booting up server
IODDR1@0.0: RM 0: [RMEM] server alive
IODDR0@0.0: RM 0: [IODDR0] spawning kernels
IODDR0@0.0: RM 0: cluster   0: 78.34 MB/s (16 MB 0.20 s)
IODDR0@0.0: RM 0: cluster   1: 71.51 MB/s (16 MB 0.22 s)
IODDR0@0.0: RM 0: cluster   2: 76.25 MB/s (16 MB 0.21 s)
IODDR0@0.0: RM 0: [IODDR0] waiting kernels
IODDR0@0.0: RM 0: cluster   4: 47.48 MB/s (16 MB 0.34 s)
IODDR0@0.0: RM 0: cluster   3: 47.23 MB/s (16 MB 0.34 s)
IODDR0@0.0: RM 0: cluster   5: 47.59 MB/s (16 MB 0.34 s)
IODDR0@0.0: RM 0: cluster   6: 39.61 MB/s (16 MB 0.40 s)
IODDR0@0.0: RM 0: cluster   7: 38.39 MB/s (16 MB 0.42 s)
IODDR0@0.0: RM 0: cluster   8: 38.38 MB/s (16 MB 0.42 s)
IODDR0@0.0: RM 0: cluster   9: 44.42 MB/s (16 MB 0.36 s)
IODDR1@0.0: RM 0: [RMEM] booting up server
IODDR1@0.0: RM 0: [RMEM] server alive
IODDR0@0.0: RM 0: [IODDR0] spawning kernels
IODDR0@0.0: RM 0: cluster   0: 78.40 MB/s (16 MB 0.20 s)
IODDR0@0.0: RM 0: cluster   1: 71.50 MB/s (16 MB 0.22 s)
IODDR0@0.0: RM 0: cluster   2: 76.29 MB/s (16 MB 0.21 s)
IODDR0@0.0: RM 0: [IODDR0] waiting kernels
IODDR0@0.0: RM 0: cluster   3: 41.19 MB/s (16 MB 0.39 s)
IODDR0@0.0: RM 0: cluster   4: 38.90 MB/s (16 MB 0.41 s)
IODDR0@0.0: RM 0: cluster   5: 38.12 MB/s (16 MB 0.42 s)
IODDR0@0.0: RM 0: cluster   6: 38.03 MB/s (16 MB 0.42 s)
IODDR0@0.0: RM 0: cluster   7: 43.47 MB/s (16 MB 0.37 s)
IODDR0@0.0: RM 0: cluster   8: 47.35 MB/s (16 MB 0.34 s)
IODDR0@0.0: RM 0: cluster   9: 47.88 MB/s (16 MB 0.33 s)
IODDR1@0.0: RM 0: [RMEM] booting up server
IODDR1@0.0: RM 0: [RMEM] server alive
IODDR0@0.0: RM 0: [IODDR0] spawning kernels
IODDR0@0.0: RM 0: cluster   0: 84.34 MB/s (16 MB 0.19 s)
IODDR0@0.0: RM 0: cluster   1: 77.51 MB/s (16 MB 0.21 s)
IODDR0@0.0: RM 0: cluster   2: 57.81 MB/s (16 MB 0.28 s)
IODDR0@0.0: RM 0: [IODDR0] waiting kernels
IODDR0@0.0: RM 0: [IODDR0] waiting kernels
IODDR0@0.0: RM 0: cluster   3: 42.62 MB/s (16 MB 0.38 s)
IODDR0@0.0: RM 0: cluster   4: 40.88 MB/s (16 MB 0.39 s)
IODDR0@0.0: RM 0: cluster   5: 40.61 MB/s (16 MB 0.39 s)
IODDR0@0.0: RM 0: cluster   6: 44.43 MB/s (16 MB 0.36 s)
IODDR0@0.0: RM 0: cluster   7: 47.95 MB/s (16 MB 0.33 s)
IODDR0@0.0: RM 0: cluster   8: 57.88 MB/s (16 MB 0.28 s)
IODDR0@0.0: RM 0: cluster   9: 58.68 MB/s (16 MB 0.27 s)
