IODDR1@0.0: RM 0: [RMEM] booting up server
IODDR1@0.0: RM 0: [RMEM] server alive
IODDR0@0.0: RM 0: [IODDR0] spawning kernels
IODDR0@0.0: RM 0: cluster   0: 82.81 MB/s (16 MB 0.19 s)
IODDR0@0.0: RM 0: cluster   2: 82.80 MB/s (16 MB 0.19 s)
IODDR0@0.0: RM 0: cluster   1: 65.78 MB/s (16 MB 0.24 s)
IODDR0@0.0: RM 0: cluster   3: 65.26 MB/s (16 MB 0.25 s)
IODDR0@0.0: RM 0: cluster   4: 65.24 MB/s (16 MB 0.25 s)
IODDR0@0.0: RM 0: cluster   5: 76.88 MB/s (16 MB 0.21 s)
IODDR0@0.0: RM 0: [IODDR0] waiting kernels
IODDR0@0.0: RM 0: cluster   6: 66.49 MB/s (16 MB 0.24 s)
IODDR0@0.0: RM 0: cluster   7: 65.79 MB/s (16 MB 0.24 s)
IODDR0@0.0: RM 0: cluster   8: 66.08 MB/s (16 MB 0.24 s)
IODDR0@0.0: RM 0: cluster   9: 77.49 MB/s (16 MB 0.21 s)
IODDR0@0.0: RM 0: cluster  10: 77.45 MB/s (16 MB 0.21 s)
IODDR1@0.0: RM 0: [RMEM] booting up server
IODDR1@0.0: RM 0: [RMEM] server alive
IODDR0@0.0: RM 0: [IODDR0] spawning kernels
IODDR0@0.0: RM 0: cluster   0: 82.81 MB/s (16 MB 0.19 s)
IODDR0@0.0: RM 0: cluster   1: 77.34 MB/s (16 MB 0.21 s)
IODDR0@0.0: RM 0: cluster   2: 77.36 MB/s (16 MB 0.21 s)
IODDR0@0.0: RM 0: cluster   3: 70.22 MB/s (16 MB 0.23 s)
IODDR0@0.0: RM 0: cluster   4: 67.64 MB/s (16 MB 0.24 s)
IODDR0@0.0: RM 0: cluster   5: 68.09 MB/s (16 MB 0.23 s)
IODDR0@0.0: RM 0: [IODDR0] waiting kernels
IODDR0@0.0: RM 0: cluster   6: 70.09 MB/s (16 MB 0.23 s)
IODDR0@0.0: RM 0: cluster   7: 67.58 MB/s (16 MB 0.24 s)
IODDR0@0.0: RM 0: cluster   8: 67.82 MB/s (16 MB 0.24 s)
IODDR0@0.0: RM 0: cluster   9: 77.00 MB/s (16 MB 0.21 s)
IODDR0@0.0: RM 0: cluster  10: 77.19 MB/s (16 MB 0.21 s)
IODDR1@0.0: RM 0: [RMEM] booting up server
IODDR1@0.0: RM 0: [RMEM] server alive
IODDR0@0.0: RM 0: [IODDR0] spawning kernels
IODDR0@0.0: RM 0: cluster   0: 82.82 MB/s (16 MB 0.19 s)
IODDR0@0.0: RM 0: cluster   1: 80.42 MB/s (16 MB 0.20 s)
IODDR0@0.0: RM 0: cluster   2: 67.56 MB/s (16 MB 0.24 s)
IODDR0@0.0: RM 0: cluster   3: 66.80 MB/s (16 MB 0.24 s)
IODDR0@0.0: RM 0: cluster   4: 67.14 MB/s (16 MB 0.24 s)
IODDR0@0.0: RM 0: [IODDR0] waiting kernels
IODDR0@0.0: RM 0: [IODDR0] waiting kernels
IODDR0@0.0: RM 0: cluster   5: 68.90 MB/s (16 MB 0.23 s)
IODDR0@0.0: RM 0: cluster   6: 55.82 MB/s (16 MB 0.29 s)
IODDR0@0.0: RM 0: cluster   7: 55.81 MB/s (16 MB 0.29 s)
IODDR0@0.0: RM 0: cluster   8: 62.89 MB/s (16 MB 0.25 s)
IODDR0@0.0: RM 0: cluster  10: 74.85 MB/s (16 MB 0.21 s)
IODDR0@0.0: RM 0: cluster   9: 75.06 MB/s (16 MB 0.21 s)
IODDR1@0.0: RM 0: [RMEM] booting up server
IODDR1@0.0: RM 0: [RMEM] server alive
IODDR0@0.0: RM 0: [IODDR0] spawning kernels
IODDR0@0.0: RM 0: cluster   0: 82.81 MB/s (16 MB 0.19 s)
IODDR0@0.0: RM 0: cluster   1: 65.81 MB/s (16 MB 0.24 s)
IODDR0@0.0: RM 0: cluster   2: 64.22 MB/s (16 MB 0.25 s)
IODDR0@0.0: RM 0: cluster   3: 62.39 MB/s (16 MB 0.26 s)
IODDR0@0.0: RM 0: cluster   4: 72.82 MB/s (16 MB 0.22 s)
IODDR0@0.0: RM 0: [IODDR0] waiting kernels
IODDR0@0.0: RM 0: [IODDR0] waiting kernels
IODDR0@0.0: RM 0: cluster   5: 64.30 MB/s (16 MB 0.25 s)
IODDR0@0.0: RM 0: cluster   6: 55.62 MB/s (16 MB 0.29 s)
IODDR0@0.0: RM 0: cluster   7: 55.63 MB/s (16 MB 0.29 s)
IODDR0@0.0: RM 0: cluster   8: 64.45 MB/s (16 MB 0.25 s)
IODDR0@0.0: RM 0: cluster   9: 76.42 MB/s (16 MB 0.21 s)
IODDR0@0.0: RM 0: cluster  10: 77.03 MB/s (16 MB 0.21 s)
IODDR1@0.0: RM 0: [RMEM] booting up server
IODDR1@0.0: RM 0: [RMEM] server alive
IODDR0@0.0: RM 0: [IODDR0] spawning kernels
IODDR0@0.0: RM 0: cluster   0: 80.49 MB/s (16 MB 0.20 s)
IODDR0@0.0: RM 0: cluster   1: 80.41 MB/s (16 MB 0.20 s)
IODDR0@0.0: RM 0: cluster   2: 64.81 MB/s (16 MB 0.25 s)
IODDR0@0.0: RM 0: cluster   4: 62.89 MB/s (16 MB 0.25 s)
IODDR0@0.0: RM 0: [IODDR0] waiting kernels
IODDR0@0.0: RM 0: [IODDR0] waiting kernels
IODDR0@0.0: RM 0: cluster   3: 49.41 MB/s (16 MB 0.32 s)
IODDR0@0.0: RM 0: cluster   5: 46.46 MB/s (16 MB 0.34 s)
IODDR0@0.0: RM 0: cluster   6: 46.46 MB/s (16 MB 0.34 s)
IODDR0@0.0: RM 0: cluster   7: 53.04 MB/s (16 MB 0.30 s)
IODDR0@0.0: RM 0: cluster   8: 64.22 MB/s (16 MB 0.25 s)
IODDR0@0.0: RM 0: cluster   9: 75.50 MB/s (16 MB 0.21 s)
IODDR0@0.0: RM 0: cluster  10: 75.85 MB/s (16 MB 0.21 s)
IODDR1@0.0: RM 0: [RMEM] booting up server
IODDR1@0.0: RM 0: [RMEM] server alive
IODDR0@0.0: RM 0: [IODDR0] spawning kernels
IODDR0@0.0: RM 0: cluster   0: 80.45 MB/s (16 MB 0.20 s)
IODDR0@0.0: RM 0: cluster   1: 78.29 MB/s (16 MB 0.20 s)
IODDR0@0.0: RM 0: cluster   2: 78.37 MB/s (16 MB 0.20 s)
IODDR0@0.0: RM 0: cluster   3: 80.47 MB/s (16 MB 0.20 s)
IODDR0@0.0: RM 0: [IODDR0] waiting kernels
IODDR0@0.0: RM 0: cluster   4: 47.91 MB/s (16 MB 0.33 s)
IODDR0@0.0: RM 0: cluster   5: 45.94 MB/s (16 MB 0.35 s)
IODDR0@0.0: RM 0: cluster   6: 45.92 MB/s (16 MB 0.35 s)
IODDR0@0.0: RM 0: cluster   7: 54.06 MB/s (16 MB 0.30 s)
IODDR0@0.0: RM 0: cluster   8: 54.27 MB/s (16 MB 0.29 s)
IODDR0@0.0: RM 0: cluster   9: 54.17 MB/s (16 MB 0.30 s)
IODDR0@0.0: RM 0: cluster  10: 54.44 MB/s (16 MB 0.29 s)
IODDR1@0.0: RM 0: [RMEM] booting up server
IODDR1@0.0: RM 0: [RMEM] server alive
IODDR0@0.0: RM 0: [IODDR0] spawning kernels
IODDR0@0.0: RM 0: cluster   0: 82.81 MB/s (16 MB 0.19 s)
IODDR0@0.0: RM 0: cluster   1: 80.41 MB/s (16 MB 0.20 s)
IODDR0@0.0: RM 0: cluster   2: 78.12 MB/s (16 MB 0.20 s)
IODDR0@0.0: RM 0: cluster   3: 67.34 MB/s (16 MB 0.24 s)
IODDR0@0.0: RM 0: cluster   4: 66.67 MB/s (16 MB 0.24 s)
IODDR0@0.0: RM 0: cluster   5: 66.87 MB/s (16 MB 0.24 s)
IODDR0@0.0: RM 0: [IODDR0] waiting kernels
IODDR0@0.0: RM 0: cluster   6: 67.74 MB/s (16 MB 0.24 s)
IODDR0@0.0: RM 0: cluster   7: 67.50 MB/s (16 MB 0.24 s)
IODDR0@0.0: RM 0: cluster   8: 70.01 MB/s (16 MB 0.23 s)
IODDR0@0.0: RM 0: cluster   9: 77.47 MB/s (16 MB 0.21 s)
IODDR0@0.0: RM 0: cluster  10: 77.43 MB/s (16 MB 0.21 s)
IODDR1@0.0: RM 0: [RMEM] booting up server
IODDR1@0.0: RM 0: [RMEM] server alive
IODDR0@0.0: RM 0: [IODDR0] spawning kernels
IODDR0@0.0: RM 0: cluster   0: 80.69 MB/s (16 MB 0.20 s)
IODDR0@0.0: RM 0: cluster   1: 78.27 MB/s (16 MB 0.20 s)
IODDR0@0.0: RM 0: cluster   2: 77.99 MB/s (16 MB 0.21 s)
IODDR0@0.0: RM 0: cluster   3: 66.36 MB/s (16 MB 0.24 s)
IODDR0@0.0: RM 0: cluster   4: 54.92 MB/s (16 MB 0.29 s)
IODDR0@0.0: RM 0: cluster   5: 54.91 MB/s (16 MB 0.29 s)
IODDR0@0.0: RM 0: cluster   6: 62.84 MB/s (16 MB 0.25 s)
IODDR0@0.0: RM 0: [IODDR0] waiting kernels
IODDR0@0.0: RM 0: cluster   7: 64.94 MB/s (16 MB 0.25 s)
IODDR0@0.0: RM 0: cluster   8: 64.64 MB/s (16 MB 0.25 s)
IODDR0@0.0: RM 0: cluster   9: 65.67 MB/s (16 MB 0.24 s)
IODDR0@0.0: RM 0: cluster  10: 78.73 MB/s (16 MB 0.20 s)
IODDR1@0.0: RM 0: [RMEM] booting up server
IODDR1@0.0: RM 0: [RMEM] server alive
IODDR0@0.0: RM 0: [IODDR0] spawning kernels
IODDR0@0.0: RM 0: cluster   0: 82.81 MB/s (16 MB 0.19 s)
IODDR0@0.0: RM 0: cluster   1: 80.40 MB/s (16 MB 0.20 s)
IODDR0@0.0: RM 0: cluster   2: 78.14 MB/s (16 MB 0.20 s)
IODDR0@0.0: RM 0: [IODDR0] waiting kernels
IODDR0@0.0: RM 0: [IODDR0] waiting kernels
IODDR0@0.0: RM 0: cluster   3: 56.47 MB/s (16 MB 0.28 s)
IODDR0@0.0: RM 0: cluster   4: 40.09 MB/s (16 MB 0.40 s)
IODDR0@0.0: RM 0: cluster   5: 38.54 MB/s (16 MB 0.42 s)
IODDR0@0.0: RM 0: cluster   6: 38.53 MB/s (16 MB 0.42 s)
IODDR0@0.0: RM 0: cluster   7: 45.30 MB/s (16 MB 0.35 s)
IODDR0@0.0: RM 0: cluster   8: 56.28 MB/s (16 MB 0.28 s)
IODDR0@0.0: RM 0: cluster   9: 62.06 MB/s (16 MB 0.26 s)
IODDR0@0.0: RM 0: cluster  10: 62.30 MB/s (16 MB 0.26 s)
IODDR1@0.0: RM 0: [RMEM] booting up server
IODDR1@0.0: RM 0: [RMEM] server alive
IODDR0@0.0: RM 0: [IODDR0] spawning kernels
IODDR0@0.0: RM 0: cluster   0: 82.82 MB/s (16 MB 0.19 s)
IODDR0@0.0: RM 0: cluster   1: 80.44 MB/s (16 MB 0.20 s)
IODDR0@0.0: RM 0: cluster   2: 78.35 MB/s (16 MB 0.20 s)
IODDR0@0.0: RM 0: cluster   3: 78.12 MB/s (16 MB 0.20 s)
IODDR0@0.0: RM 0: cluster   4: 66.37 MB/s (16 MB 0.24 s)
IODDR0@0.0: RM 0: [IODDR0] waiting kernels
IODDR0@0.0: RM 0: [IODDR0] waiting kernels
IODDR0@0.0: RM 0: cluster   5: 55.65 MB/s (16 MB 0.29 s)
IODDR0@0.0: RM 0: cluster   6: 55.66 MB/s (16 MB 0.29 s)
IODDR0@0.0: RM 0: cluster   7: 64.87 MB/s (16 MB 0.25 s)
IODDR0@0.0: RM 0: cluster   8: 69.70 MB/s (16 MB 0.23 s)
IODDR0@0.0: RM 0: cluster   9: 67.54 MB/s (16 MB 0.24 s)
IODDR0@0.0: RM 0: cluster  10: 67.83 MB/s (16 MB 0.24 s)
