IODDR1@0.0: RM 0: [RMEM] booting up server
IODDR1@0.0: RM 0: [RMEM] server alive
IODDR0@0.0: RM 0: [IODDR0] spawning kernels
IODDR0@0.0: RM 0: cluster   0: 84.35 MB/s (16 MB 0.19 s)
IODDR0@0.0: RM 0: cluster   1: 56.13 MB/s (16 MB 0.29 s)
IODDR0@0.0: RM 0: cluster   2: 53.62 MB/s (16 MB 0.30 s)
IODDR0@0.0: RM 0: cluster   3: 44.65 MB/s (16 MB 0.36 s)
IODDR0@0.0: RM 0: cluster   4: 44.35 MB/s (16 MB 0.36 s)
IODDR0@0.0: RM 0: cluster   5: 37.82 MB/s (16 MB 0.42 s)
IODDR0@0.0: RM 0: cluster   6: 37.81 MB/s (16 MB 0.42 s)
IODDR0@0.0: RM 0: cluster   7: 43.51 MB/s (16 MB 0.37 s)
IODDR0@0.0: RM 0: cluster   8: 44.14 MB/s (16 MB 0.36 s)
IODDR0@0.0: RM 0: [IODDR0] waiting kernels
IODDR0@0.0: RM 0: cluster   9: 53.07 MB/s (16 MB 0.30 s)
IODDR0@0.0: RM 0: cluster  10: 49.41 MB/s (16 MB 0.32 s)
IODDR0@0.0: RM 0: cluster  11: 37.88 MB/s (16 MB 0.42 s)
IODDR0@0.0: RM 0: cluster  12: 37.84 MB/s (16 MB 0.42 s)
IODDR0@0.0: RM 0: cluster  13: 43.31 MB/s (16 MB 0.37 s)
IODDR0@0.0: RM 0: cluster  14: 51.15 MB/s (16 MB 0.31 s)
IODDR1@0.0: RM 0: [RMEM] booting up server
IODDR1@0.0: RM 0: [RMEM] server alive
IODDR0@0.0: RM 0: [IODDR0] spawning kernels
IODDR0@0.0: RM 0: cluster   0: 84.34 MB/s (16 MB 0.19 s)
IODDR0@0.0: RM 0: cluster   1: 66.53 MB/s (16 MB 0.24 s)
IODDR0@0.0: RM 0: cluster   2: 39.87 MB/s (16 MB 0.40 s)
IODDR0@0.0: RM 0: cluster   3: 38.70 MB/s (16 MB 0.41 s)
IODDR0@0.0: RM 0: cluster   4: 32.97 MB/s (16 MB 0.49 s)
IODDR0@0.0: RM 0: cluster   5: 30.30 MB/s (16 MB 0.53 s)
IODDR0@0.0: RM 0: cluster   6: 30.60 MB/s (16 MB 0.52 s)
IODDR0@0.0: RM 0: cluster   7: 35.21 MB/s (16 MB 0.45 s)
IODDR0@0.0: RM 0: [IODDR0] waiting kernels
IODDR0@0.0: RM 0: cluster   8: 36.65 MB/s (16 MB 0.44 s)
IODDR0@0.0: RM 0: cluster   9: 39.99 MB/s (16 MB 0.40 s)
IODDR0@0.0: RM 0: cluster  11: 38.42 MB/s (16 MB 0.42 s)
IODDR0@0.0: RM 0: cluster  10: 38.14 MB/s (16 MB 0.42 s)
IODDR0@0.0: RM 0: cluster  12: 39.82 MB/s (16 MB 0.40 s)
IODDR0@0.0: RM 0: cluster  13: 45.99 MB/s (16 MB 0.35 s)
IODDR0@0.0: RM 0: cluster  14: 46.60 MB/s (16 MB 0.34 s)
IODDR1@0.0: RM 0: [RMEM] booting up server
IODDR1@0.0: RM 0: [RMEM] server alive
IODDR0@0.0: RM 0: [IODDR0] spawning kernels
IODDR0@0.0: RM 0: cluster   0: 84.33 MB/s (16 MB 0.19 s)
IODDR0@0.0: RM 0: cluster   1: 77.59 MB/s (16 MB 0.21 s)
IODDR0@0.0: RM 0: cluster   2: 71.35 MB/s (16 MB 0.22 s)
IODDR0@0.0: RM 0: cluster   3: 70.44 MB/s (16 MB 0.23 s)
IODDR0@0.0: RM 0: cluster   4: 57.32 MB/s (16 MB 0.28 s)
IODDR0@0.0: RM 0: cluster   5: 53.36 MB/s (16 MB 0.30 s)
IODDR0@0.0: RM 0: cluster   6: 53.30 MB/s (16 MB 0.30 s)
IODDR0@0.0: RM 0: cluster   7: 73.43 MB/s (16 MB 0.22 s)
IODDR0@0.0: RM 0: [IODDR0] waiting kernels
IODDR0@0.0: RM 0: cluster   8: 47.58 MB/s (16 MB 0.34 s)
IODDR0@0.0: RM 0: cluster   9: 43.25 MB/s (16 MB 0.37 s)
IODDR0@0.0: RM 0: cluster  10: 34.65 MB/s (16 MB 0.46 s)
IODDR0@0.0: RM 0: cluster  11: 34.04 MB/s (16 MB 0.47 s)
IODDR0@0.0: RM 0: cluster  12: 36.54 MB/s (16 MB 0.44 s)
IODDR0@0.0: RM 0: cluster  14: 46.35 MB/s (16 MB 0.35 s)
IODDR0@0.0: RM 0: cluster  13: 46.96 MB/s (16 MB 0.34 s)
IODDR1@0.0: RM 0: [RMEM] booting up server
IODDR1@0.0: RM 0: [RMEM] server alive
IODDR0@0.0: RM 0: [IODDR0] spawning kernels
IODDR0@0.0: RM 0: cluster   0: 84.34 MB/s (16 MB 0.19 s)
IODDR0@0.0: RM 0: cluster   1: 66.87 MB/s (16 MB 0.24 s)
IODDR0@0.0: RM 0: cluster   2: 58.50 MB/s (16 MB 0.27 s)
IODDR0@0.0: RM 0: cluster   3: 58.50 MB/s (16 MB 0.27 s)
IODDR0@0.0: RM 0: cluster   4: 69.98 MB/s (16 MB 0.23 s)
IODDR0@0.0: RM 0: cluster   5: 56.51 MB/s (16 MB 0.28 s)
IODDR0@0.0: RM 0: cluster   6: 45.73 MB/s (16 MB 0.35 s)
IODDR0@0.0: RM 0: cluster   7: 45.71 MB/s (16 MB 0.35 s)
IODDR0@0.0: RM 0: cluster   8: 55.71 MB/s (16 MB 0.29 s)
IODDR0@0.0: RM 0: [IODDR0] waiting kernels
IODDR0@0.0: RM 0: cluster  10: 43.68 MB/s (16 MB 0.37 s)
IODDR0@0.0: RM 0: cluster   9: 42.93 MB/s (16 MB 0.37 s)
IODDR0@0.0: RM 0: cluster  11: 41.02 MB/s (16 MB 0.39 s)
IODDR0@0.0: RM 0: cluster  12: 40.86 MB/s (16 MB 0.39 s)
IODDR0@0.0: RM 0: cluster  13: 47.51 MB/s (16 MB 0.34 s)
IODDR0@0.0: RM 0: cluster  14: 48.01 MB/s (16 MB 0.33 s)
IODDR1@0.0: RM 0: [RMEM] booting up server
IODDR1@0.0: RM 0: [RMEM] server alive
IODDR0@0.0: RM 0: [IODDR0] spawning kernels
IODDR0@0.0: RM 0: cluster   0: 84.33 MB/s (16 MB 0.19 s)
IODDR0@0.0: RM 0: cluster   1: 63.85 MB/s (16 MB 0.25 s)
IODDR0@0.0: RM 0: cluster   2: 42.80 MB/s (16 MB 0.37 s)
IODDR0@0.0: RM 0: cluster   3: 41.09 MB/s (16 MB 0.39 s)
IODDR0@0.0: RM 0: cluster   4: 39.79 MB/s (16 MB 0.40 s)
IODDR0@0.0: RM 0: cluster   5: 37.65 MB/s (16 MB 0.42 s)
IODDR0@0.0: RM 0: cluster   6: 37.38 MB/s (16 MB 0.43 s)
IODDR0@0.0: RM 0: cluster   7: 36.58 MB/s (16 MB 0.44 s)
IODDR0@0.0: RM 0: [IODDR0] waiting kernels
IODDR0@0.0: RM 0: cluster   8: 35.26 MB/s (16 MB 0.45 s)
IODDR0@0.0: RM 0: cluster   9: 35.24 MB/s (16 MB 0.45 s)
IODDR0@0.0: RM 0: cluster  10: 37.84 MB/s (16 MB 0.42 s)
IODDR0@0.0: RM 0: cluster  11: 35.89 MB/s (16 MB 0.45 s)
IODDR0@0.0: RM 0: cluster  12: 36.21 MB/s (16 MB 0.44 s)
IODDR0@0.0: RM 0: cluster  13: 46.27 MB/s (16 MB 0.35 s)
IODDR0@0.0: RM 0: cluster  14: 47.59 MB/s (16 MB 0.34 s)
IODDR1@0.0: RM 0: [RMEM] booting up server
IODDR1@0.0: RM 0: [RMEM] server alive
IODDR0@0.0: RM 0: [IODDR0] spawning kernels
IODDR0@0.0: RM 0: cluster   0: 84.33 MB/s (16 MB 0.19 s)
IODDR0@0.0: RM 0: cluster   2: 57.39 MB/s (16 MB 0.28 s)
IODDR0@0.0: RM 0: cluster   1: 54.95 MB/s (16 MB 0.29 s)
IODDR0@0.0: RM 0: cluster   3: 54.81 MB/s (16 MB 0.29 s)
IODDR0@0.0: RM 0: cluster   4: 65.09 MB/s (16 MB 0.25 s)
IODDR0@0.0: RM 0: cluster   6: 37.02 MB/s (16 MB 0.43 s)
IODDR0@0.0: RM 0: cluster   5: 36.35 MB/s (16 MB 0.44 s)
IODDR0@0.0: RM 0: cluster   7: 36.33 MB/s (16 MB 0.44 s)
IODDR0@0.0: RM 0: cluster   8: 38.51 MB/s (16 MB 0.42 s)
IODDR0@0.0: RM 0: cluster   9: 49.92 MB/s (16 MB 0.32 s)
IODDR0@0.0: RM 0: [IODDR0] waiting kernels
IODDR0@0.0: RM 0: cluster  10: 49.26 MB/s (16 MB 0.32 s)
IODDR0@0.0: RM 0: cluster  11: 40.95 MB/s (16 MB 0.39 s)
IODDR0@0.0: RM 0: cluster  12: 39.24 MB/s (16 MB 0.41 s)
IODDR0@0.0: RM 0: cluster  13: 40.00 MB/s (16 MB 0.40 s)
IODDR0@0.0: RM 0: cluster  14: 47.89 MB/s (16 MB 0.33 s)
IODDR1@0.0: RM 0: [RMEM] booting up server
IODDR1@0.0: RM 0: [RMEM] server alive
IODDR0@0.0: RM 0: [IODDR0] spawning kernels
IODDR0@0.0: RM 0: cluster   0: 84.36 MB/s (16 MB 0.19 s)
IODDR0@0.0: RM 0: cluster   1: 69.94 MB/s (16 MB 0.23 s)
IODDR0@0.0: RM 0: cluster   2: 69.88 MB/s (16 MB 0.23 s)
IODDR0@0.0: RM 0: cluster   4: 58.08 MB/s (16 MB 0.28 s)
IODDR0@0.0: RM 0: cluster   3: 57.38 MB/s (16 MB 0.28 s)
IODDR0@0.0: RM 0: cluster   5: 60.79 MB/s (16 MB 0.26 s)
IODDR0@0.0: RM 0: cluster   6: 73.42 MB/s (16 MB 0.22 s)
IODDR0@0.0: RM 0: cluster   7: 55.58 MB/s (16 MB 0.29 s)
IODDR0@0.0: RM 0: cluster   8: 45.18 MB/s (16 MB 0.35 s)
IODDR0@0.0: RM 0: cluster   9: 45.15 MB/s (16 MB 0.35 s)
IODDR0@0.0: RM 0: cluster  10: 52.01 MB/s (16 MB 0.31 s)
IODDR0@0.0: RM 0: [IODDR0] waiting kernels
IODDR0@0.0: RM 0: cluster  11: 57.20 MB/s (16 MB 0.28 s)
IODDR0@0.0: RM 0: cluster  12: 44.93 MB/s (16 MB 0.36 s)
IODDR0@0.0: RM 0: cluster  13: 44.92 MB/s (16 MB 0.36 s)
IODDR0@0.0: RM 0: cluster  14: 53.47 MB/s (16 MB 0.30 s)
IODDR1@0.0: RM 0: [RMEM] booting up server
IODDR1@0.0: RM 0: [RMEM] server alive
IODDR0@0.0: RM 0: [IODDR0] spawning kernels
IODDR0@0.0: RM 0: cluster   0: 84.35 MB/s (16 MB 0.19 s)
IODDR0@0.0: RM 0: cluster   1: 77.51 MB/s (16 MB 0.21 s)
IODDR0@0.0: RM 0: cluster   2: 70.87 MB/s (16 MB 0.23 s)
IODDR0@0.0: RM 0: cluster   3: 57.91 MB/s (16 MB 0.28 s)
IODDR0@0.0: RM 0: cluster   4: 54.17 MB/s (16 MB 0.30 s)
IODDR0@0.0: RM 0: cluster   5: 54.07 MB/s (16 MB 0.30 s)
IODDR0@0.0: RM 0: cluster   6: 66.61 MB/s (16 MB 0.24 s)
IODDR0@0.0: RM 0: cluster   7: 55.97 MB/s (16 MB 0.29 s)
IODDR0@0.0: RM 0: cluster   8: 45.27 MB/s (16 MB 0.35 s)
IODDR0@0.0: RM 0: cluster   9: 45.07 MB/s (16 MB 0.36 s)
IODDR0@0.0: RM 0: cluster  10: 51.32 MB/s (16 MB 0.31 s)
IODDR0@0.0: RM 0: [IODDR0] waiting kernels
IODDR0@0.0: RM 0: cluster  11: 56.27 MB/s (16 MB 0.28 s)
IODDR0@0.0: RM 0: cluster  12: 44.82 MB/s (16 MB 0.36 s)
IODDR0@0.0: RM 0: cluster  13: 44.79 MB/s (16 MB 0.36 s)
IODDR0@0.0: RM 0: cluster  14: 53.31 MB/s (16 MB 0.30 s)
IODDR1@0.0: RM 0: [RMEM] booting up server
IODDR1@0.0: RM 0: [RMEM] server alive
IODDR0@0.0: RM 0: [IODDR0] spawning kernels
IODDR0@0.0: RM 0: cluster   0: 78.34 MB/s (16 MB 0.20 s)
IODDR0@0.0: RM 0: cluster   1: 71.47 MB/s (16 MB 0.22 s)
IODDR0@0.0: RM 0: cluster   2: 76.27 MB/s (16 MB 0.21 s)
IODDR0@0.0: RM 0: cluster   3: 41.29 MB/s (16 MB 0.39 s)
IODDR0@0.0: RM 0: cluster   4: 39.94 MB/s (16 MB 0.40 s)
IODDR0@0.0: RM 0: cluster   5: 39.90 MB/s (16 MB 0.40 s)
IODDR0@0.0: RM 0: cluster   6: 46.20 MB/s (16 MB 0.35 s)
IODDR0@0.0: RM 0: [IODDR0] waiting kernels
IODDR0@0.0: RM 0: [IODDR0] waiting kernels
IODDR0@0.0: RM 0: cluster   8: 52.60 MB/s (16 MB 0.30 s)
IODDR0@0.0: RM 0: cluster   7: 50.17 MB/s (16 MB 0.32 s)
IODDR0@0.0: RM 0: cluster   9: 38.05 MB/s (16 MB 0.42 s)
IODDR0@0.0: RM 0: cluster  10: 35.44 MB/s (16 MB 0.45 s)
IODDR0@0.0: RM 0: cluster  11: 35.45 MB/s (16 MB 0.45 s)
IODDR0@0.0: RM 0: cluster  12: 36.95 MB/s (16 MB 0.43 s)
IODDR0@0.0: RM 0: cluster  13: 47.85 MB/s (16 MB 0.33 s)
IODDR0@0.0: RM 0: cluster  14: 49.85 MB/s (16 MB 0.32 s)
IODDR1@0.0: RM 0: [RMEM] booting up server
IODDR1@0.0: RM 0: [RMEM] server alive
IODDR0@0.0: RM 0: [IODDR0] spawning kernels
IODDR0@0.0: RM 0: cluster   0: 84.33 MB/s (16 MB 0.19 s)
IODDR0@0.0: RM 0: cluster   1: 77.52 MB/s (16 MB 0.21 s)
IODDR0@0.0: RM 0: cluster   2: 70.89 MB/s (16 MB 0.23 s)
IODDR0@0.0: RM 0: cluster   3: 57.89 MB/s (16 MB 0.28 s)
IODDR0@0.0: RM 0: cluster   4: 52.31 MB/s (16 MB 0.31 s)
IODDR0@0.0: RM 0: cluster   5: 50.31 MB/s (16 MB 0.32 s)
IODDR0@0.0: RM 0: cluster   6: 55.65 MB/s (16 MB 0.29 s)
IODDR0@0.0: RM 0: cluster   7: 56.61 MB/s (16 MB 0.28 s)
IODDR0@0.0: RM 0: [IODDR0] waiting kernels
IODDR0@0.0: RM 0: cluster   8: 54.71 MB/s (16 MB 0.29 s)
IODDR0@0.0: RM 0: cluster   9: 52.30 MB/s (16 MB 0.31 s)
IODDR0@0.0: RM 0: cluster  10: 52.29 MB/s (16 MB 0.31 s)
IODDR0@0.0: RM 0: cluster  11: 74.41 MB/s (16 MB 0.22 s)
IODDR0@0.0: RM 0: cluster  12: 46.67 MB/s (16 MB 0.34 s)
IODDR0@0.0: RM 0: cluster  13: 46.41 MB/s (16 MB 0.34 s)
IODDR0@0.0: RM 0: cluster  14: 46.96 MB/s (16 MB 0.34 s)
