IODDR1@0.0: RM 0: [RMEM] booting up server
IODDR1@0.0: RM 0: [RMEM] server alive
IODDR0@0.0: RM 0: [IODDR0] spawning kernels
IODDR0@0.0: RM 0: cluster   0: 84.34 MB/s (16 MB 0.19 s)
IODDR0@0.0: RM 0: [IODDR0] waiting kernels
IODDR0@0.0: RM 0: [IODDR0] waiting kernels
IODDR0@0.0: RM 0: cluster   1: 69.62 MB/s (16 MB 0.23 s)
IODDR0@0.0: RM 0: cluster   2: 46.49 MB/s (16 MB 0.34 s)
IODDR0@0.0: RM 0: cluster   3: 35.08 MB/s (16 MB 0.46 s)
IODDR0@0.0: RM 0: cluster   4: 34.57 MB/s (16 MB 0.46 s)
IODDR0@0.0: RM 0: cluster   5: 39.67 MB/s (16 MB 0.40 s)
IODDR0@0.0: RM 0: cluster   6: 40.05 MB/s (16 MB 0.40 s)
IODDR1@0.0: RM 0: [RMEM] booting up server
IODDR1@0.0: RM 0: [RMEM] server alive
IODDR0@0.0: RM 0: [IODDR0] spawning kernels
IODDR0@0.0: RM 0: cluster   0: 84.34 MB/s (16 MB 0.19 s)
IODDR0@0.0: RM 0: [IODDR0] waiting kernels
IODDR0@0.0: RM 0: [IODDR0] waiting kernels
IODDR0@0.0: RM 0: cluster   1: 69.52 MB/s (16 MB 0.23 s)
IODDR0@0.0: RM 0: cluster   2: 40.09 MB/s (16 MB 0.40 s)
IODDR0@0.0: RM 0: cluster   3: 32.96 MB/s (16 MB 0.49 s)
IODDR0@0.0: RM 0: cluster   5: 32.35 MB/s (16 MB 0.49 s)
IODDR0@0.0: RM 0: cluster   4: 35.49 MB/s (16 MB 0.45 s)
IODDR0@0.0: RM 0: cluster   6: 35.90 MB/s (16 MB 0.45 s)
IODDR1@0.0: RM 0: [RMEM] booting up server
IODDR1@0.0: RM 0: [RMEM] server alive
IODDR0@0.0: RM 0: [IODDR0] spawning kernels
IODDR0@0.0: RM 0: cluster   0: 84.35 MB/s (16 MB 0.19 s)
IODDR0@0.0: RM 0: [IODDR0] waiting kernels
IODDR0@0.0: RM 0: cluster   1: 55.73 MB/s (16 MB 0.29 s)
IODDR0@0.0: RM 0: cluster   2: 29.39 MB/s (16 MB 0.54 s)
IODDR0@0.0: RM 0: cluster   3: 28.53 MB/s (16 MB 0.56 s)
IODDR0@0.0: RM 0: cluster   4: 28.32 MB/s (16 MB 0.56 s)
IODDR0@0.0: RM 0: cluster   5: 28.49 MB/s (16 MB 0.56 s)
IODDR0@0.0: RM 0: cluster   6: 32.58 MB/s (16 MB 0.49 s)
IODDR1@0.0: RM 0: [RMEM] booting up server
IODDR1@0.0: RM 0: [RMEM] server alive
IODDR0@0.0: RM 0: [IODDR0] spawning kernels
IODDR0@0.0: RM 0: cluster   0: 84.33 MB/s (16 MB 0.19 s)
IODDR0@0.0: RM 0: [IODDR0] waiting kernels
IODDR0@0.0: RM 0: cluster   1: 36.02 MB/s (16 MB 0.44 s)
IODDR0@0.0: RM 0: cluster   2: 33.08 MB/s (16 MB 0.48 s)
IODDR0@0.0: RM 0: cluster   3: 26.51 MB/s (16 MB 0.60 s)
IODDR0@0.0: RM 0: cluster   4: 26.48 MB/s (16 MB 0.60 s)
IODDR0@0.0: RM 0: cluster   5: 32.13 MB/s (16 MB 0.50 s)
IODDR0@0.0: RM 0: cluster   6: 32.50 MB/s (16 MB 0.49 s)
IODDR1@0.0: RM 0: [RMEM] booting up server
IODDR1@0.0: RM 0: [RMEM] server alive
IODDR0@0.0: RM 0: [IODDR0] spawning kernels
IODDR0@0.0: RM 0: cluster   0: 84.33 MB/s (16 MB 0.19 s)
IODDR0@0.0: RM 0: [IODDR0] waiting kernels
IODDR0@0.0: RM 0: cluster   2: 36.16 MB/s (16 MB 0.44 s)
IODDR0@0.0: RM 0: cluster   1: 33.18 MB/s (16 MB 0.48 s)
IODDR0@0.0: RM 0: cluster   3: 27.84 MB/s (16 MB 0.57 s)
IODDR0@0.0: RM 0: cluster   4: 27.81 MB/s (16 MB 0.58 s)
IODDR0@0.0: RM 0: cluster   5: 34.10 MB/s (16 MB 0.47 s)
IODDR0@0.0: RM 0: cluster   6: 34.52 MB/s (16 MB 0.46 s)
IODDR1@0.0: RM 0: [RMEM] booting up server
IODDR1@0.0: RM 0: [RMEM] server alive
IODDR0@0.0: RM 0: [IODDR0] spawning kernels
IODDR0@0.0: RM 0: [IODDR0] waiting kernels
IODDR0@0.0: RM 0: [IODDR0] waiting kernels
IODDR0@0.0: RM 0: cluster   0: 60.42 MB/s (16 MB 0.26 s)
IODDR0@0.0: RM 0: cluster   1: 45.15 MB/s (16 MB 0.35 s)
IODDR0@0.0: RM 0: cluster   2: 45.13 MB/s (16 MB 0.35 s)
IODDR0@0.0: RM 0: cluster   3: 52.88 MB/s (16 MB 0.30 s)
IODDR0@0.0: RM 0: cluster   4: 38.49 MB/s (16 MB 0.42 s)
IODDR0@0.0: RM 0: cluster   5: 38.46 MB/s (16 MB 0.42 s)
IODDR0@0.0: RM 0: cluster   6: 38.81 MB/s (16 MB 0.41 s)
IODDR1@0.0: RM 0: [RMEM] booting up server
IODDR1@0.0: RM 0: [RMEM] server alive
IODDR0@0.0: RM 0: [IODDR0] spawning kernels
IODDR0@0.0: RM 0: cluster   0: 71.76 MB/s (16 MB 0.22 s)
IODDR0@0.0: RM 0: [IODDR0] waiting kernels
IODDR0@0.0: RM 0: [IODDR0] waiting kernels
IODDR0@0.0: RM 0: cluster   1: 56.97 MB/s (16 MB 0.28 s)
IODDR0@0.0: RM 0: cluster   2: 61.48 MB/s (16 MB 0.26 s)
IODDR0@0.0: RM 0: cluster   3: 39.41 MB/s (16 MB 0.41 s)
IODDR0@0.0: RM 0: cluster   4: 38.49 MB/s (16 MB 0.42 s)
IODDR0@0.0: RM 0: cluster   5: 38.63 MB/s (16 MB 0.41 s)
IODDR0@0.0: RM 0: cluster   6: 39.40 MB/s (16 MB 0.41 s)
IODDR1@0.0: RM 0: [RMEM] booting up server
IODDR1@0.0: RM 0: [RMEM] server alive
IODDR0@0.0: RM 0: [IODDR0] spawning kernels
IODDR0@0.0: RM 0: [IODDR0] waiting kernels
IODDR0@0.0: RM 0: cluster   0: 42.83 MB/s (16 MB 0.37 s)
IODDR0@0.0: RM 0: cluster   1: 41.01 MB/s (16 MB 0.39 s)
IODDR0@0.0: RM 0: cluster   2: 35.37 MB/s (16 MB 0.45 s)
IODDR0@0.0: RM 0: cluster   3: 33.02 MB/s (16 MB 0.48 s)
IODDR0@0.0: RM 0: cluster   4: 33.73 MB/s (16 MB 0.47 s)
IODDR0@0.0: RM 0: cluster   6: 33.91 MB/s (16 MB 0.47 s)
IODDR0@0.0: RM 0: cluster   5: 34.61 MB/s (16 MB 0.46 s)
IODDR1@0.0: RM 0: [RMEM] booting up server
IODDR1@0.0: RM 0: [RMEM] server alive
IODDR0@0.0: RM 0: [IODDR0] spawning kernels
IODDR0@0.0: RM 0: cluster   0: 71.79 MB/s (16 MB 0.22 s)
IODDR0@0.0: RM 0: [IODDR0] waiting kernels
IODDR0@0.0: RM 0: [IODDR0] waiting kernels
IODDR0@0.0: RM 0: cluster   1: 57.70 MB/s (16 MB 0.28 s)
IODDR0@0.0: RM 0: cluster   2: 59.71 MB/s (16 MB 0.27 s)
IODDR0@0.0: RM 0: cluster   3: 31.71 MB/s (16 MB 0.50 s)
IODDR0@0.0: RM 0: cluster   4: 31.29 MB/s (16 MB 0.51 s)
IODDR0@0.0: RM 0: cluster   5: 31.56 MB/s (16 MB 0.51 s)
IODDR0@0.0: RM 0: cluster   6: 35.98 MB/s (16 MB 0.44 s)
IODDR1@0.0: RM 0: [RMEM] booting up server
IODDR1@0.0: RM 0: [RMEM] server alive
IODDR0@0.0: RM 0: [IODDR0] spawning kernels
IODDR0@0.0: RM 0: cluster   0: 84.33 MB/s (16 MB 0.19 s)
IODDR0@0.0: RM 0: [IODDR0] waiting kernels
IODDR0@0.0: RM 0: cluster   1: 53.37 MB/s (16 MB 0.30 s)
IODDR0@0.0: RM 0: cluster   2: 52.67 MB/s (16 MB 0.30 s)
IODDR0@0.0: RM 0: cluster   3: 49.02 MB/s (16 MB 0.33 s)
IODDR0@0.0: RM 0: cluster   4: 42.30 MB/s (16 MB 0.38 s)
IODDR0@0.0: RM 0: cluster   5: 42.20 MB/s (16 MB 0.38 s)
IODDR0@0.0: RM 0: cluster   6: 43.11 MB/s (16 MB 0.37 s)
