IODDR1@0.0: RM 0: [RMEM] booting up server
IODDR1@0.0: RM 0: [RMEM] server alive
IODDR0@0.0: RM 0: [IODDR0] spawning kernels
IODDR0@0.0: RM 0: cluster   0: 68.86 MB/s (16 MB 0.23 s)
IODDR0@0.0: RM 0: cluster   1: 66.43 MB/s (16 MB 0.24 s)
IODDR0@0.0: RM 0: cluster   2: 66.41 MB/s (16 MB 0.24 s)
IODDR0@0.0: RM 0: cluster   3: 82.25 MB/s (16 MB 0.19 s)
IODDR0@0.0: RM 0: [IODDR0] waiting kernels
IODDR0@0.0: RM 0: cluster   4: 49.45 MB/s (16 MB 0.32 s)
IODDR0@0.0: RM 0: cluster   6: 48.10 MB/s (16 MB 0.33 s)
IODDR0@0.0: RM 0: cluster   5: 47.04 MB/s (16 MB 0.34 s)
IODDR0@0.0: RM 0: cluster   7: 61.15 MB/s (16 MB 0.26 s)
IODDR0@0.0: RM 0: cluster   8: 62.13 MB/s (16 MB 0.26 s)
IODDR1@0.0: RM 0: [RMEM] booting up server
IODDR1@0.0: RM 0: [RMEM] server alive
IODDR0@0.0: RM 0: [IODDR0] spawning kernels
IODDR0@0.0: RM 0: cluster   0: 82.80 MB/s (16 MB 0.19 s)
IODDR0@0.0: RM 0: cluster   1: 82.69 MB/s (16 MB 0.19 s)
IODDR0@0.0: RM 0: [IODDR0] waiting kernels
IODDR0@0.0: RM 0: cluster   2: 52.48 MB/s (16 MB 0.30 s)
IODDR0@0.0: RM 0: cluster   4: 50.13 MB/s (16 MB 0.32 s)
IODDR0@0.0: RM 0: cluster   3: 50.12 MB/s (16 MB 0.32 s)
IODDR0@0.0: RM 0: cluster   5: 66.32 MB/s (16 MB 0.24 s)
IODDR0@0.0: RM 0: cluster   6: 65.55 MB/s (16 MB 0.24 s)
IODDR0@0.0: RM 0: cluster   7: 65.49 MB/s (16 MB 0.24 s)
IODDR0@0.0: RM 0: cluster   8: 65.78 MB/s (16 MB 0.24 s)
IODDR1@0.0: RM 0: [RMEM] booting up server
IODDR1@0.0: RM 0: [RMEM] server alive
IODDR0@0.0: RM 0: [IODDR0] spawning kernels
IODDR0@0.0: RM 0: cluster   0: 65.70 MB/s (16 MB 0.24 s)
IODDR0@0.0: RM 0: cluster   1: 64.12 MB/s (16 MB 0.25 s)
IODDR0@0.0: RM 0: cluster   2: 64.11 MB/s (16 MB 0.25 s)
IODDR0@0.0: RM 0: cluster   3: 77.29 MB/s (16 MB 0.21 s)
IODDR0@0.0: RM 0: [IODDR0] waiting kernels
IODDR0@0.0: RM 0: cluster   4: 61.33 MB/s (16 MB 0.26 s)
IODDR0@0.0: RM 0: cluster   6: 40.83 MB/s (16 MB 0.39 s)
IODDR0@0.0: RM 0: cluster   5: 40.06 MB/s (16 MB 0.40 s)
IODDR0@0.0: RM 0: cluster   7: 40.32 MB/s (16 MB 0.40 s)
IODDR0@0.0: RM 0: cluster   8: 48.84 MB/s (16 MB 0.33 s)
IODDR1@0.0: RM 0: [RMEM] booting up server
IODDR1@0.0: RM 0: [RMEM] server alive
IODDR0@0.0: RM 0: [IODDR0] spawning kernels
IODDR0@0.0: RM 0: cluster   0: 82.81 MB/s (16 MB 0.19 s)
IODDR0@0.0: RM 0: cluster   2: 82.81 MB/s (16 MB 0.19 s)
IODDR0@0.0: RM 0: [IODDR0] waiting kernels
IODDR0@0.0: RM 0: cluster   1: 50.90 MB/s (16 MB 0.31 s)
IODDR0@0.0: RM 0: cluster   3: 48.19 MB/s (16 MB 0.33 s)
IODDR0@0.0: RM 0: cluster   4: 47.08 MB/s (16 MB 0.34 s)
IODDR0@0.0: RM 0: cluster   5: 54.81 MB/s (16 MB 0.29 s)
IODDR0@0.0: RM 0: cluster   6: 55.54 MB/s (16 MB 0.29 s)
IODDR0@0.0: RM 0: cluster   7: 66.87 MB/s (16 MB 0.24 s)
IODDR0@0.0: RM 0: cluster   8: 69.42 MB/s (16 MB 0.23 s)
IODDR1@0.0: RM 0: [RMEM] booting up server
IODDR1@0.0: RM 0: [RMEM] server alive
IODDR0@0.0: RM 0: [IODDR0] spawning kernels
IODDR0@0.0: RM 0: cluster   0: 82.81 MB/s (16 MB 0.19 s)
IODDR0@0.0: RM 0: [IODDR0] waiting kernels
IODDR0@0.0: RM 0: [IODDR0] waiting kernels
IODDR0@0.0: RM 0: cluster   1: 61.53 MB/s (16 MB 0.26 s)
IODDR0@0.0: RM 0: cluster   2: 48.25 MB/s (16 MB 0.33 s)
IODDR0@0.0: RM 0: cluster   3: 48.24 MB/s (16 MB 0.33 s)
IODDR0@0.0: RM 0: cluster   4: 49.06 MB/s (16 MB 0.33 s)
IODDR0@0.0: RM 0: cluster   5: 58.43 MB/s (16 MB 0.27 s)
IODDR0@0.0: RM 0: cluster   6: 56.41 MB/s (16 MB 0.28 s)
IODDR0@0.0: RM 0: cluster   7: 56.42 MB/s (16 MB 0.28 s)
IODDR0@0.0: RM 0: cluster   8: 57.64 MB/s (16 MB 0.28 s)
IODDR1@0.0: RM 0: [RMEM] booting up server
IODDR1@0.0: RM 0: [RMEM] server alive
IODDR0@0.0: RM 0: [IODDR0] spawning kernels
IODDR0@0.0: RM 0: cluster   0: 80.48 MB/s (16 MB 0.20 s)
IODDR0@0.0: RM 0: cluster   1: 78.06 MB/s (16 MB 0.20 s)
IODDR0@0.0: RM 0: cluster   2: 78.15 MB/s (16 MB 0.20 s)
IODDR0@0.0: RM 0: cluster   3: 66.55 MB/s (16 MB 0.24 s)
IODDR0@0.0: RM 0: [IODDR0] waiting kernels
IODDR0@0.0: RM 0: cluster   4: 54.27 MB/s (16 MB 0.29 s)
IODDR0@0.0: RM 0: cluster   5: 54.28 MB/s (16 MB 0.29 s)
IODDR0@0.0: RM 0: cluster   6: 59.57 MB/s (16 MB 0.27 s)
IODDR0@0.0: RM 0: cluster   7: 72.42 MB/s (16 MB 0.22 s)
IODDR0@0.0: RM 0: cluster   8: 72.60 MB/s (16 MB 0.22 s)
IODDR1@0.0: RM 0: [RMEM] booting up server
IODDR1@0.0: RM 0: [RMEM] server alive
IODDR0@0.0: RM 0: [IODDR0] spawning kernels
IODDR0@0.0: RM 0: cluster   0: 68.87 MB/s (16 MB 0.23 s)
IODDR0@0.0: RM 0: cluster   1: 66.41 MB/s (16 MB 0.24 s)
IODDR0@0.0: RM 0: cluster   2: 66.44 MB/s (16 MB 0.24 s)
IODDR0@0.0: RM 0: cluster   3: 80.02 MB/s (16 MB 0.20 s)
IODDR0@0.0: RM 0: [IODDR0] waiting kernels
IODDR0@0.0: RM 0: cluster   4: 67.93 MB/s (16 MB 0.24 s)
IODDR0@0.0: RM 0: cluster   5: 66.99 MB/s (16 MB 0.24 s)
IODDR0@0.0: RM 0: cluster   6: 66.67 MB/s (16 MB 0.24 s)
IODDR0@0.0: RM 0: cluster   7: 76.49 MB/s (16 MB 0.21 s)
IODDR0@0.0: RM 0: cluster   8: 76.70 MB/s (16 MB 0.21 s)
IODDR1@0.0: RM 0: [RMEM] booting up server
IODDR1@0.0: RM 0: [RMEM] server alive
IODDR0@0.0: RM 0: [IODDR0] spawning kernels
IODDR0@0.0: RM 0: cluster   0: 82.81 MB/s (16 MB 0.19 s)
IODDR0@0.0: RM 0: cluster   1: 80.44 MB/s (16 MB 0.20 s)
IODDR0@0.0: RM 0: cluster   2: 78.12 MB/s (16 MB 0.20 s)
IODDR0@0.0: RM 0: cluster   3: 66.22 MB/s (16 MB 0.24 s)
IODDR0@0.0: RM 0: [IODDR0] waiting kernels
IODDR0@0.0: RM 0: cluster   4: 53.32 MB/s (16 MB 0.30 s)
IODDR0@0.0: RM 0: cluster   5: 51.98 MB/s (16 MB 0.31 s)
IODDR0@0.0: RM 0: cluster   6: 54.60 MB/s (16 MB 0.29 s)
IODDR0@0.0: RM 0: cluster   7: 63.02 MB/s (16 MB 0.25 s)
IODDR0@0.0: RM 0: cluster   8: 71.64 MB/s (16 MB 0.22 s)
IODDR1@0.0: RM 0: [RMEM] booting up server
IODDR1@0.0: RM 0: [RMEM] server alive
IODDR0@0.0: RM 0: [IODDR0] spawning kernels
IODDR0@0.0: RM 0: cluster   0: 80.68 MB/s (16 MB 0.20 s)
IODDR0@0.0: RM 0: cluster   1: 65.41 MB/s (16 MB 0.24 s)
IODDR0@0.0: RM 0: cluster   2: 64.26 MB/s (16 MB 0.25 s)
IODDR0@0.0: RM 0: cluster   3: 62.67 MB/s (16 MB 0.26 s)
IODDR0@0.0: RM 0: [IODDR0] waiting kernels
IODDR0@0.0: RM 0: [IODDR0] waiting kernels
IODDR0@0.0: RM 0: cluster   4: 63.23 MB/s (16 MB 0.25 s)
IODDR0@0.0: RM 0: cluster   5: 63.67 MB/s (16 MB 0.25 s)
IODDR0@0.0: RM 0: cluster   6: 67.71 MB/s (16 MB 0.24 s)
IODDR0@0.0: RM 0: cluster   7: 77.70 MB/s (16 MB 0.21 s)
IODDR0@0.0: RM 0: cluster   8: 77.69 MB/s (16 MB 0.21 s)
IODDR1@0.0: RM 0: [RMEM] booting up server
IODDR1@0.0: RM 0: [RMEM] server alive
IODDR0@0.0: RM 0: [IODDR0] spawning kernels
IODDR0@0.0: RM 0: cluster   0: 82.81 MB/s (16 MB 0.19 s)
IODDR0@0.0: RM 0: cluster   1: 80.64 MB/s (16 MB 0.20 s)
IODDR0@0.0: RM 0: cluster   3: 65.38 MB/s (16 MB 0.24 s)
IODDR0@0.0: RM 0: [IODDR0] waiting kernels
IODDR0@0.0: RM 0: cluster   2: 42.92 MB/s (16 MB 0.37 s)
IODDR0@0.0: RM 0: cluster   4: 40.70 MB/s (16 MB 0.39 s)
IODDR0@0.0: RM 0: cluster   5: 36.99 MB/s (16 MB 0.43 s)
IODDR0@0.0: RM 0: cluster   6: 37.01 MB/s (16 MB 0.43 s)
IODDR0@0.0: RM 0: cluster   7: 42.84 MB/s (16 MB 0.37 s)
IODDR0@0.0: RM 0: cluster   8: 52.40 MB/s (16 MB 0.31 s)
