IODDR1@0.0: RM 0: [RMEM] booting up server
IODDR1@0.0: RM 0: [RMEM] server alive
IODDR0@0.0: RM 0: [IODDR0] spawning kernels
IODDR0@0.0: RM 0: cluster   0: 84.33 MB/s (16 MB 0.19 s)
IODDR0@0.0: RM 0: cluster   1: 82.69 MB/s (16 MB 0.19 s)
IODDR0@0.0: RM 0: cluster   2: 34.62 MB/s (16 MB 0.46 s)
IODDR0@0.0: RM 0: cluster   3: 32.40 MB/s (16 MB 0.49 s)
IODDR0@0.0: RM 0: cluster   4: 31.99 MB/s (16 MB 0.50 s)
IODDR0@0.0: RM 0: cluster   5: 36.66 MB/s (16 MB 0.44 s)
IODDR0@0.0: RM 0: cluster   6: 37.90 MB/s (16 MB 0.42 s)
IODDR0@0.0: RM 0: [IODDR0] waiting kernels
IODDR0@0.0: RM 0: cluster   7: 29.24 MB/s (16 MB 0.55 s)
IODDR0@0.0: RM 0: cluster   8: 28.56 MB/s (16 MB 0.56 s)
IODDR0@0.0: RM 0: cluster  10: 28.26 MB/s (16 MB 0.57 s)
IODDR0@0.0: RM 0: cluster   9: 28.63 MB/s (16 MB 0.56 s)
IODDR0@0.0: RM 0: cluster  11: 33.65 MB/s (16 MB 0.48 s)
IODDR1@0.0: RM 0: [RMEM] booting up server
IODDR1@0.0: RM 0: [RMEM] server alive
IODDR0@0.0: RM 0: [IODDR0] spawning kernels
IODDR0@0.0: RM 0: cluster   0: 84.33 MB/s (16 MB 0.19 s)
IODDR0@0.0: RM 0: cluster   1: 69.70 MB/s (16 MB 0.23 s)
IODDR0@0.0: RM 0: cluster   2: 54.79 MB/s (16 MB 0.29 s)
IODDR0@0.0: RM 0: cluster   3: 50.52 MB/s (16 MB 0.32 s)
IODDR0@0.0: RM 0: cluster   4: 45.60 MB/s (16 MB 0.35 s)
IODDR0@0.0: RM 0: [IODDR0] waiting kernels
IODDR0@0.0: RM 0: cluster   5: 38.01 MB/s (16 MB 0.42 s)
IODDR0@0.0: RM 0: cluster   6: 33.64 MB/s (16 MB 0.48 s)
IODDR0@0.0: RM 0: cluster   7: 29.88 MB/s (16 MB 0.54 s)
IODDR0@0.0: RM 0: cluster   8: 29.48 MB/s (16 MB 0.54 s)
IODDR0@0.0: RM 0: cluster   9: 31.02 MB/s (16 MB 0.52 s)
IODDR0@0.0: RM 0: cluster  10: 38.47 MB/s (16 MB 0.42 s)
IODDR0@0.0: RM 0: cluster  11: 38.93 MB/s (16 MB 0.41 s)
IODDR1@0.0: RM 0: [RMEM] booting up server
IODDR1@0.0: RM 0: [RMEM] server alive
IODDR0@0.0: RM 0: [IODDR0] spawning kernels
IODDR0@0.0: RM 0: cluster   0: 70.64 MB/s (16 MB 0.23 s)
IODDR0@0.0: RM 0: cluster   1: 68.60 MB/s (16 MB 0.23 s)
IODDR0@0.0: RM 0: cluster   2: 58.63 MB/s (16 MB 0.27 s)
IODDR0@0.0: RM 0: [IODDR0] waiting kernels
IODDR0@0.0: RM 0: cluster   3: 30.51 MB/s (16 MB 0.52 s)
IODDR0@0.0: RM 0: cluster   4: 29.87 MB/s (16 MB 0.54 s)
IODDR0@0.0: RM 0: cluster   5: 26.00 MB/s (16 MB 0.62 s)
IODDR0@0.0: RM 0: cluster   6: 25.62 MB/s (16 MB 0.62 s)
IODDR0@0.0: RM 0: cluster   7: 23.32 MB/s (16 MB 0.69 s)
IODDR0@0.0: RM 0: cluster   8: 23.38 MB/s (16 MB 0.68 s)
IODDR0@0.0: RM 0: cluster   9: 25.19 MB/s (16 MB 0.64 s)
IODDR0@0.0: RM 0: cluster  10: 28.22 MB/s (16 MB 0.57 s)
IODDR0@0.0: RM 0: cluster  11: 28.82 MB/s (16 MB 0.56 s)
IODDR1@0.0: RM 0: [RMEM] booting up server
IODDR1@0.0: RM 0: [RMEM] server alive
IODDR0@0.0: RM 0: [IODDR0] spawning kernels
IODDR0@0.0: RM 0: cluster   0: 84.34 MB/s (16 MB 0.19 s)
IODDR0@0.0: RM 0: cluster   1: 61.01 MB/s (16 MB 0.26 s)
IODDR0@0.0: RM 0: cluster   2: 45.97 MB/s (16 MB 0.35 s)
IODDR0@0.0: RM 0: cluster   3: 45.41 MB/s (16 MB 0.35 s)
IODDR0@0.0: RM 0: cluster   4: 49.97 MB/s (16 MB 0.32 s)
IODDR0@0.0: RM 0: [IODDR0] waiting kernels
IODDR0@0.0: RM 0: [IODDR0] waiting kernels
IODDR0@0.0: RM 0: cluster   5: 50.02 MB/s (16 MB 0.32 s)
IODDR0@0.0: RM 0: cluster   6: 29.67 MB/s (16 MB 0.54 s)
IODDR0@0.0: RM 0: cluster   7: 28.56 MB/s (16 MB 0.56 s)
IODDR0@0.0: RM 0: cluster   8: 28.37 MB/s (16 MB 0.56 s)
IODDR0@0.0: RM 0: cluster   9: 29.64 MB/s (16 MB 0.54 s)
IODDR0@0.0: RM 0: cluster  10: 36.00 MB/s (16 MB 0.44 s)
IODDR0@0.0: RM 0: cluster  11: 36.51 MB/s (16 MB 0.44 s)
IODDR1@0.0: RM 0: [RMEM] booting up server
IODDR1@0.0: RM 0: [RMEM] server alive
IODDR0@0.0: RM 0: [IODDR0] spawning kernels
IODDR0@0.0: RM 0: cluster   0: 44.46 MB/s (16 MB 0.36 s)
IODDR0@0.0: RM 0: cluster   1: 42.53 MB/s (16 MB 0.38 s)
IODDR0@0.0: RM 0: cluster   2: 40.75 MB/s (16 MB 0.39 s)
IODDR0@0.0: RM 0: cluster   3: 43.33 MB/s (16 MB 0.37 s)
IODDR0@0.0: RM 0: [IODDR0] waiting kernels
IODDR0@0.0: RM 0: cluster   4: 34.22 MB/s (16 MB 0.47 s)
IODDR0@0.0: RM 0: cluster   5: 25.23 MB/s (16 MB 0.63 s)
IODDR0@0.0: RM 0: cluster   6: 24.88 MB/s (16 MB 0.64 s)
IODDR0@0.0: RM 0: cluster   7: 22.32 MB/s (16 MB 0.72 s)
IODDR0@0.0: RM 0: cluster   8: 22.26 MB/s (16 MB 0.72 s)
IODDR0@0.0: RM 0: cluster   9: 25.85 MB/s (16 MB 0.62 s)
IODDR0@0.0: RM 0: cluster  10: 29.06 MB/s (16 MB 0.55 s)
IODDR0@0.0: RM 0: cluster  11: 29.38 MB/s (16 MB 0.54 s)
IODDR1@0.0: RM 0: [RMEM] booting up server
IODDR1@0.0: RM 0: [RMEM] server alive
IODDR0@0.0: RM 0: [IODDR0] spawning kernels
IODDR0@0.0: RM 0: cluster   0: 70.52 MB/s (16 MB 0.23 s)
IODDR0@0.0: RM 0: cluster   1: 68.51 MB/s (16 MB 0.23 s)
IODDR0@0.0: RM 0: cluster   2: 75.89 MB/s (16 MB 0.21 s)
IODDR0@0.0: RM 0: cluster   4: 42.64 MB/s (16 MB 0.38 s)
IODDR0@0.0: RM 0: [IODDR0] waiting kernels
IODDR0@0.0: RM 0: cluster   3: 30.86 MB/s (16 MB 0.52 s)
IODDR0@0.0: RM 0: cluster   5: 29.40 MB/s (16 MB 0.54 s)
IODDR0@0.0: RM 0: cluster   6: 28.87 MB/s (16 MB 0.55 s)
IODDR0@0.0: RM 0: cluster   7: 27.33 MB/s (16 MB 0.59 s)
IODDR0@0.0: RM 0: cluster   8: 26.29 MB/s (16 MB 0.61 s)
IODDR0@0.0: RM 0: cluster  10: 26.54 MB/s (16 MB 0.60 s)
IODDR0@0.0: RM 0: cluster   9: 26.79 MB/s (16 MB 0.60 s)
IODDR0@0.0: RM 0: cluster  11: 30.68 MB/s (16 MB 0.52 s)
IODDR1@0.0: RM 0: [RMEM] booting up server
IODDR1@0.0: RM 0: [RMEM] server alive
IODDR0@0.0: RM 0: [IODDR0] spawning kernels
IODDR0@0.0: RM 0: cluster   0: 70.53 MB/s (16 MB 0.23 s)
IODDR0@0.0: RM 0: cluster   1: 68.56 MB/s (16 MB 0.23 s)
IODDR0@0.0: RM 0: cluster   2: 69.51 MB/s (16 MB 0.23 s)
IODDR0@0.0: RM 0: [IODDR0] waiting kernels
IODDR0@0.0: RM 0: [IODDR0] waiting kernels
IODDR0@0.0: RM 0: cluster   3: 37.34 MB/s (16 MB 0.43 s)
IODDR0@0.0: RM 0: cluster   4: 30.38 MB/s (16 MB 0.53 s)
IODDR0@0.0: RM 0: cluster   5: 29.34 MB/s (16 MB 0.55 s)
IODDR0@0.0: RM 0: cluster   6: 29.07 MB/s (16 MB 0.55 s)
IODDR0@0.0: RM 0: cluster   7: 29.14 MB/s (16 MB 0.55 s)
IODDR0@0.0: RM 0: cluster   8: 30.46 MB/s (16 MB 0.53 s)
IODDR0@0.0: RM 0: cluster   9: 30.64 MB/s (16 MB 0.52 s)
IODDR0@0.0: RM 0: cluster  10: 33.90 MB/s (16 MB 0.47 s)
IODDR0@0.0: RM 0: cluster  11: 34.60 MB/s (16 MB 0.46 s)
IODDR1@0.0: RM 0: [RMEM] booting up server
IODDR1@0.0: RM 0: [RMEM] server alive
IODDR0@0.0: RM 0: [IODDR0] spawning kernels
IODDR0@0.0: RM 0: cluster   0: 84.34 MB/s (16 MB 0.19 s)
IODDR0@0.0: RM 0: cluster   1: 69.48 MB/s (16 MB 0.23 s)
IODDR0@0.0: RM 0: [IODDR0] waiting kernels
IODDR0@0.0: RM 0: [IODDR0] waiting kernels
IODDR0@0.0: RM 0: cluster   2: 39.31 MB/s (16 MB 0.41 s)
IODDR0@0.0: RM 0: cluster   3: 32.26 MB/s (16 MB 0.50 s)
IODDR0@0.0: RM 0: cluster   4: 31.27 MB/s (16 MB 0.51 s)
IODDR0@0.0: RM 0: cluster   5: 28.95 MB/s (16 MB 0.55 s)
IODDR0@0.0: RM 0: cluster   6: 28.92 MB/s (16 MB 0.55 s)
IODDR0@0.0: RM 0: cluster   7: 26.64 MB/s (16 MB 0.60 s)
IODDR0@0.0: RM 0: cluster   9: 26.71 MB/s (16 MB 0.60 s)
IODDR0@0.0: RM 0: cluster   8: 27.88 MB/s (16 MB 0.57 s)
IODDR0@0.0: RM 0: cluster  11: 30.84 MB/s (16 MB 0.52 s)
IODDR0@0.0: RM 0: cluster  10: 31.12 MB/s (16 MB 0.51 s)
IODDR1@0.0: RM 0: [RMEM] booting up server
IODDR1@0.0: RM 0: [RMEM] server alive
IODDR0@0.0: RM 0: [IODDR0] spawning kernels
IODDR0@0.0: RM 0: cluster   0: 70.62 MB/s (16 MB 0.23 s)
IODDR0@0.0: RM 0: cluster   1: 53.83 MB/s (16 MB 0.30 s)
IODDR0@0.0: RM 0: cluster   2: 49.24 MB/s (16 MB 0.32 s)
IODDR0@0.0: RM 0: cluster   3: 44.70 MB/s (16 MB 0.36 s)
IODDR0@0.0: RM 0: [IODDR0] waiting kernels
IODDR0@0.0: RM 0: [IODDR0] waiting kernels
IODDR0@0.0: RM 0: cluster   4: 37.97 MB/s (16 MB 0.42 s)
IODDR0@0.0: RM 0: cluster   5: 33.87 MB/s (16 MB 0.47 s)
IODDR0@0.0: RM 0: cluster   6: 33.41 MB/s (16 MB 0.48 s)
IODDR0@0.0: RM 0: cluster   7: 33.22 MB/s (16 MB 0.48 s)
IODDR0@0.0: RM 0: cluster   8: 32.12 MB/s (16 MB 0.50 s)
IODDR0@0.0: RM 0: cluster   9: 36.11 MB/s (16 MB 0.44 s)
IODDR0@0.0: RM 0: cluster  10: 36.45 MB/s (16 MB 0.44 s)
IODDR0@0.0: RM 0: cluster  11: 36.86 MB/s (16 MB 0.43 s)
IODDR1@0.0: RM 0: [RMEM] booting up server
IODDR1@0.0: RM 0: [RMEM] server alive
IODDR0@0.0: RM 0: [IODDR0] spawning kernels
IODDR0@0.0: RM 0: cluster   0: 71.79 MB/s (16 MB 0.22 s)
IODDR0@0.0: RM 0: cluster   1: 54.56 MB/s (16 MB 0.29 s)
IODDR0@0.0: RM 0: cluster   2: 52.93 MB/s (16 MB 0.30 s)
IODDR0@0.0: RM 0: cluster   3: 52.35 MB/s (16 MB 0.31 s)
IODDR0@0.0: RM 0: [IODDR0] waiting kernels
IODDR0@0.0: RM 0: cluster   5: 31.30 MB/s (16 MB 0.51 s)
IODDR0@0.0: RM 0: cluster   4: 30.24 MB/s (16 MB 0.53 s)
IODDR0@0.0: RM 0: cluster   6: 29.84 MB/s (16 MB 0.54 s)
IODDR0@0.0: RM 0: cluster   7: 24.93 MB/s (16 MB 0.64 s)
IODDR0@0.0: RM 0: cluster   8: 24.92 MB/s (16 MB 0.64 s)
IODDR0@0.0: RM 0: cluster   9: 29.44 MB/s (16 MB 0.54 s)
IODDR0@0.0: RM 0: cluster  10: 32.20 MB/s (16 MB 0.50 s)
IODDR0@0.0: RM 0: cluster  11: 32.55 MB/s (16 MB 0.49 s)
