IODDR1@0.0: RM 0: [RMEM] booting up server
IODDR1@0.0: RM 0: [RMEM] server alive
IODDR0@0.0: RM 0: [IODDR0] spawning kernels
IODDR0@0.0: RM 0: [IODDR0] waiting kernels
IODDR0@0.0: RM 0: cluster   0: 80.51 MB/s (16 MB 0.20 s)
IODDR0@0.0: RM 0: cluster   1: 64.32 MB/s (16 MB 0.25 s)
IODDR0@0.0: RM 0: cluster   2: 63.75 MB/s (16 MB 0.25 s)
IODDR0@0.0: RM 0: cluster   3: 63.88 MB/s (16 MB 0.25 s)
IODDR1@0.0: RM 0: [RMEM] booting up server
IODDR1@0.0: RM 0: [RMEM] server alive
IODDR0@0.0: RM 0: [IODDR0] spawning kernels
IODDR0@0.0: RM 0: [IODDR0] waiting kernels
IODDR0@0.0: RM 0: [IODDR0] waiting kernels
IODDR0@0.0: RM 0: cluster   0: 82.81 MB/s (16 MB 0.19 s)
IODDR0@0.0: RM 0: cluster   1: 63.79 MB/s (16 MB 0.25 s)
IODDR0@0.0: RM 0: cluster   2: 63.64 MB/s (16 MB 0.25 s)
IODDR0@0.0: RM 0: cluster   3: 65.56 MB/s (16 MB 0.24 s)
IODDR1@0.0: RM 0: [RMEM] booting up server
IODDR1@0.0: RM 0: [RMEM] server alive
IODDR0@0.0: RM 0: [IODDR0] spawning kernels
IODDR0@0.0: RM 0: [IODDR0] waiting kernels
IODDR0@0.0: RM 0: cluster   0: 80.48 MB/s (16 MB 0.20 s)
IODDR0@0.0: RM 0: cluster   1: 65.47 MB/s (16 MB 0.24 s)
IODDR0@0.0: RM 0: cluster   2: 64.88 MB/s (16 MB 0.25 s)
IODDR0@0.0: RM 0: cluster   3: 65.16 MB/s (16 MB 0.25 s)
IODDR1@0.0: RM 0: [RMEM] booting up server
IODDR1@0.0: RM 0: [RMEM] server alive
IODDR0@0.0: RM 0: [IODDR0] spawning kernels
IODDR0@0.0: RM 0: [IODDR0] waiting kernels
IODDR0@0.0: RM 0: cluster   0: 82.80 MB/s (16 MB 0.19 s)
IODDR0@0.0: RM 0: cluster   1: 68.11 MB/s (16 MB 0.23 s)
IODDR0@0.0: RM 0: cluster   2: 65.71 MB/s (16 MB 0.24 s)
IODDR0@0.0: RM 0: cluster   3: 65.88 MB/s (16 MB 0.24 s)
IODDR1@0.0: RM 0: [RMEM] booting up server
IODDR1@0.0: RM 0: [RMEM] server alive
IODDR0@0.0: RM 0: [IODDR0] spawning kernels
IODDR0@0.0: RM 0: [IODDR0] waiting kernels
IODDR0@0.0: RM 0: cluster   0: 82.80 MB/s (16 MB 0.19 s)
IODDR0@0.0: RM 0: cluster   2: 52.97 MB/s (16 MB 0.30 s)
IODDR0@0.0: RM 0: cluster   1: 52.85 MB/s (16 MB 0.30 s)
IODDR0@0.0: RM 0: cluster   3: 52.96 MB/s (16 MB 0.30 s)
IODDR1@0.0: RM 0: [RMEM] booting up server
IODDR1@0.0: RM 0: [RMEM] server alive
IODDR0@0.0: RM 0: [IODDR0] spawning kernels
IODDR0@0.0: RM 0: [IODDR0] waiting kernels
IODDR0@0.0: RM 0: cluster   0: 82.81 MB/s (16 MB 0.19 s)
IODDR0@0.0: RM 0: cluster   2: 52.97 MB/s (16 MB 0.30 s)
IODDR0@0.0: RM 0: cluster   1: 52.87 MB/s (16 MB 0.30 s)
IODDR0@0.0: RM 0: cluster   3: 52.96 MB/s (16 MB 0.30 s)
IODDR1@0.0: RM 0: [RMEM] booting up server
IODDR1@0.0: RM 0: [RMEM] server alive
IODDR0@0.0: RM 0: [IODDR0] spawning kernels
IODDR0@0.0: RM 0: [IODDR0] waiting kernels
IODDR0@0.0: RM 0: cluster   0: 82.79 MB/s (16 MB 0.19 s)
IODDR0@0.0: RM 0: cluster   2: 52.96 MB/s (16 MB 0.30 s)
IODDR0@0.0: RM 0: cluster   1: 52.86 MB/s (16 MB 0.30 s)
IODDR0@0.0: RM 0: cluster   3: 52.96 MB/s (16 MB 0.30 s)
IODDR1@0.0: RM 0: [RMEM] booting up server
IODDR1@0.0: RM 0: [RMEM] server alive
IODDR0@0.0: RM 0: [IODDR0] spawning kernels
IODDR0@0.0: RM 0: [IODDR0] waiting kernels
IODDR0@0.0: RM 0: cluster   0: 57.74 MB/s (16 MB 0.28 s)
IODDR0@0.0: RM 0: cluster   1: 46.42 MB/s (16 MB 0.34 s)
IODDR0@0.0: RM 0: cluster   2: 46.42 MB/s (16 MB 0.34 s)
IODDR0@0.0: RM 0: cluster   3: 46.83 MB/s (16 MB 0.34 s)
IODDR1@0.0: RM 0: [RMEM] booting up server
IODDR1@0.0: RM 0: [RMEM] server alive
IODDR0@0.0: RM 0: [IODDR0] spawning kernels
IODDR0@0.0: RM 0: [IODDR0] waiting kernels
IODDR0@0.0: RM 0: cluster   0: 80.25 MB/s (16 MB 0.20 s)
IODDR0@0.0: RM 0: cluster   1: 64.16 MB/s (16 MB 0.25 s)
IODDR0@0.0: RM 0: cluster   2: 63.75 MB/s (16 MB 0.25 s)
IODDR0@0.0: RM 0: cluster   3: 63.90 MB/s (16 MB 0.25 s)
IODDR1@0.0: RM 0: [RMEM] booting up server
IODDR1@0.0: RM 0: [RMEM] server alive
IODDR0@0.0: RM 0: [IODDR0] spawning kernels
IODDR0@0.0: RM 0: [IODDR0] waiting kernels
IODDR0@0.0: RM 0: [IODDR0] waiting kernels
IODDR0@0.0: RM 0: cluster   0: 82.81 MB/s (16 MB 0.19 s)
IODDR0@0.0: RM 0: cluster   1: 63.78 MB/s (16 MB 0.25 s)
IODDR0@0.0: RM 0: cluster   2: 63.64 MB/s (16 MB 0.25 s)
IODDR0@0.0: RM 0: cluster   3: 65.56 MB/s (16 MB 0.24 s)
