IODDR1@0.0: RM 0: [RMEM] booting up server
IODDR1@0.0: RM 0: [RMEM] server alive
IODDR0@0.0: RM 0: [IODDR0] spawning kernels
IODDR0@0.0: RM 0: cluster   0: 84.53 MB/s (16 MB 0.19 s)
IODDR0@0.0: RM 0: [IODDR0] waiting kernels
IODDR0@0.0: RM 0: cluster   2: 48.01 MB/s (16 MB 0.33 s)
IODDR0@0.0: RM 0: cluster   1: 30.67 MB/s (16 MB 0.52 s)
IODDR0@0.0: RM 0: cluster   3: 30.47 MB/s (16 MB 0.53 s)
IODDR0@0.0: RM 0: cluster   4: 30.71 MB/s (16 MB 0.52 s)
IODDR0@0.0: RM 0: cluster   5: 35.73 MB/s (16 MB 0.45 s)
IODDR1@0.0: RM 0: [RMEM] booting up server
IODDR1@0.0: RM 0: [RMEM] server alive
IODDR0@0.0: RM 0: [IODDR0] spawning kernels
IODDR0@0.0: RM 0: [IODDR0] waiting kernels
IODDR0@0.0: RM 0: [IODDR0] waiting kernels
IODDR0@0.0: RM 0: cluster   0: 84.53 MB/s (16 MB 0.19 s)
IODDR0@0.0: RM 0: cluster   1: 55.07 MB/s (16 MB 0.29 s)
IODDR0@0.0: RM 0: cluster   2: 34.01 MB/s (16 MB 0.47 s)
IODDR0@0.0: RM 0: cluster   3: 33.57 MB/s (16 MB 0.48 s)
IODDR0@0.0: RM 0: cluster   4: 35.76 MB/s (16 MB 0.45 s)
IODDR0@0.0: RM 0: cluster   5: 36.18 MB/s (16 MB 0.44 s)
IODDR1@0.0: RM 0: [RMEM] booting up server
IODDR1@0.0: RM 0: [RMEM] server alive
IODDR0@0.0: RM 0: [IODDR0] spawning kernels
IODDR0@0.0: RM 0: [IODDR0] waiting kernels
IODDR0@0.0: RM 0: [IODDR0] waiting kernels
IODDR0@0.0: RM 0: cluster   0: 72.03 MB/s (16 MB 0.22 s)
IODDR0@0.0: RM 0: cluster   1: 57.96 MB/s (16 MB 0.28 s)
IODDR0@0.0: RM 0: cluster   2: 61.09 MB/s (16 MB 0.26 s)
IODDR0@0.0: RM 0: cluster   3: 40.97 MB/s (16 MB 0.39 s)
IODDR0@0.0: RM 0: cluster   4: 40.94 MB/s (16 MB 0.39 s)
IODDR0@0.0: RM 0: cluster   5: 41.39 MB/s (16 MB 0.39 s)
IODDR1@0.0: RM 0: [RMEM] booting up server
IODDR1@0.0: RM 0: [RMEM] server alive
IODDR0@0.0: RM 0: [IODDR0] spawning kernels
IODDR0@0.0: RM 0: cluster   0: 84.53 MB/s (16 MB 0.19 s)
IODDR0@0.0: RM 0: [IODDR0] waiting kernels
IODDR0@0.0: RM 0: cluster   2: 52.58 MB/s (16 MB 0.30 s)
IODDR0@0.0: RM 0: cluster   1: 32.42 MB/s (16 MB 0.49 s)
IODDR0@0.0: RM 0: cluster   3: 32.03 MB/s (16 MB 0.50 s)
IODDR0@0.0: RM 0: cluster   4: 32.15 MB/s (16 MB 0.50 s)
IODDR0@0.0: RM 0: cluster   5: 37.28 MB/s (16 MB 0.43 s)
IODDR1@0.0: RM 0: [RMEM] booting up server
IODDR1@0.0: RM 0: [RMEM] server alive
IODDR0@0.0: RM 0: [IODDR0] spawning kernels
IODDR0@0.0: RM 0: cluster   0: 84.53 MB/s (16 MB 0.19 s)
IODDR0@0.0: RM 0: [IODDR0] waiting kernels
IODDR0@0.0: RM 0: [IODDR0] waiting kernels
IODDR0@0.0: RM 0: cluster   1: 82.69 MB/s (16 MB 0.19 s)
IODDR0@0.0: RM 0: cluster   2: 33.41 MB/s (16 MB 0.48 s)
IODDR0@0.0: RM 0: cluster   3: 32.23 MB/s (16 MB 0.50 s)
IODDR0@0.0: RM 0: cluster   4: 32.22 MB/s (16 MB 0.50 s)
IODDR0@0.0: RM 0: cluster   5: 36.49 MB/s (16 MB 0.44 s)
IODDR1@0.0: RM 0: [RMEM] booting up server
IODDR1@0.0: RM 0: [RMEM] server alive
IODDR0@0.0: RM 0: [IODDR0] spawning kernels
IODDR0@0.0: RM 0: [IODDR0] waiting kernels
IODDR0@0.0: RM 0: cluster   0: 51.33 MB/s (16 MB 0.31 s)
IODDR0@0.0: RM 0: cluster   1: 48.91 MB/s (16 MB 0.33 s)
IODDR0@0.0: RM 0: cluster   2: 32.94 MB/s (16 MB 0.49 s)
IODDR0@0.0: RM 0: cluster   3: 32.94 MB/s (16 MB 0.49 s)
IODDR0@0.0: RM 0: cluster   4: 35.73 MB/s (16 MB 0.45 s)
IODDR0@0.0: RM 0: cluster   5: 36.08 MB/s (16 MB 0.44 s)
IODDR1@0.0: RM 0: [RMEM] booting up server
IODDR1@0.0: RM 0: [RMEM] server alive
IODDR0@0.0: RM 0: [IODDR0] spawning kernels
IODDR0@0.0: RM 0: cluster   0: 84.53 MB/s (16 MB 0.19 s)
IODDR0@0.0: RM 0: [IODDR0] waiting kernels
IODDR0@0.0: RM 0: cluster   1: 61.07 MB/s (16 MB 0.26 s)
IODDR0@0.0: RM 0: cluster   2: 41.90 MB/s (16 MB 0.38 s)
IODDR0@0.0: RM 0: cluster   3: 40.99 MB/s (16 MB 0.39 s)
IODDR0@0.0: RM 0: cluster   4: 44.58 MB/s (16 MB 0.36 s)
IODDR0@0.0: RM 0: cluster   5: 45.14 MB/s (16 MB 0.35 s)
IODDR1@0.0: RM 0: [RMEM] booting up server
IODDR1@0.0: RM 0: [RMEM] server alive
IODDR0@0.0: RM 0: [IODDR0] spawning kernels
IODDR0@0.0: RM 0: [IODDR0] waiting kernels
IODDR0@0.0: RM 0: [IODDR0] waiting kernels
IODDR0@0.0: RM 0: cluster   0: 84.55 MB/s (16 MB 0.19 s)
IODDR0@0.0: RM 0: cluster   1: 41.11 MB/s (16 MB 0.39 s)
IODDR0@0.0: RM 0: cluster   2: 39.84 MB/s (16 MB 0.40 s)
IODDR0@0.0: RM 0: cluster   3: 35.74 MB/s (16 MB 0.45 s)
IODDR0@0.0: RM 0: cluster   4: 38.24 MB/s (16 MB 0.42 s)
IODDR0@0.0: RM 0: cluster   5: 38.71 MB/s (16 MB 0.41 s)
IODDR1@0.0: RM 0: [RMEM] booting up server
IODDR1@0.0: RM 0: [RMEM] server alive
IODDR0@0.0: RM 0: [IODDR0] spawning kernels
IODDR0@0.0: RM 0: [IODDR0] waiting kernels
IODDR0@0.0: RM 0: [IODDR0] waiting kernels
IODDR0@0.0: RM 0: cluster   0: 84.52 MB/s (16 MB 0.19 s)
IODDR0@0.0: RM 0: cluster   1: 69.66 MB/s (16 MB 0.23 s)
IODDR0@0.0: RM 0: cluster   2: 38.73 MB/s (16 MB 0.41 s)
IODDR0@0.0: RM 0: cluster   3: 35.18 MB/s (16 MB 0.45 s)
IODDR0@0.0: RM 0: cluster   4: 35.21 MB/s (16 MB 0.45 s)
IODDR0@0.0: RM 0: cluster   5: 35.53 MB/s (16 MB 0.45 s)
IODDR1@0.0: RM 0: [RMEM] booting up server
IODDR1@0.0: RM 0: [RMEM] server alive
IODDR0@0.0: RM 0: [IODDR0] spawning kernels
IODDR0@0.0: RM 0: cluster   0: 84.53 MB/s (16 MB 0.19 s)
IODDR0@0.0: RM 0: [IODDR0] waiting kernels
IODDR0@0.0: RM 0: [IODDR0] waiting kernels
IODDR0@0.0: RM 0: cluster   1: 69.75 MB/s (16 MB 0.23 s)
IODDR0@0.0: RM 0: cluster   2: 50.30 MB/s (16 MB 0.32 s)
IODDR0@0.0: RM 0: cluster   3: 43.69 MB/s (16 MB 0.37 s)
IODDR0@0.0: RM 0: cluster   4: 43.56 MB/s (16 MB 0.37 s)
IODDR0@0.0: RM 0: cluster   5: 44.09 MB/s (16 MB 0.36 s)
