IODDR1@0.0: RM 0: [RMEM] booting up server
IODDR1@0.0: RM 0: [RMEM] server alive
IODDR0@0.0: RM 0: [IODDR0] spawning kernels
IODDR0@0.0: RM 0: cluster   0: 78.49 MB/s (16 MB 0.20 s)
IODDR0@0.0: RM 0: cluster   1: 71.55 MB/s (16 MB 0.22 s)
IODDR0@0.0: RM 0: cluster   2: 76.41 MB/s (16 MB 0.21 s)
IODDR0@0.0: RM 0: [IODDR0] waiting kernels
IODDR0@0.0: RM 0: cluster   3: 38.09 MB/s (16 MB 0.42 s)
IODDR0@0.0: RM 0: cluster   4: 36.12 MB/s (16 MB 0.44 s)
IODDR0@0.0: RM 0: cluster   5: 35.45 MB/s (16 MB 0.45 s)
IODDR0@0.0: RM 0: cluster   6: 38.94 MB/s (16 MB 0.41 s)
IODDR0@0.0: RM 0: cluster   7: 46.26 MB/s (16 MB 0.35 s)
IODDR1@0.0: RM 0: [RMEM] booting up server
IODDR1@0.0: RM 0: [RMEM] server alive
IODDR0@0.0: RM 0: [IODDR0] spawning kernels
IODDR0@0.0: RM 0: cluster   0: 84.53 MB/s (16 MB 0.19 s)
IODDR0@0.0: RM 0: cluster   2: 77.03 MB/s (16 MB 0.21 s)
IODDR0@0.0: RM 0: cluster   1: 70.80 MB/s (16 MB 0.23 s)
IODDR0@0.0: RM 0: [IODDR0] waiting kernels
IODDR0@0.0: RM 0: [IODDR0] waiting kernels
IODDR0@0.0: RM 0: cluster   3: 69.85 MB/s (16 MB 0.23 s)
IODDR0@0.0: RM 0: cluster   4: 54.81 MB/s (16 MB 0.29 s)
IODDR0@0.0: RM 0: cluster   5: 44.80 MB/s (16 MB 0.36 s)
IODDR0@0.0: RM 0: cluster   6: 44.75 MB/s (16 MB 0.36 s)
IODDR0@0.0: RM 0: cluster   7: 52.66 MB/s (16 MB 0.30 s)
IODDR1@0.0: RM 0: [RMEM] booting up server
IODDR1@0.0: RM 0: [RMEM] server alive
IODDR0@0.0: RM 0: [IODDR0] spawning kernels
IODDR0@0.0: RM 0: cluster   0: 84.54 MB/s (16 MB 0.19 s)
IODDR0@0.0: RM 0: cluster   1: 78.31 MB/s (16 MB 0.20 s)
IODDR0@0.0: RM 0: [IODDR0] waiting kernels
IODDR0@0.0: RM 0: cluster   2: 58.68 MB/s (16 MB 0.27 s)
IODDR0@0.0: RM 0: cluster   3: 42.38 MB/s (16 MB 0.38 s)
IODDR0@0.0: RM 0: cluster   4: 40.66 MB/s (16 MB 0.39 s)
IODDR0@0.0: RM 0: cluster   5: 40.39 MB/s (16 MB 0.40 s)
IODDR0@0.0: RM 0: cluster   6: 44.99 MB/s (16 MB 0.36 s)
IODDR0@0.0: RM 0: cluster   7: 55.08 MB/s (16 MB 0.29 s)
IODDR1@0.0: RM 0: [RMEM] booting up server
IODDR1@0.0: RM 0: [RMEM] server alive
IODDR0@0.0: RM 0: [IODDR0] spawning kernels
IODDR0@0.0: RM 0: cluster   0: 77.91 MB/s (16 MB 0.21 s)
IODDR0@0.0: RM 0: cluster   1: 77.73 MB/s (16 MB 0.21 s)
IODDR0@0.0: RM 0: [IODDR0] waiting kernels
IODDR0@0.0: RM 0: cluster   2: 58.33 MB/s (16 MB 0.27 s)
IODDR0@0.0: RM 0: cluster   3: 35.14 MB/s (16 MB 0.46 s)
IODDR0@0.0: RM 0: cluster   4: 33.92 MB/s (16 MB 0.47 s)
IODDR0@0.0: RM 0: cluster   5: 33.89 MB/s (16 MB 0.47 s)
IODDR0@0.0: RM 0: cluster   6: 42.19 MB/s (16 MB 0.38 s)
IODDR0@0.0: RM 0: cluster   7: 42.69 MB/s (16 MB 0.37 s)
IODDR1@0.0: RM 0: [RMEM] booting up server
IODDR1@0.0: RM 0: [RMEM] server alive
IODDR0@0.0: RM 0: [IODDR0] spawning kernels
IODDR0@0.0: RM 0: cluster   0: 77.91 MB/s (16 MB 0.21 s)
IODDR0@0.0: RM 0: cluster   1: 77.76 MB/s (16 MB 0.21 s)
IODDR0@0.0: RM 0: [IODDR0] waiting kernels
IODDR0@0.0: RM 0: cluster   2: 57.59 MB/s (16 MB 0.28 s)
IODDR0@0.0: RM 0: cluster   3: 31.88 MB/s (16 MB 0.50 s)
IODDR0@0.0: RM 0: cluster   4: 30.91 MB/s (16 MB 0.52 s)
IODDR0@0.0: RM 0: cluster   5: 30.88 MB/s (16 MB 0.52 s)
IODDR0@0.0: RM 0: cluster   6: 35.05 MB/s (16 MB 0.46 s)
IODDR0@0.0: RM 0: cluster   7: 40.94 MB/s (16 MB 0.39 s)
IODDR1@0.0: RM 0: [RMEM] booting up server
IODDR1@0.0: RM 0: [RMEM] server alive
IODDR0@0.0: RM 0: [IODDR0] spawning kernels
IODDR0@0.0: RM 0: cluster   0: 84.54 MB/s (16 MB 0.19 s)
IODDR0@0.0: RM 0: [IODDR0] waiting kernels
IODDR0@0.0: RM 0: [IODDR0] waiting kernels
IODDR0@0.0: RM 0: cluster   2: 58.35 MB/s (16 MB 0.27 s)
IODDR0@0.0: RM 0: cluster   1: 36.81 MB/s (16 MB 0.43 s)
IODDR0@0.0: RM 0: cluster   3: 34.87 MB/s (16 MB 0.46 s)
IODDR0@0.0: RM 0: cluster   4: 34.49 MB/s (16 MB 0.46 s)
IODDR0@0.0: RM 0: cluster   5: 36.67 MB/s (16 MB 0.44 s)
IODDR0@0.0: RM 0: cluster   6: 42.30 MB/s (16 MB 0.38 s)
IODDR0@0.0: RM 0: cluster   7: 42.94 MB/s (16 MB 0.37 s)
IODDR1@0.0: RM 0: [RMEM] booting up server
IODDR1@0.0: RM 0: [RMEM] server alive
IODDR0@0.0: RM 0: [IODDR0] spawning kernels
IODDR0@0.0: RM 0: cluster   0: 78.51 MB/s (16 MB 0.20 s)
IODDR0@0.0: RM 0: cluster   1: 71.12 MB/s (16 MB 0.22 s)
IODDR0@0.0: RM 0: cluster   2: 75.90 MB/s (16 MB 0.21 s)
IODDR0@0.0: RM 0: [IODDR0] waiting kernels
IODDR0@0.0: RM 0: cluster   3: 38.19 MB/s (16 MB 0.42 s)
IODDR0@0.0: RM 0: cluster   4: 36.11 MB/s (16 MB 0.44 s)
IODDR0@0.0: RM 0: cluster   5: 35.46 MB/s (16 MB 0.45 s)
IODDR0@0.0: RM 0: cluster   6: 38.95 MB/s (16 MB 0.41 s)
IODDR0@0.0: RM 0: cluster   7: 46.27 MB/s (16 MB 0.35 s)
IODDR1@0.0: RM 0: [RMEM] booting up server
IODDR1@0.0: RM 0: [RMEM] server alive
IODDR0@0.0: RM 0: [IODDR0] spawning kernels
IODDR0@0.0: RM 0: cluster   0: 84.55 MB/s (16 MB 0.19 s)
IODDR0@0.0: RM 0: cluster   1: 77.70 MB/s (16 MB 0.21 s)
IODDR0@0.0: RM 0: cluster   2: 77.65 MB/s (16 MB 0.21 s)
IODDR0@0.0: RM 0: [IODDR0] waiting kernels
IODDR0@0.0: RM 0: cluster   3: 41.38 MB/s (16 MB 0.39 s)
IODDR0@0.0: RM 0: cluster   4: 40.20 MB/s (16 MB 0.40 s)
IODDR0@0.0: RM 0: cluster   5: 39.00 MB/s (16 MB 0.41 s)
IODDR0@0.0: RM 0: cluster   6: 47.23 MB/s (16 MB 0.34 s)
IODDR0@0.0: RM 0: cluster   7: 47.87 MB/s (16 MB 0.33 s)
IODDR1@0.0: RM 0: [RMEM] booting up server
IODDR1@0.0: RM 0: [RMEM] server alive
IODDR0@0.0: RM 0: [IODDR0] spawning kernels
IODDR0@0.0: RM 0: cluster   0: 84.54 MB/s (16 MB 0.19 s)
IODDR0@0.0: RM 0: cluster   1: 77.69 MB/s (16 MB 0.21 s)
IODDR0@0.0: RM 0: cluster   2: 71.45 MB/s (16 MB 0.22 s)
IODDR0@0.0: RM 0: [IODDR0] waiting kernels
IODDR0@0.0: RM 0: [IODDR0] waiting kernels
IODDR0@0.0: RM 0: cluster   3: 69.54 MB/s (16 MB 0.23 s)
IODDR0@0.0: RM 0: cluster   4: 56.04 MB/s (16 MB 0.29 s)
IODDR0@0.0: RM 0: cluster   5: 45.25 MB/s (16 MB 0.35 s)
IODDR0@0.0: RM 0: cluster   6: 45.24 MB/s (16 MB 0.35 s)
IODDR0@0.0: RM 0: cluster   7: 53.35 MB/s (16 MB 0.30 s)
IODDR1@0.0: RM 0: [RMEM] booting up server
IODDR1@0.0: RM 0: [RMEM] server alive
IODDR0@0.0: RM 0: [IODDR0] spawning kernels
IODDR0@0.0: RM 0: cluster   0: 66.06 MB/s (16 MB 0.24 s)
IODDR0@0.0: RM 0: cluster   1: 56.70 MB/s (16 MB 0.28 s)
IODDR0@0.0: RM 0: cluster   2: 56.65 MB/s (16 MB 0.28 s)
IODDR0@0.0: RM 0: cluster   3: 75.44 MB/s (16 MB 0.21 s)
IODDR0@0.0: RM 0: [IODDR0] waiting kernels
IODDR0@0.0: RM 0: cluster   4: 40.39 MB/s (16 MB 0.40 s)
IODDR0@0.0: RM 0: cluster   6: 39.00 MB/s (16 MB 0.41 s)
IODDR0@0.0: RM 0: cluster   5: 38.99 MB/s (16 MB 0.41 s)
IODDR0@0.0: RM 0: cluster   7: 45.73 MB/s (16 MB 0.35 s)
