IODDR1@0.0: RM 0: [RMEM] booting up server
IODDR1@0.0: RM 0: [RMEM] server alive
IODDR0@0.0: RM 0: [IODDR0] spawning kernels
IODDR0@0.0: RM 0: cluster   0: 82.80 MB/s (16 MB 0.19 s)
IODDR0@0.0: RM 0: cluster   1: 80.20 MB/s (16 MB 0.20 s)
IODDR0@0.0: RM 0: cluster   2: 67.47 MB/s (16 MB 0.24 s)
IODDR0@0.0: RM 0: cluster   3: 66.67 MB/s (16 MB 0.24 s)
IODDR0@0.0: RM 0: cluster   4: 66.75 MB/s (16 MB 0.24 s)
IODDR0@0.0: RM 0: [IODDR0] waiting kernels
IODDR0@0.0: RM 0: cluster   5: 66.74 MB/s (16 MB 0.24 s)
IODDR0@0.0: RM 0: cluster   6: 65.97 MB/s (16 MB 0.24 s)
IODDR0@0.0: RM 0: cluster   7: 65.94 MB/s (16 MB 0.24 s)
IODDR0@0.0: RM 0: cluster   8: 78.47 MB/s (16 MB 0.20 s)
IODDR1@0.0: RM 0: [RMEM] booting up server
IODDR1@0.0: RM 0: [RMEM] server alive
IODDR0@0.0: RM 0: [IODDR0] spawning kernels
IODDR0@0.0: RM 0: cluster   0: 82.81 MB/s (16 MB 0.19 s)
IODDR0@0.0: RM 0: cluster   1: 82.70 MB/s (16 MB 0.19 s)
IODDR0@0.0: RM 0: [IODDR0] waiting kernels
IODDR0@0.0: RM 0: cluster   2: 50.90 MB/s (16 MB 0.31 s)
IODDR0@0.0: RM 0: cluster   3: 48.12 MB/s (16 MB 0.33 s)
IODDR0@0.0: RM 0: cluster   4: 47.06 MB/s (16 MB 0.34 s)
IODDR0@0.0: RM 0: cluster   5: 53.89 MB/s (16 MB 0.30 s)
IODDR0@0.0: RM 0: cluster   6: 54.56 MB/s (16 MB 0.29 s)
IODDR0@0.0: RM 0: cluster   8: 65.60 MB/s (16 MB 0.24 s)
IODDR0@0.0: RM 0: cluster   7: 66.37 MB/s (16 MB 0.24 s)
IODDR1@0.0: RM 0: [RMEM] booting up server
IODDR1@0.0: RM 0: [RMEM] server alive
IODDR0@0.0: RM 0: [IODDR0] spawning kernels
IODDR0@0.0: RM 0: cluster   0: 82.82 MB/s (16 MB 0.19 s)
IODDR0@0.0: RM 0: cluster   2: 80.24 MB/s (16 MB 0.20 s)
IODDR0@0.0: RM 0: cluster   1: 78.10 MB/s (16 MB 0.20 s)
IODDR0@0.0: RM 0: cluster   3: 78.13 MB/s (16 MB 0.20 s)
IODDR0@0.0: RM 0: [IODDR0] waiting kernels
IODDR0@0.0: RM 0: cluster   4: 66.44 MB/s (16 MB 0.24 s)
IODDR0@0.0: RM 0: cluster   5: 53.09 MB/s (16 MB 0.30 s)
IODDR0@0.0: RM 0: cluster   6: 51.78 MB/s (16 MB 0.31 s)
IODDR0@0.0: RM 0: cluster   7: 58.50 MB/s (16 MB 0.27 s)
IODDR0@0.0: RM 0: cluster   8: 69.09 MB/s (16 MB 0.23 s)
IODDR1@0.0: RM 0: [RMEM] booting up server
IODDR1@0.0: RM 0: [RMEM] server alive
IODDR0@0.0: RM 0: [IODDR0] spawning kernels
IODDR0@0.0: RM 0: cluster   0: 80.46 MB/s (16 MB 0.20 s)
IODDR0@0.0: RM 0: cluster   1: 78.29 MB/s (16 MB 0.20 s)
IODDR0@0.0: RM 0: cluster   2: 78.39 MB/s (16 MB 0.20 s)
IODDR0@0.0: RM 0: cluster   3: 80.46 MB/s (16 MB 0.20 s)
IODDR0@0.0: RM 0: [IODDR0] waiting kernels
IODDR0@0.0: RM 0: cluster   4: 45.57 MB/s (16 MB 0.35 s)
IODDR0@0.0: RM 0: cluster   5: 42.31 MB/s (16 MB 0.38 s)
IODDR0@0.0: RM 0: cluster   6: 41.87 MB/s (16 MB 0.38 s)
IODDR0@0.0: RM 0: cluster   7: 47.35 MB/s (16 MB 0.34 s)
IODDR0@0.0: RM 0: cluster   8: 57.37 MB/s (16 MB 0.28 s)
IODDR1@0.0: RM 0: [RMEM] booting up server
IODDR1@0.0: RM 0: [RMEM] server alive
IODDR0@0.0: RM 0: [IODDR0] spawning kernels
IODDR0@0.0: RM 0: cluster   0: 80.43 MB/s (16 MB 0.20 s)
IODDR0@0.0: RM 0: cluster   1: 78.26 MB/s (16 MB 0.20 s)
IODDR0@0.0: RM 0: cluster   2: 78.17 MB/s (16 MB 0.20 s)
IODDR0@0.0: RM 0: cluster   3: 66.40 MB/s (16 MB 0.24 s)
IODDR0@0.0: RM 0: [IODDR0] waiting kernels
IODDR0@0.0: RM 0: cluster   4: 53.53 MB/s (16 MB 0.30 s)
IODDR0@0.0: RM 0: cluster   5: 52.14 MB/s (16 MB 0.31 s)
IODDR0@0.0: RM 0: cluster   6: 54.68 MB/s (16 MB 0.29 s)
IODDR0@0.0: RM 0: cluster   7: 63.13 MB/s (16 MB 0.25 s)
IODDR0@0.0: RM 0: cluster   8: 71.69 MB/s (16 MB 0.22 s)
IODDR1@0.0: RM 0: [RMEM] booting up server
IODDR1@0.0: RM 0: [RMEM] server alive
IODDR0@0.0: RM 0: [IODDR0] spawning kernels
IODDR0@0.0: RM 0: cluster   0: 82.80 MB/s (16 MB 0.19 s)
IODDR0@0.0: RM 0: [IODDR0] waiting kernels
IODDR0@0.0: RM 0: [IODDR0] waiting kernels
IODDR0@0.0: RM 0: cluster   2: 61.69 MB/s (16 MB 0.26 s)
IODDR0@0.0: RM 0: cluster   1: 44.63 MB/s (16 MB 0.36 s)
IODDR0@0.0: RM 0: cluster   3: 43.45 MB/s (16 MB 0.37 s)
IODDR0@0.0: RM 0: cluster   4: 43.42 MB/s (16 MB 0.37 s)
IODDR0@0.0: RM 0: cluster   5: 52.61 MB/s (16 MB 0.30 s)
IODDR0@0.0: RM 0: cluster   6: 57.77 MB/s (16 MB 0.28 s)
IODDR0@0.0: RM 0: cluster   7: 59.68 MB/s (16 MB 0.27 s)
IODDR0@0.0: RM 0: cluster   8: 61.08 MB/s (16 MB 0.26 s)
IODDR1@0.0: RM 0: [RMEM] booting up server
IODDR1@0.0: RM 0: [RMEM] server alive
IODDR0@0.0: RM 0: [IODDR0] spawning kernels
IODDR0@0.0: RM 0: cluster   0: 80.70 MB/s (16 MB 0.20 s)
IODDR0@0.0: RM 0: cluster   1: 78.29 MB/s (16 MB 0.20 s)
IODDR0@0.0: RM 0: cluster   2: 77.97 MB/s (16 MB 0.21 s)
IODDR0@0.0: RM 0: [IODDR0] waiting kernels
IODDR0@0.0: RM 0: [IODDR0] waiting kernels
IODDR0@0.0: RM 0: cluster   3: 67.33 MB/s (16 MB 0.24 s)
IODDR0@0.0: RM 0: cluster   4: 66.63 MB/s (16 MB 0.24 s)
IODDR0@0.0: RM 0: cluster   5: 66.86 MB/s (16 MB 0.24 s)
IODDR0@0.0: RM 0: cluster   6: 66.62 MB/s (16 MB 0.24 s)
IODDR0@0.0: RM 0: cluster   7: 66.55 MB/s (16 MB 0.24 s)
IODDR0@0.0: RM 0: cluster   8: 69.00 MB/s (16 MB 0.23 s)
IODDR1@0.0: RM 0: [RMEM] booting up server
IODDR1@0.0: RM 0: [RMEM] server alive
IODDR0@0.0: RM 0: [IODDR0] spawning kernels
IODDR0@0.0: RM 0: cluster   0: 80.68 MB/s (16 MB 0.20 s)
IODDR0@0.0: RM 0: cluster   1: 65.37 MB/s (16 MB 0.24 s)
IODDR0@0.0: RM 0: cluster   2: 64.03 MB/s (16 MB 0.25 s)
IODDR0@0.0: RM 0: cluster   3: 62.21 MB/s (16 MB 0.26 s)
IODDR0@0.0: RM 0: [IODDR0] waiting kernels
IODDR0@0.0: RM 0: [IODDR0] waiting kernels
IODDR0@0.0: RM 0: cluster   5: 62.42 MB/s (16 MB 0.26 s)
IODDR0@0.0: RM 0: cluster   4: 63.01 MB/s (16 MB 0.25 s)
IODDR0@0.0: RM 0: cluster   6: 65.00 MB/s (16 MB 0.25 s)
IODDR0@0.0: RM 0: cluster   7: 77.19 MB/s (16 MB 0.21 s)
IODDR0@0.0: RM 0: cluster   8: 80.40 MB/s (16 MB 0.20 s)
IODDR1@0.0: RM 0: [RMEM] booting up server
IODDR1@0.0: RM 0: [RMEM] server alive
IODDR0@0.0: RM 0: [IODDR0] spawning kernels
IODDR0@0.0: RM 0: cluster   0: 82.81 MB/s (16 MB 0.19 s)
IODDR0@0.0: RM 0: cluster   1: 80.43 MB/s (16 MB 0.20 s)
IODDR0@0.0: RM 0: cluster   2: 66.49 MB/s (16 MB 0.24 s)
IODDR0@0.0: RM 0: [IODDR0] waiting kernels
IODDR0@0.0: RM 0: [IODDR0] waiting kernels
IODDR0@0.0: RM 0: cluster   3: 54.20 MB/s (16 MB 0.30 s)
IODDR0@0.0: RM 0: cluster   4: 54.21 MB/s (16 MB 0.30 s)
IODDR0@0.0: RM 0: cluster   5: 61.23 MB/s (16 MB 0.26 s)
IODDR0@0.0: RM 0: cluster   6: 64.09 MB/s (16 MB 0.25 s)
IODDR0@0.0: RM 0: cluster   7: 64.08 MB/s (16 MB 0.25 s)
IODDR0@0.0: RM 0: cluster   8: 67.91 MB/s (16 MB 0.24 s)
IODDR1@0.0: RM 0: [RMEM] booting up server
IODDR1@0.0: RM 0: [RMEM] server alive
IODDR0@0.0: RM 0: [IODDR0] spawning kernels
IODDR0@0.0: RM 0: cluster   0: 82.81 MB/s (16 MB 0.19 s)
IODDR0@0.0: RM 0: [IODDR0] waiting kernels
IODDR0@0.0: RM 0: [IODDR0] waiting kernels
IODDR0@0.0: RM 0: cluster   2: 64.58 MB/s (16 MB 0.25 s)
IODDR0@0.0: RM 0: cluster   1: 63.57 MB/s (16 MB 0.25 s)
IODDR0@0.0: RM 0: cluster   3: 63.58 MB/s (16 MB 0.25 s)
IODDR0@0.0: RM 0: cluster   4: 77.96 MB/s (16 MB 0.21 s)
IODDR0@0.0: RM 0: cluster   5: 61.13 MB/s (16 MB 0.26 s)
IODDR0@0.0: RM 0: cluster   6: 47.99 MB/s (16 MB 0.33 s)
IODDR0@0.0: RM 0: cluster   7: 47.98 MB/s (16 MB 0.33 s)
IODDR0@0.0: RM 0: cluster   8: 48.42 MB/s (16 MB 0.33 s)
