IODDR1@0.0: RM 0: [RMEM] booting up server
IODDR1@0.0: RM 0: [RMEM] server alive
IODDR0@0.0: RM 0: [IODDR0] spawning kernels
IODDR0@0.0: RM 0: cluster   0: 70.87 MB/s (16 MB 0.23 s)
IODDR0@0.0: RM 0: cluster   1: 54.09 MB/s (16 MB 0.30 s)
IODDR0@0.0: RM 0: cluster   2: 49.40 MB/s (16 MB 0.32 s)
IODDR0@0.0: RM 0: cluster   3: 41.39 MB/s (16 MB 0.39 s)
IODDR0@0.0: RM 0: cluster   4: 35.82 MB/s (16 MB 0.45 s)
IODDR0@0.0: RM 0: cluster   5: 28.30 MB/s (16 MB 0.57 s)
IODDR0@0.0: RM 0: cluster   6: 27.98 MB/s (16 MB 0.57 s)
IODDR0@0.0: RM 0: [IODDR0] waiting kernels
IODDR0@0.0: RM 0: cluster   8: 24.57 MB/s (16 MB 0.65 s)
IODDR0@0.0: RM 0: cluster   7: 24.43 MB/s (16 MB 0.66 s)
IODDR0@0.0: RM 0: cluster   9: 23.65 MB/s (16 MB 0.68 s)
IODDR0@0.0: RM 0: cluster  10: 23.53 MB/s (16 MB 0.68 s)
IODDR0@0.0: RM 0: cluster  11: 24.25 MB/s (16 MB 0.66 s)
IODDR0@0.0: RM 0: cluster  12: 24.47 MB/s (16 MB 0.65 s)
IODDR0@0.0: RM 0: cluster  13: 24.66 MB/s (16 MB 0.65 s)
IODDR0@0.0: RM 0: cluster  14: 28.79 MB/s (16 MB 0.56 s)
IODDR1@0.0: RM 0: [RMEM] booting up server
IODDR1@0.0: RM 0: [RMEM] server alive
IODDR0@0.0: RM 0: [IODDR0] spawning kernels
IODDR0@0.0: RM 0: cluster   0: 72.03 MB/s (16 MB 0.22 s)
IODDR0@0.0: RM 0: cluster   1: 54.07 MB/s (16 MB 0.30 s)
IODDR0@0.0: RM 0: cluster   2: 49.02 MB/s (16 MB 0.33 s)
IODDR0@0.0: RM 0: cluster   3: 38.57 MB/s (16 MB 0.41 s)
IODDR0@0.0: RM 0: cluster   4: 31.92 MB/s (16 MB 0.50 s)
IODDR0@0.0: RM 0: cluster   5: 29.58 MB/s (16 MB 0.54 s)
IODDR0@0.0: RM 0: cluster   6: 28.82 MB/s (16 MB 0.56 s)
IODDR0@0.0: RM 0: cluster   7: 29.50 MB/s (16 MB 0.54 s)
IODDR0@0.0: RM 0: [IODDR0] waiting kernels
IODDR0@0.0: RM 0: cluster   8: 25.89 MB/s (16 MB 0.62 s)
IODDR0@0.0: RM 0: cluster  10: 25.63 MB/s (16 MB 0.62 s)
IODDR0@0.0: RM 0: cluster   9: 25.65 MB/s (16 MB 0.62 s)
IODDR0@0.0: RM 0: cluster  11: 24.67 MB/s (16 MB 0.65 s)
IODDR0@0.0: RM 0: cluster  12: 24.78 MB/s (16 MB 0.65 s)
IODDR0@0.0: RM 0: cluster  13: 30.85 MB/s (16 MB 0.52 s)
IODDR0@0.0: RM 0: cluster  14: 31.23 MB/s (16 MB 0.51 s)
IODDR1@0.0: RM 0: [RMEM] booting up server
IODDR1@0.0: RM 0: [RMEM] server alive
IODDR0@0.0: RM 0: [IODDR0] spawning kernels
IODDR0@0.0: RM 0: cluster   0: 84.54 MB/s (16 MB 0.19 s)
IODDR0@0.0: RM 0: cluster   2: 69.67 MB/s (16 MB 0.23 s)
IODDR0@0.0: RM 0: cluster   1: 65.65 MB/s (16 MB 0.24 s)
IODDR0@0.0: RM 0: cluster   3: 64.80 MB/s (16 MB 0.25 s)
IODDR0@0.0: RM 0: cluster   4: 65.63 MB/s (16 MB 0.24 s)
IODDR0@0.0: RM 0: cluster   5: 34.97 MB/s (16 MB 0.46 s)
IODDR0@0.0: RM 0: cluster   6: 34.00 MB/s (16 MB 0.47 s)
IODDR0@0.0: RM 0: cluster   7: 33.59 MB/s (16 MB 0.48 s)
IODDR0@0.0: RM 0: cluster   8: 33.23 MB/s (16 MB 0.48 s)
IODDR0@0.0: RM 0: [IODDR0] waiting kernels
IODDR0@0.0: RM 0: cluster   9: 34.44 MB/s (16 MB 0.46 s)
IODDR0@0.0: RM 0: cluster  10: 32.98 MB/s (16 MB 0.49 s)
IODDR0@0.0: RM 0: cluster  11: 30.89 MB/s (16 MB 0.52 s)
IODDR0@0.0: RM 0: cluster  12: 30.78 MB/s (16 MB 0.52 s)
IODDR0@0.0: RM 0: cluster  13: 31.17 MB/s (16 MB 0.51 s)
IODDR0@0.0: RM 0: cluster  14: 36.78 MB/s (16 MB 0.44 s)
IODDR1@0.0: RM 0: [RMEM] booting up server
IODDR1@0.0: RM 0: [RMEM] server alive
IODDR0@0.0: RM 0: [IODDR0] spawning kernels
IODDR0@0.0: RM 0: cluster   0: 84.53 MB/s (16 MB 0.19 s)
IODDR0@0.0: RM 0: cluster   1: 69.73 MB/s (16 MB 0.23 s)
IODDR0@0.0: RM 0: cluster   2: 53.01 MB/s (16 MB 0.30 s)
IODDR0@0.0: RM 0: cluster   3: 45.70 MB/s (16 MB 0.35 s)
IODDR0@0.0: RM 0: cluster   4: 39.27 MB/s (16 MB 0.41 s)
IODDR0@0.0: RM 0: cluster   5: 35.85 MB/s (16 MB 0.45 s)
IODDR0@0.0: RM 0: cluster   6: 35.78 MB/s (16 MB 0.45 s)
IODDR0@0.0: RM 0: [IODDR0] waiting kernels
IODDR0@0.0: RM 0: [IODDR0] waiting kernels
IODDR0@0.0: RM 0: cluster   7: 36.82 MB/s (16 MB 0.43 s)
IODDR0@0.0: RM 0: cluster   8: 33.26 MB/s (16 MB 0.48 s)
IODDR0@0.0: RM 0: cluster   9: 33.78 MB/s (16 MB 0.47 s)
IODDR0@0.0: RM 0: cluster  10: 29.02 MB/s (16 MB 0.55 s)
IODDR0@0.0: RM 0: cluster  11: 29.01 MB/s (16 MB 0.55 s)
IODDR0@0.0: RM 0: cluster  12: 32.61 MB/s (16 MB 0.49 s)
IODDR0@0.0: RM 0: cluster  14: 32.90 MB/s (16 MB 0.49 s)
IODDR0@0.0: RM 0: cluster  13: 33.24 MB/s (16 MB 0.48 s)
IODDR1@0.0: RM 0: [RMEM] booting up server
IODDR1@0.0: RM 0: [RMEM] server alive
IODDR0@0.0: RM 0: [IODDR0] spawning kernels
IODDR0@0.0: RM 0: cluster   0: 84.55 MB/s (16 MB 0.19 s)
IODDR0@0.0: RM 0: cluster   1: 47.33 MB/s (16 MB 0.34 s)
IODDR0@0.0: RM 0: cluster   2: 46.81 MB/s (16 MB 0.34 s)
IODDR0@0.0: RM 0: cluster   3: 38.87 MB/s (16 MB 0.41 s)
IODDR0@0.0: RM 0: cluster   4: 27.31 MB/s (16 MB 0.59 s)
IODDR0@0.0: RM 0: cluster   5: 26.82 MB/s (16 MB 0.60 s)
IODDR0@0.0: RM 0: cluster   6: 26.42 MB/s (16 MB 0.61 s)
IODDR0@0.0: RM 0: [IODDR0] waiting kernels
IODDR0@0.0: RM 0: cluster   7: 24.06 MB/s (16 MB 0.67 s)
IODDR0@0.0: RM 0: cluster   8: 23.81 MB/s (16 MB 0.67 s)
IODDR0@0.0: RM 0: cluster   9: 23.69 MB/s (16 MB 0.68 s)
IODDR0@0.0: RM 0: cluster  10: 25.09 MB/s (16 MB 0.64 s)
IODDR0@0.0: RM 0: cluster  11: 25.19 MB/s (16 MB 0.64 s)
IODDR0@0.0: RM 0: cluster  12: 26.86 MB/s (16 MB 0.60 s)
IODDR0@0.0: RM 0: cluster  13: 27.30 MB/s (16 MB 0.59 s)
IODDR0@0.0: RM 0: cluster  14: 31.94 MB/s (16 MB 0.50 s)
IODDR1@0.0: RM 0: [RMEM] booting up server
IODDR1@0.0: RM 0: [RMEM] server alive
IODDR0@0.0: RM 0: [IODDR0] spawning kernels
IODDR0@0.0: RM 0: cluster   0: 70.87 MB/s (16 MB 0.23 s)
IODDR0@0.0: RM 0: cluster   1: 56.87 MB/s (16 MB 0.28 s)
IODDR0@0.0: RM 0: cluster   2: 61.12 MB/s (16 MB 0.26 s)
IODDR0@0.0: RM 0: cluster   3: 34.36 MB/s (16 MB 0.47 s)
IODDR0@0.0: RM 0: cluster   4: 33.80 MB/s (16 MB 0.47 s)
IODDR0@0.0: RM 0: cluster   5: 33.83 MB/s (16 MB 0.47 s)
IODDR0@0.0: RM 0: [IODDR0] waiting kernels
IODDR0@0.0: RM 0: [IODDR0] waiting kernels
IODDR0@0.0: RM 0: cluster   6: 29.91 MB/s (16 MB 0.54 s)
IODDR0@0.0: RM 0: cluster   7: 28.61 MB/s (16 MB 0.56 s)
IODDR0@0.0: RM 0: cluster   8: 27.88 MB/s (16 MB 0.57 s)
IODDR0@0.0: RM 0: cluster   9: 24.38 MB/s (16 MB 0.66 s)
IODDR0@0.0: RM 0: cluster  10: 23.93 MB/s (16 MB 0.67 s)
IODDR0@0.0: RM 0: cluster  11: 24.06 MB/s (16 MB 0.67 s)
IODDR0@0.0: RM 0: cluster  12: 27.84 MB/s (16 MB 0.57 s)
IODDR0@0.0: RM 0: cluster  13: 31.25 MB/s (16 MB 0.51 s)
IODDR0@0.0: RM 0: cluster  14: 31.93 MB/s (16 MB 0.50 s)
IODDR1@0.0: RM 0: [RMEM] booting up server
IODDR1@0.0: RM 0: [RMEM] server alive
IODDR0@0.0: RM 0: [IODDR0] spawning kernels
IODDR0@0.0: RM 0: cluster   0: 84.54 MB/s (16 MB 0.19 s)
IODDR0@0.0: RM 0: cluster   1: 38.10 MB/s (16 MB 0.42 s)
IODDR0@0.0: RM 0: cluster   2: 35.94 MB/s (16 MB 0.45 s)
IODDR0@0.0: RM 0: cluster   3: 32.47 MB/s (16 MB 0.49 s)
IODDR0@0.0: RM 0: cluster   4: 32.14 MB/s (16 MB 0.50 s)
IODDR0@0.0: RM 0: cluster   5: 33.51 MB/s (16 MB 0.48 s)
IODDR0@0.0: RM 0: [IODDR0] waiting kernels
IODDR0@0.0: RM 0: cluster   6: 27.50 MB/s (16 MB 0.58 s)
IODDR0@0.0: RM 0: cluster   8: 27.26 MB/s (16 MB 0.59 s)
IODDR0@0.0: RM 0: cluster   7: 24.54 MB/s (16 MB 0.65 s)
IODDR0@0.0: RM 0: cluster   9: 24.35 MB/s (16 MB 0.66 s)
IODDR0@0.0: RM 0: cluster  10: 23.32 MB/s (16 MB 0.69 s)
IODDR0@0.0: RM 0: cluster  11: 24.26 MB/s (16 MB 0.66 s)
IODDR0@0.0: RM 0: cluster  12: 28.38 MB/s (16 MB 0.56 s)
IODDR0@0.0: RM 0: cluster  13: 28.80 MB/s (16 MB 0.56 s)
IODDR0@0.0: RM 0: cluster  14: 34.08 MB/s (16 MB 0.47 s)
IODDR1@0.0: RM 0: [RMEM] booting up server
IODDR1@0.0: RM 0: [RMEM] server alive
IODDR0@0.0: RM 0: [IODDR0] spawning kernels
IODDR0@0.0: RM 0: cluster   0: 84.54 MB/s (16 MB 0.19 s)
IODDR0@0.0: RM 0: cluster   1: 69.80 MB/s (16 MB 0.23 s)
IODDR0@0.0: RM 0: cluster   2: 57.34 MB/s (16 MB 0.28 s)
IODDR0@0.0: RM 0: cluster   3: 63.02 MB/s (16 MB 0.25 s)
IODDR0@0.0: RM 0: cluster   4: 33.97 MB/s (16 MB 0.47 s)
IODDR0@0.0: RM 0: cluster   5: 33.10 MB/s (16 MB 0.48 s)
IODDR0@0.0: RM 0: cluster   6: 32.64 MB/s (16 MB 0.49 s)
IODDR0@0.0: RM 0: [IODDR0] waiting kernels
IODDR0@0.0: RM 0: cluster   7: 30.30 MB/s (16 MB 0.53 s)
IODDR0@0.0: RM 0: cluster   8: 30.07 MB/s (16 MB 0.53 s)
IODDR0@0.0: RM 0: cluster   9: 32.26 MB/s (16 MB 0.50 s)
IODDR0@0.0: RM 0: cluster  10: 27.81 MB/s (16 MB 0.58 s)
IODDR0@0.0: RM 0: cluster  11: 27.03 MB/s (16 MB 0.59 s)
IODDR0@0.0: RM 0: cluster  12: 27.25 MB/s (16 MB 0.59 s)
IODDR0@0.0: RM 0: cluster  13: 33.32 MB/s (16 MB 0.48 s)
IODDR0@0.0: RM 0: cluster  14: 34.01 MB/s (16 MB 0.47 s)
IODDR1@0.0: RM 0: [RMEM] booting up server
IODDR1@0.0: RM 0: [RMEM] server alive
IODDR0@0.0: RM 0: [IODDR0] spawning kernels
IODDR0@0.0: RM 0: cluster   0: 84.54 MB/s (16 MB 0.19 s)
IODDR0@0.0: RM 0: cluster   1: 43.93 MB/s (16 MB 0.36 s)
IODDR0@0.0: RM 0: cluster   2: 42.56 MB/s (16 MB 0.38 s)
IODDR0@0.0: RM 0: cluster   3: 33.77 MB/s (16 MB 0.47 s)
IODDR0@0.0: RM 0: cluster   4: 29.33 MB/s (16 MB 0.55 s)
IODDR0@0.0: RM 0: cluster   5: 27.97 MB/s (16 MB 0.57 s)
IODDR0@0.0: RM 0: cluster   6: 27.97 MB/s (16 MB 0.57 s)
IODDR0@0.0: RM 0: cluster   7: 29.20 MB/s (16 MB 0.55 s)
IODDR0@0.0: RM 0: cluster   8: 29.00 MB/s (16 MB 0.55 s)
IODDR0@0.0: RM 0: [IODDR0] waiting kernels
IODDR0@0.0: RM 0: cluster   9: 29.85 MB/s (16 MB 0.54 s)
IODDR0@0.0: RM 0: cluster  10: 26.59 MB/s (16 MB 0.60 s)
IODDR0@0.0: RM 0: cluster  12: 26.58 MB/s (16 MB 0.60 s)
IODDR0@0.0: RM 0: cluster  11: 26.71 MB/s (16 MB 0.60 s)
IODDR0@0.0: RM 0: cluster  13: 29.89 MB/s (16 MB 0.54 s)
IODDR0@0.0: RM 0: cluster  14: 35.22 MB/s (16 MB 0.45 s)
IODDR1@0.0: RM 0: [RMEM] booting up server
IODDR1@0.0: RM 0: [RMEM] server alive
IODDR0@0.0: RM 0: [IODDR0] spawning kernels
IODDR0@0.0: RM 0: cluster   0: 84.54 MB/s (16 MB 0.19 s)
IODDR0@0.0: RM 0: cluster   2: 44.79 MB/s (16 MB 0.36 s)
IODDR0@0.0: RM 0: cluster   1: 42.02 MB/s (16 MB 0.38 s)
IODDR0@0.0: RM 0: cluster   3: 33.86 MB/s (16 MB 0.47 s)
IODDR0@0.0: RM 0: cluster   4: 33.19 MB/s (16 MB 0.48 s)
IODDR0@0.0: RM 0: cluster   5: 29.91 MB/s (16 MB 0.54 s)
IODDR0@0.0: RM 0: cluster   6: 29.79 MB/s (16 MB 0.54 s)
IODDR0@0.0: RM 0: [IODDR0] waiting kernels
IODDR0@0.0: RM 0: cluster   7: 25.80 MB/s (16 MB 0.62 s)
IODDR0@0.0: RM 0: cluster   9: 25.48 MB/s (16 MB 0.63 s)
IODDR0@0.0: RM 0: cluster   8: 25.30 MB/s (16 MB 0.63 s)
IODDR0@0.0: RM 0: cluster  10: 25.14 MB/s (16 MB 0.64 s)
IODDR0@0.0: RM 0: cluster  11: 24.46 MB/s (16 MB 0.65 s)
IODDR0@0.0: RM 0: cluster  12: 26.02 MB/s (16 MB 0.61 s)
IODDR0@0.0: RM 0: cluster  13: 29.61 MB/s (16 MB 0.54 s)
IODDR0@0.0: RM 0: cluster  14: 29.97 MB/s (16 MB 0.53 s)
