IODDR1@0.0: RM 0: [RMEM] booting up server
IODDR1@0.0: RM 0: [RMEM] server alive
IODDR0@0.0: RM 0: [IODDR0] spawning kernels
IODDR0@0.0: RM 0: cluster   0: 80.45 MB/s (16 MB 0.20 s)
IODDR0@0.0: RM 0: cluster   1: 78.10 MB/s (16 MB 0.20 s)
IODDR0@0.0: RM 0: cluster   2: 78.14 MB/s (16 MB 0.20 s)
IODDR0@0.0: RM 0: cluster   3: 66.62 MB/s (16 MB 0.24 s)
IODDR0@0.0: RM 0: [IODDR0] waiting kernels
IODDR0@0.0: RM 0: [IODDR0] waiting kernels
IODDR0@0.0: RM 0: cluster   4: 55.00 MB/s (16 MB 0.29 s)
IODDR0@0.0: RM 0: cluster   5: 55.00 MB/s (16 MB 0.29 s)
IODDR0@0.0: RM 0: cluster   6: 63.32 MB/s (16 MB 0.25 s)
IODDR0@0.0: RM 0: cluster   7: 64.30 MB/s (16 MB 0.25 s)
IODDR0@0.0: RM 0: cluster   8: 64.31 MB/s (16 MB 0.25 s)
IODDR0@0.0: RM 0: cluster   9: 67.32 MB/s (16 MB 0.24 s)
IODDR1@0.0: RM 0: [RMEM] booting up server
IODDR1@0.0: RM 0: [RMEM] server alive
IODDR0@0.0: RM 0: [IODDR0] spawning kernels
IODDR0@0.0: RM 0: cluster   0: 68.89 MB/s (16 MB 0.23 s)
IODDR0@0.0: RM 0: cluster   1: 66.40 MB/s (16 MB 0.24 s)
IODDR0@0.0: RM 0: cluster   2: 66.71 MB/s (16 MB 0.24 s)
IODDR0@0.0: RM 0: [IODDR0] waiting kernels
IODDR0@0.0: RM 0: [IODDR0] waiting kernels
IODDR0@0.0: RM 0: cluster   3: 60.34 MB/s (16 MB 0.27 s)
IODDR0@0.0: RM 0: cluster   4: 58.41 MB/s (16 MB 0.27 s)
IODDR0@0.0: RM 0: cluster   5: 55.19 MB/s (16 MB 0.29 s)
IODDR0@0.0: RM 0: cluster   6: 56.61 MB/s (16 MB 0.28 s)
IODDR0@0.0: RM 0: cluster   7: 62.08 MB/s (16 MB 0.26 s)
IODDR0@0.0: RM 0: cluster   8: 64.94 MB/s (16 MB 0.25 s)
IODDR0@0.0: RM 0: cluster   9: 65.21 MB/s (16 MB 0.25 s)
IODDR1@0.0: RM 0: [RMEM] booting up server
IODDR1@0.0: RM 0: [RMEM] server alive
IODDR0@0.0: RM 0: [IODDR0] spawning kernels
IODDR0@0.0: RM 0: cluster   0: 82.81 MB/s (16 MB 0.19 s)
IODDR0@0.0: RM 0: cluster   1: 82.69 MB/s (16 MB 0.19 s)
IODDR0@0.0: RM 0: [IODDR0] waiting kernels
IODDR0@0.0: RM 0: cluster   2: 50.86 MB/s (16 MB 0.31 s)
IODDR0@0.0: RM 0: cluster   3: 48.09 MB/s (16 MB 0.33 s)
IODDR0@0.0: RM 0: cluster   4: 47.02 MB/s (16 MB 0.34 s)
IODDR0@0.0: RM 0: cluster   5: 60.45 MB/s (16 MB 0.26 s)
IODDR0@0.0: RM 0: cluster   6: 62.25 MB/s (16 MB 0.26 s)
IODDR0@0.0: RM 0: cluster   8: 54.27 MB/s (16 MB 0.29 s)
IODDR0@0.0: RM 0: cluster   7: 54.15 MB/s (16 MB 0.30 s)
IODDR0@0.0: RM 0: cluster   9: 54.45 MB/s (16 MB 0.29 s)
IODDR1@0.0: RM 0: [RMEM] booting up server
IODDR1@0.0: RM 0: [RMEM] server alive
IODDR0@0.0: RM 0: [IODDR0] spawning kernels
IODDR0@0.0: RM 0: cluster   0: 82.81 MB/s (16 MB 0.19 s)
IODDR0@0.0: RM 0: cluster   1: 80.44 MB/s (16 MB 0.20 s)
IODDR0@0.0: RM 0: cluster   2: 78.30 MB/s (16 MB 0.20 s)
IODDR0@0.0: RM 0: cluster   3: 78.36 MB/s (16 MB 0.20 s)
IODDR0@0.0: RM 0: [IODDR0] waiting kernels
IODDR0@0.0: RM 0: [IODDR0] waiting kernels
IODDR0@0.0: RM 0: cluster   4: 66.67 MB/s (16 MB 0.24 s)
IODDR0@0.0: RM 0: cluster   5: 65.86 MB/s (16 MB 0.24 s)
IODDR0@0.0: RM 0: cluster   6: 66.15 MB/s (16 MB 0.24 s)
IODDR0@0.0: RM 0: cluster   7: 54.46 MB/s (16 MB 0.29 s)
IODDR0@0.0: RM 0: cluster   8: 54.22 MB/s (16 MB 0.30 s)
IODDR0@0.0: RM 0: cluster   9: 54.42 MB/s (16 MB 0.29 s)
IODDR1@0.0: RM 0: [RMEM] booting up server
IODDR1@0.0: RM 0: [RMEM] server alive
IODDR0@0.0: RM 0: [IODDR0] spawning kernels
IODDR0@0.0: RM 0: cluster   0: 82.79 MB/s (16 MB 0.19 s)
IODDR0@0.0: RM 0: cluster   1: 80.21 MB/s (16 MB 0.20 s)
IODDR0@0.0: RM 0: cluster   2: 67.43 MB/s (16 MB 0.24 s)
IODDR0@0.0: RM 0: [IODDR0] waiting kernels
IODDR0@0.0: RM 0: [IODDR0] waiting kernels
IODDR0@0.0: RM 0: cluster   3: 53.71 MB/s (16 MB 0.30 s)
IODDR0@0.0: RM 0: cluster   4: 52.38 MB/s (16 MB 0.31 s)
IODDR0@0.0: RM 0: cluster   5: 58.60 MB/s (16 MB 0.27 s)
IODDR0@0.0: RM 0: cluster   6: 70.64 MB/s (16 MB 0.23 s)
IODDR0@0.0: RM 0: cluster   7: 70.27 MB/s (16 MB 0.23 s)
IODDR0@0.0: RM 0: cluster   8: 67.70 MB/s (16 MB 0.24 s)
IODDR0@0.0: RM 0: cluster   9: 68.00 MB/s (16 MB 0.24 s)
IODDR1@0.0: RM 0: [RMEM] booting up server
IODDR1@0.0: RM 0: [RMEM] server alive
IODDR0@0.0: RM 0: [IODDR0] spawning kernels
IODDR0@0.0: RM 0: cluster   0: 82.81 MB/s (16 MB 0.19 s)
IODDR0@0.0: RM 0: cluster   1: 77.35 MB/s (16 MB 0.21 s)
IODDR0@0.0: RM 0: cluster   2: 77.35 MB/s (16 MB 0.21 s)
IODDR0@0.0: RM 0: cluster   4: 77.52 MB/s (16 MB 0.21 s)
IODDR0@0.0: RM 0: cluster   3: 77.50 MB/s (16 MB 0.21 s)
IODDR0@0.0: RM 0: cluster   5: 82.62 MB/s (16 MB 0.19 s)
IODDR0@0.0: RM 0: [IODDR0] waiting kernels
IODDR0@0.0: RM 0: cluster   6: 46.80 MB/s (16 MB 0.34 s)
IODDR0@0.0: RM 0: cluster   7: 45.48 MB/s (16 MB 0.35 s)
IODDR0@0.0: RM 0: cluster   8: 45.49 MB/s (16 MB 0.35 s)
IODDR0@0.0: RM 0: cluster   9: 52.12 MB/s (16 MB 0.31 s)
IODDR1@0.0: RM 0: [RMEM] booting up server
IODDR1@0.0: RM 0: [RMEM] server alive
IODDR0@0.0: RM 0: [IODDR0] spawning kernels
IODDR0@0.0: RM 0: cluster   0: 80.66 MB/s (16 MB 0.20 s)
IODDR0@0.0: RM 0: cluster   1: 78.30 MB/s (16 MB 0.20 s)
IODDR0@0.0: RM 0: cluster   2: 80.31 MB/s (16 MB 0.20 s)
IODDR0@0.0: RM 0: [IODDR0] waiting kernels
IODDR0@0.0: RM 0: cluster   3: 47.35 MB/s (16 MB 0.34 s)
IODDR0@0.0: RM 0: cluster   4: 46.06 MB/s (16 MB 0.35 s)
IODDR0@0.0: RM 0: cluster   5: 46.05 MB/s (16 MB 0.35 s)
IODDR0@0.0: RM 0: cluster   6: 53.73 MB/s (16 MB 0.30 s)
IODDR0@0.0: RM 0: cluster   7: 54.28 MB/s (16 MB 0.29 s)
IODDR0@0.0: RM 0: cluster   8: 54.18 MB/s (16 MB 0.30 s)
IODDR0@0.0: RM 0: cluster   9: 54.47 MB/s (16 MB 0.29 s)
IODDR1@0.0: RM 0: [RMEM] booting up server
IODDR1@0.0: RM 0: [RMEM] server alive
IODDR0@0.0: RM 0: [IODDR0] spawning kernels
IODDR0@0.0: RM 0: cluster   0: 80.68 MB/s (16 MB 0.20 s)
IODDR0@0.0: RM 0: cluster   1: 78.28 MB/s (16 MB 0.20 s)
IODDR0@0.0: RM 0: cluster   2: 80.28 MB/s (16 MB 0.20 s)
IODDR0@0.0: RM 0: [IODDR0] waiting kernels
IODDR0@0.0: RM 0: cluster   4: 47.38 MB/s (16 MB 0.34 s)
IODDR0@0.0: RM 0: cluster   3: 46.07 MB/s (16 MB 0.35 s)
IODDR0@0.0: RM 0: cluster   5: 46.09 MB/s (16 MB 0.35 s)
IODDR0@0.0: RM 0: cluster   6: 53.76 MB/s (16 MB 0.30 s)
IODDR0@0.0: RM 0: cluster   7: 54.29 MB/s (16 MB 0.29 s)
IODDR0@0.0: RM 0: cluster   8: 54.17 MB/s (16 MB 0.30 s)
IODDR0@0.0: RM 0: cluster   9: 54.47 MB/s (16 MB 0.29 s)
IODDR1@0.0: RM 0: [RMEM] booting up server
IODDR1@0.0: RM 0: [RMEM] server alive
IODDR0@0.0: RM 0: [IODDR0] spawning kernels
IODDR0@0.0: RM 0: cluster   0: 82.80 MB/s (16 MB 0.19 s)
IODDR0@0.0: RM 0: cluster   1: 82.69 MB/s (16 MB 0.19 s)
IODDR0@0.0: RM 0: [IODDR0] waiting kernels
IODDR0@0.0: RM 0: cluster   2: 50.80 MB/s (16 MB 0.31 s)
IODDR0@0.0: RM 0: cluster   3: 48.09 MB/s (16 MB 0.33 s)
IODDR0@0.0: RM 0: cluster   4: 47.01 MB/s (16 MB 0.34 s)
IODDR0@0.0: RM 0: cluster   5: 60.42 MB/s (16 MB 0.26 s)
IODDR0@0.0: RM 0: cluster   6: 62.25 MB/s (16 MB 0.26 s)
IODDR0@0.0: RM 0: cluster   8: 54.27 MB/s (16 MB 0.29 s)
IODDR0@0.0: RM 0: cluster   7: 54.17 MB/s (16 MB 0.30 s)
IODDR0@0.0: RM 0: cluster   9: 54.45 MB/s (16 MB 0.29 s)
IODDR1@0.0: RM 0: [RMEM] booting up server
IODDR1@0.0: RM 0: [RMEM] server alive
IODDR0@0.0: RM 0: [IODDR0] spawning kernels
IODDR0@0.0: RM 0: cluster   0: 82.81 MB/s (16 MB 0.19 s)
IODDR0@0.0: RM 0: cluster   1: 82.69 MB/s (16 MB 0.19 s)
IODDR0@0.0: RM 0: [IODDR0] waiting kernels
IODDR0@0.0: RM 0: [IODDR0] waiting kernels
IODDR0@0.0: RM 0: cluster   2: 52.25 MB/s (16 MB 0.31 s)
IODDR0@0.0: RM 0: cluster   3: 50.69 MB/s (16 MB 0.32 s)
IODDR0@0.0: RM 0: cluster   4: 50.67 MB/s (16 MB 0.32 s)
IODDR0@0.0: RM 0: cluster   5: 67.32 MB/s (16 MB 0.24 s)
IODDR0@0.0: RM 0: cluster   6: 77.24 MB/s (16 MB 0.21 s)
IODDR0@0.0: RM 0: cluster   7: 67.34 MB/s (16 MB 0.24 s)
IODDR0@0.0: RM 0: cluster   8: 66.77 MB/s (16 MB 0.24 s)
IODDR0@0.0: RM 0: cluster   9: 67.20 MB/s (16 MB 0.24 s)
