IODDR1@0.0: RM 0: [RMEM] booting up server
IODDR1@0.0: RM 0: [RMEM] server alive
IODDR0@0.0: RM 0: [IODDR0] spawning kernels
IODDR0@0.0: RM 0: cluster   0: 70.76 MB/s (16 MB 0.23 s)
IODDR0@0.0: RM 0: [IODDR0] waiting kernels
IODDR0@0.0: RM 0: [IODDR0] waiting kernels
IODDR0@0.0: RM 0: cluster   1: 68.83 MB/s (16 MB 0.23 s)
IODDR0@0.0: RM 0: cluster   2: 37.12 MB/s (16 MB 0.43 s)
IODDR0@0.0: RM 0: cluster   3: 35.88 MB/s (16 MB 0.45 s)
IODDR0@0.0: RM 0: cluster   4: 32.33 MB/s (16 MB 0.49 s)
IODDR0@0.0: RM 0: cluster   5: 32.60 MB/s (16 MB 0.49 s)
IODDR0@0.0: RM 0: cluster   6: 37.92 MB/s (16 MB 0.42 s)
IODDR1@0.0: RM 0: [RMEM] booting up server
IODDR1@0.0: RM 0: [RMEM] server alive
IODDR0@0.0: RM 0: [IODDR0] spawning kernels
IODDR0@0.0: RM 0: cluster   0: 72.04 MB/s (16 MB 0.22 s)
IODDR0@0.0: RM 0: [IODDR0] waiting kernels
IODDR0@0.0: RM 0: [IODDR0] waiting kernels
IODDR0@0.0: RM 0: cluster   1: 57.20 MB/s (16 MB 0.28 s)
IODDR0@0.0: RM 0: cluster   2: 61.80 MB/s (16 MB 0.26 s)
IODDR0@0.0: RM 0: cluster   3: 32.46 MB/s (16 MB 0.49 s)
IODDR0@0.0: RM 0: cluster   4: 31.81 MB/s (16 MB 0.50 s)
IODDR0@0.0: RM 0: cluster   5: 31.94 MB/s (16 MB 0.50 s)
IODDR0@0.0: RM 0: cluster   6: 36.28 MB/s (16 MB 0.44 s)
IODDR1@0.0: RM 0: [RMEM] booting up server
IODDR1@0.0: RM 0: [RMEM] server alive
IODDR0@0.0: RM 0: [IODDR0] spawning kernels
IODDR0@0.0: RM 0: cluster   0: 84.55 MB/s (16 MB 0.19 s)
IODDR0@0.0: RM 0: [IODDR0] waiting kernels
IODDR0@0.0: RM 0: cluster   1: 59.28 MB/s (16 MB 0.27 s)
IODDR0@0.0: RM 0: cluster   2: 33.36 MB/s (16 MB 0.48 s)
IODDR0@0.0: RM 0: cluster   3: 32.50 MB/s (16 MB 0.49 s)
IODDR0@0.0: RM 0: cluster   4: 32.18 MB/s (16 MB 0.50 s)
IODDR0@0.0: RM 0: cluster   5: 34.55 MB/s (16 MB 0.46 s)
IODDR0@0.0: RM 0: cluster   6: 34.90 MB/s (16 MB 0.46 s)
IODDR1@0.0: RM 0: [RMEM] booting up server
IODDR1@0.0: RM 0: [RMEM] server alive
IODDR0@0.0: RM 0: [IODDR0] spawning kernels
IODDR0@0.0: RM 0: [IODDR0] waiting kernels
IODDR0@0.0: RM 0: cluster   0: 44.37 MB/s (16 MB 0.36 s)
IODDR0@0.0: RM 0: cluster   1: 42.43 MB/s (16 MB 0.38 s)
IODDR0@0.0: RM 0: cluster   2: 37.29 MB/s (16 MB 0.43 s)
IODDR0@0.0: RM 0: cluster   3: 33.28 MB/s (16 MB 0.48 s)
IODDR0@0.0: RM 0: cluster   4: 32.64 MB/s (16 MB 0.49 s)
IODDR0@0.0: RM 0: cluster   6: 32.82 MB/s (16 MB 0.49 s)
IODDR0@0.0: RM 0: cluster   5: 33.47 MB/s (16 MB 0.48 s)
IODDR1@0.0: RM 0: [RMEM] booting up server
IODDR1@0.0: RM 0: [RMEM] server alive
IODDR0@0.0: RM 0: [IODDR0] spawning kernels
IODDR0@0.0: RM 0: cluster   0: 72.01 MB/s (16 MB 0.22 s)
IODDR0@0.0: RM 0: [IODDR0] waiting kernels
IODDR0@0.0: RM 0: [IODDR0] waiting kernels
IODDR0@0.0: RM 0: cluster   1: 57.87 MB/s (16 MB 0.28 s)
IODDR0@0.0: RM 0: cluster   2: 60.55 MB/s (16 MB 0.26 s)
IODDR0@0.0: RM 0: cluster   3: 31.88 MB/s (16 MB 0.50 s)
IODDR0@0.0: RM 0: cluster   4: 31.44 MB/s (16 MB 0.51 s)
IODDR0@0.0: RM 0: cluster   5: 31.72 MB/s (16 MB 0.50 s)
IODDR0@0.0: RM 0: cluster   6: 36.11 MB/s (16 MB 0.44 s)
IODDR1@0.0: RM 0: [RMEM] booting up server
IODDR1@0.0: RM 0: [RMEM] server alive
IODDR0@0.0: RM 0: [IODDR0] spawning kernels
IODDR0@0.0: RM 0: cluster   0: 84.53 MB/s (16 MB 0.19 s)
IODDR0@0.0: RM 0: [IODDR0] waiting kernels
IODDR0@0.0: RM 0: cluster   1: 62.08 MB/s (16 MB 0.26 s)
IODDR0@0.0: RM 0: cluster   3: 31.81 MB/s (16 MB 0.50 s)
IODDR0@0.0: RM 0: cluster   2: 31.06 MB/s (16 MB 0.52 s)
IODDR0@0.0: RM 0: cluster   4: 30.80 MB/s (16 MB 0.52 s)
IODDR0@0.0: RM 0: cluster   5: 32.80 MB/s (16 MB 0.49 s)
IODDR0@0.0: RM 0: cluster   6: 33.53 MB/s (16 MB 0.48 s)
IODDR1@0.0: RM 0: [RMEM] booting up server
IODDR1@0.0: RM 0: [RMEM] server alive
IODDR0@0.0: RM 0: [IODDR0] spawning kernels
IODDR0@0.0: RM 0: [IODDR0] waiting kernels
IODDR0@0.0: RM 0: [IODDR0] waiting kernels
IODDR0@0.0: RM 0: cluster   0: 72.05 MB/s (16 MB 0.22 s)
IODDR0@0.0: RM 0: cluster   1: 57.86 MB/s (16 MB 0.28 s)
IODDR0@0.0: RM 0: cluster   2: 62.79 MB/s (16 MB 0.25 s)
IODDR0@0.0: RM 0: cluster   3: 48.77 MB/s (16 MB 0.33 s)
IODDR0@0.0: RM 0: cluster   4: 36.74 MB/s (16 MB 0.44 s)
IODDR0@0.0: RM 0: cluster   5: 36.71 MB/s (16 MB 0.44 s)
IODDR0@0.0: RM 0: cluster   6: 37.38 MB/s (16 MB 0.43 s)
IODDR1@0.0: RM 0: [RMEM] booting up server
IODDR1@0.0: RM 0: [RMEM] server alive
IODDR0@0.0: RM 0: [IODDR0] spawning kernels
IODDR0@0.0: RM 0: [IODDR0] waiting kernels
IODDR0@0.0: RM 0: [IODDR0] waiting kernels
IODDR0@0.0: RM 0: cluster   0: 70.86 MB/s (16 MB 0.23 s)
IODDR0@0.0: RM 0: cluster   1: 57.52 MB/s (16 MB 0.28 s)
IODDR0@0.0: RM 0: cluster   2: 66.19 MB/s (16 MB 0.24 s)
IODDR0@0.0: RM 0: cluster   3: 33.14 MB/s (16 MB 0.48 s)
IODDR0@0.0: RM 0: cluster   4: 32.56 MB/s (16 MB 0.49 s)
IODDR0@0.0: RM 0: cluster   6: 32.55 MB/s (16 MB 0.49 s)
IODDR0@0.0: RM 0: cluster   5: 32.82 MB/s (16 MB 0.49 s)
IODDR1@0.0: RM 0: [RMEM] booting up server
IODDR1@0.0: RM 0: [RMEM] server alive
IODDR0@0.0: RM 0: [IODDR0] spawning kernels
IODDR0@0.0: RM 0: cluster   0: 84.54 MB/s (16 MB 0.19 s)
IODDR0@0.0: RM 0: [IODDR0] waiting kernels
IODDR0@0.0: RM 0: cluster   1: 36.34 MB/s (16 MB 0.44 s)
IODDR0@0.0: RM 0: cluster   2: 33.71 MB/s (16 MB 0.47 s)
IODDR0@0.0: RM 0: cluster   3: 28.22 MB/s (16 MB 0.57 s)
IODDR0@0.0: RM 0: cluster   4: 28.19 MB/s (16 MB 0.57 s)
IODDR0@0.0: RM 0: cluster   5: 34.64 MB/s (16 MB 0.46 s)
IODDR0@0.0: RM 0: cluster   6: 35.10 MB/s (16 MB 0.46 s)
IODDR1@0.0: RM 0: [RMEM] booting up server
IODDR1@0.0: RM 0: [RMEM] server alive
IODDR0@0.0: RM 0: [IODDR0] spawning kernels
IODDR0@0.0: RM 0: cluster   0: 84.53 MB/s (16 MB 0.19 s)
IODDR0@0.0: RM 0: cluster   2: 84.14 MB/s (16 MB 0.19 s)
IODDR0@0.0: RM 0: [IODDR0] waiting kernels
IODDR0@0.0: RM 0: cluster   1: 57.11 MB/s (16 MB 0.28 s)
IODDR0@0.0: RM 0: cluster   3: 52.63 MB/s (16 MB 0.30 s)
IODDR0@0.0: RM 0: cluster   4: 38.33 MB/s (16 MB 0.42 s)
IODDR0@0.0: RM 0: cluster   5: 41.30 MB/s (16 MB 0.39 s)
IODDR0@0.0: RM 0: cluster   6: 41.86 MB/s (16 MB 0.38 s)
