IODDR1@0.0: RM 0: [RMEM] booting up server
IODDR1@0.0: RM 0: [RMEM] server alive
IODDR0@0.0: RM 0: [IODDR0] spawning kernels
IODDR0@0.0: RM 0: cluster   0: 84.33 MB/s (16 MB 0.19 s)
IODDR0@0.0: RM 0: cluster   1: 69.61 MB/s (16 MB 0.23 s)
IODDR0@0.0: RM 0: cluster   2: 52.79 MB/s (16 MB 0.30 s)
IODDR0@0.0: RM 0: cluster   3: 44.39 MB/s (16 MB 0.36 s)
IODDR0@0.0: RM 0: cluster   4: 39.08 MB/s (16 MB 0.41 s)
IODDR0@0.0: RM 0: cluster   5: 37.23 MB/s (16 MB 0.43 s)
IODDR0@0.0: RM 0: cluster   6: 36.28 MB/s (16 MB 0.44 s)
IODDR0@0.0: RM 0: [IODDR0] waiting kernels
IODDR0@0.0: RM 0: cluster   8: 28.04 MB/s (16 MB 0.57 s)
IODDR0@0.0: RM 0: cluster   7: 27.85 MB/s (16 MB 0.57 s)
IODDR0@0.0: RM 0: cluster   9: 27.83 MB/s (16 MB 0.57 s)
IODDR0@0.0: RM 0: cluster  10: 28.24 MB/s (16 MB 0.57 s)
IODDR0@0.0: RM 0: cluster  11: 27.91 MB/s (16 MB 0.57 s)
IODDR0@0.0: RM 0: cluster  12: 29.95 MB/s (16 MB 0.53 s)
IODDR0@0.0: RM 0: cluster  13: 32.14 MB/s (16 MB 0.50 s)
IODDR0@0.0: RM 0: cluster  14: 35.47 MB/s (16 MB 0.45 s)
IODDR0@0.0: RM 0: cluster  15: 36.24 MB/s (16 MB 0.44 s)
IODDR1@0.0: RM 0: [RMEM] booting up server
IODDR1@0.0: RM 0: [RMEM] server alive
IODDR0@0.0: RM 0: [IODDR0] spawning kernels
IODDR0@0.0: RM 0: cluster   0: 84.33 MB/s (16 MB 0.19 s)
IODDR0@0.0: RM 0: cluster   2: 50.90 MB/s (16 MB 0.31 s)
IODDR0@0.0: RM 0: cluster   1: 29.80 MB/s (16 MB 0.54 s)
IODDR0@0.0: RM 0: cluster   3: 28.85 MB/s (16 MB 0.55 s)
IODDR0@0.0: RM 0: cluster   4: 28.61 MB/s (16 MB 0.56 s)
IODDR0@0.0: RM 0: cluster   5: 27.98 MB/s (16 MB 0.57 s)
IODDR0@0.0: RM 0: [IODDR0] waiting kernels
IODDR0@0.0: RM 0: [IODDR0] waiting kernels
IODDR0@0.0: RM 0: cluster   6: 25.14 MB/s (16 MB 0.64 s)
IODDR0@0.0: RM 0: cluster   7: 25.14 MB/s (16 MB 0.64 s)
IODDR0@0.0: RM 0: cluster   8: 25.69 MB/s (16 MB 0.62 s)
IODDR0@0.0: RM 0: cluster   9: 24.23 MB/s (16 MB 0.66 s)
IODDR0@0.0: RM 0: cluster  11: 22.84 MB/s (16 MB 0.70 s)
IODDR0@0.0: RM 0: cluster  10: 22.82 MB/s (16 MB 0.70 s)
IODDR0@0.0: RM 0: cluster  12: 23.88 MB/s (16 MB 0.67 s)
IODDR0@0.0: RM 0: cluster  13: 25.70 MB/s (16 MB 0.62 s)
IODDR0@0.0: RM 0: cluster  14: 28.57 MB/s (16 MB 0.56 s)
IODDR0@0.0: RM 0: cluster  15: 29.21 MB/s (16 MB 0.55 s)
IODDR1@0.0: RM 0: [RMEM] booting up server
IODDR1@0.0: RM 0: [RMEM] server alive
IODDR0@0.0: RM 0: [IODDR0] spawning kernels
IODDR0@0.0: RM 0: cluster   0: 70.54 MB/s (16 MB 0.23 s)
IODDR0@0.0: RM 0: cluster   1: 68.50 MB/s (16 MB 0.23 s)
IODDR0@0.0: RM 0: cluster   2: 75.92 MB/s (16 MB 0.21 s)
IODDR0@0.0: RM 0: cluster   4: 43.86 MB/s (16 MB 0.36 s)
IODDR0@0.0: RM 0: cluster   3: 31.81 MB/s (16 MB 0.50 s)
IODDR0@0.0: RM 0: cluster   5: 30.39 MB/s (16 MB 0.53 s)
IODDR0@0.0: RM 0: cluster   6: 29.71 MB/s (16 MB 0.54 s)
IODDR0@0.0: RM 0: cluster   7: 29.64 MB/s (16 MB 0.54 s)
IODDR0@0.0: RM 0: [IODDR0] waiting kernels
IODDR0@0.0: RM 0: cluster   9: 27.18 MB/s (16 MB 0.59 s)
IODDR0@0.0: RM 0: cluster   8: 27.09 MB/s (16 MB 0.59 s)
IODDR0@0.0: RM 0: cluster  10: 27.25 MB/s (16 MB 0.59 s)
IODDR0@0.0: RM 0: cluster  11: 25.60 MB/s (16 MB 0.63 s)
IODDR0@0.0: RM 0: cluster  12: 25.59 MB/s (16 MB 0.63 s)
IODDR0@0.0: RM 0: cluster  13: 29.97 MB/s (16 MB 0.53 s)
IODDR0@0.0: RM 0: cluster  14: 33.81 MB/s (16 MB 0.47 s)
IODDR0@0.0: RM 0: cluster  15: 34.17 MB/s (16 MB 0.47 s)
IODDR1@0.0: RM 0: [RMEM] booting up server
IODDR1@0.0: RM 0: [RMEM] server alive
IODDR0@0.0: RM 0: [IODDR0] spawning kernels
IODDR0@0.0: RM 0: cluster   0: 71.78 MB/s (16 MB 0.22 s)
IODDR0@0.0: RM 0: cluster   1: 57.07 MB/s (16 MB 0.28 s)
IODDR0@0.0: RM 0: cluster   2: 60.07 MB/s (16 MB 0.27 s)
IODDR0@0.0: RM 0: cluster   3: 30.44 MB/s (16 MB 0.53 s)
IODDR0@0.0: RM 0: cluster   4: 29.12 MB/s (16 MB 0.55 s)
IODDR0@0.0: RM 0: cluster   5: 28.94 MB/s (16 MB 0.55 s)
IODDR0@0.0: RM 0: cluster   6: 27.76 MB/s (16 MB 0.58 s)
IODDR0@0.0: RM 0: [IODDR0] waiting kernels
IODDR0@0.0: RM 0: [IODDR0] waiting kernels
IODDR0@0.0: RM 0: cluster   8: 27.90 MB/s (16 MB 0.57 s)
IODDR0@0.0: RM 0: cluster   7: 28.14 MB/s (16 MB 0.57 s)
IODDR0@0.0: RM 0: cluster   9: 27.33 MB/s (16 MB 0.59 s)
IODDR0@0.0: RM 0: cluster  10: 25.56 MB/s (16 MB 0.63 s)
IODDR0@0.0: RM 0: cluster  11: 24.59 MB/s (16 MB 0.65 s)
IODDR0@0.0: RM 0: cluster  12: 24.74 MB/s (16 MB 0.65 s)
IODDR0@0.0: RM 0: cluster  13: 27.03 MB/s (16 MB 0.59 s)
IODDR0@0.0: RM 0: cluster  14: 34.00 MB/s (16 MB 0.47 s)
IODDR0@0.0: RM 0: cluster  15: 34.79 MB/s (16 MB 0.46 s)
IODDR1@0.0: RM 0: [RMEM] booting up server
IODDR1@0.0: RM 0: [RMEM] server alive
IODDR0@0.0: RM 0: [IODDR0] spawning kernels
IODDR0@0.0: RM 0: cluster   0: 84.32 MB/s (16 MB 0.19 s)
IODDR0@0.0: RM 0: cluster   1: 69.67 MB/s (16 MB 0.23 s)
IODDR0@0.0: RM 0: cluster   2: 52.79 MB/s (16 MB 0.30 s)
IODDR0@0.0: RM 0: cluster   3: 45.54 MB/s (16 MB 0.35 s)
IODDR0@0.0: RM 0: cluster   4: 39.94 MB/s (16 MB 0.40 s)
IODDR0@0.0: RM 0: cluster   5: 39.75 MB/s (16 MB 0.40 s)
IODDR0@0.0: RM 0: cluster   6: 39.27 MB/s (16 MB 0.41 s)
IODDR0@0.0: RM 0: [IODDR0] waiting kernels
IODDR0@0.0: RM 0: [IODDR0] waiting kernels
IODDR0@0.0: RM 0: cluster   7: 32.53 MB/s (16 MB 0.49 s)
IODDR0@0.0: RM 0: cluster   8: 32.21 MB/s (16 MB 0.50 s)
IODDR0@0.0: RM 0: cluster   9: 32.25 MB/s (16 MB 0.50 s)
IODDR0@0.0: RM 0: cluster  10: 31.86 MB/s (16 MB 0.50 s)
IODDR0@0.0: RM 0: cluster  11: 31.52 MB/s (16 MB 0.51 s)
IODDR0@0.0: RM 0: cluster  12: 33.88 MB/s (16 MB 0.47 s)
IODDR0@0.0: RM 0: cluster  13: 34.66 MB/s (16 MB 0.46 s)
IODDR0@0.0: RM 0: cluster  14: 35.28 MB/s (16 MB 0.45 s)
IODDR0@0.0: RM 0: cluster  15: 35.71 MB/s (16 MB 0.45 s)
IODDR1@0.0: RM 0: [RMEM] booting up server
IODDR1@0.0: RM 0: [RMEM] server alive
IODDR0@0.0: RM 0: [IODDR0] spawning kernels
IODDR0@0.0: RM 0: cluster   0: 44.46 MB/s (16 MB 0.36 s)
IODDR0@0.0: RM 0: cluster   1: 42.53 MB/s (16 MB 0.38 s)
IODDR0@0.0: RM 0: cluster   2: 40.76 MB/s (16 MB 0.39 s)
IODDR0@0.0: RM 0: cluster   3: 43.34 MB/s (16 MB 0.37 s)
IODDR0@0.0: RM 0: cluster   4: 35.11 MB/s (16 MB 0.46 s)
IODDR0@0.0: RM 0: cluster   6: 27.62 MB/s (16 MB 0.58 s)
IODDR0@0.0: RM 0: cluster   5: 27.43 MB/s (16 MB 0.58 s)
IODDR0@0.0: RM 0: [IODDR0] waiting kernels
IODDR0@0.0: RM 0: [IODDR0] waiting kernels
IODDR0@0.0: RM 0: cluster   7: 24.40 MB/s (16 MB 0.66 s)
IODDR0@0.0: RM 0: cluster   8: 24.14 MB/s (16 MB 0.66 s)
IODDR0@0.0: RM 0: cluster   9: 23.87 MB/s (16 MB 0.67 s)
IODDR0@0.0: RM 0: cluster  10: 23.04 MB/s (16 MB 0.69 s)
IODDR0@0.0: RM 0: cluster  11: 23.23 MB/s (16 MB 0.69 s)
IODDR0@0.0: RM 0: cluster  12: 23.36 MB/s (16 MB 0.69 s)
IODDR0@0.0: RM 0: cluster  13: 25.24 MB/s (16 MB 0.63 s)
IODDR0@0.0: RM 0: cluster  14: 28.62 MB/s (16 MB 0.56 s)
IODDR0@0.0: RM 0: cluster  15: 34.12 MB/s (16 MB 0.47 s)
IODDR1@0.0: RM 0: [RMEM] booting up server
IODDR1@0.0: RM 0: [RMEM] server alive
IODDR0@0.0: RM 0: [IODDR0] spawning kernels
IODDR0@0.0: RM 0: cluster   0: 84.33 MB/s (16 MB 0.19 s)
IODDR0@0.0: RM 0: cluster   2: 41.40 MB/s (16 MB 0.39 s)
IODDR0@0.0: RM 0: cluster   1: 39.74 MB/s (16 MB 0.40 s)
IODDR0@0.0: RM 0: cluster   3: 37.68 MB/s (16 MB 0.42 s)
IODDR0@0.0: RM 0: cluster   4: 38.01 MB/s (16 MB 0.42 s)
IODDR0@0.0: RM 0: cluster   5: 44.92 MB/s (16 MB 0.36 s)
IODDR0@0.0: RM 0: cluster   6: 34.40 MB/s (16 MB 0.47 s)
IODDR0@0.0: RM 0: [IODDR0] waiting kernels
IODDR0@0.0: RM 0: cluster   7: 24.18 MB/s (16 MB 0.66 s)
IODDR0@0.0: RM 0: cluster   8: 23.55 MB/s (16 MB 0.68 s)
IODDR0@0.0: RM 0: cluster   9: 23.45 MB/s (16 MB 0.68 s)
IODDR0@0.0: RM 0: cluster  10: 22.72 MB/s (16 MB 0.70 s)
IODDR0@0.0: RM 0: cluster  11: 22.52 MB/s (16 MB 0.71 s)
IODDR0@0.0: RM 0: cluster  12: 22.70 MB/s (16 MB 0.70 s)
IODDR0@0.0: RM 0: cluster  13: 24.79 MB/s (16 MB 0.65 s)
IODDR0@0.0: RM 0: cluster  14: 31.46 MB/s (16 MB 0.51 s)
IODDR0@0.0: RM 0: cluster  15: 31.80 MB/s (16 MB 0.50 s)
IODDR1@0.0: RM 0: [RMEM] booting up server
IODDR1@0.0: RM 0: [RMEM] server alive
IODDR0@0.0: RM 0: [IODDR0] spawning kernels
IODDR0@0.0: RM 0: cluster   0: 84.33 MB/s (16 MB 0.19 s)
IODDR0@0.0: RM 0: cluster   1: 70.70 MB/s (16 MB 0.23 s)
IODDR0@0.0: RM 0: cluster   2: 47.49 MB/s (16 MB 0.34 s)
IODDR0@0.0: RM 0: cluster   3: 36.12 MB/s (16 MB 0.44 s)
IODDR0@0.0: RM 0: cluster   4: 35.62 MB/s (16 MB 0.45 s)
IODDR0@0.0: RM 0: cluster   5: 32.22 MB/s (16 MB 0.50 s)
IODDR0@0.0: RM 0: cluster   6: 31.76 MB/s (16 MB 0.50 s)
IODDR0@0.0: RM 0: cluster   7: 32.15 MB/s (16 MB 0.50 s)
IODDR0@0.0: RM 0: [IODDR0] waiting kernels
IODDR0@0.0: RM 0: cluster   8: 28.06 MB/s (16 MB 0.57 s)
IODDR0@0.0: RM 0: cluster   9: 27.68 MB/s (16 MB 0.58 s)
IODDR0@0.0: RM 0: cluster  10: 23.14 MB/s (16 MB 0.69 s)
IODDR0@0.0: RM 0: cluster  11: 22.43 MB/s (16 MB 0.71 s)
IODDR0@0.0: RM 0: cluster  12: 22.91 MB/s (16 MB 0.70 s)
IODDR0@0.0: RM 0: cluster  13: 23.13 MB/s (16 MB 0.69 s)
IODDR0@0.0: RM 0: cluster  14: 26.03 MB/s (16 MB 0.61 s)
IODDR0@0.0: RM 0: cluster  15: 30.24 MB/s (16 MB 0.53 s)
IODDR1@0.0: RM 0: [RMEM] booting up server
IODDR1@0.0: RM 0: [RMEM] server alive
IODDR0@0.0: RM 0: [IODDR0] spawning kernels
IODDR0@0.0: RM 0: cluster   0: 84.34 MB/s (16 MB 0.19 s)
IODDR0@0.0: RM 0: cluster   1: 61.01 MB/s (16 MB 0.26 s)
IODDR0@0.0: RM 0: cluster   2: 45.97 MB/s (16 MB 0.35 s)
IODDR0@0.0: RM 0: cluster   3: 45.41 MB/s (16 MB 0.35 s)
IODDR0@0.0: RM 0: cluster   4: 49.95 MB/s (16 MB 0.32 s)
IODDR0@0.0: RM 0: cluster   5: 51.27 MB/s (16 MB 0.31 s)
IODDR0@0.0: RM 0: cluster   6: 32.20 MB/s (16 MB 0.50 s)
IODDR0@0.0: RM 0: cluster   7: 31.32 MB/s (16 MB 0.51 s)
IODDR0@0.0: RM 0: cluster   8: 31.16 MB/s (16 MB 0.51 s)
IODDR0@0.0: RM 0: cluster   9: 31.40 MB/s (16 MB 0.51 s)
IODDR0@0.0: RM 0: [IODDR0] waiting kernels
IODDR0@0.0: RM 0: cluster  10: 30.23 MB/s (16 MB 0.53 s)
IODDR0@0.0: RM 0: cluster  11: 30.11 MB/s (16 MB 0.53 s)
IODDR0@0.0: RM 0: cluster  12: 28.53 MB/s (16 MB 0.56 s)
IODDR0@0.0: RM 0: cluster  13: 29.37 MB/s (16 MB 0.54 s)
IODDR0@0.0: RM 0: cluster  14: 29.78 MB/s (16 MB 0.54 s)
IODDR0@0.0: RM 0: cluster  15: 35.45 MB/s (16 MB 0.45 s)
IODDR1@0.0: RM 0: [RMEM] booting up server
IODDR1@0.0: RM 0: [RMEM] server alive
IODDR0@0.0: RM 0: [IODDR0] spawning kernels
IODDR0@0.0: RM 0: cluster   0: 71.76 MB/s (16 MB 0.22 s)
IODDR0@0.0: RM 0: cluster   1: 57.61 MB/s (16 MB 0.28 s)
IODDR0@0.0: RM 0: cluster   2: 59.81 MB/s (16 MB 0.27 s)
IODDR0@0.0: RM 0: cluster   3: 34.65 MB/s (16 MB 0.46 s)
IODDR0@0.0: RM 0: cluster   4: 33.78 MB/s (16 MB 0.47 s)
IODDR0@0.0: RM 0: cluster   5: 33.65 MB/s (16 MB 0.48 s)
IODDR0@0.0: RM 0: cluster   6: 29.36 MB/s (16 MB 0.54 s)
IODDR0@0.0: RM 0: cluster   7: 29.19 MB/s (16 MB 0.55 s)
IODDR0@0.0: RM 0: cluster   8: 28.16 MB/s (16 MB 0.57 s)
IODDR0@0.0: RM 0: [IODDR0] waiting kernels
IODDR0@0.0: RM 0: cluster   9: 23.91 MB/s (16 MB 0.67 s)
IODDR0@0.0: RM 0: cluster  10: 22.35 MB/s (16 MB 0.72 s)
IODDR0@0.0: RM 0: cluster  11: 22.35 MB/s (16 MB 0.72 s)
IODDR0@0.0: RM 0: cluster  12: 22.95 MB/s (16 MB 0.70 s)
IODDR0@0.0: RM 0: cluster  13: 26.50 MB/s (16 MB 0.60 s)
IODDR0@0.0: RM 0: cluster  14: 26.90 MB/s (16 MB 0.59 s)
IODDR0@0.0: RM 0: cluster  15: 31.69 MB/s (16 MB 0.50 s)
