IODDR1@0.0: RM 0: [RMEM] booting up server
IODDR1@0.0: RM 0: [RMEM] server alive
IODDR0@0.0: RM 0: [IODDR0] spawning kernels
IODDR0@0.0: RM 0: cluster   0: 84.34 MB/s (16 MB 0.19 s)
IODDR0@0.0: RM 0: cluster   1: 82.70 MB/s (16 MB 0.19 s)
IODDR0@0.0: RM 0: [IODDR0] waiting kernels
IODDR0@0.0: RM 0: cluster   3: 25.12 MB/s (16 MB 0.64 s)
IODDR0@0.0: RM 0: cluster   2: 24.47 MB/s (16 MB 0.65 s)
IODDR0@0.0: RM 0: cluster   4: 23.79 MB/s (16 MB 0.67 s)
IODDR0@0.0: RM 0: cluster   5: 23.80 MB/s (16 MB 0.67 s)
IODDR0@0.0: RM 0: cluster   6: 28.42 MB/s (16 MB 0.56 s)
IODDR0@0.0: RM 0: cluster   7: 28.71 MB/s (16 MB 0.56 s)
IODDR1@0.0: RM 0: [RMEM] booting up server
IODDR1@0.0: RM 0: [RMEM] server alive
IODDR0@0.0: RM 0: [IODDR0] spawning kernels
IODDR0@0.0: RM 0: cluster   0: 84.35 MB/s (16 MB 0.19 s)
IODDR0@0.0: RM 0: cluster   1: 82.70 MB/s (16 MB 0.19 s)
IODDR0@0.0: RM 0: [IODDR0] waiting kernels
IODDR0@0.0: RM 0: cluster   2: 33.01 MB/s (16 MB 0.48 s)
IODDR0@0.0: RM 0: cluster   3: 30.50 MB/s (16 MB 0.52 s)
IODDR0@0.0: RM 0: cluster   4: 29.63 MB/s (16 MB 0.54 s)
IODDR0@0.0: RM 0: cluster   5: 29.91 MB/s (16 MB 0.53 s)
IODDR0@0.0: RM 0: cluster   6: 30.09 MB/s (16 MB 0.53 s)
IODDR0@0.0: RM 0: cluster   7: 35.40 MB/s (16 MB 0.45 s)
IODDR1@0.0: RM 0: [RMEM] booting up server
IODDR1@0.0: RM 0: [RMEM] server alive
IODDR0@0.0: RM 0: [IODDR0] spawning kernels
IODDR0@0.0: RM 0: cluster   0: 84.34 MB/s (16 MB 0.19 s)
IODDR0@0.0: RM 0: [IODDR0] waiting kernels
IODDR0@0.0: RM 0: cluster   1: 53.10 MB/s (16 MB 0.30 s)
IODDR0@0.0: RM 0: cluster   2: 32.64 MB/s (16 MB 0.49 s)
IODDR0@0.0: RM 0: cluster   4: 31.28 MB/s (16 MB 0.51 s)
IODDR0@0.0: RM 0: cluster   3: 31.06 MB/s (16 MB 0.52 s)
IODDR0@0.0: RM 0: cluster   5: 33.61 MB/s (16 MB 0.48 s)
IODDR0@0.0: RM 0: cluster   6: 33.89 MB/s (16 MB 0.47 s)
IODDR0@0.0: RM 0: cluster   7: 34.31 MB/s (16 MB 0.47 s)
IODDR1@0.0: RM 0: [RMEM] booting up server
IODDR1@0.0: RM 0: [RMEM] server alive
IODDR0@0.0: RM 0: [IODDR0] spawning kernels
IODDR0@0.0: RM 0: cluster   0: 61.06 MB/s (16 MB 0.26 s)
IODDR0@0.0: RM 0: [IODDR0] waiting kernels
IODDR0@0.0: RM 0: [IODDR0] waiting kernels
IODDR0@0.0: RM 0: cluster   1: 45.55 MB/s (16 MB 0.35 s)
IODDR0@0.0: RM 0: cluster   2: 45.54 MB/s (16 MB 0.35 s)
IODDR0@0.0: RM 0: cluster   3: 54.52 MB/s (16 MB 0.29 s)
IODDR0@0.0: RM 0: cluster   4: 34.20 MB/s (16 MB 0.47 s)
IODDR0@0.0: RM 0: cluster   5: 33.56 MB/s (16 MB 0.48 s)
IODDR0@0.0: RM 0: cluster   6: 33.70 MB/s (16 MB 0.47 s)
IODDR0@0.0: RM 0: cluster   7: 39.53 MB/s (16 MB 0.40 s)
IODDR1@0.0: RM 0: [RMEM] booting up server
IODDR1@0.0: RM 0: [RMEM] server alive
IODDR0@0.0: RM 0: [IODDR0] spawning kernels
IODDR0@0.0: RM 0: cluster   0: 84.35 MB/s (16 MB 0.19 s)
IODDR0@0.0: RM 0: [IODDR0] waiting kernels
IODDR0@0.0: RM 0: cluster   1: 61.02 MB/s (16 MB 0.26 s)
IODDR0@0.0: RM 0: cluster   2: 46.01 MB/s (16 MB 0.35 s)
IODDR0@0.0: RM 0: cluster   3: 45.49 MB/s (16 MB 0.35 s)
IODDR0@0.0: RM 0: cluster   4: 41.86 MB/s (16 MB 0.38 s)
IODDR0@0.0: RM 0: cluster   5: 41.65 MB/s (16 MB 0.38 s)
IODDR0@0.0: RM 0: cluster   6: 41.97 MB/s (16 MB 0.38 s)
IODDR0@0.0: RM 0: cluster   7: 42.42 MB/s (16 MB 0.38 s)
IODDR1@0.0: RM 0: [RMEM] booting up server
IODDR1@0.0: RM 0: [RMEM] server alive
IODDR0@0.0: RM 0: [IODDR0] spawning kernels
IODDR0@0.0: RM 0: [IODDR0] waiting kernels
IODDR0@0.0: RM 0: cluster   0: 35.81 MB/s (16 MB 0.45 s)
IODDR0@0.0: RM 0: cluster   2: 33.97 MB/s (16 MB 0.47 s)
IODDR0@0.0: RM 0: cluster   1: 33.77 MB/s (16 MB 0.47 s)
IODDR0@0.0: RM 0: cluster   3: 37.72 MB/s (16 MB 0.42 s)
IODDR0@0.0: RM 0: cluster   5: 38.91 MB/s (16 MB 0.41 s)
IODDR0@0.0: RM 0: cluster   4: 35.17 MB/s (16 MB 0.45 s)
IODDR0@0.0: RM 0: cluster   6: 35.34 MB/s (16 MB 0.45 s)
IODDR0@0.0: RM 0: cluster   7: 35.71 MB/s (16 MB 0.45 s)
IODDR1@0.0: RM 0: [RMEM] booting up server
IODDR1@0.0: RM 0: [RMEM] server alive
IODDR0@0.0: RM 0: [IODDR0] spawning kernels
IODDR0@0.0: RM 0: cluster   0: 70.63 MB/s (16 MB 0.23 s)
IODDR0@0.0: RM 0: [IODDR0] waiting kernels
IODDR0@0.0: RM 0: [IODDR0] waiting kernels
IODDR0@0.0: RM 0: cluster   1: 54.66 MB/s (16 MB 0.29 s)
IODDR0@0.0: RM 0: cluster   2: 49.07 MB/s (16 MB 0.33 s)
IODDR0@0.0: RM 0: cluster   3: 44.83 MB/s (16 MB 0.36 s)
IODDR0@0.0: RM 0: cluster   4: 36.58 MB/s (16 MB 0.44 s)
IODDR0@0.0: RM 0: cluster   5: 35.69 MB/s (16 MB 0.45 s)
IODDR0@0.0: RM 0: cluster   6: 38.24 MB/s (16 MB 0.42 s)
IODDR0@0.0: RM 0: cluster   7: 38.99 MB/s (16 MB 0.41 s)
IODDR1@0.0: RM 0: [RMEM] booting up server
IODDR1@0.0: RM 0: [RMEM] server alive
IODDR0@0.0: RM 0: [IODDR0] spawning kernels
IODDR0@0.0: RM 0: cluster   0: 84.34 MB/s (16 MB 0.19 s)
IODDR0@0.0: RM 0: cluster   1: 82.68 MB/s (16 MB 0.19 s)
IODDR0@0.0: RM 0: [IODDR0] waiting kernels
IODDR0@0.0: RM 0: cluster   2: 36.94 MB/s (16 MB 0.43 s)
IODDR0@0.0: RM 0: cluster   3: 33.83 MB/s (16 MB 0.47 s)
IODDR0@0.0: RM 0: cluster   4: 32.74 MB/s (16 MB 0.49 s)
IODDR0@0.0: RM 0: cluster   5: 33.08 MB/s (16 MB 0.48 s)
IODDR0@0.0: RM 0: cluster   6: 36.71 MB/s (16 MB 0.44 s)
IODDR0@0.0: RM 0: cluster   7: 37.25 MB/s (16 MB 0.43 s)
IODDR1@0.0: RM 0: [RMEM] booting up server
IODDR1@0.0: RM 0: [RMEM] server alive
IODDR0@0.0: RM 0: [IODDR0] spawning kernels
IODDR0@0.0: RM 0: cluster   0: 84.33 MB/s (16 MB 0.19 s)
IODDR0@0.0: RM 0: cluster   2: 68.82 MB/s (16 MB 0.23 s)
IODDR0@0.0: RM 0: [IODDR0] waiting kernels
IODDR0@0.0: RM 0: [IODDR0] waiting kernels
IODDR0@0.0: RM 0: cluster   1: 64.38 MB/s (16 MB 0.25 s)
IODDR0@0.0: RM 0: cluster   3: 63.71 MB/s (16 MB 0.25 s)
IODDR0@0.0: RM 0: cluster   4: 49.07 MB/s (16 MB 0.33 s)
IODDR0@0.0: RM 0: cluster   5: 43.48 MB/s (16 MB 0.37 s)
IODDR0@0.0: RM 0: cluster   6: 43.60 MB/s (16 MB 0.37 s)
IODDR0@0.0: RM 0: cluster   7: 44.63 MB/s (16 MB 0.36 s)
IODDR1@0.0: RM 0: [RMEM] booting up server
IODDR1@0.0: RM 0: [RMEM] server alive
IODDR0@0.0: RM 0: [IODDR0] spawning kernels
IODDR0@0.0: RM 0: cluster   0: 70.67 MB/s (16 MB 0.23 s)
IODDR0@0.0: RM 0: cluster   1: 68.63 MB/s (16 MB 0.23 s)
IODDR0@0.0: RM 0: [IODDR0] waiting kernels
IODDR0@0.0: RM 0: cluster   2: 52.06 MB/s (16 MB 0.31 s)
IODDR0@0.0: RM 0: cluster   3: 30.86 MB/s (16 MB 0.52 s)
IODDR0@0.0: RM 0: cluster   4: 30.19 MB/s (16 MB 0.53 s)
IODDR0@0.0: RM 0: cluster   5: 30.20 MB/s (16 MB 0.53 s)
IODDR0@0.0: RM 0: cluster   6: 35.93 MB/s (16 MB 0.45 s)
IODDR0@0.0: RM 0: cluster   7: 36.32 MB/s (16 MB 0.44 s)
