IODDR1@0.0: RM 0: [RMEM] booting up server
IODDR1@0.0: RM 0: [RMEM] server alive
IODDR0@0.0: RM 0: [IODDR0] spawning kernels
IODDR0@0.0: RM 0: cluster   0: 78.32 MB/s (16 MB 0.20 s)
IODDR0@0.0: RM 0: cluster   1: 71.46 MB/s (16 MB 0.22 s)
IODDR0@0.0: RM 0: cluster   2: 76.24 MB/s (16 MB 0.21 s)
IODDR0@0.0: RM 0: cluster   3: 41.30 MB/s (16 MB 0.39 s)
IODDR0@0.0: RM 0: cluster   4: 39.93 MB/s (16 MB 0.40 s)
IODDR0@0.0: RM 0: cluster   5: 39.89 MB/s (16 MB 0.40 s)
IODDR0@0.0: RM 0: cluster   6: 46.30 MB/s (16 MB 0.35 s)
IODDR0@0.0: RM 0: cluster   7: 61.16 MB/s (16 MB 0.26 s)
IODDR0@0.0: RM 0: [IODDR0] waiting kernels
IODDR0@0.0: RM 0: cluster   8: 34.87 MB/s (16 MB 0.46 s)
IODDR0@0.0: RM 0: cluster   9: 33.71 MB/s (16 MB 0.47 s)
IODDR0@0.0: RM 0: cluster  10: 33.64 MB/s (16 MB 0.48 s)
IODDR0@0.0: RM 0: cluster  11: 34.42 MB/s (16 MB 0.46 s)
IODDR0@0.0: RM 0: cluster  12: 41.45 MB/s (16 MB 0.39 s)
IODDR1@0.0: RM 0: [RMEM] booting up server
IODDR1@0.0: RM 0: [RMEM] server alive
IODDR0@0.0: RM 0: [IODDR0] spawning kernels
IODDR0@0.0: RM 0: cluster   0: 84.32 MB/s (16 MB 0.19 s)
IODDR0@0.0: RM 0: cluster   1: 77.58 MB/s (16 MB 0.21 s)
IODDR0@0.0: RM 0: cluster   2: 57.29 MB/s (16 MB 0.28 s)
IODDR0@0.0: RM 0: cluster   3: 45.74 MB/s (16 MB 0.35 s)
IODDR0@0.0: RM 0: cluster   4: 45.70 MB/s (16 MB 0.35 s)
IODDR0@0.0: RM 0: cluster   5: 53.70 MB/s (16 MB 0.30 s)
IODDR0@0.0: RM 0: [IODDR0] waiting kernels
IODDR0@0.0: RM 0: cluster   6: 40.94 MB/s (16 MB 0.39 s)
IODDR0@0.0: RM 0: cluster   7: 38.60 MB/s (16 MB 0.41 s)
IODDR0@0.0: RM 0: cluster   8: 37.89 MB/s (16 MB 0.42 s)
IODDR0@0.0: RM 0: cluster   9: 38.20 MB/s (16 MB 0.42 s)
IODDR0@0.0: RM 0: cluster  10: 43.84 MB/s (16 MB 0.36 s)
IODDR0@0.0: RM 0: cluster  11: 47.30 MB/s (16 MB 0.34 s)
IODDR0@0.0: RM 0: cluster  12: 47.82 MB/s (16 MB 0.33 s)
IODDR1@0.0: RM 0: [RMEM] booting up server
IODDR1@0.0: RM 0: [RMEM] server alive
IODDR0@0.0: RM 0: [IODDR0] spawning kernels
IODDR0@0.0: RM 0: cluster   0: 84.34 MB/s (16 MB 0.19 s)
IODDR0@0.0: RM 0: cluster   2: 50.11 MB/s (16 MB 0.32 s)
IODDR0@0.0: RM 0: cluster   1: 48.16 MB/s (16 MB 0.33 s)
IODDR0@0.0: RM 0: cluster   3: 48.05 MB/s (16 MB 0.33 s)
IODDR0@0.0: RM 0: cluster   4: 49.02 MB/s (16 MB 0.33 s)
IODDR0@0.0: RM 0: [IODDR0] waiting kernels
IODDR0@0.0: RM 0: [IODDR0] waiting kernels
IODDR0@0.0: RM 0: cluster   5: 47.18 MB/s (16 MB 0.34 s)
IODDR0@0.0: RM 0: cluster   6: 44.21 MB/s (16 MB 0.36 s)
IODDR0@0.0: RM 0: cluster   7: 36.81 MB/s (16 MB 0.43 s)
IODDR0@0.0: RM 0: cluster   8: 36.78 MB/s (16 MB 0.44 s)
IODDR0@0.0: RM 0: cluster   9: 42.07 MB/s (16 MB 0.38 s)
IODDR0@0.0: RM 0: cluster  10: 45.52 MB/s (16 MB 0.35 s)
IODDR0@0.0: RM 0: cluster  11: 49.85 MB/s (16 MB 0.32 s)
IODDR0@0.0: RM 0: cluster  12: 51.00 MB/s (16 MB 0.31 s)
IODDR1@0.0: RM 0: [RMEM] booting up server
IODDR1@0.0: RM 0: [RMEM] server alive
IODDR0@0.0: RM 0: [IODDR0] spawning kernels
IODDR0@0.0: RM 0: cluster   0: 84.34 MB/s (16 MB 0.19 s)
IODDR0@0.0: RM 0: cluster   1: 40.93 MB/s (16 MB 0.39 s)
IODDR0@0.0: RM 0: cluster   2: 37.98 MB/s (16 MB 0.42 s)
IODDR0@0.0: RM 0: cluster   3: 37.24 MB/s (16 MB 0.43 s)
IODDR0@0.0: RM 0: cluster   5: 34.89 MB/s (16 MB 0.46 s)
IODDR0@0.0: RM 0: cluster   4: 35.01 MB/s (16 MB 0.46 s)
IODDR0@0.0: RM 0: [IODDR0] waiting kernels
IODDR0@0.0: RM 0: [IODDR0] waiting kernels
IODDR0@0.0: RM 0: cluster   6: 38.68 MB/s (16 MB 0.41 s)
IODDR0@0.0: RM 0: cluster   7: 37.82 MB/s (16 MB 0.42 s)
IODDR0@0.0: RM 0: cluster   8: 39.08 MB/s (16 MB 0.41 s)
IODDR0@0.0: RM 0: cluster   9: 38.29 MB/s (16 MB 0.42 s)
IODDR0@0.0: RM 0: cluster  10: 39.44 MB/s (16 MB 0.41 s)
IODDR0@0.0: RM 0: cluster  11: 51.50 MB/s (16 MB 0.31 s)
IODDR0@0.0: RM 0: cluster  12: 53.10 MB/s (16 MB 0.30 s)
IODDR1@0.0: RM 0: [RMEM] booting up server
IODDR1@0.0: RM 0: [RMEM] server alive
IODDR0@0.0: RM 0: [IODDR0] spawning kernels
IODDR0@0.0: RM 0: cluster   0: 77.78 MB/s (16 MB 0.21 s)
IODDR0@0.0: RM 0: cluster   1: 70.95 MB/s (16 MB 0.23 s)
IODDR0@0.0: RM 0: cluster   2: 69.50 MB/s (16 MB 0.23 s)
IODDR0@0.0: RM 0: cluster   3: 45.47 MB/s (16 MB 0.35 s)
IODDR0@0.0: RM 0: cluster   4: 34.27 MB/s (16 MB 0.47 s)
IODDR0@0.0: RM 0: cluster   5: 33.71 MB/s (16 MB 0.47 s)
IODDR0@0.0: RM 0: cluster   6: 34.01 MB/s (16 MB 0.47 s)
IODDR0@0.0: RM 0: cluster   7: 39.43 MB/s (16 MB 0.41 s)
IODDR0@0.0: RM 0: [IODDR0] waiting kernels
IODDR0@0.0: RM 0: cluster   8: 46.82 MB/s (16 MB 0.34 s)
IODDR0@0.0: RM 0: cluster   9: 34.01 MB/s (16 MB 0.47 s)
IODDR0@0.0: RM 0: cluster  10: 33.40 MB/s (16 MB 0.48 s)
IODDR0@0.0: RM 0: cluster  11: 33.76 MB/s (16 MB 0.47 s)
IODDR0@0.0: RM 0: cluster  12: 40.51 MB/s (16 MB 0.39 s)
IODDR1@0.0: RM 0: [RMEM] booting up server
IODDR1@0.0: RM 0: [RMEM] server alive
IODDR0@0.0: RM 0: [IODDR0] spawning kernels
IODDR0@0.0: RM 0: cluster   0: 78.35 MB/s (16 MB 0.20 s)
IODDR0@0.0: RM 0: cluster   1: 71.51 MB/s (16 MB 0.22 s)
IODDR0@0.0: RM 0: cluster   2: 76.29 MB/s (16 MB 0.21 s)
IODDR0@0.0: RM 0: cluster   3: 41.31 MB/s (16 MB 0.39 s)
IODDR0@0.0: RM 0: cluster   4: 39.95 MB/s (16 MB 0.40 s)
IODDR0@0.0: RM 0: cluster   5: 39.91 MB/s (16 MB 0.40 s)
IODDR0@0.0: RM 0: cluster   6: 46.36 MB/s (16 MB 0.35 s)
IODDR0@0.0: RM 0: cluster   7: 62.77 MB/s (16 MB 0.25 s)
IODDR0@0.0: RM 0: [IODDR0] waiting kernels
IODDR0@0.0: RM 0: cluster   9: 34.47 MB/s (16 MB 0.46 s)
IODDR0@0.0: RM 0: cluster   8: 33.91 MB/s (16 MB 0.47 s)
IODDR0@0.0: RM 0: cluster  10: 33.84 MB/s (16 MB 0.47 s)
IODDR0@0.0: RM 0: cluster  11: 34.24 MB/s (16 MB 0.47 s)
IODDR0@0.0: RM 0: cluster  12: 41.20 MB/s (16 MB 0.39 s)
IODDR1@0.0: RM 0: [RMEM] booting up server
IODDR1@0.0: RM 0: [RMEM] server alive
IODDR0@0.0: RM 0: [IODDR0] spawning kernels
IODDR0@0.0: RM 0: cluster   0: 84.33 MB/s (16 MB 0.19 s)
IODDR0@0.0: RM 0: cluster   1: 78.15 MB/s (16 MB 0.20 s)
IODDR0@0.0: RM 0: cluster   2: 58.48 MB/s (16 MB 0.27 s)
IODDR0@0.0: RM 0: cluster   3: 42.44 MB/s (16 MB 0.38 s)
IODDR0@0.0: RM 0: cluster   4: 41.55 MB/s (16 MB 0.39 s)
IODDR0@0.0: RM 0: cluster   5: 46.32 MB/s (16 MB 0.35 s)
IODDR0@0.0: RM 0: cluster   6: 47.64 MB/s (16 MB 0.34 s)
IODDR0@0.0: RM 0: [IODDR0] waiting kernels
IODDR0@0.0: RM 0: cluster   7: 45.62 MB/s (16 MB 0.35 s)
IODDR0@0.0: RM 0: cluster   8: 44.63 MB/s (16 MB 0.36 s)
IODDR0@0.0: RM 0: cluster   9: 48.76 MB/s (16 MB 0.33 s)
IODDR0@0.0: RM 0: cluster  10: 54.39 MB/s (16 MB 0.29 s)
IODDR0@0.0: RM 0: cluster  11: 61.71 MB/s (16 MB 0.26 s)
IODDR0@0.0: RM 0: cluster  12: 62.38 MB/s (16 MB 0.26 s)
IODDR1@0.0: RM 0: [RMEM] booting up server
IODDR1@0.0: RM 0: [RMEM] server alive
IODDR0@0.0: RM 0: [IODDR0] spawning kernels
IODDR0@0.0: RM 0: cluster   0: 78.38 MB/s (16 MB 0.20 s)
IODDR0@0.0: RM 0: cluster   1: 71.04 MB/s (16 MB 0.23 s)
IODDR0@0.0: RM 0: cluster   2: 69.58 MB/s (16 MB 0.23 s)
IODDR0@0.0: RM 0: cluster   3: 76.22 MB/s (16 MB 0.21 s)
IODDR0@0.0: RM 0: [IODDR0] waiting kernels
IODDR0@0.0: RM 0: [IODDR0] waiting kernels
IODDR0@0.0: RM 0: cluster   4: 39.70 MB/s (16 MB 0.40 s)
IODDR0@0.0: RM 0: cluster   5: 38.57 MB/s (16 MB 0.41 s)
IODDR0@0.0: RM 0: cluster   6: 37.82 MB/s (16 MB 0.42 s)
IODDR0@0.0: RM 0: cluster   7: 40.58 MB/s (16 MB 0.39 s)
IODDR0@0.0: RM 0: cluster   8: 52.19 MB/s (16 MB 0.31 s)
IODDR0@0.0: RM 0: cluster   9: 51.77 MB/s (16 MB 0.31 s)
IODDR0@0.0: RM 0: cluster  10: 46.46 MB/s (16 MB 0.34 s)
IODDR0@0.0: RM 0: cluster  11: 49.43 MB/s (16 MB 0.32 s)
IODDR0@0.0: RM 0: cluster  12: 51.11 MB/s (16 MB 0.31 s)
IODDR1@0.0: RM 0: [RMEM] booting up server
IODDR1@0.0: RM 0: [RMEM] server alive
IODDR0@0.0: RM 0: [IODDR0] spawning kernels
IODDR0@0.0: RM 0: cluster   0: 70.09 MB/s (16 MB 0.23 s)
IODDR0@0.0: RM 0: cluster   1: 69.52 MB/s (16 MB 0.23 s)
IODDR0@0.0: RM 0: cluster   2: 65.37 MB/s (16 MB 0.24 s)
IODDR0@0.0: RM 0: cluster   3: 36.32 MB/s (16 MB 0.44 s)
IODDR0@0.0: RM 0: cluster   4: 35.66 MB/s (16 MB 0.45 s)
IODDR0@0.0: RM 0: cluster   5: 34.90 MB/s (16 MB 0.46 s)
IODDR0@0.0: RM 0: cluster   6: 35.10 MB/s (16 MB 0.46 s)
IODDR0@0.0: RM 0: cluster   7: 41.23 MB/s (16 MB 0.39 s)
IODDR0@0.0: RM 0: [IODDR0] waiting kernels
IODDR0@0.0: RM 0: cluster   9: 48.26 MB/s (16 MB 0.33 s)
IODDR0@0.0: RM 0: cluster   8: 34.16 MB/s (16 MB 0.47 s)
IODDR0@0.0: RM 0: cluster  10: 33.54 MB/s (16 MB 0.48 s)
IODDR0@0.0: RM 0: cluster  11: 33.89 MB/s (16 MB 0.47 s)
IODDR0@0.0: RM 0: cluster  12: 40.70 MB/s (16 MB 0.39 s)
IODDR1@0.0: RM 0: [RMEM] booting up server
IODDR1@0.0: RM 0: [RMEM] server alive
IODDR0@0.0: RM 0: [IODDR0] spawning kernels
IODDR0@0.0: RM 0: cluster   0: 84.31 MB/s (16 MB 0.19 s)
IODDR0@0.0: RM 0: cluster   1: 55.51 MB/s (16 MB 0.29 s)
IODDR0@0.0: RM 0: cluster   2: 54.30 MB/s (16 MB 0.29 s)
IODDR0@0.0: RM 0: cluster   3: 45.47 MB/s (16 MB 0.35 s)
IODDR0@0.0: RM 0: cluster   4: 45.23 MB/s (16 MB 0.35 s)
IODDR0@0.0: RM 0: [IODDR0] waiting kernels
IODDR0@0.0: RM 0: [IODDR0] waiting kernels
IODDR0@0.0: RM 0: cluster   5: 38.02 MB/s (16 MB 0.42 s)
IODDR0@0.0: RM 0: cluster   6: 37.52 MB/s (16 MB 0.43 s)
IODDR0@0.0: RM 0: cluster   7: 38.67 MB/s (16 MB 0.41 s)
IODDR0@0.0: RM 0: cluster   8: 38.62 MB/s (16 MB 0.41 s)
IODDR0@0.0: RM 0: cluster   9: 46.33 MB/s (16 MB 0.35 s)
IODDR0@0.0: RM 0: cluster  10: 49.56 MB/s (16 MB 0.32 s)
IODDR0@0.0: RM 0: cluster  11: 52.76 MB/s (16 MB 0.30 s)
IODDR0@0.0: RM 0: cluster  12: 53.29 MB/s (16 MB 0.30 s)
