IODDR1@0.0: RM 0: [RMEM] booting up server
IODDR1@0.0: RM 0: [RMEM] server alive
IODDR0@0.0: RM 0: [IODDR0] spawning kernels
IODDR0@0.0: RM 0: [IODDR0] waiting kernels
IODDR0@0.0: RM 0: [IODDR0] waiting kernels
IODDR0@0.0: RM 0: cluster   0: 80.47 MB/s (16 MB 0.20 s)
IODDR0@0.0: RM 0: cluster   1: 78.27 MB/s (16 MB 0.20 s)
IODDR0@0.0: RM 0: cluster   2: 78.20 MB/s (16 MB 0.20 s)
IODDR0@0.0: RM 0: cluster   3: 66.43 MB/s (16 MB 0.24 s)
IODDR0@0.0: RM 0: cluster   4: 65.76 MB/s (16 MB 0.24 s)
IODDR0@0.0: RM 0: cluster   5: 66.05 MB/s (16 MB 0.24 s)
IODDR1@0.0: RM 0: [RMEM] booting up server
IODDR1@0.0: RM 0: [RMEM] server alive
IODDR0@0.0: RM 0: [IODDR0] spawning kernels
IODDR0@0.0: RM 0: [IODDR0] waiting kernels
IODDR0@0.0: RM 0: [IODDR0] waiting kernels
IODDR0@0.0: RM 0: cluster   0: 80.70 MB/s (16 MB 0.20 s)
IODDR0@0.0: RM 0: cluster   1: 78.06 MB/s (16 MB 0.20 s)
IODDR0@0.0: RM 0: cluster   2: 77.99 MB/s (16 MB 0.21 s)
IODDR0@0.0: RM 0: cluster   3: 66.97 MB/s (16 MB 0.24 s)
IODDR0@0.0: RM 0: cluster   4: 65.98 MB/s (16 MB 0.24 s)
IODDR0@0.0: RM 0: cluster   5: 66.14 MB/s (16 MB 0.24 s)
IODDR1@0.0: RM 0: [RMEM] booting up server
IODDR1@0.0: RM 0: [RMEM] server alive
IODDR0@0.0: RM 0: [IODDR0] spawning kernels
IODDR0@0.0: RM 0: [IODDR0] waiting kernels
IODDR0@0.0: RM 0: cluster   0: 65.87 MB/s (16 MB 0.24 s)
IODDR0@0.0: RM 0: cluster   1: 63.62 MB/s (16 MB 0.25 s)
IODDR0@0.0: RM 0: cluster   2: 58.05 MB/s (16 MB 0.28 s)
IODDR0@0.0: RM 0: cluster   3: 57.82 MB/s (16 MB 0.28 s)
IODDR0@0.0: RM 0: cluster   4: 59.41 MB/s (16 MB 0.27 s)
IODDR0@0.0: RM 0: cluster   5: 60.78 MB/s (16 MB 0.26 s)
IODDR1@0.0: RM 0: [RMEM] booting up server
IODDR1@0.0: RM 0: [RMEM] server alive
IODDR0@0.0: RM 0: [IODDR0] spawning kernels
IODDR0@0.0: RM 0: [IODDR0] waiting kernels
IODDR0@0.0: RM 0: cluster   0: 64.44 MB/s (16 MB 0.25 s)
IODDR0@0.0: RM 0: cluster   2: 62.14 MB/s (16 MB 0.26 s)
IODDR0@0.0: RM 0: cluster   1: 56.43 MB/s (16 MB 0.28 s)
IODDR0@0.0: RM 0: cluster   3: 56.39 MB/s (16 MB 0.28 s)
IODDR0@0.0: RM 0: cluster   4: 58.61 MB/s (16 MB 0.27 s)
IODDR0@0.0: RM 0: cluster   5: 59.26 MB/s (16 MB 0.27 s)
IODDR1@0.0: RM 0: [RMEM] booting up server
IODDR1@0.0: RM 0: [RMEM] server alive
IODDR0@0.0: RM 0: [IODDR0] spawning kernels
IODDR0@0.0: RM 0: cluster   0: 82.81 MB/s (16 MB 0.19 s)
IODDR0@0.0: RM 0: [IODDR0] waiting kernels
IODDR0@0.0: RM 0: [IODDR0] waiting kernels
IODDR0@0.0: RM 0: cluster   1: 80.42 MB/s (16 MB 0.20 s)
IODDR0@0.0: RM 0: cluster   2: 78.17 MB/s (16 MB 0.20 s)
IODDR0@0.0: RM 0: cluster   3: 66.45 MB/s (16 MB 0.24 s)
IODDR0@0.0: RM 0: cluster   4: 65.79 MB/s (16 MB 0.24 s)
IODDR0@0.0: RM 0: cluster   5: 66.08 MB/s (16 MB 0.24 s)
IODDR1@0.0: RM 0: [RMEM] booting up server
IODDR1@0.0: RM 0: [RMEM] server alive
IODDR0@0.0: RM 0: [IODDR0] spawning kernels
IODDR0@0.0: RM 0: [IODDR0] waiting kernels
IODDR0@0.0: RM 0: [IODDR0] waiting kernels
IODDR0@0.0: RM 0: cluster   0: 80.68 MB/s (16 MB 0.20 s)
IODDR0@0.0: RM 0: cluster   1: 78.31 MB/s (16 MB 0.20 s)
IODDR0@0.0: RM 0: cluster   2: 80.31 MB/s (16 MB 0.20 s)
IODDR0@0.0: RM 0: cluster   3: 54.39 MB/s (16 MB 0.29 s)
IODDR0@0.0: RM 0: cluster   4: 54.20 MB/s (16 MB 0.30 s)
IODDR0@0.0: RM 0: cluster   5: 54.37 MB/s (16 MB 0.29 s)
IODDR1@0.0: RM 0: [RMEM] booting up server
IODDR1@0.0: RM 0: [RMEM] server alive
IODDR0@0.0: RM 0: [IODDR0] spawning kernels
IODDR0@0.0: RM 0: [IODDR0] waiting kernels
IODDR0@0.0: RM 0: cluster   0: 68.86 MB/s (16 MB 0.23 s)
IODDR0@0.0: RM 0: cluster   1: 66.40 MB/s (16 MB 0.24 s)
IODDR0@0.0: RM 0: cluster   2: 66.43 MB/s (16 MB 0.24 s)
IODDR0@0.0: RM 0: cluster   3: 67.43 MB/s (16 MB 0.24 s)
IODDR0@0.0: RM 0: cluster   4: 65.45 MB/s (16 MB 0.24 s)
IODDR0@0.0: RM 0: cluster   5: 65.75 MB/s (16 MB 0.24 s)
IODDR1@0.0: RM 0: [RMEM] booting up server
IODDR1@0.0: RM 0: [RMEM] server alive
IODDR0@0.0: RM 0: [IODDR0] spawning kernels
IODDR0@0.0: RM 0: cluster   0: 82.81 MB/s (16 MB 0.19 s)
IODDR0@0.0: RM 0: [IODDR0] waiting kernels
IODDR0@0.0: RM 0: [IODDR0] waiting kernels
IODDR0@0.0: RM 0: cluster   1: 80.43 MB/s (16 MB 0.20 s)
IODDR0@0.0: RM 0: cluster   2: 66.65 MB/s (16 MB 0.24 s)
IODDR0@0.0: RM 0: cluster   3: 53.19 MB/s (16 MB 0.30 s)
IODDR0@0.0: RM 0: cluster   4: 53.17 MB/s (16 MB 0.30 s)
IODDR0@0.0: RM 0: cluster   5: 61.40 MB/s (16 MB 0.26 s)
IODDR1@0.0: RM 0: [RMEM] booting up server
IODDR1@0.0: RM 0: [RMEM] server alive
IODDR0@0.0: RM 0: [IODDR0] spawning kernels
IODDR0@0.0: RM 0: [IODDR0] waiting kernels
IODDR0@0.0: RM 0: cluster   0: 59.94 MB/s (16 MB 0.27 s)
IODDR0@0.0: RM 0: cluster   2: 39.54 MB/s (16 MB 0.40 s)
IODDR0@0.0: RM 0: cluster   1: 38.77 MB/s (16 MB 0.41 s)
IODDR0@0.0: RM 0: cluster   3: 38.77 MB/s (16 MB 0.41 s)
IODDR0@0.0: RM 0: cluster   4: 49.86 MB/s (16 MB 0.32 s)
IODDR0@0.0: RM 0: cluster   5: 50.56 MB/s (16 MB 0.32 s)
IODDR1@0.0: RM 0: [RMEM] booting up server
IODDR1@0.0: RM 0: [RMEM] server alive
IODDR0@0.0: RM 0: [IODDR0] spawning kernels
IODDR0@0.0: RM 0: cluster   0: 82.82 MB/s (16 MB 0.19 s)
IODDR0@0.0: RM 0: [IODDR0] waiting kernels
IODDR0@0.0: RM 0: cluster   1: 60.87 MB/s (16 MB 0.26 s)
IODDR0@0.0: RM 0: cluster   2: 40.21 MB/s (16 MB 0.40 s)
IODDR0@0.0: RM 0: cluster   3: 39.40 MB/s (16 MB 0.41 s)
IODDR0@0.0: RM 0: cluster   4: 39.65 MB/s (16 MB 0.40 s)
IODDR0@0.0: RM 0: cluster   5: 46.49 MB/s (16 MB 0.34 s)
