IODDR1@0.0: RM 0: [RMEM] booting up server
IODDR1@0.0: RM 0: [RMEM] server alive
IODDR0@0.0: RM 0: [IODDR0] spawning kernels
IODDR0@0.0: RM 0: cluster   0: 84.54 MB/s (16 MB 0.19 s)
IODDR0@0.0: RM 0: cluster   2: 58.41 MB/s (16 MB 0.27 s)
IODDR0@0.0: RM 0: cluster   1: 37.97 MB/s (16 MB 0.42 s)
IODDR0@0.0: RM 0: cluster   3: 36.59 MB/s (16 MB 0.44 s)
IODDR0@0.0: RM 0: cluster   4: 36.56 MB/s (16 MB 0.44 s)
IODDR0@0.0: RM 0: [IODDR0] waiting kernels
IODDR0@0.0: RM 0: [IODDR0] waiting kernels
IODDR0@0.0: RM 0: cluster   5: 38.18 MB/s (16 MB 0.42 s)
IODDR0@0.0: RM 0: cluster   6: 37.96 MB/s (16 MB 0.42 s)
IODDR0@0.0: RM 0: cluster   7: 38.16 MB/s (16 MB 0.42 s)
IODDR0@0.0: RM 0: cluster   8: 35.73 MB/s (16 MB 0.45 s)
IODDR0@0.0: RM 0: cluster   9: 35.71 MB/s (16 MB 0.45 s)
IODDR0@0.0: RM 0: cluster  10: 40.03 MB/s (16 MB 0.40 s)
IODDR0@0.0: RM 0: cluster  11: 45.62 MB/s (16 MB 0.35 s)
IODDR0@0.0: RM 0: cluster  12: 46.21 MB/s (16 MB 0.35 s)
IODDR1@0.0: RM 0: [RMEM] booting up server
IODDR1@0.0: RM 0: [RMEM] server alive
IODDR0@0.0: RM 0: [IODDR0] spawning kernels
IODDR0@0.0: RM 0: cluster   0: 66.05 MB/s (16 MB 0.24 s)
IODDR0@0.0: RM 0: cluster   1: 56.71 MB/s (16 MB 0.28 s)
IODDR0@0.0: RM 0: cluster   2: 56.66 MB/s (16 MB 0.28 s)
IODDR0@0.0: RM 0: cluster   3: 75.43 MB/s (16 MB 0.21 s)
IODDR0@0.0: RM 0: [IODDR0] waiting kernels
IODDR0@0.0: RM 0: [IODDR0] waiting kernels
IODDR0@0.0: RM 0: cluster   4: 38.65 MB/s (16 MB 0.41 s)
IODDR0@0.0: RM 0: cluster   6: 35.68 MB/s (16 MB 0.45 s)
IODDR0@0.0: RM 0: cluster   5: 35.37 MB/s (16 MB 0.45 s)
IODDR0@0.0: RM 0: cluster   7: 35.27 MB/s (16 MB 0.45 s)
IODDR0@0.0: RM 0: cluster   8: 37.88 MB/s (16 MB 0.42 s)
IODDR0@0.0: RM 0: cluster   9: 40.39 MB/s (16 MB 0.40 s)
IODDR0@0.0: RM 0: cluster  10: 40.36 MB/s (16 MB 0.40 s)
IODDR0@0.0: RM 0: cluster  11: 49.40 MB/s (16 MB 0.32 s)
IODDR0@0.0: RM 0: cluster  12: 50.50 MB/s (16 MB 0.32 s)
IODDR1@0.0: RM 0: [RMEM] booting up server
IODDR1@0.0: RM 0: [RMEM] server alive
IODDR0@0.0: RM 0: [IODDR0] spawning kernels
IODDR0@0.0: RM 0: cluster   0: 78.55 MB/s (16 MB 0.20 s)
IODDR0@0.0: RM 0: cluster   1: 71.58 MB/s (16 MB 0.22 s)
IODDR0@0.0: RM 0: cluster   2: 76.43 MB/s (16 MB 0.21 s)
IODDR0@0.0: RM 0: cluster   3: 42.55 MB/s (16 MB 0.38 s)
IODDR0@0.0: RM 0: cluster   4: 40.10 MB/s (16 MB 0.40 s)
IODDR0@0.0: RM 0: cluster   5: 39.30 MB/s (16 MB 0.41 s)
IODDR0@0.0: RM 0: [IODDR0] waiting kernels
IODDR0@0.0: RM 0: [IODDR0] waiting kernels
IODDR0@0.0: RM 0: cluster   6: 41.25 MB/s (16 MB 0.39 s)
IODDR0@0.0: RM 0: cluster   7: 41.22 MB/s (16 MB 0.39 s)
IODDR0@0.0: RM 0: cluster   8: 38.97 MB/s (16 MB 0.41 s)
IODDR0@0.0: RM 0: cluster   9: 35.48 MB/s (16 MB 0.45 s)
IODDR0@0.0: RM 0: cluster  10: 35.79 MB/s (16 MB 0.45 s)
IODDR0@0.0: RM 0: cluster  11: 40.24 MB/s (16 MB 0.40 s)
IODDR0@0.0: RM 0: cluster  12: 48.77 MB/s (16 MB 0.33 s)
IODDR1@0.0: RM 0: [RMEM] booting up server
IODDR1@0.0: RM 0: [RMEM] server alive
IODDR0@0.0: RM 0: [IODDR0] spawning kernels
IODDR0@0.0: RM 0: cluster   0: 66.06 MB/s (16 MB 0.24 s)
IODDR0@0.0: RM 0: cluster   1: 56.71 MB/s (16 MB 0.28 s)
IODDR0@0.0: RM 0: cluster   2: 56.65 MB/s (16 MB 0.28 s)
IODDR0@0.0: RM 0: cluster   3: 75.43 MB/s (16 MB 0.21 s)
IODDR0@0.0: RM 0: cluster   4: 48.80 MB/s (16 MB 0.33 s)
IODDR0@0.0: RM 0: cluster   6: 44.17 MB/s (16 MB 0.36 s)
IODDR0@0.0: RM 0: cluster   5: 38.20 MB/s (16 MB 0.42 s)
IODDR0@0.0: RM 0: cluster   7: 38.91 MB/s (16 MB 0.41 s)
IODDR0@0.0: RM 0: cluster   8: 47.89 MB/s (16 MB 0.33 s)
IODDR0@0.0: RM 0: [IODDR0] waiting kernels
IODDR0@0.0: RM 0: cluster   9: 40.99 MB/s (16 MB 0.39 s)
IODDR0@0.0: RM 0: cluster  10: 39.65 MB/s (16 MB 0.40 s)
IODDR0@0.0: RM 0: cluster  11: 39.63 MB/s (16 MB 0.40 s)
IODDR0@0.0: RM 0: cluster  12: 46.20 MB/s (16 MB 0.35 s)
IODDR1@0.0: RM 0: [RMEM] booting up server
IODDR1@0.0: RM 0: [RMEM] server alive
IODDR0@0.0: RM 0: [IODDR0] spawning kernels
IODDR0@0.0: RM 0: cluster   0: 84.54 MB/s (16 MB 0.19 s)
IODDR0@0.0: RM 0: cluster   1: 69.53 MB/s (16 MB 0.23 s)
IODDR0@0.0: RM 0: cluster   2: 69.29 MB/s (16 MB 0.23 s)
IODDR0@0.0: RM 0: cluster   3: 69.37 MB/s (16 MB 0.23 s)
IODDR0@0.0: RM 0: cluster   4: 69.56 MB/s (16 MB 0.23 s)
IODDR0@0.0: RM 0: [IODDR0] waiting kernels
IODDR0@0.0: RM 0: [IODDR0] waiting kernels
IODDR0@0.0: RM 0: cluster   5: 57.76 MB/s (16 MB 0.28 s)
IODDR0@0.0: RM 0: cluster   6: 57.02 MB/s (16 MB 0.28 s)
IODDR0@0.0: RM 0: cluster   7: 60.72 MB/s (16 MB 0.26 s)
IODDR0@0.0: RM 0: cluster   8: 72.05 MB/s (16 MB 0.22 s)
IODDR0@0.0: RM 0: cluster   9: 74.25 MB/s (16 MB 0.22 s)
IODDR0@0.0: RM 0: cluster  10: 46.72 MB/s (16 MB 0.34 s)
IODDR0@0.0: RM 0: cluster  11: 46.24 MB/s (16 MB 0.35 s)
IODDR0@0.0: RM 0: cluster  12: 46.41 MB/s (16 MB 0.34 s)
IODDR1@0.0: RM 0: [RMEM] booting up server
IODDR1@0.0: RM 0: [RMEM] server alive
IODDR0@0.0: RM 0: [IODDR0] spawning kernels
IODDR0@0.0: RM 0: cluster   0: 78.48 MB/s (16 MB 0.20 s)
IODDR0@0.0: RM 0: cluster   1: 58.18 MB/s (16 MB 0.28 s)
IODDR0@0.0: RM 0: cluster   2: 50.83 MB/s (16 MB 0.31 s)
IODDR0@0.0: RM 0: cluster   3: 49.61 MB/s (16 MB 0.32 s)
IODDR0@0.0: RM 0: cluster   4: 54.85 MB/s (16 MB 0.29 s)
IODDR0@0.0: RM 0: cluster   5: 56.21 MB/s (16 MB 0.28 s)
IODDR0@0.0: RM 0: [IODDR0] waiting kernels
IODDR0@0.0: RM 0: [IODDR0] waiting kernels
IODDR0@0.0: RM 0: cluster   6: 53.77 MB/s (16 MB 0.30 s)
IODDR0@0.0: RM 0: cluster   7: 44.73 MB/s (16 MB 0.36 s)
IODDR0@0.0: RM 0: cluster   8: 44.72 MB/s (16 MB 0.36 s)
IODDR0@0.0: RM 0: cluster   9: 46.61 MB/s (16 MB 0.34 s)
IODDR0@0.0: RM 0: cluster  10: 46.68 MB/s (16 MB 0.34 s)
IODDR0@0.0: RM 0: cluster  11: 46.67 MB/s (16 MB 0.34 s)
IODDR0@0.0: RM 0: cluster  12: 55.04 MB/s (16 MB 0.29 s)
IODDR1@0.0: RM 0: [RMEM] booting up server
IODDR1@0.0: RM 0: [RMEM] server alive
IODDR0@0.0: RM 0: [IODDR0] spawning kernels
IODDR0@0.0: RM 0: cluster   0: 78.51 MB/s (16 MB 0.20 s)
IODDR0@0.0: RM 0: cluster   1: 71.60 MB/s (16 MB 0.22 s)
IODDR0@0.0: RM 0: cluster   2: 76.43 MB/s (16 MB 0.21 s)
IODDR0@0.0: RM 0: cluster   4: 44.28 MB/s (16 MB 0.36 s)
IODDR0@0.0: RM 0: cluster   3: 43.47 MB/s (16 MB 0.37 s)
IODDR0@0.0: RM 0: cluster   5: 43.44 MB/s (16 MB 0.37 s)
IODDR0@0.0: RM 0: cluster   6: 61.39 MB/s (16 MB 0.26 s)
IODDR0@0.0: RM 0: [IODDR0] waiting kernels
IODDR0@0.0: RM 0: cluster   7: 30.29 MB/s (16 MB 0.53 s)
IODDR0@0.0: RM 0: cluster   8: 29.34 MB/s (16 MB 0.55 s)
IODDR0@0.0: RM 0: cluster   9: 28.51 MB/s (16 MB 0.56 s)
IODDR0@0.0: RM 0: cluster  10: 28.50 MB/s (16 MB 0.56 s)
IODDR0@0.0: RM 0: cluster  11: 35.99 MB/s (16 MB 0.44 s)
IODDR0@0.0: RM 0: cluster  12: 36.46 MB/s (16 MB 0.44 s)
IODDR1@0.0: RM 0: [RMEM] booting up server
IODDR1@0.0: RM 0: [RMEM] server alive
IODDR0@0.0: RM 0: [IODDR0] spawning kernels
IODDR0@0.0: RM 0: cluster   0: 78.49 MB/s (16 MB 0.20 s)
IODDR0@0.0: RM 0: cluster   1: 71.58 MB/s (16 MB 0.22 s)
IODDR0@0.0: RM 0: cluster   2: 69.77 MB/s (16 MB 0.23 s)
IODDR0@0.0: RM 0: cluster   3: 56.49 MB/s (16 MB 0.28 s)
IODDR0@0.0: RM 0: cluster   4: 46.02 MB/s (16 MB 0.35 s)
IODDR0@0.0: RM 0: cluster   5: 45.98 MB/s (16 MB 0.35 s)
IODDR0@0.0: RM 0: cluster   6: 54.14 MB/s (16 MB 0.30 s)
IODDR0@0.0: RM 0: [IODDR0] waiting kernels
IODDR0@0.0: RM 0: cluster   7: 40.67 MB/s (16 MB 0.39 s)
IODDR0@0.0: RM 0: cluster   8: 37.46 MB/s (16 MB 0.43 s)
IODDR0@0.0: RM 0: cluster   9: 36.14 MB/s (16 MB 0.44 s)
IODDR0@0.0: RM 0: cluster  10: 36.06 MB/s (16 MB 0.44 s)
IODDR0@0.0: RM 0: cluster  11: 47.36 MB/s (16 MB 0.34 s)
IODDR0@0.0: RM 0: cluster  12: 48.16 MB/s (16 MB 0.33 s)
IODDR1@0.0: RM 0: [RMEM] booting up server
IODDR1@0.0: RM 0: [RMEM] server alive
IODDR0@0.0: RM 0: [IODDR0] spawning kernels
IODDR0@0.0: RM 0: cluster   0: 78.54 MB/s (16 MB 0.20 s)
IODDR0@0.0: RM 0: cluster   1: 71.61 MB/s (16 MB 0.22 s)
IODDR0@0.0: RM 0: cluster   2: 76.41 MB/s (16 MB 0.21 s)
IODDR0@0.0: RM 0: cluster   3: 41.34 MB/s (16 MB 0.39 s)
IODDR0@0.0: RM 0: cluster   4: 39.92 MB/s (16 MB 0.40 s)
IODDR0@0.0: RM 0: cluster   5: 39.91 MB/s (16 MB 0.40 s)
IODDR0@0.0: RM 0: cluster   6: 46.56 MB/s (16 MB 0.34 s)
IODDR0@0.0: RM 0: cluster   8: 67.00 MB/s (16 MB 0.24 s)
IODDR0@0.0: RM 0: cluster   7: 66.94 MB/s (16 MB 0.24 s)
IODDR0@0.0: RM 0: [IODDR0] waiting kernels
IODDR0@0.0: RM 0: cluster   9: 39.75 MB/s (16 MB 0.40 s)
IODDR0@0.0: RM 0: cluster  10: 38.94 MB/s (16 MB 0.41 s)
IODDR0@0.0: RM 0: cluster  11: 38.93 MB/s (16 MB 0.41 s)
IODDR0@0.0: RM 0: cluster  12: 45.69 MB/s (16 MB 0.35 s)
IODDR1@0.0: RM 0: [RMEM] booting up server
IODDR1@0.0: RM 0: [RMEM] server alive
IODDR0@0.0: RM 0: [IODDR0] spawning kernels
IODDR0@0.0: RM 0: cluster   0: 84.52 MB/s (16 MB 0.19 s)
IODDR0@0.0: RM 0: cluster   1: 37.17 MB/s (16 MB 0.43 s)
IODDR0@0.0: RM 0: cluster   2: 36.21 MB/s (16 MB 0.44 s)
IODDR0@0.0: RM 0: cluster   3: 35.59 MB/s (16 MB 0.45 s)
IODDR0@0.0: RM 0: cluster   4: 39.10 MB/s (16 MB 0.41 s)
IODDR0@0.0: RM 0: cluster   5: 46.83 MB/s (16 MB 0.34 s)
IODDR0@0.0: RM 0: [IODDR0] waiting kernels
IODDR0@0.0: RM 0: cluster   6: 44.89 MB/s (16 MB 0.36 s)
IODDR0@0.0: RM 0: cluster   7: 43.77 MB/s (16 MB 0.37 s)
IODDR0@0.0: RM 0: cluster   8: 35.53 MB/s (16 MB 0.45 s)
IODDR0@0.0: RM 0: cluster   9: 35.09 MB/s (16 MB 0.46 s)
IODDR0@0.0: RM 0: cluster  10: 38.10 MB/s (16 MB 0.42 s)
IODDR0@0.0: RM 0: cluster  11: 49.05 MB/s (16 MB 0.33 s)
IODDR0@0.0: RM 0: cluster  12: 50.49 MB/s (16 MB 0.32 s)
