IODDR1@0.0: RM 0: [RMEM] booting up server
IODDR1@0.0: RM 0: [RMEM] server alive
IODDR0@0.0: RM 0: [IODDR0] spawning kernels
IODDR0@0.0: RM 0: cluster   0: 80.45 MB/s (16 MB 0.20 s)
IODDR0@0.0: RM 0: cluster   1: 78.07 MB/s (16 MB 0.20 s)
IODDR0@0.0: RM 0: cluster   2: 80.32 MB/s (16 MB 0.20 s)
IODDR0@0.0: RM 0: [IODDR0] waiting kernels
IODDR0@0.0: RM 0: cluster   3: 44.55 MB/s (16 MB 0.36 s)
IODDR0@0.0: RM 0: cluster   4: 43.47 MB/s (16 MB 0.37 s)
IODDR0@0.0: RM 0: cluster   5: 42.12 MB/s (16 MB 0.38 s)
IODDR0@0.0: RM 0: cluster   6: 47.30 MB/s (16 MB 0.34 s)
IODDR0@0.0: RM 0: cluster   7: 57.31 MB/s (16 MB 0.28 s)
IODDR1@0.0: RM 0: [RMEM] booting up server
IODDR1@0.0: RM 0: [RMEM] server alive
IODDR0@0.0: RM 0: [IODDR0] spawning kernels
IODDR0@0.0: RM 0: cluster   0: 80.68 MB/s (16 MB 0.20 s)
IODDR0@0.0: RM 0: cluster   1: 78.29 MB/s (16 MB 0.20 s)
IODDR0@0.0: RM 0: cluster   2: 80.31 MB/s (16 MB 0.20 s)
IODDR0@0.0: RM 0: [IODDR0] waiting kernels
IODDR0@0.0: RM 0: cluster   3: 44.69 MB/s (16 MB 0.36 s)
IODDR0@0.0: RM 0: cluster   4: 42.55 MB/s (16 MB 0.38 s)
IODDR0@0.0: RM 0: cluster   5: 41.70 MB/s (16 MB 0.38 s)
IODDR0@0.0: RM 0: cluster   6: 46.76 MB/s (16 MB 0.34 s)
IODDR0@0.0: RM 0: cluster   7: 56.51 MB/s (16 MB 0.28 s)
IODDR1@0.0: RM 0: [RMEM] booting up server
IODDR1@0.0: RM 0: [RMEM] server alive
IODDR0@0.0: RM 0: [IODDR0] spawning kernels
IODDR0@0.0: RM 0: cluster   0: 82.80 MB/s (16 MB 0.19 s)
IODDR0@0.0: RM 0: [IODDR0] waiting kernels
IODDR0@0.0: RM 0: cluster   2: 61.69 MB/s (16 MB 0.26 s)
IODDR0@0.0: RM 0: cluster   1: 48.28 MB/s (16 MB 0.33 s)
IODDR0@0.0: RM 0: cluster   3: 48.26 MB/s (16 MB 0.33 s)
IODDR0@0.0: RM 0: cluster   4: 49.09 MB/s (16 MB 0.33 s)
IODDR0@0.0: RM 0: cluster   5: 52.89 MB/s (16 MB 0.30 s)
IODDR0@0.0: RM 0: cluster   6: 52.79 MB/s (16 MB 0.30 s)
IODDR0@0.0: RM 0: cluster   7: 52.89 MB/s (16 MB 0.30 s)
IODDR1@0.0: RM 0: [RMEM] booting up server
IODDR1@0.0: RM 0: [RMEM] server alive
IODDR0@0.0: RM 0: [IODDR0] spawning kernels
IODDR0@0.0: RM 0: cluster   0: 82.81 MB/s (16 MB 0.19 s)
IODDR0@0.0: RM 0: cluster   1: 80.60 MB/s (16 MB 0.20 s)
IODDR0@0.0: RM 0: cluster   2: 78.35 MB/s (16 MB 0.20 s)
IODDR0@0.0: RM 0: [IODDR0] waiting kernels
IODDR0@0.0: RM 0: [IODDR0] waiting kernels
IODDR0@0.0: RM 0: cluster   3: 77.98 MB/s (16 MB 0.21 s)
IODDR0@0.0: RM 0: cluster   4: 68.75 MB/s (16 MB 0.23 s)
IODDR0@0.0: RM 0: cluster   5: 56.64 MB/s (16 MB 0.28 s)
IODDR0@0.0: RM 0: cluster   6: 56.64 MB/s (16 MB 0.28 s)
IODDR0@0.0: RM 0: cluster   7: 64.38 MB/s (16 MB 0.25 s)
IODDR1@0.0: RM 0: [RMEM] booting up server
IODDR1@0.0: RM 0: [RMEM] server alive
IODDR0@0.0: RM 0: [IODDR0] spawning kernels
IODDR0@0.0: RM 0: cluster   0: 80.68 MB/s (16 MB 0.20 s)
IODDR0@0.0: RM 0: cluster   1: 78.22 MB/s (16 MB 0.20 s)
IODDR0@0.0: RM 0: cluster   2: 77.99 MB/s (16 MB 0.21 s)
IODDR0@0.0: RM 0: [IODDR0] waiting kernels
IODDR0@0.0: RM 0: [IODDR0] waiting kernels
IODDR0@0.0: RM 0: cluster   3: 77.96 MB/s (16 MB 0.21 s)
IODDR0@0.0: RM 0: cluster   4: 78.11 MB/s (16 MB 0.20 s)
IODDR0@0.0: RM 0: cluster   5: 68.02 MB/s (16 MB 0.24 s)
IODDR0@0.0: RM 0: cluster   6: 67.05 MB/s (16 MB 0.24 s)
IODDR0@0.0: RM 0: cluster   7: 67.35 MB/s (16 MB 0.24 s)
IODDR1@0.0: RM 0: [RMEM] booting up server
IODDR1@0.0: RM 0: [RMEM] server alive
IODDR0@0.0: RM 0: [IODDR0] spawning kernels
IODDR0@0.0: RM 0: [IODDR0] waiting kernels
IODDR0@0.0: RM 0: [IODDR0] waiting kernels
IODDR0@0.0: RM 0: cluster   0: 65.74 MB/s (16 MB 0.24 s)
IODDR0@0.0: RM 0: cluster   1: 65.43 MB/s (16 MB 0.24 s)
IODDR0@0.0: RM 0: cluster   2: 67.48 MB/s (16 MB 0.24 s)
IODDR0@0.0: RM 0: cluster   4: 79.92 MB/s (16 MB 0.20 s)
IODDR0@0.0: RM 0: cluster   3: 59.29 MB/s (16 MB 0.27 s)
IODDR0@0.0: RM 0: cluster   5: 47.43 MB/s (16 MB 0.34 s)
IODDR0@0.0: RM 0: cluster   6: 47.42 MB/s (16 MB 0.34 s)
IODDR0@0.0: RM 0: cluster   7: 48.29 MB/s (16 MB 0.33 s)
IODDR1@0.0: RM 0: [RMEM] booting up server
IODDR1@0.0: RM 0: [RMEM] server alive
IODDR0@0.0: RM 0: [IODDR0] spawning kernels
IODDR0@0.0: RM 0: cluster   0: 82.80 MB/s (16 MB 0.19 s)
IODDR0@0.0: RM 0: cluster   1: 80.65 MB/s (16 MB 0.20 s)
IODDR0@0.0: RM 0: cluster   2: 78.31 MB/s (16 MB 0.20 s)
IODDR0@0.0: RM 0: [IODDR0] waiting kernels
IODDR0@0.0: RM 0: [IODDR0] waiting kernels
IODDR0@0.0: RM 0: cluster   3: 67.37 MB/s (16 MB 0.24 s)
IODDR0@0.0: RM 0: cluster   4: 66.72 MB/s (16 MB 0.24 s)
IODDR0@0.0: RM 0: cluster   5: 66.92 MB/s (16 MB 0.24 s)
IODDR0@0.0: RM 0: cluster   6: 77.21 MB/s (16 MB 0.21 s)
IODDR0@0.0: RM 0: cluster   7: 77.47 MB/s (16 MB 0.21 s)
IODDR1@0.0: RM 0: [RMEM] booting up server
IODDR1@0.0: RM 0: [RMEM] server alive
IODDR0@0.0: RM 0: [IODDR0] spawning kernels
IODDR0@0.0: RM 0: cluster   0: 80.68 MB/s (16 MB 0.20 s)
IODDR0@0.0: RM 0: cluster   1: 78.06 MB/s (16 MB 0.20 s)
IODDR0@0.0: RM 0: cluster   2: 77.96 MB/s (16 MB 0.21 s)
IODDR0@0.0: RM 0: [IODDR0] waiting kernels
IODDR0@0.0: RM 0: [IODDR0] waiting kernels
IODDR0@0.0: RM 0: cluster   3: 66.67 MB/s (16 MB 0.24 s)
IODDR0@0.0: RM 0: cluster   4: 65.86 MB/s (16 MB 0.24 s)
IODDR0@0.0: RM 0: cluster   5: 66.02 MB/s (16 MB 0.24 s)
IODDR0@0.0: RM 0: cluster   6: 77.31 MB/s (16 MB 0.21 s)
IODDR0@0.0: RM 0: cluster   7: 77.49 MB/s (16 MB 0.21 s)
IODDR1@0.0: RM 0: [RMEM] booting up server
IODDR1@0.0: RM 0: [RMEM] server alive
IODDR0@0.0: RM 0: [IODDR0] spawning kernels
IODDR0@0.0: RM 0: cluster   0: 82.81 MB/s (16 MB 0.19 s)
IODDR0@0.0: RM 0: cluster   1: 77.35 MB/s (16 MB 0.21 s)
IODDR0@0.0: RM 0: cluster   2: 77.36 MB/s (16 MB 0.21 s)
IODDR0@0.0: RM 0: [IODDR0] waiting kernels
IODDR0@0.0: RM 0: cluster   3: 65.93 MB/s (16 MB 0.24 s)
IODDR0@0.0: RM 0: cluster   4: 65.61 MB/s (16 MB 0.24 s)
IODDR0@0.0: RM 0: cluster   5: 67.80 MB/s (16 MB 0.24 s)
IODDR0@0.0: RM 0: cluster   6: 77.46 MB/s (16 MB 0.21 s)
IODDR0@0.0: RM 0: cluster   7: 77.50 MB/s (16 MB 0.21 s)
IODDR1@0.0: RM 0: [RMEM] booting up server
IODDR1@0.0: RM 0: [RMEM] server alive
IODDR0@0.0: RM 0: [IODDR0] spawning kernels
IODDR0@0.0: RM 0: cluster   0: 82.79 MB/s (16 MB 0.19 s)
IODDR0@0.0: RM 0: cluster   2: 80.24 MB/s (16 MB 0.20 s)
IODDR0@0.0: RM 0: cluster   1: 80.21 MB/s (16 MB 0.20 s)
IODDR0@0.0: RM 0: [IODDR0] waiting kernels
IODDR0@0.0: RM 0: cluster   3: 59.68 MB/s (16 MB 0.27 s)
IODDR0@0.0: RM 0: cluster   4: 39.69 MB/s (16 MB 0.40 s)
IODDR0@0.0: RM 0: cluster   5: 39.29 MB/s (16 MB 0.41 s)
IODDR0@0.0: RM 0: cluster   6: 39.80 MB/s (16 MB 0.40 s)
IODDR0@0.0: RM 0: cluster   7: 47.24 MB/s (16 MB 0.34 s)
