IODDR1@0.0: RM 0: [RMEM] booting up server
IODDR1@0.0: RM 0: [RMEM] server alive
IODDR0@0.0: RM 0: [IODDR0] spawning kernels
IODDR0@0.0: RM 0: cluster   0: 84.33 MB/s (16 MB 0.19 s)
IODDR0@0.0: RM 0: cluster   1: 78.14 MB/s (16 MB 0.20 s)
IODDR0@0.0: RM 0: cluster   2: 58.50 MB/s (16 MB 0.27 s)
IODDR0@0.0: RM 0: cluster   3: 46.15 MB/s (16 MB 0.35 s)
IODDR0@0.0: RM 0: cluster   4: 46.11 MB/s (16 MB 0.35 s)
IODDR0@0.0: RM 0: cluster   5: 54.83 MB/s (16 MB 0.29 s)
IODDR0@0.0: RM 0: cluster   6: 37.36 MB/s (16 MB 0.43 s)
IODDR0@0.0: RM 0: cluster   7: 34.84 MB/s (16 MB 0.46 s)
IODDR0@0.0: RM 0: cluster   8: 33.69 MB/s (16 MB 0.47 s)
IODDR0@0.0: RM 0: cluster   9: 33.62 MB/s (16 MB 0.48 s)
IODDR0@0.0: RM 0: cluster  10: 38.96 MB/s (16 MB 0.41 s)
IODDR0@0.0: RM 0: cluster  11: 48.12 MB/s (16 MB 0.33 s)
IODDR0@0.0: RM 0: [IODDR0] waiting kernels
IODDR0@0.0: RM 0: cluster  12: 40.83 MB/s (16 MB 0.39 s)
IODDR0@0.0: RM 0: cluster  13: 39.58 MB/s (16 MB 0.40 s)
IODDR0@0.0: RM 0: cluster  14: 39.55 MB/s (16 MB 0.40 s)
IODDR0@0.0: RM 0: cluster  15: 46.49 MB/s (16 MB 0.34 s)
IODDR1@0.0: RM 0: [RMEM] booting up server
IODDR1@0.0: RM 0: [RMEM] server alive
IODDR0@0.0: RM 0: [IODDR0] spawning kernels
IODDR0@0.0: RM 0: cluster   0: 84.34 MB/s (16 MB 0.19 s)
IODDR0@0.0: RM 0: cluster   2: 56.10 MB/s (16 MB 0.29 s)
IODDR0@0.0: RM 0: cluster   1: 53.74 MB/s (16 MB 0.30 s)
IODDR0@0.0: RM 0: cluster   3: 48.33 MB/s (16 MB 0.33 s)
IODDR0@0.0: RM 0: cluster   4: 50.22 MB/s (16 MB 0.32 s)
IODDR0@0.0: RM 0: cluster   5: 47.17 MB/s (16 MB 0.34 s)
IODDR0@0.0: RM 0: cluster   6: 45.01 MB/s (16 MB 0.36 s)
IODDR0@0.0: RM 0: cluster   7: 43.50 MB/s (16 MB 0.37 s)
IODDR0@0.0: RM 0: cluster   8: 44.12 MB/s (16 MB 0.36 s)
IODDR0@0.0: RM 0: [IODDR0] waiting kernels
IODDR0@0.0: RM 0: [IODDR0] waiting kernels
IODDR0@0.0: RM 0: cluster   9: 44.17 MB/s (16 MB 0.36 s)
IODDR0@0.0: RM 0: cluster  10: 42.96 MB/s (16 MB 0.37 s)
IODDR0@0.0: RM 0: cluster  11: 42.19 MB/s (16 MB 0.38 s)
IODDR0@0.0: RM 0: cluster  12: 47.96 MB/s (16 MB 0.33 s)
IODDR0@0.0: RM 0: cluster  13: 53.89 MB/s (16 MB 0.30 s)
IODDR0@0.0: RM 0: cluster  14: 54.53 MB/s (16 MB 0.29 s)
IODDR0@0.0: RM 0: cluster  15: 55.04 MB/s (16 MB 0.29 s)
IODDR1@0.0: RM 0: [RMEM] booting up server
IODDR1@0.0: RM 0: [RMEM] server alive
IODDR0@0.0: RM 0: [IODDR0] spawning kernels
IODDR0@0.0: RM 0: cluster   0: 84.35 MB/s (16 MB 0.19 s)
IODDR0@0.0: RM 0: cluster   1: 69.94 MB/s (16 MB 0.23 s)
IODDR0@0.0: RM 0: cluster   2: 69.95 MB/s (16 MB 0.23 s)
IODDR0@0.0: RM 0: cluster   3: 41.99 MB/s (16 MB 0.38 s)
IODDR0@0.0: RM 0: cluster   4: 40.79 MB/s (16 MB 0.39 s)
IODDR0@0.0: RM 0: cluster   5: 39.57 MB/s (16 MB 0.40 s)
IODDR0@0.0: RM 0: cluster   6: 48.31 MB/s (16 MB 0.33 s)
IODDR0@0.0: RM 0: cluster   7: 49.65 MB/s (16 MB 0.32 s)
IODDR0@0.0: RM 0: [IODDR0] waiting kernels
IODDR0@0.0: RM 0: [IODDR0] waiting kernels
IODDR0@0.0: RM 0: cluster   8: 44.84 MB/s (16 MB 0.36 s)
IODDR0@0.0: RM 0: cluster   9: 43.26 MB/s (16 MB 0.37 s)
IODDR0@0.0: RM 0: cluster  10: 43.25 MB/s (16 MB 0.37 s)
IODDR0@0.0: RM 0: cluster  11: 51.89 MB/s (16 MB 0.31 s)
IODDR0@0.0: RM 0: cluster  12: 56.74 MB/s (16 MB 0.28 s)
IODDR0@0.0: RM 0: cluster  13: 46.76 MB/s (16 MB 0.34 s)
IODDR0@0.0: RM 0: cluster  14: 49.83 MB/s (16 MB 0.32 s)
IODDR0@0.0: RM 0: cluster  15: 50.92 MB/s (16 MB 0.31 s)
IODDR1@0.0: RM 0: [RMEM] booting up server
IODDR1@0.0: RM 0: [RMEM] server alive
IODDR0@0.0: RM 0: [IODDR0] spawning kernels
IODDR0@0.0: RM 0: cluster   0: 84.34 MB/s (16 MB 0.19 s)
IODDR0@0.0: RM 0: cluster   1: 69.53 MB/s (16 MB 0.23 s)
IODDR0@0.0: RM 0: cluster   2: 69.31 MB/s (16 MB 0.23 s)
IODDR0@0.0: RM 0: cluster   4: 76.66 MB/s (16 MB 0.21 s)
IODDR0@0.0: RM 0: cluster   3: 58.90 MB/s (16 MB 0.27 s)
IODDR0@0.0: RM 0: cluster   5: 46.72 MB/s (16 MB 0.34 s)
IODDR0@0.0: RM 0: cluster   6: 46.67 MB/s (16 MB 0.34 s)
IODDR0@0.0: RM 0: cluster   7: 56.27 MB/s (16 MB 0.28 s)
IODDR0@0.0: RM 0: [IODDR0] waiting kernels
IODDR0@0.0: RM 0: cluster   9: 40.30 MB/s (16 MB 0.40 s)
IODDR0@0.0: RM 0: cluster   8: 39.19 MB/s (16 MB 0.41 s)
IODDR0@0.0: RM 0: cluster  10: 38.08 MB/s (16 MB 0.42 s)
IODDR0@0.0: RM 0: cluster  11: 41.15 MB/s (16 MB 0.39 s)
IODDR0@0.0: RM 0: cluster  13: 52.93 MB/s (16 MB 0.30 s)
IODDR0@0.0: RM 0: cluster  12: 48.40 MB/s (16 MB 0.33 s)
IODDR0@0.0: RM 0: cluster  15: 50.48 MB/s (16 MB 0.32 s)
IODDR0@0.0: RM 0: cluster  14: 51.65 MB/s (16 MB 0.31 s)
IODDR1@0.0: RM 0: [RMEM] booting up server
IODDR1@0.0: RM 0: [RMEM] server alive
IODDR0@0.0: RM 0: [IODDR0] spawning kernels
IODDR0@0.0: RM 0: cluster   0: 77.73 MB/s (16 MB 0.21 s)
IODDR0@0.0: RM 0: cluster   1: 70.43 MB/s (16 MB 0.23 s)
IODDR0@0.0: RM 0: cluster   2: 69.46 MB/s (16 MB 0.23 s)
IODDR0@0.0: RM 0: cluster   3: 69.50 MB/s (16 MB 0.23 s)
IODDR0@0.0: RM 0: cluster   4: 56.56 MB/s (16 MB 0.28 s)
IODDR0@0.0: RM 0: cluster   5: 53.10 MB/s (16 MB 0.30 s)
IODDR0@0.0: RM 0: cluster   6: 53.06 MB/s (16 MB 0.30 s)
IODDR0@0.0: RM 0: cluster   7: 66.64 MB/s (16 MB 0.24 s)
IODDR0@0.0: RM 0: cluster   8: 53.28 MB/s (16 MB 0.30 s)
IODDR0@0.0: RM 0: cluster   9: 44.90 MB/s (16 MB 0.36 s)
IODDR0@0.0: RM 0: cluster  10: 45.08 MB/s (16 MB 0.35 s)
IODDR0@0.0: RM 0: cluster  11: 52.18 MB/s (16 MB 0.31 s)
IODDR0@0.0: RM 0: [IODDR0] waiting kernels
IODDR0@0.0: RM 0: cluster  12: 56.50 MB/s (16 MB 0.28 s)
IODDR0@0.0: RM 0: cluster  13: 44.98 MB/s (16 MB 0.36 s)
IODDR0@0.0: RM 0: cluster  14: 44.93 MB/s (16 MB 0.36 s)
IODDR0@0.0: RM 0: cluster  15: 52.89 MB/s (16 MB 0.30 s)
IODDR1@0.0: RM 0: [RMEM] booting up server
IODDR1@0.0: RM 0: [RMEM] server alive
IODDR0@0.0: RM 0: [IODDR0] spawning kernels
IODDR0@0.0: RM 0: cluster   0: 84.33 MB/s (16 MB 0.19 s)
IODDR0@0.0: RM 0: cluster   1: 77.57 MB/s (16 MB 0.21 s)
IODDR0@0.0: RM 0: cluster   2: 71.28 MB/s (16 MB 0.22 s)
IODDR0@0.0: RM 0: cluster   3: 76.52 MB/s (16 MB 0.21 s)
IODDR0@0.0: RM 0: cluster   4: 41.05 MB/s (16 MB 0.39 s)
IODDR0@0.0: RM 0: cluster   5: 39.65 MB/s (16 MB 0.40 s)
IODDR0@0.0: RM 0: cluster   6: 39.63 MB/s (16 MB 0.40 s)
IODDR0@0.0: RM 0: cluster   7: 45.96 MB/s (16 MB 0.35 s)
IODDR0@0.0: RM 0: [IODDR0] waiting kernels
IODDR0@0.0: RM 0: [IODDR0] waiting kernels
IODDR0@0.0: RM 0: cluster   8: 48.98 MB/s (16 MB 0.33 s)
IODDR0@0.0: RM 0: cluster   9: 47.85 MB/s (16 MB 0.33 s)
IODDR0@0.0: RM 0: cluster  10: 37.00 MB/s (16 MB 0.43 s)
IODDR0@0.0: RM 0: cluster  11: 34.58 MB/s (16 MB 0.46 s)
IODDR0@0.0: RM 0: cluster  12: 34.59 MB/s (16 MB 0.46 s)
IODDR0@0.0: RM 0: cluster  13: 36.69 MB/s (16 MB 0.44 s)
IODDR0@0.0: RM 0: cluster  15: 47.87 MB/s (16 MB 0.33 s)
IODDR0@0.0: RM 0: cluster  14: 49.21 MB/s (16 MB 0.33 s)
IODDR1@0.0: RM 0: [RMEM] booting up server
IODDR1@0.0: RM 0: [RMEM] server alive
IODDR0@0.0: RM 0: [IODDR0] spawning kernels
IODDR0@0.0: RM 0: cluster   0: 84.33 MB/s (16 MB 0.19 s)
IODDR0@0.0: RM 0: cluster   2: 58.16 MB/s (16 MB 0.28 s)
IODDR0@0.0: RM 0: cluster   1: 42.33 MB/s (16 MB 0.38 s)
IODDR0@0.0: RM 0: cluster   3: 40.63 MB/s (16 MB 0.39 s)
IODDR0@0.0: RM 0: cluster   4: 40.58 MB/s (16 MB 0.39 s)
IODDR0@0.0: RM 0: cluster   5: 37.02 MB/s (16 MB 0.43 s)
IODDR0@0.0: RM 0: cluster   6: 36.62 MB/s (16 MB 0.44 s)
IODDR0@0.0: RM 0: cluster   7: 31.07 MB/s (16 MB 0.51 s)
IODDR0@0.0: RM 0: cluster   8: 30.72 MB/s (16 MB 0.52 s)
IODDR0@0.0: RM 0: cluster   9: 32.28 MB/s (16 MB 0.50 s)
IODDR0@0.0: RM 0: [IODDR0] waiting kernels
IODDR0@0.0: RM 0: cluster  10: 34.01 MB/s (16 MB 0.47 s)
IODDR0@0.0: RM 0: cluster  11: 34.97 MB/s (16 MB 0.46 s)
IODDR0@0.0: RM 0: cluster  12: 33.29 MB/s (16 MB 0.48 s)
IODDR0@0.0: RM 0: cluster  13: 33.54 MB/s (16 MB 0.48 s)
IODDR0@0.0: RM 0: cluster  14: 39.06 MB/s (16 MB 0.41 s)
IODDR0@0.0: RM 0: cluster  15: 46.42 MB/s (16 MB 0.34 s)
IODDR1@0.0: RM 0: [RMEM] booting up server
IODDR1@0.0: RM 0: [RMEM] server alive
IODDR0@0.0: RM 0: [IODDR0] spawning kernels
IODDR0@0.0: RM 0: cluster   0: 84.33 MB/s (16 MB 0.19 s)
IODDR0@0.0: RM 0: cluster   1: 58.23 MB/s (16 MB 0.27 s)
IODDR0@0.0: RM 0: cluster   2: 42.35 MB/s (16 MB 0.38 s)
IODDR0@0.0: RM 0: cluster   3: 40.63 MB/s (16 MB 0.39 s)
IODDR0@0.0: RM 0: cluster   4: 40.60 MB/s (16 MB 0.39 s)
IODDR0@0.0: RM 0: cluster   5: 41.67 MB/s (16 MB 0.38 s)
IODDR0@0.0: RM 0: cluster   6: 41.64 MB/s (16 MB 0.38 s)
IODDR0@0.0: RM 0: cluster   7: 35.04 MB/s (16 MB 0.46 s)
IODDR0@0.0: RM 0: cluster   8: 31.95 MB/s (16 MB 0.50 s)
IODDR0@0.0: RM 0: [IODDR0] waiting kernels
IODDR0@0.0: RM 0: [IODDR0] waiting kernels
IODDR0@0.0: RM 0: cluster   9: 31.95 MB/s (16 MB 0.50 s)
IODDR0@0.0: RM 0: cluster  10: 35.27 MB/s (16 MB 0.45 s)
IODDR0@0.0: RM 0: cluster  12: 35.22 MB/s (16 MB 0.45 s)
IODDR0@0.0: RM 0: cluster  11: 35.23 MB/s (16 MB 0.45 s)
IODDR0@0.0: RM 0: cluster  13: 37.99 MB/s (16 MB 0.42 s)
IODDR0@0.0: RM 0: cluster  14: 38.69 MB/s (16 MB 0.41 s)
IODDR0@0.0: RM 0: cluster  15: 46.48 MB/s (16 MB 0.34 s)
IODDR1@0.0: RM 0: [RMEM] booting up server
IODDR1@0.0: RM 0: [RMEM] server alive
IODDR0@0.0: RM 0: [IODDR0] spawning kernels
IODDR0@0.0: RM 0: cluster   0: 84.33 MB/s (16 MB 0.19 s)
IODDR0@0.0: RM 0: cluster   1: 56.06 MB/s (16 MB 0.29 s)
IODDR0@0.0: RM 0: cluster   2: 53.63 MB/s (16 MB 0.30 s)
IODDR0@0.0: RM 0: cluster   3: 48.78 MB/s (16 MB 0.33 s)
IODDR0@0.0: RM 0: cluster   4: 50.97 MB/s (16 MB 0.31 s)
IODDR0@0.0: RM 0: cluster   5: 48.34 MB/s (16 MB 0.33 s)
IODDR0@0.0: RM 0: cluster   6: 45.86 MB/s (16 MB 0.35 s)
IODDR0@0.0: RM 0: cluster   7: 43.95 MB/s (16 MB 0.36 s)
IODDR0@0.0: RM 0: cluster   8: 44.12 MB/s (16 MB 0.36 s)
IODDR0@0.0: RM 0: [IODDR0] waiting kernels
IODDR0@0.0: RM 0: [IODDR0] waiting kernels
IODDR0@0.0: RM 0: cluster   9: 43.27 MB/s (16 MB 0.37 s)
IODDR0@0.0: RM 0: cluster  10: 43.00 MB/s (16 MB 0.37 s)
IODDR0@0.0: RM 0: cluster  11: 42.93 MB/s (16 MB 0.37 s)
IODDR0@0.0: RM 0: cluster  12: 48.92 MB/s (16 MB 0.33 s)
IODDR0@0.0: RM 0: cluster  13: 55.00 MB/s (16 MB 0.29 s)
IODDR0@0.0: RM 0: cluster  14: 54.39 MB/s (16 MB 0.29 s)
IODDR0@0.0: RM 0: cluster  15: 54.93 MB/s (16 MB 0.29 s)
IODDR1@0.0: RM 0: [RMEM] booting up server
IODDR1@0.0: RM 0: [RMEM] server alive
IODDR0@0.0: RM 0: [IODDR0] spawning kernels
IODDR0@0.0: RM 0: cluster   0: 84.35 MB/s (16 MB 0.19 s)
IODDR0@0.0: RM 0: cluster   1: 78.14 MB/s (16 MB 0.20 s)
IODDR0@0.0: RM 0: cluster   2: 59.33 MB/s (16 MB 0.27 s)
IODDR0@0.0: RM 0: cluster   3: 50.38 MB/s (16 MB 0.32 s)
IODDR0@0.0: RM 0: cluster   4: 49.18 MB/s (16 MB 0.33 s)
IODDR0@0.0: RM 0: cluster   5: 45.50 MB/s (16 MB 0.35 s)
IODDR0@0.0: RM 0: cluster   6: 46.12 MB/s (16 MB 0.35 s)
IODDR0@0.0: RM 0: cluster   7: 48.39 MB/s (16 MB 0.33 s)
IODDR0@0.0: RM 0: cluster   9: 48.73 MB/s (16 MB 0.33 s)
IODDR0@0.0: RM 0: cluster   8: 48.72 MB/s (16 MB 0.33 s)
IODDR0@0.0: RM 0: cluster  10: 50.69 MB/s (16 MB 0.32 s)
IODDR0@0.0: RM 0: [IODDR0] waiting kernels
IODDR0@0.0: RM 0: cluster  12: 49.10 MB/s (16 MB 0.33 s)
IODDR0@0.0: RM 0: cluster  11: 49.07 MB/s (16 MB 0.33 s)
IODDR0@0.0: RM 0: cluster  13: 49.64 MB/s (16 MB 0.32 s)
IODDR0@0.0: RM 0: cluster  14: 59.75 MB/s (16 MB 0.27 s)
IODDR0@0.0: RM 0: cluster  15: 60.37 MB/s (16 MB 0.27 s)
