IODDR1@0.0: RM 0: [RMEM] booting up server
IODDR1@0.0: RM 0: [RMEM] server alive
IODDR0@0.0: RM 0: [IODDR0] spawning kernels
IODDR0@0.0: RM 0: [IODDR0] waiting kernels
IODDR0@0.0: RM 0: cluster   0: 82.81 MB/s (16 MB 0.19 s)
IODDR0@0.0: RM 0: cluster   1: 77.35 MB/s (16 MB 0.21 s)
IODDR0@0.0: RM 0: cluster   2: 77.35 MB/s (16 MB 0.21 s)
IODDR1@0.0: RM 0: [RMEM] booting up server
IODDR1@0.0: RM 0: [RMEM] server alive
IODDR0@0.0: RM 0: [IODDR0] spawning kernels
IODDR0@0.0: RM 0: [IODDR0] waiting kernels
IODDR0@0.0: RM 0: cluster   0: 66.60 MB/s (16 MB 0.24 s)
IODDR0@0.0: RM 0: cluster   1: 64.44 MB/s (16 MB 0.25 s)
IODDR0@0.0: RM 0: cluster   2: 64.58 MB/s (16 MB 0.25 s)
IODDR1@0.0: RM 0: [RMEM] booting up server
IODDR1@0.0: RM 0: [RMEM] server alive
IODDR0@0.0: RM 0: [IODDR0] spawning kernels
IODDR0@0.0: RM 0: [IODDR0] waiting kernels
IODDR0@0.0: RM 0: cluster   0: 82.79 MB/s (16 MB 0.19 s)
IODDR0@0.0: RM 0: cluster   1: 77.34 MB/s (16 MB 0.21 s)
IODDR0@0.0: RM 0: cluster   2: 77.32 MB/s (16 MB 0.21 s)
IODDR1@0.0: RM 0: [RMEM] booting up server
IODDR1@0.0: RM 0: [RMEM] server alive
IODDR0@0.0: RM 0: [IODDR0] spawning kernels
IODDR0@0.0: RM 0: [IODDR0] waiting kernels
IODDR0@0.0: RM 0: cluster   0: 66.79 MB/s (16 MB 0.24 s)
IODDR0@0.0: RM 0: cluster   2: 64.58 MB/s (16 MB 0.25 s)
IODDR0@0.0: RM 0: cluster   1: 64.73 MB/s (16 MB 0.25 s)
IODDR1@0.0: RM 0: [RMEM] booting up server
IODDR1@0.0: RM 0: [RMEM] server alive
IODDR0@0.0: RM 0: [IODDR0] spawning kernels
IODDR0@0.0: RM 0: [IODDR0] waiting kernels
IODDR0@0.0: RM 0: cluster   0: 82.82 MB/s (16 MB 0.19 s)
IODDR0@0.0: RM 0: cluster   1: 77.35 MB/s (16 MB 0.21 s)
IODDR0@0.0: RM 0: cluster   2: 77.36 MB/s (16 MB 0.21 s)
IODDR1@0.0: RM 0: [RMEM] booting up server
IODDR1@0.0: RM 0: [RMEM] server alive
IODDR0@0.0: RM 0: [IODDR0] spawning kernels
IODDR0@0.0: RM 0: [IODDR0] waiting kernels
IODDR0@0.0: RM 0: cluster   0: 66.73 MB/s (16 MB 0.24 s)
IODDR0@0.0: RM 0: cluster   1: 64.54 MB/s (16 MB 0.25 s)
IODDR0@0.0: RM 0: cluster   2: 64.68 MB/s (16 MB 0.25 s)
IODDR1@0.0: RM 0: [RMEM] booting up server
IODDR1@0.0: RM 0: [RMEM] server alive
IODDR0@0.0: RM 0: [IODDR0] spawning kernels
IODDR0@0.0: RM 0: [IODDR0] waiting kernels
IODDR0@0.0: RM 0: cluster   0: 82.81 MB/s (16 MB 0.19 s)
IODDR0@0.0: RM 0: cluster   1: 77.34 MB/s (16 MB 0.21 s)
IODDR0@0.0: RM 0: cluster   2: 77.36 MB/s (16 MB 0.21 s)
IODDR1@0.0: RM 0: [RMEM] booting up server
IODDR1@0.0: RM 0: [RMEM] server alive
IODDR0@0.0: RM 0: [IODDR0] spawning kernels
IODDR0@0.0: RM 0: [IODDR0] waiting kernels
IODDR0@0.0: RM 0: cluster   0: 82.80 MB/s (16 MB 0.19 s)
IODDR0@0.0: RM 0: cluster   1: 77.31 MB/s (16 MB 0.21 s)
IODDR0@0.0: RM 0: cluster   2: 77.34 MB/s (16 MB 0.21 s)
IODDR1@0.0: RM 0: [RMEM] booting up server
IODDR1@0.0: RM 0: [RMEM] server alive
IODDR0@0.0: RM 0: [IODDR0] spawning kernels
IODDR0@0.0: RM 0: [IODDR0] waiting kernels
IODDR0@0.0: RM 0: cluster   0: 82.80 MB/s (16 MB 0.19 s)
IODDR0@0.0: RM 0: cluster   1: 77.31 MB/s (16 MB 0.21 s)
IODDR0@0.0: RM 0: cluster   2: 77.34 MB/s (16 MB 0.21 s)
IODDR1@0.0: RM 0: [RMEM] booting up server
IODDR1@0.0: RM 0: [RMEM] server alive
IODDR0@0.0: RM 0: [IODDR0] spawning kernels
IODDR0@0.0: RM 0: [IODDR0] waiting kernels
IODDR0@0.0: RM 0: cluster   0: 82.81 MB/s (16 MB 0.19 s)
IODDR0@0.0: RM 0: cluster   1: 77.35 MB/s (16 MB 0.21 s)
IODDR0@0.0: RM 0: cluster   2: 77.36 MB/s (16 MB 0.21 s)
