IODDR1@0.0: RM 0: [RMEM] booting up server
IODDR1@0.0: RM 0: [RMEM] server alive
IODDR0@0.0: RM 0: [IODDR0] spawning kernels
IODDR0@0.0: RM 0: cluster   0: 53.76 MB/s (16 MB 0.30 s)
IODDR0@0.0: RM 0: cluster   1: 52.49 MB/s (16 MB 0.30 s)
IODDR0@0.0: RM 0: cluster   2: 43.01 MB/s (16 MB 0.37 s)
IODDR0@0.0: RM 0: [IODDR0] waiting kernels
IODDR0@0.0: RM 0: cluster   3: 30.61 MB/s (16 MB 0.52 s)
IODDR0@0.0: RM 0: cluster   4: 29.82 MB/s (16 MB 0.54 s)
IODDR0@0.0: RM 0: cluster   5: 24.89 MB/s (16 MB 0.64 s)
IODDR0@0.0: RM 0: cluster   6: 23.26 MB/s (16 MB 0.69 s)
IODDR0@0.0: RM 0: cluster   7: 23.18 MB/s (16 MB 0.69 s)
IODDR0@0.0: RM 0: cluster   8: 26.06 MB/s (16 MB 0.61 s)
IODDR0@0.0: RM 0: cluster   9: 26.28 MB/s (16 MB 0.61 s)
IODDR0@0.0: RM 0: cluster  10: 30.32 MB/s (16 MB 0.53 s)
IODDR1@0.0: RM 0: [RMEM] booting up server
IODDR1@0.0: RM 0: [RMEM] server alive
IODDR0@0.0: RM 0: [IODDR0] spawning kernels
IODDR0@0.0: RM 0: cluster   0: 70.86 MB/s (16 MB 0.23 s)
IODDR0@0.0: RM 0: cluster   1: 54.13 MB/s (16 MB 0.30 s)
IODDR0@0.0: RM 0: cluster   2: 49.40 MB/s (16 MB 0.32 s)
IODDR0@0.0: RM 0: [IODDR0] waiting kernels
IODDR0@0.0: RM 0: [IODDR0] waiting kernels
IODDR0@0.0: RM 0: cluster   3: 41.12 MB/s (16 MB 0.39 s)
IODDR0@0.0: RM 0: cluster   4: 35.12 MB/s (16 MB 0.46 s)
IODDR0@0.0: RM 0: cluster   5: 34.21 MB/s (16 MB 0.47 s)
IODDR0@0.0: RM 0: cluster   6: 34.43 MB/s (16 MB 0.46 s)
IODDR0@0.0: RM 0: cluster   7: 34.28 MB/s (16 MB 0.47 s)
IODDR0@0.0: RM 0: cluster   8: 36.76 MB/s (16 MB 0.44 s)
IODDR0@0.0: RM 0: cluster   9: 37.00 MB/s (16 MB 0.43 s)
IODDR0@0.0: RM 0: cluster  10: 37.67 MB/s (16 MB 0.42 s)
IODDR1@0.0: RM 0: [RMEM] booting up server
IODDR1@0.0: RM 0: [RMEM] server alive
IODDR0@0.0: RM 0: [IODDR0] spawning kernels
IODDR0@0.0: RM 0: cluster   0: 84.54 MB/s (16 MB 0.19 s)
IODDR0@0.0: RM 0: cluster   1: 47.32 MB/s (16 MB 0.34 s)
IODDR0@0.0: RM 0: cluster   2: 46.81 MB/s (16 MB 0.34 s)
IODDR0@0.0: RM 0: cluster   3: 38.93 MB/s (16 MB 0.41 s)
IODDR0@0.0: RM 0: [IODDR0] waiting kernels
IODDR0@0.0: RM 0: cluster   4: 26.32 MB/s (16 MB 0.61 s)
IODDR0@0.0: RM 0: cluster   5: 25.66 MB/s (16 MB 0.62 s)
IODDR0@0.0: RM 0: cluster   6: 25.17 MB/s (16 MB 0.64 s)
IODDR0@0.0: RM 0: cluster   8: 24.44 MB/s (16 MB 0.65 s)
IODDR0@0.0: RM 0: cluster   7: 24.57 MB/s (16 MB 0.65 s)
IODDR0@0.0: RM 0: cluster   9: 27.69 MB/s (16 MB 0.58 s)
IODDR0@0.0: RM 0: cluster  10: 32.39 MB/s (16 MB 0.49 s)
IODDR1@0.0: RM 0: [RMEM] booting up server
IODDR1@0.0: RM 0: [RMEM] server alive
IODDR0@0.0: RM 0: [IODDR0] spawning kernels
IODDR0@0.0: RM 0: cluster   0: 84.53 MB/s (16 MB 0.19 s)
IODDR0@0.0: RM 0: cluster   1: 49.99 MB/s (16 MB 0.32 s)
IODDR0@0.0: RM 0: [IODDR0] waiting kernels
IODDR0@0.0: RM 0: cluster   2: 31.27 MB/s (16 MB 0.51 s)
IODDR0@0.0: RM 0: cluster   3: 29.65 MB/s (16 MB 0.54 s)
IODDR0@0.0: RM 0: cluster   4: 29.02 MB/s (16 MB 0.55 s)
IODDR0@0.0: RM 0: cluster   5: 22.27 MB/s (16 MB 0.72 s)
IODDR0@0.0: RM 0: cluster   6: 22.16 MB/s (16 MB 0.72 s)
IODDR0@0.0: RM 0: cluster   7: 23.12 MB/s (16 MB 0.69 s)
IODDR0@0.0: RM 0: cluster   8: 23.25 MB/s (16 MB 0.69 s)
IODDR0@0.0: RM 0: cluster  10: 28.37 MB/s (16 MB 0.56 s)
IODDR0@0.0: RM 0: cluster   9: 28.94 MB/s (16 MB 0.55 s)
IODDR1@0.0: RM 0: [RMEM] booting up server
IODDR1@0.0: RM 0: [RMEM] server alive
IODDR0@0.0: RM 0: [IODDR0] spawning kernels
IODDR0@0.0: RM 0: cluster   0: 84.54 MB/s (16 MB 0.19 s)
IODDR0@0.0: RM 0: cluster   1: 70.83 MB/s (16 MB 0.23 s)
IODDR0@0.0: RM 0: cluster   2: 47.57 MB/s (16 MB 0.34 s)
IODDR0@0.0: RM 0: [IODDR0] waiting kernels
IODDR0@0.0: RM 0: [IODDR0] waiting kernels
IODDR0@0.0: RM 0: cluster   3: 41.69 MB/s (16 MB 0.38 s)
IODDR0@0.0: RM 0: cluster   4: 40.95 MB/s (16 MB 0.39 s)
IODDR0@0.0: RM 0: cluster   5: 48.03 MB/s (16 MB 0.33 s)
IODDR0@0.0: RM 0: cluster   6: 46.56 MB/s (16 MB 0.34 s)
IODDR0@0.0: RM 0: cluster   7: 33.03 MB/s (16 MB 0.48 s)
IODDR0@0.0: RM 0: cluster   8: 32.34 MB/s (16 MB 0.49 s)
IODDR0@0.0: RM 0: cluster   9: 32.49 MB/s (16 MB 0.49 s)
IODDR0@0.0: RM 0: cluster  10: 38.29 MB/s (16 MB 0.42 s)
IODDR1@0.0: RM 0: [RMEM] booting up server
IODDR1@0.0: RM 0: [RMEM] server alive
IODDR0@0.0: RM 0: [IODDR0] spawning kernels
IODDR0@0.0: RM 0: cluster   0: 71.97 MB/s (16 MB 0.22 s)
IODDR0@0.0: RM 0: cluster   1: 57.82 MB/s (16 MB 0.28 s)
IODDR0@0.0: RM 0: cluster   2: 61.07 MB/s (16 MB 0.26 s)
IODDR0@0.0: RM 0: [IODDR0] waiting kernels
IODDR0@0.0: RM 0: cluster   3: 31.16 MB/s (16 MB 0.51 s)
IODDR0@0.0: RM 0: cluster   4: 30.48 MB/s (16 MB 0.53 s)
IODDR0@0.0: RM 0: cluster   5: 30.11 MB/s (16 MB 0.53 s)
IODDR0@0.0: RM 0: cluster   7: 25.12 MB/s (16 MB 0.64 s)
IODDR0@0.0: RM 0: cluster   6: 25.09 MB/s (16 MB 0.64 s)
IODDR0@0.0: RM 0: cluster   8: 27.36 MB/s (16 MB 0.58 s)
IODDR0@0.0: RM 0: cluster   9: 33.97 MB/s (16 MB 0.47 s)
IODDR0@0.0: RM 0: cluster  10: 34.35 MB/s (16 MB 0.47 s)
IODDR1@0.0: RM 0: [RMEM] booting up server
IODDR1@0.0: RM 0: [RMEM] server alive
IODDR0@0.0: RM 0: [IODDR0] spawning kernels
IODDR0@0.0: RM 0: cluster   0: 84.53 MB/s (16 MB 0.19 s)
IODDR0@0.0: RM 0: cluster   1: 42.92 MB/s (16 MB 0.37 s)
IODDR0@0.0: RM 0: cluster   2: 39.73 MB/s (16 MB 0.40 s)
IODDR0@0.0: RM 0: cluster   3: 35.91 MB/s (16 MB 0.45 s)
IODDR0@0.0: RM 0: [IODDR0] waiting kernels
IODDR0@0.0: RM 0: cluster   4: 32.88 MB/s (16 MB 0.49 s)
IODDR0@0.0: RM 0: cluster   5: 31.92 MB/s (16 MB 0.50 s)
IODDR0@0.0: RM 0: cluster   6: 24.16 MB/s (16 MB 0.66 s)
IODDR0@0.0: RM 0: cluster   7: 23.93 MB/s (16 MB 0.67 s)
IODDR0@0.0: RM 0: cluster   8: 23.98 MB/s (16 MB 0.67 s)
IODDR0@0.0: RM 0: cluster   9: 26.93 MB/s (16 MB 0.59 s)
IODDR0@0.0: RM 0: cluster  10: 31.06 MB/s (16 MB 0.52 s)
IODDR1@0.0: RM 0: [RMEM] booting up server
IODDR1@0.0: RM 0: [RMEM] server alive
IODDR0@0.0: RM 0: [IODDR0] spawning kernels
IODDR0@0.0: RM 0: cluster   0: 70.79 MB/s (16 MB 0.23 s)
IODDR0@0.0: RM 0: cluster   1: 68.76 MB/s (16 MB 0.23 s)
IODDR0@0.0: RM 0: cluster   2: 58.39 MB/s (16 MB 0.27 s)
IODDR0@0.0: RM 0: [IODDR0] waiting kernels
IODDR0@0.0: RM 0: cluster   3: 30.77 MB/s (16 MB 0.52 s)
IODDR0@0.0: RM 0: cluster   4: 30.03 MB/s (16 MB 0.53 s)
IODDR0@0.0: RM 0: cluster   5: 25.45 MB/s (16 MB 0.63 s)
IODDR0@0.0: RM 0: cluster   6: 25.29 MB/s (16 MB 0.63 s)
IODDR0@0.0: RM 0: cluster   7: 25.29 MB/s (16 MB 0.63 s)
IODDR0@0.0: RM 0: cluster   8: 25.49 MB/s (16 MB 0.63 s)
IODDR0@0.0: RM 0: cluster   9: 28.78 MB/s (16 MB 0.56 s)
IODDR0@0.0: RM 0: cluster  10: 33.49 MB/s (16 MB 0.48 s)
IODDR1@0.0: RM 0: [RMEM] booting up server
IODDR1@0.0: RM 0: [RMEM] server alive
IODDR0@0.0: RM 0: [IODDR0] spawning kernels
IODDR0@0.0: RM 0: cluster   0: 84.54 MB/s (16 MB 0.19 s)
IODDR0@0.0: RM 0: cluster   1: 70.80 MB/s (16 MB 0.23 s)
IODDR0@0.0: RM 0: cluster   2: 55.87 MB/s (16 MB 0.29 s)
IODDR0@0.0: RM 0: cluster   3: 53.52 MB/s (16 MB 0.30 s)
IODDR0@0.0: RM 0: cluster   4: 55.01 MB/s (16 MB 0.29 s)
IODDR0@0.0: RM 0: [IODDR0] waiting kernels
IODDR0@0.0: RM 0: cluster   5: 35.52 MB/s (16 MB 0.45 s)
IODDR0@0.0: RM 0: cluster   6: 34.01 MB/s (16 MB 0.47 s)
IODDR0@0.0: RM 0: cluster   7: 29.77 MB/s (16 MB 0.54 s)
IODDR0@0.0: RM 0: cluster   8: 29.74 MB/s (16 MB 0.54 s)
IODDR0@0.0: RM 0: cluster   9: 36.40 MB/s (16 MB 0.44 s)
IODDR0@0.0: RM 0: cluster  10: 36.88 MB/s (16 MB 0.43 s)
IODDR1@0.0: RM 0: [RMEM] booting up server
IODDR1@0.0: RM 0: [RMEM] server alive
IODDR0@0.0: RM 0: [IODDR0] spawning kernels
IODDR0@0.0: RM 0: cluster   0: 84.54 MB/s (16 MB 0.19 s)
IODDR0@0.0: RM 0: cluster   1: 69.70 MB/s (16 MB 0.23 s)
IODDR0@0.0: RM 0: cluster   2: 52.91 MB/s (16 MB 0.30 s)
IODDR0@0.0: RM 0: cluster   3: 44.04 MB/s (16 MB 0.36 s)
IODDR0@0.0: RM 0: [IODDR0] waiting kernels
IODDR0@0.0: RM 0: [IODDR0] waiting kernels
IODDR0@0.0: RM 0: cluster   4: 38.78 MB/s (16 MB 0.41 s)
IODDR0@0.0: RM 0: cluster   5: 37.28 MB/s (16 MB 0.43 s)
IODDR0@0.0: RM 0: cluster   6: 36.84 MB/s (16 MB 0.43 s)
IODDR0@0.0: RM 0: cluster   7: 29.46 MB/s (16 MB 0.54 s)
IODDR0@0.0: RM 0: cluster   8: 29.41 MB/s (16 MB 0.54 s)
IODDR0@0.0: RM 0: cluster   9: 29.78 MB/s (16 MB 0.54 s)
IODDR0@0.0: RM 0: cluster  10: 34.54 MB/s (16 MB 0.46 s)
