IODDR1@0.0: RM 0: [RMEM] booting up server
IODDR1@0.0: RM 0: [RMEM] server alive
IODDR0@0.0: RM 0: [IODDR0] spawning kernels
IODDR0@0.0: RM 0: cluster   0: 84.53 MB/s (16 MB 0.19 s)
IODDR0@0.0: RM 0: cluster   1: 69.55 MB/s (16 MB 0.23 s)
IODDR0@0.0: RM 0: cluster   2: 69.34 MB/s (16 MB 0.23 s)
IODDR0@0.0: RM 0: cluster   3: 69.36 MB/s (16 MB 0.23 s)
IODDR0@0.0: RM 0: cluster   4: 68.91 MB/s (16 MB 0.23 s)
IODDR0@0.0: RM 0: [IODDR0] waiting kernels
IODDR0@0.0: RM 0: [IODDR0] waiting kernels
IODDR0@0.0: RM 0: cluster   5: 59.12 MB/s (16 MB 0.27 s)
IODDR0@0.0: RM 0: cluster   6: 58.50 MB/s (16 MB 0.27 s)
IODDR0@0.0: RM 0: cluster   7: 62.84 MB/s (16 MB 0.25 s)
IODDR0@0.0: RM 0: cluster   8: 62.62 MB/s (16 MB 0.26 s)
IODDR0@0.0: RM 0: cluster   9: 57.74 MB/s (16 MB 0.28 s)
IODDR0@0.0: RM 0: cluster  10: 58.34 MB/s (16 MB 0.27 s)
IODDR1@0.0: RM 0: [RMEM] booting up server
IODDR1@0.0: RM 0: [RMEM] server alive
IODDR0@0.0: RM 0: [IODDR0] spawning kernels
IODDR0@0.0: RM 0: cluster   0: 77.91 MB/s (16 MB 0.21 s)
IODDR0@0.0: RM 0: cluster   1: 71.02 MB/s (16 MB 0.23 s)
IODDR0@0.0: RM 0: cluster   2: 70.11 MB/s (16 MB 0.23 s)
IODDR0@0.0: RM 0: cluster   3: 58.26 MB/s (16 MB 0.27 s)
IODDR0@0.0: RM 0: cluster   4: 52.60 MB/s (16 MB 0.30 s)
IODDR0@0.0: RM 0: cluster   5: 50.57 MB/s (16 MB 0.32 s)
IODDR0@0.0: RM 0: [IODDR0] waiting kernels
IODDR0@0.0: RM 0: cluster   6: 53.90 MB/s (16 MB 0.30 s)
IODDR0@0.0: RM 0: cluster   7: 53.85 MB/s (16 MB 0.30 s)
IODDR0@0.0: RM 0: cluster   8: 47.93 MB/s (16 MB 0.33 s)
IODDR0@0.0: RM 0: cluster   9: 49.07 MB/s (16 MB 0.33 s)
IODDR0@0.0: RM 0: cluster  10: 55.30 MB/s (16 MB 0.29 s)
IODDR1@0.0: RM 0: [RMEM] booting up server
IODDR1@0.0: RM 0: [RMEM] server alive
IODDR0@0.0: RM 0: [IODDR0] spawning kernels
IODDR0@0.0: RM 0: cluster   0: 78.54 MB/s (16 MB 0.20 s)
IODDR0@0.0: RM 0: cluster   1: 71.59 MB/s (16 MB 0.22 s)
IODDR0@0.0: RM 0: cluster   2: 76.42 MB/s (16 MB 0.21 s)
IODDR0@0.0: RM 0: [IODDR0] waiting kernels
IODDR0@0.0: RM 0: cluster   4: 39.78 MB/s (16 MB 0.40 s)
IODDR0@0.0: RM 0: cluster   3: 38.64 MB/s (16 MB 0.41 s)
IODDR0@0.0: RM 0: cluster   5: 37.88 MB/s (16 MB 0.42 s)
IODDR0@0.0: RM 0: cluster   6: 39.85 MB/s (16 MB 0.40 s)
IODDR0@0.0: RM 0: cluster   7: 46.14 MB/s (16 MB 0.35 s)
IODDR0@0.0: RM 0: cluster   8: 44.69 MB/s (16 MB 0.36 s)
IODDR0@0.0: RM 0: cluster   9: 47.45 MB/s (16 MB 0.34 s)
IODDR0@0.0: RM 0: cluster  10: 47.95 MB/s (16 MB 0.33 s)
IODDR1@0.0: RM 0: [RMEM] booting up server
IODDR1@0.0: RM 0: [RMEM] server alive
IODDR0@0.0: RM 0: [IODDR0] spawning kernels
IODDR0@0.0: RM 0: cluster   0: 78.50 MB/s (16 MB 0.20 s)
IODDR0@0.0: RM 0: cluster   1: 71.07 MB/s (16 MB 0.23 s)
IODDR0@0.0: RM 0: cluster   2: 75.86 MB/s (16 MB 0.21 s)
IODDR0@0.0: RM 0: [IODDR0] waiting kernels
IODDR0@0.0: RM 0: cluster   3: 41.35 MB/s (16 MB 0.39 s)
IODDR0@0.0: RM 0: cluster   5: 39.04 MB/s (16 MB 0.41 s)
IODDR0@0.0: RM 0: cluster   4: 38.33 MB/s (16 MB 0.42 s)
IODDR0@0.0: RM 0: cluster   6: 42.65 MB/s (16 MB 0.38 s)
IODDR0@0.0: RM 0: cluster   7: 63.42 MB/s (16 MB 0.25 s)
IODDR0@0.0: RM 0: cluster   8: 45.65 MB/s (16 MB 0.35 s)
IODDR0@0.0: RM 0: cluster   9: 45.64 MB/s (16 MB 0.35 s)
IODDR0@0.0: RM 0: cluster  10: 46.55 MB/s (16 MB 0.34 s)
IODDR1@0.0: RM 0: [RMEM] booting up server
IODDR1@0.0: RM 0: [RMEM] server alive
IODDR0@0.0: RM 0: [IODDR0] spawning kernels
IODDR0@0.0: RM 0: cluster   0: 84.54 MB/s (16 MB 0.19 s)
IODDR0@0.0: RM 0: cluster   2: 56.07 MB/s (16 MB 0.29 s)
IODDR0@0.0: RM 0: cluster   1: 53.68 MB/s (16 MB 0.30 s)
IODDR0@0.0: RM 0: cluster   3: 48.33 MB/s (16 MB 0.33 s)
IODDR0@0.0: RM 0: cluster   4: 50.21 MB/s (16 MB 0.32 s)
IODDR0@0.0: RM 0: [IODDR0] waiting kernels
IODDR0@0.0: RM 0: cluster   5: 47.34 MB/s (16 MB 0.34 s)
IODDR0@0.0: RM 0: cluster   6: 41.95 MB/s (16 MB 0.38 s)
IODDR0@0.0: RM 0: cluster   7: 35.59 MB/s (16 MB 0.45 s)
IODDR0@0.0: RM 0: cluster   8: 35.57 MB/s (16 MB 0.45 s)
IODDR0@0.0: RM 0: cluster   9: 41.00 MB/s (16 MB 0.39 s)
IODDR0@0.0: RM 0: cluster  10: 49.13 MB/s (16 MB 0.33 s)
IODDR1@0.0: RM 0: [RMEM] booting up server
IODDR1@0.0: RM 0: [RMEM] server alive
IODDR0@0.0: RM 0: [IODDR0] spawning kernels
IODDR0@0.0: RM 0: cluster   0: 84.53 MB/s (16 MB 0.19 s)
IODDR0@0.0: RM 0: cluster   1: 77.72 MB/s (16 MB 0.21 s)
IODDR0@0.0: RM 0: cluster   2: 49.24 MB/s (16 MB 0.32 s)
IODDR0@0.0: RM 0: [IODDR0] waiting kernels
IODDR0@0.0: RM 0: [IODDR0] waiting kernels
IODDR0@0.0: RM 0: cluster   3: 33.73 MB/s (16 MB 0.47 s)
IODDR0@0.0: RM 0: cluster   4: 32.57 MB/s (16 MB 0.49 s)
IODDR0@0.0: RM 0: cluster   5: 31.90 MB/s (16 MB 0.50 s)
IODDR0@0.0: RM 0: cluster   6: 28.75 MB/s (16 MB 0.56 s)
IODDR0@0.0: RM 0: cluster   7: 28.73 MB/s (16 MB 0.56 s)
IODDR0@0.0: RM 0: cluster   9: 33.94 MB/s (16 MB 0.47 s)
IODDR0@0.0: RM 0: cluster   8: 34.26 MB/s (16 MB 0.47 s)
IODDR0@0.0: RM 0: cluster  10: 40.94 MB/s (16 MB 0.39 s)
IODDR1@0.0: RM 0: [RMEM] booting up server
IODDR1@0.0: RM 0: [RMEM] server alive
IODDR0@0.0: RM 0: [IODDR0] spawning kernels
IODDR0@0.0: RM 0: cluster   0: 78.49 MB/s (16 MB 0.20 s)
IODDR0@0.0: RM 0: cluster   1: 71.56 MB/s (16 MB 0.22 s)
IODDR0@0.0: RM 0: cluster   2: 76.44 MB/s (16 MB 0.21 s)
IODDR0@0.0: RM 0: [IODDR0] waiting kernels
IODDR0@0.0: RM 0: cluster   3: 41.33 MB/s (16 MB 0.39 s)
IODDR0@0.0: RM 0: cluster   4: 39.94 MB/s (16 MB 0.40 s)
IODDR0@0.0: RM 0: cluster   5: 39.90 MB/s (16 MB 0.40 s)
IODDR0@0.0: RM 0: cluster   6: 46.40 MB/s (16 MB 0.34 s)
IODDR0@0.0: RM 0: cluster   7: 55.04 MB/s (16 MB 0.29 s)
IODDR0@0.0: RM 0: cluster   8: 41.51 MB/s (16 MB 0.39 s)
IODDR0@0.0: RM 0: cluster   9: 41.48 MB/s (16 MB 0.39 s)
IODDR0@0.0: RM 0: cluster  10: 42.24 MB/s (16 MB 0.38 s)
IODDR1@0.0: RM 0: [RMEM] booting up server
IODDR1@0.0: RM 0: [RMEM] server alive
IODDR0@0.0: RM 0: [IODDR0] spawning kernels
IODDR0@0.0: RM 0: cluster   0: 49.05 MB/s (16 MB 0.33 s)
IODDR0@0.0: RM 0: cluster   2: 47.20 MB/s (16 MB 0.34 s)
IODDR0@0.0: RM 0: cluster   1: 41.16 MB/s (16 MB 0.39 s)
IODDR0@0.0: RM 0: cluster   3: 41.67 MB/s (16 MB 0.38 s)
IODDR0@0.0: RM 0: [IODDR0] waiting kernels
IODDR0@0.0: RM 0: [IODDR0] waiting kernels
IODDR0@0.0: RM 0: cluster   4: 54.02 MB/s (16 MB 0.30 s)
IODDR0@0.0: RM 0: cluster   5: 36.73 MB/s (16 MB 0.44 s)
IODDR0@0.0: RM 0: cluster   6: 34.79 MB/s (16 MB 0.46 s)
IODDR0@0.0: RM 0: cluster   7: 34.39 MB/s (16 MB 0.47 s)
IODDR0@0.0: RM 0: cluster   8: 35.15 MB/s (16 MB 0.46 s)
IODDR0@0.0: RM 0: cluster   9: 46.27 MB/s (16 MB 0.35 s)
IODDR0@0.0: RM 0: cluster  10: 47.04 MB/s (16 MB 0.34 s)
IODDR1@0.0: RM 0: [RMEM] booting up server
IODDR1@0.0: RM 0: [RMEM] server alive
IODDR0@0.0: RM 0: [IODDR0] spawning kernels
IODDR0@0.0: RM 0: cluster   0: 49.05 MB/s (16 MB 0.33 s)
IODDR0@0.0: RM 0: cluster   2: 47.21 MB/s (16 MB 0.34 s)
IODDR0@0.0: RM 0: cluster   1: 41.16 MB/s (16 MB 0.39 s)
IODDR0@0.0: RM 0: cluster   3: 41.67 MB/s (16 MB 0.38 s)
IODDR0@0.0: RM 0: [IODDR0] waiting kernels
IODDR0@0.0: RM 0: [IODDR0] waiting kernels
IODDR0@0.0: RM 0: cluster   4: 55.01 MB/s (16 MB 0.29 s)
IODDR0@0.0: RM 0: cluster   5: 37.72 MB/s (16 MB 0.42 s)
IODDR0@0.0: RM 0: cluster   6: 34.73 MB/s (16 MB 0.46 s)
IODDR0@0.0: RM 0: cluster   7: 34.52 MB/s (16 MB 0.46 s)
IODDR0@0.0: RM 0: cluster   8: 35.16 MB/s (16 MB 0.46 s)
IODDR0@0.0: RM 0: cluster   9: 46.29 MB/s (16 MB 0.35 s)
IODDR0@0.0: RM 0: cluster  10: 47.07 MB/s (16 MB 0.34 s)
IODDR1@0.0: RM 0: [RMEM] booting up server
IODDR1@0.0: RM 0: [RMEM] server alive
IODDR0@0.0: RM 0: [IODDR0] spawning kernels
IODDR0@0.0: RM 0: cluster   0: 84.54 MB/s (16 MB 0.19 s)
IODDR0@0.0: RM 0: cluster   1: 77.69 MB/s (16 MB 0.21 s)
IODDR0@0.0: RM 0: cluster   2: 70.93 MB/s (16 MB 0.23 s)
IODDR0@0.0: RM 0: cluster   3: 55.62 MB/s (16 MB 0.29 s)
IODDR0@0.0: RM 0: cluster   4: 45.35 MB/s (16 MB 0.35 s)
IODDR0@0.0: RM 0: cluster   5: 45.33 MB/s (16 MB 0.35 s)
IODDR0@0.0: RM 0: cluster   6: 51.39 MB/s (16 MB 0.31 s)
IODDR0@0.0: RM 0: [IODDR0] waiting kernels
IODDR0@0.0: RM 0: cluster   7: 56.92 MB/s (16 MB 0.28 s)
IODDR0@0.0: RM 0: cluster   8: 44.97 MB/s (16 MB 0.36 s)
IODDR0@0.0: RM 0: cluster   9: 44.98 MB/s (16 MB 0.36 s)
IODDR0@0.0: RM 0: cluster  10: 53.59 MB/s (16 MB 0.30 s)
