IODDR1@0.0: RM 0: [RMEM] booting up server
IODDR1@0.0: RM 0: [RMEM] server alive
IODDR0@0.0: RM 0: [IODDR0] spawning kernels
IODDR0@0.0: RM 0: cluster   0: 78.52 MB/s (16 MB 0.20 s)
IODDR0@0.0: RM 0: cluster   1: 71.59 MB/s (16 MB 0.22 s)
IODDR0@0.0: RM 0: cluster   2: 76.41 MB/s (16 MB 0.21 s)
IODDR0@0.0: RM 0: cluster   3: 45.72 MB/s (16 MB 0.35 s)
IODDR0@0.0: RM 0: cluster   4: 44.04 MB/s (16 MB 0.36 s)
IODDR0@0.0: RM 0: cluster   5: 43.68 MB/s (16 MB 0.37 s)
IODDR0@0.0: RM 0: cluster   6: 55.50 MB/s (16 MB 0.29 s)
IODDR0@0.0: RM 0: cluster   7: 70.23 MB/s (16 MB 0.23 s)
IODDR0@0.0: RM 0: [IODDR0] waiting kernels
IODDR0@0.0: RM 0: cluster   8: 40.05 MB/s (16 MB 0.40 s)
IODDR0@0.0: RM 0: cluster   9: 37.93 MB/s (16 MB 0.42 s)
IODDR0@0.0: RM 0: cluster  10: 37.57 MB/s (16 MB 0.43 s)
IODDR0@0.0: RM 0: cluster  11: 42.40 MB/s (16 MB 0.38 s)
IODDR0@0.0: RM 0: cluster  12: 62.79 MB/s (16 MB 0.25 s)
IODDR0@0.0: RM 0: cluster  13: 45.14 MB/s (16 MB 0.35 s)
IODDR0@0.0: RM 0: cluster  14: 45.13 MB/s (16 MB 0.35 s)
IODDR0@0.0: RM 0: cluster  15: 46.01 MB/s (16 MB 0.35 s)
IODDR1@0.0: RM 0: [RMEM] booting up server
IODDR1@0.0: RM 0: [RMEM] server alive
IODDR0@0.0: RM 0: [IODDR0] spawning kernels
IODDR0@0.0: RM 0: cluster   0: 84.53 MB/s (16 MB 0.19 s)
IODDR0@0.0: RM 0: cluster   1: 78.30 MB/s (16 MB 0.20 s)
IODDR0@0.0: RM 0: cluster   2: 59.40 MB/s (16 MB 0.27 s)
IODDR0@0.0: RM 0: cluster   3: 54.58 MB/s (16 MB 0.29 s)
IODDR0@0.0: RM 0: cluster   4: 54.55 MB/s (16 MB 0.29 s)
IODDR0@0.0: RM 0: cluster   5: 67.08 MB/s (16 MB 0.24 s)
IODDR0@0.0: RM 0: cluster   6: 74.05 MB/s (16 MB 0.22 s)
IODDR0@0.0: RM 0: cluster   7: 41.47 MB/s (16 MB 0.39 s)
IODDR0@0.0: RM 0: cluster   9: 38.64 MB/s (16 MB 0.41 s)
IODDR0@0.0: RM 0: cluster   8: 38.26 MB/s (16 MB 0.42 s)
IODDR0@0.0: RM 0: cluster  10: 41.83 MB/s (16 MB 0.38 s)
IODDR0@0.0: RM 0: [IODDR0] waiting kernels
IODDR0@0.0: RM 0: cluster  11: 52.63 MB/s (16 MB 0.30 s)
IODDR0@0.0: RM 0: cluster  12: 44.74 MB/s (16 MB 0.36 s)
IODDR0@0.0: RM 0: cluster  13: 40.09 MB/s (16 MB 0.40 s)
IODDR0@0.0: RM 0: cluster  14: 40.60 MB/s (16 MB 0.39 s)
IODDR0@0.0: RM 0: cluster  15: 48.51 MB/s (16 MB 0.33 s)
IODDR1@0.0: RM 0: [RMEM] booting up server
IODDR1@0.0: RM 0: [RMEM] server alive
IODDR0@0.0: RM 0: [IODDR0] spawning kernels
IODDR0@0.0: RM 0: cluster   0: 84.55 MB/s (16 MB 0.19 s)
IODDR0@0.0: RM 0: cluster   2: 77.03 MB/s (16 MB 0.21 s)
IODDR0@0.0: RM 0: cluster   1: 70.79 MB/s (16 MB 0.23 s)
IODDR0@0.0: RM 0: cluster   3: 69.84 MB/s (16 MB 0.23 s)
IODDR0@0.0: RM 0: cluster   4: 55.59 MB/s (16 MB 0.29 s)
IODDR0@0.0: RM 0: cluster   5: 44.60 MB/s (16 MB 0.36 s)
IODDR0@0.0: RM 0: cluster   6: 44.14 MB/s (16 MB 0.36 s)
IODDR0@0.0: RM 0: cluster   7: 49.77 MB/s (16 MB 0.32 s)
IODDR0@0.0: RM 0: cluster   8: 55.08 MB/s (16 MB 0.29 s)
IODDR0@0.0: RM 0: cluster   9: 45.26 MB/s (16 MB 0.35 s)
IODDR0@0.0: RM 0: cluster  10: 45.27 MB/s (16 MB 0.35 s)
IODDR0@0.0: RM 0: cluster  11: 52.94 MB/s (16 MB 0.30 s)
IODDR0@0.0: RM 0: [IODDR0] waiting kernels
IODDR0@0.0: RM 0: cluster  12: 57.60 MB/s (16 MB 0.28 s)
IODDR0@0.0: RM 0: cluster  13: 44.90 MB/s (16 MB 0.36 s)
IODDR0@0.0: RM 0: cluster  14: 44.89 MB/s (16 MB 0.36 s)
IODDR0@0.0: RM 0: cluster  15: 53.45 MB/s (16 MB 0.30 s)
IODDR1@0.0: RM 0: [RMEM] booting up server
IODDR1@0.0: RM 0: [RMEM] server alive
IODDR0@0.0: RM 0: [IODDR0] spawning kernels
IODDR0@0.0: RM 0: cluster   0: 66.16 MB/s (16 MB 0.24 s)
IODDR0@0.0: RM 0: cluster   1: 47.57 MB/s (16 MB 0.34 s)
IODDR0@0.0: RM 0: cluster   2: 47.54 MB/s (16 MB 0.34 s)
IODDR0@0.0: RM 0: cluster   3: 53.27 MB/s (16 MB 0.30 s)
IODDR0@0.0: RM 0: cluster   4: 50.63 MB/s (16 MB 0.32 s)
IODDR0@0.0: RM 0: cluster   5: 36.46 MB/s (16 MB 0.44 s)
IODDR0@0.0: RM 0: cluster   6: 35.17 MB/s (16 MB 0.45 s)
IODDR0@0.0: RM 0: cluster   7: 35.14 MB/s (16 MB 0.46 s)
IODDR0@0.0: RM 0: [IODDR0] waiting kernels
IODDR0@0.0: RM 0: [IODDR0] waiting kernels
IODDR0@0.0: RM 0: cluster   8: 39.03 MB/s (16 MB 0.41 s)
IODDR0@0.0: RM 0: cluster   9: 38.40 MB/s (16 MB 0.42 s)
IODDR0@0.0: RM 0: cluster  10: 35.76 MB/s (16 MB 0.45 s)
IODDR0@0.0: RM 0: cluster  11: 32.14 MB/s (16 MB 0.50 s)
IODDR0@0.0: RM 0: cluster  12: 32.11 MB/s (16 MB 0.50 s)
IODDR0@0.0: RM 0: cluster  13: 34.62 MB/s (16 MB 0.46 s)
IODDR0@0.0: RM 0: cluster  14: 44.74 MB/s (16 MB 0.36 s)
IODDR0@0.0: RM 0: cluster  15: 45.94 MB/s (16 MB 0.35 s)
IODDR1@0.0: RM 0: [RMEM] booting up server
IODDR1@0.0: RM 0: [RMEM] server alive
IODDR0@0.0: RM 0: [IODDR0] spawning kernels
IODDR0@0.0: RM 0: cluster   0: 78.50 MB/s (16 MB 0.20 s)
IODDR0@0.0: RM 0: cluster   1: 71.58 MB/s (16 MB 0.22 s)
IODDR0@0.0: RM 0: cluster   2: 76.41 MB/s (16 MB 0.21 s)
IODDR0@0.0: RM 0: cluster   3: 41.34 MB/s (16 MB 0.39 s)
IODDR0@0.0: RM 0: cluster   4: 39.93 MB/s (16 MB 0.40 s)
IODDR0@0.0: RM 0: cluster   5: 39.91 MB/s (16 MB 0.40 s)
IODDR0@0.0: RM 0: cluster   6: 46.59 MB/s (16 MB 0.34 s)
IODDR0@0.0: RM 0: cluster   8: 60.54 MB/s (16 MB 0.26 s)
IODDR0@0.0: RM 0: [IODDR0] waiting kernels
IODDR0@0.0: RM 0: cluster   7: 35.27 MB/s (16 MB 0.45 s)
IODDR0@0.0: RM 0: cluster   9: 34.02 MB/s (16 MB 0.47 s)
IODDR0@0.0: RM 0: cluster  10: 33.96 MB/s (16 MB 0.47 s)
IODDR0@0.0: RM 0: cluster  11: 34.78 MB/s (16 MB 0.46 s)
IODDR0@0.0: RM 0: cluster  12: 37.55 MB/s (16 MB 0.43 s)
IODDR0@0.0: RM 0: cluster  13: 43.47 MB/s (16 MB 0.37 s)
IODDR0@0.0: RM 0: cluster  14: 43.46 MB/s (16 MB 0.37 s)
IODDR0@0.0: RM 0: cluster  15: 44.27 MB/s (16 MB 0.36 s)
IODDR1@0.0: RM 0: [RMEM] booting up server
IODDR1@0.0: RM 0: [RMEM] server alive
IODDR0@0.0: RM 0: [IODDR0] spawning kernels
IODDR0@0.0: RM 0: cluster   0: 57.92 MB/s (16 MB 0.28 s)
IODDR0@0.0: RM 0: cluster   1: 57.20 MB/s (16 MB 0.28 s)
IODDR0@0.0: RM 0: cluster   2: 61.79 MB/s (16 MB 0.26 s)
IODDR0@0.0: RM 0: cluster   4: 29.77 MB/s (16 MB 0.54 s)
IODDR0@0.0: RM 0: cluster   3: 28.19 MB/s (16 MB 0.57 s)
IODDR0@0.0: RM 0: cluster   6: 27.36 MB/s (16 MB 0.58 s)
IODDR0@0.0: RM 0: cluster   5: 27.36 MB/s (16 MB 0.58 s)
IODDR0@0.0: RM 0: cluster   7: 27.72 MB/s (16 MB 0.58 s)
IODDR0@0.0: RM 0: [IODDR0] waiting kernels
IODDR0@0.0: RM 0: [IODDR0] waiting kernels
IODDR0@0.0: RM 0: cluster   8: 28.48 MB/s (16 MB 0.56 s)
IODDR0@0.0: RM 0: cluster   9: 30.36 MB/s (16 MB 0.53 s)
IODDR0@0.0: RM 0: cluster  10: 29.02 MB/s (16 MB 0.55 s)
IODDR0@0.0: RM 0: cluster  11: 27.24 MB/s (16 MB 0.59 s)
IODDR0@0.0: RM 0: cluster  12: 27.23 MB/s (16 MB 0.59 s)
IODDR0@0.0: RM 0: cluster  13: 29.51 MB/s (16 MB 0.54 s)
IODDR0@0.0: RM 0: cluster  14: 38.94 MB/s (16 MB 0.41 s)
IODDR0@0.0: RM 0: cluster  15: 39.54 MB/s (16 MB 0.40 s)
IODDR1@0.0: RM 0: [RMEM] booting up server
IODDR1@0.0: RM 0: [RMEM] server alive
IODDR0@0.0: RM 0: [IODDR0] spawning kernels
IODDR0@0.0: RM 0: cluster   0: 84.53 MB/s (16 MB 0.19 s)
IODDR0@0.0: RM 0: cluster   1: 36.89 MB/s (16 MB 0.43 s)
IODDR0@0.0: RM 0: cluster   2: 35.93 MB/s (16 MB 0.45 s)
IODDR0@0.0: RM 0: cluster   3: 35.28 MB/s (16 MB 0.45 s)
IODDR0@0.0: RM 0: cluster   4: 33.11 MB/s (16 MB 0.48 s)
IODDR0@0.0: RM 0: cluster   5: 32.76 MB/s (16 MB 0.49 s)
IODDR0@0.0: RM 0: [IODDR0] waiting kernels
IODDR0@0.0: RM 0: [IODDR0] waiting kernels
IODDR0@0.0: RM 0: cluster   6: 29.22 MB/s (16 MB 0.55 s)
IODDR0@0.0: RM 0: cluster   7: 28.69 MB/s (16 MB 0.56 s)
IODDR0@0.0: RM 0: cluster   8: 27.88 MB/s (16 MB 0.57 s)
IODDR0@0.0: RM 0: cluster   9: 27.08 MB/s (16 MB 0.59 s)
IODDR0@0.0: RM 0: cluster  10: 27.19 MB/s (16 MB 0.59 s)
IODDR0@0.0: RM 0: cluster  11: 28.26 MB/s (16 MB 0.57 s)
IODDR0@0.0: RM 0: cluster  12: 30.88 MB/s (16 MB 0.52 s)
IODDR0@0.0: RM 0: cluster  13: 33.58 MB/s (16 MB 0.48 s)
IODDR0@0.0: RM 0: cluster  14: 38.97 MB/s (16 MB 0.41 s)
IODDR0@0.0: RM 0: cluster  15: 39.87 MB/s (16 MB 0.40 s)
IODDR1@0.0: RM 0: [RMEM] booting up server
IODDR1@0.0: RM 0: [RMEM] server alive
IODDR0@0.0: RM 0: [IODDR0] spawning kernels
IODDR0@0.0: RM 0: cluster   0: 78.49 MB/s (16 MB 0.20 s)
IODDR0@0.0: RM 0: cluster   1: 58.23 MB/s (16 MB 0.27 s)
IODDR0@0.0: RM 0: cluster   2: 50.32 MB/s (16 MB 0.32 s)
IODDR0@0.0: RM 0: cluster   3: 49.11 MB/s (16 MB 0.33 s)
IODDR0@0.0: RM 0: cluster   5: 45.87 MB/s (16 MB 0.35 s)
IODDR0@0.0: RM 0: cluster   4: 46.18 MB/s (16 MB 0.35 s)
IODDR0@0.0: RM 0: cluster   6: 47.91 MB/s (16 MB 0.33 s)
IODDR0@0.0: RM 0: cluster   7: 59.27 MB/s (16 MB 0.27 s)
IODDR0@0.0: RM 0: cluster   8: 59.23 MB/s (16 MB 0.27 s)
IODDR0@0.0: RM 0: cluster   9: 73.64 MB/s (16 MB 0.22 s)
IODDR0@0.0: RM 0: [IODDR0] waiting kernels
IODDR0@0.0: RM 0: cluster  10: 57.06 MB/s (16 MB 0.28 s)
IODDR0@0.0: RM 0: cluster  11: 50.27 MB/s (16 MB 0.32 s)
IODDR0@0.0: RM 0: cluster  12: 48.53 MB/s (16 MB 0.33 s)
IODDR0@0.0: RM 0: cluster  13: 44.05 MB/s (16 MB 0.36 s)
IODDR0@0.0: RM 0: cluster  14: 44.66 MB/s (16 MB 0.36 s)
IODDR0@0.0: RM 0: cluster  15: 52.06 MB/s (16 MB 0.31 s)
IODDR1@0.0: RM 0: [RMEM] booting up server
IODDR1@0.0: RM 0: [RMEM] server alive
IODDR0@0.0: RM 0: [IODDR0] spawning kernels
IODDR0@0.0: RM 0: cluster   0: 77.91 MB/s (16 MB 0.21 s)
IODDR0@0.0: RM 0: cluster   1: 70.99 MB/s (16 MB 0.23 s)
IODDR0@0.0: RM 0: cluster   2: 68.57 MB/s (16 MB 0.23 s)
IODDR0@0.0: RM 0: cluster   3: 68.26 MB/s (16 MB 0.23 s)
IODDR0@0.0: RM 0: cluster   4: 46.42 MB/s (16 MB 0.34 s)
IODDR0@0.0: RM 0: cluster   5: 32.17 MB/s (16 MB 0.50 s)
IODDR0@0.0: RM 0: cluster   6: 30.58 MB/s (16 MB 0.52 s)
IODDR0@0.0: RM 0: cluster   7: 29.96 MB/s (16 MB 0.53 s)
IODDR0@0.0: RM 0: cluster   8: 29.86 MB/s (16 MB 0.54 s)
IODDR0@0.0: RM 0: [IODDR0] waiting kernels
IODDR0@0.0: RM 0: cluster   9: 29.40 MB/s (16 MB 0.54 s)
IODDR0@0.0: RM 0: cluster  10: 29.38 MB/s (16 MB 0.54 s)
IODDR0@0.0: RM 0: cluster  11: 31.01 MB/s (16 MB 0.52 s)
IODDR0@0.0: RM 0: cluster  12: 30.27 MB/s (16 MB 0.53 s)
IODDR0@0.0: RM 0: cluster  13: 30.36 MB/s (16 MB 0.53 s)
IODDR0@0.0: RM 0: cluster  14: 35.42 MB/s (16 MB 0.45 s)
IODDR0@0.0: RM 0: cluster  15: 42.63 MB/s (16 MB 0.38 s)
IODDR1@0.0: RM 0: [RMEM] booting up server
IODDR1@0.0: RM 0: [RMEM] server alive
IODDR0@0.0: RM 0: [IODDR0] spawning kernels
IODDR0@0.0: RM 0: cluster   0: 84.51 MB/s (16 MB 0.19 s)
IODDR0@0.0: RM 0: cluster   1: 55.96 MB/s (16 MB 0.29 s)
IODDR0@0.0: RM 0: cluster   2: 54.69 MB/s (16 MB 0.29 s)
IODDR0@0.0: RM 0: cluster   3: 50.13 MB/s (16 MB 0.32 s)
IODDR0@0.0: RM 0: cluster   4: 57.37 MB/s (16 MB 0.28 s)
IODDR0@0.0: RM 0: cluster   5: 64.46 MB/s (16 MB 0.25 s)
IODDR0@0.0: RM 0: cluster   6: 39.66 MB/s (16 MB 0.40 s)
IODDR0@0.0: RM 0: cluster   7: 38.09 MB/s (16 MB 0.42 s)
IODDR0@0.0: RM 0: cluster   8: 37.58 MB/s (16 MB 0.43 s)
IODDR0@0.0: RM 0: cluster   9: 40.19 MB/s (16 MB 0.40 s)
IODDR0@0.0: RM 0: cluster  10: 55.29 MB/s (16 MB 0.29 s)
IODDR0@0.0: RM 0: cluster  11: 63.93 MB/s (16 MB 0.25 s)
IODDR0@0.0: RM 0: [IODDR0] waiting kernels
IODDR0@0.0: RM 0: cluster  12: 39.25 MB/s (16 MB 0.41 s)
IODDR0@0.0: RM 0: cluster  13: 38.51 MB/s (16 MB 0.42 s)
IODDR0@0.0: RM 0: cluster  14: 38.94 MB/s (16 MB 0.41 s)
IODDR0@0.0: RM 0: cluster  15: 45.66 MB/s (16 MB 0.35 s)
