IODDR1@0.0: RM 0: [RMEM] booting up server
IODDR1@0.0: RM 0: [RMEM] server alive
IODDR0@0.0: RM 0: [IODDR0] spawning kernels
IODDR0@0.0: RM 0: cluster   0: 84.53 MB/s (16 MB 0.19 s)
IODDR0@0.0: RM 0: [IODDR0] waiting kernels
IODDR0@0.0: RM 0: [IODDR0] waiting kernels
IODDR0@0.0: RM 0: cluster   2: 58.61 MB/s (16 MB 0.27 s)
IODDR0@0.0: RM 0: cluster   1: 57.88 MB/s (16 MB 0.28 s)
IODDR0@0.0: RM 0: cluster   3: 62.86 MB/s (16 MB 0.25 s)
IODDR0@0.0: RM 0: cluster   4: 34.34 MB/s (16 MB 0.47 s)
IODDR0@0.0: RM 0: cluster   7: 32.63 MB/s (16 MB 0.49 s)
IODDR0@0.0: RM 0: cluster   5: 32.37 MB/s (16 MB 0.49 s)
IODDR0@0.0: RM 0: cluster   6: 34.91 MB/s (16 MB 0.46 s)
IODDR0@0.0: RM 0: cluster   8: 36.01 MB/s (16 MB 0.44 s)
IODDR1@0.0: RM 0: [RMEM] booting up server
IODDR1@0.0: RM 0: [RMEM] server alive
IODDR0@0.0: RM 0: [IODDR0] spawning kernels
IODDR0@0.0: RM 0: cluster   0: 78.53 MB/s (16 MB 0.20 s)
IODDR0@0.0: RM 0: cluster   1: 71.60 MB/s (16 MB 0.22 s)
IODDR0@0.0: RM 0: cluster   2: 76.40 MB/s (16 MB 0.21 s)
IODDR0@0.0: RM 0: [IODDR0] waiting kernels
IODDR0@0.0: RM 0: cluster   3: 45.40 MB/s (16 MB 0.35 s)
IODDR0@0.0: RM 0: cluster   4: 43.59 MB/s (16 MB 0.37 s)
IODDR0@0.0: RM 0: cluster   5: 41.81 MB/s (16 MB 0.38 s)
IODDR0@0.0: RM 0: cluster   6: 41.40 MB/s (16 MB 0.39 s)
IODDR0@0.0: RM 0: cluster   7: 47.66 MB/s (16 MB 0.34 s)
IODDR0@0.0: RM 0: cluster   8: 48.28 MB/s (16 MB 0.33 s)
IODDR1@0.0: RM 0: [RMEM] booting up server
IODDR1@0.0: RM 0: [RMEM] server alive
IODDR0@0.0: RM 0: [IODDR0] spawning kernels
IODDR0@0.0: RM 0: cluster   0: 78.51 MB/s (16 MB 0.20 s)
IODDR0@0.0: RM 0: cluster   1: 71.53 MB/s (16 MB 0.22 s)
IODDR0@0.0: RM 0: cluster   2: 76.42 MB/s (16 MB 0.21 s)
IODDR0@0.0: RM 0: [IODDR0] waiting kernels
IODDR0@0.0: RM 0: cluster   3: 40.95 MB/s (16 MB 0.39 s)
IODDR0@0.0: RM 0: cluster   4: 37.81 MB/s (16 MB 0.42 s)
IODDR0@0.0: RM 0: cluster   5: 36.41 MB/s (16 MB 0.44 s)
IODDR0@0.0: RM 0: cluster   6: 36.22 MB/s (16 MB 0.44 s)
IODDR0@0.0: RM 0: cluster   8: 47.59 MB/s (16 MB 0.34 s)
IODDR0@0.0: RM 0: cluster   7: 48.33 MB/s (16 MB 0.33 s)
IODDR1@0.0: RM 0: [RMEM] booting up server
IODDR1@0.0: RM 0: [RMEM] server alive
IODDR0@0.0: RM 0: [IODDR0] spawning kernels
IODDR0@0.0: RM 0: cluster   0: 78.54 MB/s (16 MB 0.20 s)
IODDR0@0.0: RM 0: cluster   1: 71.12 MB/s (16 MB 0.22 s)
IODDR0@0.0: RM 0: cluster   2: 75.87 MB/s (16 MB 0.21 s)
IODDR0@0.0: RM 0: [IODDR0] waiting kernels
IODDR0@0.0: RM 0: cluster   3: 48.40 MB/s (16 MB 0.33 s)
IODDR0@0.0: RM 0: cluster   4: 43.77 MB/s (16 MB 0.37 s)
IODDR0@0.0: RM 0: cluster   5: 33.34 MB/s (16 MB 0.48 s)
IODDR0@0.0: RM 0: cluster   6: 33.33 MB/s (16 MB 0.48 s)
IODDR0@0.0: RM 0: cluster   7: 38.22 MB/s (16 MB 0.42 s)
IODDR0@0.0: RM 0: cluster   8: 45.85 MB/s (16 MB 0.35 s)
IODDR1@0.0: RM 0: [RMEM] booting up server
IODDR1@0.0: RM 0: [RMEM] server alive
IODDR0@0.0: RM 0: [IODDR0] spawning kernels
IODDR0@0.0: RM 0: cluster   0: 84.54 MB/s (16 MB 0.19 s)
IODDR0@0.0: RM 0: cluster   1: 78.28 MB/s (16 MB 0.20 s)
IODDR0@0.0: RM 0: [IODDR0] waiting kernels
IODDR0@0.0: RM 0: cluster   2: 59.43 MB/s (16 MB 0.27 s)
IODDR0@0.0: RM 0: cluster   3: 57.50 MB/s (16 MB 0.28 s)
IODDR0@0.0: RM 0: cluster   4: 58.05 MB/s (16 MB 0.28 s)
IODDR0@0.0: RM 0: cluster   5: 48.66 MB/s (16 MB 0.33 s)
IODDR0@0.0: RM 0: cluster   6: 46.80 MB/s (16 MB 0.34 s)
IODDR0@0.0: RM 0: cluster   7: 46.75 MB/s (16 MB 0.34 s)
IODDR0@0.0: RM 0: cluster   8: 47.77 MB/s (16 MB 0.33 s)
IODDR1@0.0: RM 0: [RMEM] booting up server
IODDR1@0.0: RM 0: [RMEM] server alive
IODDR0@0.0: RM 0: [IODDR0] spawning kernels
IODDR0@0.0: RM 0: cluster   0: 84.53 MB/s (16 MB 0.19 s)
IODDR0@0.0: RM 0: cluster   1: 77.10 MB/s (16 MB 0.21 s)
IODDR0@0.0: RM 0: [IODDR0] waiting kernels
IODDR0@0.0: RM 0: [IODDR0] waiting kernels
IODDR0@0.0: RM 0: cluster   2: 59.04 MB/s (16 MB 0.27 s)
IODDR0@0.0: RM 0: cluster   3: 46.44 MB/s (16 MB 0.34 s)
IODDR0@0.0: RM 0: cluster   4: 46.42 MB/s (16 MB 0.34 s)
IODDR0@0.0: RM 0: cluster   5: 55.29 MB/s (16 MB 0.29 s)
IODDR0@0.0: RM 0: cluster   6: 47.13 MB/s (16 MB 0.34 s)
IODDR0@0.0: RM 0: cluster   8: 46.59 MB/s (16 MB 0.34 s)
IODDR0@0.0: RM 0: cluster   7: 46.80 MB/s (16 MB 0.34 s)
IODDR1@0.0: RM 0: [RMEM] booting up server
IODDR1@0.0: RM 0: [RMEM] server alive
IODDR0@0.0: RM 0: [IODDR0] spawning kernels
IODDR0@0.0: RM 0: cluster   0: 84.54 MB/s (16 MB 0.19 s)
IODDR0@0.0: RM 0: cluster   1: 84.20 MB/s (16 MB 0.19 s)
IODDR0@0.0: RM 0: [IODDR0] waiting kernels
IODDR0@0.0: RM 0: cluster   2: 42.97 MB/s (16 MB 0.37 s)
IODDR0@0.0: RM 0: cluster   3: 40.48 MB/s (16 MB 0.40 s)
IODDR0@0.0: RM 0: cluster   4: 39.67 MB/s (16 MB 0.40 s)
IODDR0@0.0: RM 0: cluster   5: 37.20 MB/s (16 MB 0.43 s)
IODDR0@0.0: RM 0: cluster   6: 37.52 MB/s (16 MB 0.43 s)
IODDR0@0.0: RM 0: cluster   8: 46.92 MB/s (16 MB 0.34 s)
IODDR0@0.0: RM 0: cluster   7: 47.41 MB/s (16 MB 0.34 s)
IODDR1@0.0: RM 0: [RMEM] booting up server
IODDR1@0.0: RM 0: [RMEM] server alive
IODDR0@0.0: RM 0: [IODDR0] spawning kernels
IODDR0@0.0: RM 0: cluster   0: 84.53 MB/s (16 MB 0.19 s)
IODDR0@0.0: RM 0: cluster   1: 69.54 MB/s (16 MB 0.23 s)
IODDR0@0.0: RM 0: cluster   2: 69.30 MB/s (16 MB 0.23 s)
IODDR0@0.0: RM 0: cluster   3: 76.90 MB/s (16 MB 0.21 s)
IODDR0@0.0: RM 0: [IODDR0] waiting kernels
IODDR0@0.0: RM 0: cluster   4: 58.53 MB/s (16 MB 0.27 s)
IODDR0@0.0: RM 0: cluster   5: 42.87 MB/s (16 MB 0.37 s)
IODDR0@0.0: RM 0: cluster   6: 41.49 MB/s (16 MB 0.39 s)
IODDR0@0.0: RM 0: cluster   7: 46.42 MB/s (16 MB 0.34 s)
IODDR0@0.0: RM 0: cluster   8: 54.54 MB/s (16 MB 0.29 s)
IODDR1@0.0: RM 0: [RMEM] booting up server
IODDR1@0.0: RM 0: [RMEM] server alive
IODDR0@0.0: RM 0: [IODDR0] spawning kernels
IODDR0@0.0: RM 0: cluster   0: 84.53 MB/s (16 MB 0.19 s)
IODDR0@0.0: RM 0: cluster   1: 78.32 MB/s (16 MB 0.20 s)
IODDR0@0.0: RM 0: [IODDR0] waiting kernels
IODDR0@0.0: RM 0: cluster   2: 59.43 MB/s (16 MB 0.27 s)
IODDR0@0.0: RM 0: cluster   3: 54.63 MB/s (16 MB 0.29 s)
IODDR0@0.0: RM 0: cluster   4: 54.60 MB/s (16 MB 0.29 s)
IODDR0@0.0: RM 0: cluster   5: 67.03 MB/s (16 MB 0.24 s)
IODDR0@0.0: RM 0: cluster   6: 55.80 MB/s (16 MB 0.29 s)
IODDR0@0.0: RM 0: cluster   7: 55.70 MB/s (16 MB 0.29 s)
IODDR0@0.0: RM 0: cluster   8: 56.68 MB/s (16 MB 0.28 s)
IODDR1@0.0: RM 0: [RMEM] booting up server
IODDR1@0.0: RM 0: [RMEM] server alive
IODDR0@0.0: RM 0: [IODDR0] spawning kernels
IODDR0@0.0: RM 0: [IODDR0] waiting kernels
IODDR0@0.0: RM 0: [IODDR0] waiting kernels
IODDR0@0.0: RM 0: cluster   0: 56.23 MB/s (16 MB 0.28 s)
IODDR0@0.0: RM 0: cluster   1: 53.81 MB/s (16 MB 0.30 s)
IODDR0@0.0: RM 0: cluster   2: 53.72 MB/s (16 MB 0.30 s)
IODDR0@0.0: RM 0: cluster   3: 61.00 MB/s (16 MB 0.26 s)
IODDR0@0.0: RM 0: cluster   4: 38.81 MB/s (16 MB 0.41 s)
IODDR0@0.0: RM 0: cluster   6: 37.27 MB/s (16 MB 0.43 s)
IODDR0@0.0: RM 0: cluster   5: 37.25 MB/s (16 MB 0.43 s)
IODDR0@0.0: RM 0: cluster   7: 45.48 MB/s (16 MB 0.35 s)
IODDR0@0.0: RM 0: cluster   8: 46.71 MB/s (16 MB 0.34 s)
