IODDR1@0.0: RM 0: [RMEM] booting up server
IODDR1@0.0: RM 0: [RMEM] server alive
IODDR0@0.0: RM 0: [IODDR0] spawning kernels
IODDR0@0.0: RM 0: cluster   0: 84.53 MB/s (16 MB 0.19 s)
IODDR0@0.0: RM 0: cluster   2: 44.78 MB/s (16 MB 0.36 s)
IODDR0@0.0: RM 0: cluster   1: 42.45 MB/s (16 MB 0.38 s)
IODDR0@0.0: RM 0: cluster   3: 38.09 MB/s (16 MB 0.42 s)
IODDR0@0.0: RM 0: cluster   4: 37.27 MB/s (16 MB 0.43 s)
IODDR0@0.0: RM 0: cluster   5: 36.76 MB/s (16 MB 0.44 s)
IODDR0@0.0: RM 0: [IODDR0] waiting kernels
IODDR0@0.0: RM 0: cluster   6: 25.40 MB/s (16 MB 0.63 s)
IODDR0@0.0: RM 0: cluster   7: 24.91 MB/s (16 MB 0.64 s)
IODDR0@0.0: RM 0: cluster   8: 24.74 MB/s (16 MB 0.65 s)
IODDR0@0.0: RM 0: cluster   9: 24.57 MB/s (16 MB 0.65 s)
IODDR0@0.0: RM 0: cluster  10: 24.82 MB/s (16 MB 0.64 s)
IODDR0@0.0: RM 0: cluster  11: 27.80 MB/s (16 MB 0.58 s)
IODDR0@0.0: RM 0: cluster  12: 32.51 MB/s (16 MB 0.49 s)
IODDR1@0.0: RM 0: [RMEM] booting up server
IODDR1@0.0: RM 0: [RMEM] server alive
IODDR0@0.0: RM 0: [IODDR0] spawning kernels
IODDR0@0.0: RM 0: cluster   0: 84.53 MB/s (16 MB 0.19 s)
IODDR0@0.0: RM 0: cluster   1: 60.97 MB/s (16 MB 0.26 s)
IODDR0@0.0: RM 0: cluster   2: 50.06 MB/s (16 MB 0.32 s)
IODDR0@0.0: RM 0: cluster   3: 51.19 MB/s (16 MB 0.31 s)
IODDR0@0.0: RM 0: cluster   4: 53.37 MB/s (16 MB 0.30 s)
IODDR0@0.0: RM 0: [IODDR0] waiting kernels
IODDR0@0.0: RM 0: cluster   5: 28.98 MB/s (16 MB 0.55 s)
IODDR0@0.0: RM 0: cluster   6: 27.76 MB/s (16 MB 0.58 s)
IODDR0@0.0: RM 0: cluster   7: 27.36 MB/s (16 MB 0.58 s)
IODDR0@0.0: RM 0: cluster   8: 26.05 MB/s (16 MB 0.61 s)
IODDR0@0.0: RM 0: cluster   9: 26.13 MB/s (16 MB 0.61 s)
IODDR0@0.0: RM 0: cluster  10: 26.34 MB/s (16 MB 0.61 s)
IODDR0@0.0: RM 0: cluster  11: 29.86 MB/s (16 MB 0.54 s)
IODDR0@0.0: RM 0: cluster  12: 35.11 MB/s (16 MB 0.46 s)
IODDR1@0.0: RM 0: [RMEM] booting up server
IODDR1@0.0: RM 0: [RMEM] server alive
IODDR0@0.0: RM 0: [IODDR0] spawning kernels
IODDR0@0.0: RM 0: cluster   0: 84.54 MB/s (16 MB 0.19 s)
IODDR0@0.0: RM 0: cluster   2: 38.20 MB/s (16 MB 0.42 s)
IODDR0@0.0: RM 0: cluster   1: 36.76 MB/s (16 MB 0.44 s)
IODDR0@0.0: RM 0: cluster   3: 30.31 MB/s (16 MB 0.53 s)
IODDR0@0.0: RM 0: cluster   4: 29.89 MB/s (16 MB 0.54 s)
IODDR0@0.0: RM 0: [IODDR0] waiting kernels
IODDR0@0.0: RM 0: cluster   5: 27.18 MB/s (16 MB 0.59 s)
IODDR0@0.0: RM 0: cluster   6: 26.77 MB/s (16 MB 0.60 s)
IODDR0@0.0: RM 0: cluster   7: 25.57 MB/s (16 MB 0.63 s)
IODDR0@0.0: RM 0: cluster   8: 24.50 MB/s (16 MB 0.65 s)
IODDR0@0.0: RM 0: cluster   9: 24.51 MB/s (16 MB 0.65 s)
IODDR0@0.0: RM 0: cluster  10: 27.96 MB/s (16 MB 0.57 s)
IODDR0@0.0: RM 0: cluster  11: 31.50 MB/s (16 MB 0.51 s)
IODDR0@0.0: RM 0: cluster  12: 31.85 MB/s (16 MB 0.50 s)
IODDR1@0.0: RM 0: [RMEM] booting up server
IODDR1@0.0: RM 0: [RMEM] server alive
IODDR0@0.0: RM 0: [IODDR0] spawning kernels
IODDR0@0.0: RM 0: cluster   0: 84.55 MB/s (16 MB 0.19 s)
IODDR0@0.0: RM 0: cluster   2: 54.40 MB/s (16 MB 0.29 s)
IODDR0@0.0: RM 0: cluster   1: 35.61 MB/s (16 MB 0.45 s)
IODDR0@0.0: RM 0: cluster   3: 34.64 MB/s (16 MB 0.46 s)
IODDR0@0.0: RM 0: cluster   4: 34.56 MB/s (16 MB 0.46 s)
IODDR0@0.0: RM 0: [IODDR0] waiting kernels
IODDR0@0.0: RM 0: cluster   5: 28.36 MB/s (16 MB 0.56 s)
IODDR0@0.0: RM 0: cluster   6: 28.01 MB/s (16 MB 0.57 s)
IODDR0@0.0: RM 0: cluster   7: 26.26 MB/s (16 MB 0.61 s)
IODDR0@0.0: RM 0: cluster   8: 23.29 MB/s (16 MB 0.69 s)
IODDR0@0.0: RM 0: cluster   9: 23.28 MB/s (16 MB 0.69 s)
IODDR0@0.0: RM 0: cluster  10: 24.99 MB/s (16 MB 0.64 s)
IODDR0@0.0: RM 0: cluster  11: 31.37 MB/s (16 MB 0.51 s)
IODDR0@0.0: RM 0: cluster  12: 31.72 MB/s (16 MB 0.50 s)
IODDR1@0.0: RM 0: [RMEM] booting up server
IODDR1@0.0: RM 0: [RMEM] server alive
IODDR0@0.0: RM 0: [IODDR0] spawning kernels
IODDR0@0.0: RM 0: cluster   0: 84.53 MB/s (16 MB 0.19 s)
IODDR0@0.0: RM 0: cluster   1: 60.99 MB/s (16 MB 0.26 s)
IODDR0@0.0: RM 0: cluster   2: 50.05 MB/s (16 MB 0.32 s)
IODDR0@0.0: RM 0: cluster   3: 51.19 MB/s (16 MB 0.31 s)
IODDR0@0.0: RM 0: [IODDR0] waiting kernels
IODDR0@0.0: RM 0: [IODDR0] waiting kernels
IODDR0@0.0: RM 0: cluster   4: 48.40 MB/s (16 MB 0.33 s)
IODDR0@0.0: RM 0: cluster   5: 24.81 MB/s (16 MB 0.65 s)
IODDR0@0.0: RM 0: cluster   6: 23.64 MB/s (16 MB 0.68 s)
IODDR0@0.0: RM 0: cluster   7: 23.41 MB/s (16 MB 0.68 s)
IODDR0@0.0: RM 0: cluster   8: 23.21 MB/s (16 MB 0.69 s)
IODDR0@0.0: RM 0: cluster   9: 24.25 MB/s (16 MB 0.66 s)
IODDR0@0.0: RM 0: cluster  10: 25.78 MB/s (16 MB 0.62 s)
IODDR0@0.0: RM 0: cluster  11: 28.90 MB/s (16 MB 0.55 s)
IODDR0@0.0: RM 0: cluster  12: 29.21 MB/s (16 MB 0.55 s)
IODDR1@0.0: RM 0: [RMEM] booting up server
IODDR1@0.0: RM 0: [RMEM] server alive
IODDR0@0.0: RM 0: [IODDR0] spawning kernels
IODDR0@0.0: RM 0: cluster   0: 84.55 MB/s (16 MB 0.19 s)
IODDR0@0.0: RM 0: cluster   1: 53.15 MB/s (16 MB 0.30 s)
IODDR0@0.0: RM 0: cluster   2: 52.47 MB/s (16 MB 0.30 s)
IODDR0@0.0: RM 0: cluster   3: 53.07 MB/s (16 MB 0.30 s)
IODDR0@0.0: RM 0: cluster   4: 44.99 MB/s (16 MB 0.36 s)
IODDR0@0.0: RM 0: cluster   5: 38.73 MB/s (16 MB 0.41 s)
IODDR0@0.0: RM 0: [IODDR0] waiting kernels
IODDR0@0.0: RM 0: [IODDR0] waiting kernels
IODDR0@0.0: RM 0: cluster   6: 33.72 MB/s (16 MB 0.47 s)
IODDR0@0.0: RM 0: cluster   7: 33.44 MB/s (16 MB 0.48 s)
IODDR0@0.0: RM 0: cluster   8: 31.12 MB/s (16 MB 0.51 s)
IODDR0@0.0: RM 0: cluster   9: 29.87 MB/s (16 MB 0.54 s)
IODDR0@0.0: RM 0: cluster  10: 30.03 MB/s (16 MB 0.53 s)
IODDR0@0.0: RM 0: cluster  11: 36.14 MB/s (16 MB 0.44 s)
IODDR0@0.0: RM 0: cluster  12: 37.01 MB/s (16 MB 0.43 s)
IODDR1@0.0: RM 0: [RMEM] booting up server
IODDR1@0.0: RM 0: [RMEM] server alive
IODDR0@0.0: RM 0: [IODDR0] spawning kernels
IODDR0@0.0: RM 0: cluster   0: 84.53 MB/s (16 MB 0.19 s)
IODDR0@0.0: RM 0: cluster   1: 70.80 MB/s (16 MB 0.23 s)
IODDR0@0.0: RM 0: cluster   2: 55.88 MB/s (16 MB 0.29 s)
IODDR0@0.0: RM 0: cluster   3: 46.89 MB/s (16 MB 0.34 s)
IODDR0@0.0: RM 0: [IODDR0] waiting kernels
IODDR0@0.0: RM 0: [IODDR0] waiting kernels
IODDR0@0.0: RM 0: cluster   4: 39.58 MB/s (16 MB 0.40 s)
IODDR0@0.0: RM 0: cluster   5: 33.32 MB/s (16 MB 0.48 s)
IODDR0@0.0: RM 0: cluster   6: 33.18 MB/s (16 MB 0.48 s)
IODDR0@0.0: RM 0: cluster   7: 35.00 MB/s (16 MB 0.46 s)
IODDR0@0.0: RM 0: cluster   8: 35.48 MB/s (16 MB 0.45 s)
IODDR0@0.0: RM 0: cluster   9: 37.56 MB/s (16 MB 0.43 s)
IODDR0@0.0: RM 0: cluster  10: 36.25 MB/s (16 MB 0.44 s)
IODDR0@0.0: RM 0: cluster  12: 36.23 MB/s (16 MB 0.44 s)
IODDR0@0.0: RM 0: cluster  11: 36.56 MB/s (16 MB 0.44 s)
IODDR1@0.0: RM 0: [RMEM] booting up server
IODDR1@0.0: RM 0: [RMEM] server alive
IODDR0@0.0: RM 0: [IODDR0] spawning kernels
IODDR0@0.0: RM 0: cluster   0: 84.55 MB/s (16 MB 0.19 s)
IODDR0@0.0: RM 0: cluster   1: 82.68 MB/s (16 MB 0.19 s)
IODDR0@0.0: RM 0: cluster   2: 38.27 MB/s (16 MB 0.42 s)
IODDR0@0.0: RM 0: cluster   3: 35.97 MB/s (16 MB 0.44 s)
IODDR0@0.0: RM 0: cluster   4: 35.49 MB/s (16 MB 0.45 s)
IODDR0@0.0: RM 0: cluster   5: 36.40 MB/s (16 MB 0.44 s)
IODDR0@0.0: RM 0: [IODDR0] waiting kernels
IODDR0@0.0: RM 0: cluster   6: 36.25 MB/s (16 MB 0.44 s)
IODDR0@0.0: RM 0: cluster   7: 35.23 MB/s (16 MB 0.45 s)
IODDR0@0.0: RM 0: cluster   8: 26.42 MB/s (16 MB 0.61 s)
IODDR0@0.0: RM 0: cluster   9: 26.10 MB/s (16 MB 0.61 s)
IODDR0@0.0: RM 0: cluster  10: 26.20 MB/s (16 MB 0.61 s)
IODDR0@0.0: RM 0: cluster  11: 32.23 MB/s (16 MB 0.50 s)
IODDR0@0.0: RM 0: cluster  12: 32.88 MB/s (16 MB 0.49 s)
IODDR1@0.0: RM 0: [RMEM] booting up server
IODDR1@0.0: RM 0: [RMEM] server alive
IODDR0@0.0: RM 0: [IODDR0] spawning kernels
IODDR0@0.0: RM 0: cluster   0: 70.84 MB/s (16 MB 0.23 s)
IODDR0@0.0: RM 0: cluster   1: 47.18 MB/s (16 MB 0.34 s)
IODDR0@0.0: RM 0: cluster   2: 46.14 MB/s (16 MB 0.35 s)
IODDR0@0.0: RM 0: cluster   3: 46.05 MB/s (16 MB 0.35 s)
IODDR0@0.0: RM 0: [IODDR0] waiting kernels
IODDR0@0.0: RM 0: [IODDR0] waiting kernels
IODDR0@0.0: RM 0: cluster   6: 32.94 MB/s (16 MB 0.49 s)
IODDR0@0.0: RM 0: cluster   4: 32.24 MB/s (16 MB 0.50 s)
IODDR0@0.0: RM 0: cluster   5: 31.78 MB/s (16 MB 0.50 s)
IODDR0@0.0: RM 0: cluster   7: 31.18 MB/s (16 MB 0.51 s)
IODDR0@0.0: RM 0: cluster   8: 30.52 MB/s (16 MB 0.52 s)
IODDR0@0.0: RM 0: cluster   9: 32.18 MB/s (16 MB 0.50 s)
IODDR0@0.0: RM 0: cluster  10: 32.18 MB/s (16 MB 0.50 s)
IODDR0@0.0: RM 0: cluster  11: 35.21 MB/s (16 MB 0.45 s)
IODDR0@0.0: RM 0: cluster  12: 36.00 MB/s (16 MB 0.44 s)
IODDR1@0.0: RM 0: [RMEM] booting up server
IODDR1@0.0: RM 0: [RMEM] server alive
IODDR0@0.0: RM 0: [IODDR0] spawning kernels
IODDR0@0.0: RM 0: cluster   0: 84.53 MB/s (16 MB 0.19 s)
IODDR0@0.0: RM 0: cluster   1: 69.69 MB/s (16 MB 0.23 s)
IODDR0@0.0: RM 0: cluster   2: 54.39 MB/s (16 MB 0.29 s)
IODDR0@0.0: RM 0: cluster   3: 49.21 MB/s (16 MB 0.33 s)
IODDR0@0.0: RM 0: cluster   4: 40.26 MB/s (16 MB 0.40 s)
IODDR0@0.0: RM 0: [IODDR0] waiting kernels
IODDR0@0.0: RM 0: [IODDR0] waiting kernels
IODDR0@0.0: RM 0: cluster   6: 32.28 MB/s (16 MB 0.50 s)
IODDR0@0.0: RM 0: cluster   5: 29.87 MB/s (16 MB 0.54 s)
IODDR0@0.0: RM 0: cluster   7: 28.98 MB/s (16 MB 0.55 s)
IODDR0@0.0: RM 0: cluster   8: 28.15 MB/s (16 MB 0.57 s)
IODDR0@0.0: RM 0: cluster   9: 26.19 MB/s (16 MB 0.61 s)
IODDR0@0.0: RM 0: cluster  11: 26.32 MB/s (16 MB 0.61 s)
IODDR0@0.0: RM 0: cluster  10: 26.51 MB/s (16 MB 0.60 s)
IODDR0@0.0: RM 0: cluster  12: 30.77 MB/s (16 MB 0.52 s)
