IODDR1@0.0: RM 0: [RMEM] booting up server
IODDR1@0.0: RM 0: [RMEM] server alive
IODDR0@0.0: RM 0: [IODDR0] spawning kernels
IODDR0@0.0: RM 0: [IODDR0] waiting kernels
IODDR0@0.0: RM 0: cluster   0: 77.88 MB/s (16 MB 0.21 s)
IODDR0@0.0: RM 0: cluster   1: 57.78 MB/s (16 MB 0.28 s)
IODDR0@0.0: RM 0: cluster   2: 56.66 MB/s (16 MB 0.28 s)
IODDR0@0.0: RM 0: cluster   3: 57.24 MB/s (16 MB 0.28 s)
IODDR1@0.0: RM 0: [RMEM] booting up server
IODDR1@0.0: RM 0: [RMEM] server alive
IODDR0@0.0: RM 0: [IODDR0] spawning kernels
IODDR0@0.0: RM 0: [IODDR0] waiting kernels
IODDR0@0.0: RM 0: cluster   0: 77.26 MB/s (16 MB 0.21 s)
IODDR0@0.0: RM 0: cluster   1: 56.39 MB/s (16 MB 0.28 s)
IODDR0@0.0: RM 0: cluster   2: 55.73 MB/s (16 MB 0.29 s)
IODDR0@0.0: RM 0: cluster   3: 56.00 MB/s (16 MB 0.29 s)
IODDR1@0.0: RM 0: [RMEM] booting up server
IODDR1@0.0: RM 0: [RMEM] server alive
IODDR0@0.0: RM 0: [IODDR0] spawning kernels
IODDR0@0.0: RM 0: [IODDR0] waiting kernels
IODDR0@0.0: RM 0: cluster   0: 84.34 MB/s (16 MB 0.19 s)
IODDR0@0.0: RM 0: cluster   1: 47.43 MB/s (16 MB 0.34 s)
IODDR0@0.0: RM 0: cluster   2: 47.19 MB/s (16 MB 0.34 s)
IODDR0@0.0: RM 0: cluster   3: 47.39 MB/s (16 MB 0.34 s)
IODDR1@0.0: RM 0: [RMEM] booting up server
IODDR1@0.0: RM 0: [RMEM] server alive
IODDR0@0.0: RM 0: [IODDR0] spawning kernels
IODDR0@0.0: RM 0: [IODDR0] waiting kernels
IODDR0@0.0: RM 0: cluster   0: 77.91 MB/s (16 MB 0.21 s)
IODDR0@0.0: RM 0: cluster   1: 56.89 MB/s (16 MB 0.28 s)
IODDR0@0.0: RM 0: cluster   2: 55.84 MB/s (16 MB 0.29 s)
IODDR0@0.0: RM 0: cluster   3: 56.11 MB/s (16 MB 0.29 s)
IODDR1@0.0: RM 0: [RMEM] booting up server
IODDR1@0.0: RM 0: [RMEM] server alive
IODDR0@0.0: RM 0: [IODDR0] spawning kernels
IODDR0@0.0: RM 0: [IODDR0] waiting kernels
IODDR0@0.0: RM 0: cluster   0: 84.32 MB/s (16 MB 0.19 s)
IODDR0@0.0: RM 0: cluster   2: 47.46 MB/s (16 MB 0.34 s)
IODDR0@0.0: RM 0: cluster   1: 47.19 MB/s (16 MB 0.34 s)
IODDR0@0.0: RM 0: cluster   3: 47.41 MB/s (16 MB 0.34 s)
IODDR1@0.0: RM 0: [RMEM] booting up server
IODDR1@0.0: RM 0: [RMEM] server alive
IODDR0@0.0: RM 0: [IODDR0] spawning kernels
IODDR0@0.0: RM 0: [IODDR0] waiting kernels
IODDR0@0.0: RM 0: [IODDR0] waiting kernels
IODDR0@0.0: RM 0: cluster   0: 84.34 MB/s (16 MB 0.19 s)
IODDR0@0.0: RM 0: cluster   1: 63.39 MB/s (16 MB 0.25 s)
IODDR0@0.0: RM 0: cluster   2: 57.85 MB/s (16 MB 0.28 s)
IODDR0@0.0: RM 0: cluster   3: 58.14 MB/s (16 MB 0.28 s)
IODDR1@0.0: RM 0: [RMEM] booting up server
IODDR1@0.0: RM 0: [RMEM] server alive
IODDR0@0.0: RM 0: [IODDR0] spawning kernels
IODDR0@0.0: RM 0: [IODDR0] waiting kernels
IODDR0@0.0: RM 0: [IODDR0] waiting kernels
IODDR0@0.0: RM 0: cluster   0: 84.35 MB/s (16 MB 0.19 s)
IODDR0@0.0: RM 0: cluster   1: 65.09 MB/s (16 MB 0.25 s)
IODDR0@0.0: RM 0: cluster   2: 58.84 MB/s (16 MB 0.27 s)
IODDR0@0.0: RM 0: cluster   3: 59.19 MB/s (16 MB 0.27 s)
IODDR1@0.0: RM 0: [RMEM] booting up server
IODDR1@0.0: RM 0: [RMEM] server alive
IODDR0@0.0: RM 0: [IODDR0] spawning kernels
IODDR0@0.0: RM 0: [IODDR0] waiting kernels
IODDR0@0.0: RM 0: cluster   0: 84.32 MB/s (16 MB 0.19 s)
IODDR0@0.0: RM 0: cluster   1: 65.04 MB/s (16 MB 0.25 s)
IODDR0@0.0: RM 0: cluster   2: 58.84 MB/s (16 MB 0.27 s)
IODDR0@0.0: RM 0: cluster   3: 59.15 MB/s (16 MB 0.27 s)
IODDR1@0.0: RM 0: [RMEM] booting up server
IODDR1@0.0: RM 0: [RMEM] server alive
IODDR0@0.0: RM 0: [IODDR0] spawning kernels
IODDR0@0.0: RM 0: [IODDR0] waiting kernels
IODDR0@0.0: RM 0: cluster   0: 77.85 MB/s (16 MB 0.21 s)
IODDR0@0.0: RM 0: cluster   1: 57.78 MB/s (16 MB 0.28 s)
IODDR0@0.0: RM 0: cluster   2: 56.72 MB/s (16 MB 0.28 s)
IODDR0@0.0: RM 0: cluster   3: 57.27 MB/s (16 MB 0.28 s)
IODDR1@0.0: RM 0: [RMEM] booting up server
IODDR1@0.0: RM 0: [RMEM] server alive
IODDR0@0.0: RM 0: [IODDR0] spawning kernels
IODDR0@0.0: RM 0: [IODDR0] waiting kernels
IODDR0@0.0: RM 0: cluster   0: 84.35 MB/s (16 MB 0.19 s)
IODDR0@0.0: RM 0: cluster   1: 65.04 MB/s (16 MB 0.25 s)
IODDR0@0.0: RM 0: cluster   2: 58.84 MB/s (16 MB 0.27 s)
IODDR0@0.0: RM 0: cluster   3: 59.16 MB/s (16 MB 0.27 s)
