IODDR1@0.0: RM 0: [RMEM] booting up server
IODDR1@0.0: RM 0: [RMEM] server alive
IODDR0@0.0: RM 0: [IODDR0] spawning kernels
IODDR0@0.0: RM 0: cluster   0: 84.32 MB/s (16 MB 0.19 s)
IODDR0@0.0: RM 0: cluster   1: 55.45 MB/s (16 MB 0.29 s)
IODDR0@0.0: RM 0: cluster   2: 54.20 MB/s (16 MB 0.30 s)
IODDR0@0.0: RM 0: cluster   3: 45.70 MB/s (16 MB 0.35 s)
IODDR0@0.0: RM 0: cluster   4: 45.42 MB/s (16 MB 0.35 s)
IODDR0@0.0: RM 0: cluster   5: 38.48 MB/s (16 MB 0.42 s)
IODDR0@0.0: RM 0: cluster   6: 37.74 MB/s (16 MB 0.42 s)
IODDR0@0.0: RM 0: cluster   7: 38.53 MB/s (16 MB 0.42 s)
IODDR0@0.0: RM 0: cluster   8: 38.52 MB/s (16 MB 0.42 s)
IODDR0@0.0: RM 0: cluster   9: 46.09 MB/s (16 MB 0.35 s)
IODDR0@0.0: RM 0: [IODDR0] waiting kernels
IODDR0@0.0: RM 0: cluster  10: 46.29 MB/s (16 MB 0.35 s)
IODDR0@0.0: RM 0: cluster  11: 42.94 MB/s (16 MB 0.37 s)
IODDR0@0.0: RM 0: cluster  12: 43.01 MB/s (16 MB 0.37 s)
IODDR0@0.0: RM 0: cluster  13: 51.35 MB/s (16 MB 0.31 s)
IODDR1@0.0: RM 0: [RMEM] booting up server
IODDR1@0.0: RM 0: [RMEM] server alive
IODDR0@0.0: RM 0: [IODDR0] spawning kernels
IODDR0@0.0: RM 0: cluster   0: 78.34 MB/s (16 MB 0.20 s)
IODDR0@0.0: RM 0: cluster   1: 71.51 MB/s (16 MB 0.22 s)
IODDR0@0.0: RM 0: cluster   2: 76.27 MB/s (16 MB 0.21 s)
IODDR0@0.0: RM 0: cluster   3: 56.88 MB/s (16 MB 0.28 s)
IODDR0@0.0: RM 0: cluster   4: 30.74 MB/s (16 MB 0.52 s)
IODDR0@0.0: RM 0: cluster   5: 29.34 MB/s (16 MB 0.55 s)
IODDR0@0.0: RM 0: cluster   6: 29.17 MB/s (16 MB 0.55 s)
IODDR0@0.0: RM 0: cluster   7: 29.85 MB/s (16 MB 0.54 s)
IODDR0@0.0: RM 0: [IODDR0] waiting kernels
IODDR0@0.0: RM 0: cluster   8: 30.07 MB/s (16 MB 0.53 s)
IODDR0@0.0: RM 0: cluster   9: 31.05 MB/s (16 MB 0.52 s)
IODDR0@0.0: RM 0: cluster  10: 33.33 MB/s (16 MB 0.48 s)
IODDR0@0.0: RM 0: cluster  11: 34.63 MB/s (16 MB 0.46 s)
IODDR0@0.0: RM 0: cluster  12: 35.52 MB/s (16 MB 0.45 s)
IODDR0@0.0: RM 0: cluster  13: 43.06 MB/s (16 MB 0.37 s)
IODDR1@0.0: RM 0: [RMEM] booting up server
IODDR1@0.0: RM 0: [RMEM] server alive
IODDR0@0.0: RM 0: [IODDR0] spawning kernels
IODDR0@0.0: RM 0: cluster   0: 78.39 MB/s (16 MB 0.20 s)
IODDR0@0.0: RM 0: cluster   1: 71.47 MB/s (16 MB 0.22 s)
IODDR0@0.0: RM 0: cluster   2: 69.20 MB/s (16 MB 0.23 s)
IODDR0@0.0: RM 0: cluster   4: 68.34 MB/s (16 MB 0.23 s)
IODDR0@0.0: RM 0: cluster   3: 56.83 MB/s (16 MB 0.28 s)
IODDR0@0.0: RM 0: cluster   6: 46.05 MB/s (16 MB 0.35 s)
IODDR0@0.0: RM 0: cluster   5: 46.02 MB/s (16 MB 0.35 s)
IODDR0@0.0: RM 0: cluster   7: 53.36 MB/s (16 MB 0.30 s)
IODDR0@0.0: RM 0: [IODDR0] waiting kernels
IODDR0@0.0: RM 0: cluster   8: 58.20 MB/s (16 MB 0.27 s)
IODDR0@0.0: RM 0: cluster   9: 46.47 MB/s (16 MB 0.34 s)
IODDR0@0.0: RM 0: cluster  10: 46.46 MB/s (16 MB 0.34 s)
IODDR0@0.0: RM 0: cluster  11: 48.37 MB/s (16 MB 0.33 s)
IODDR0@0.0: RM 0: cluster  12: 58.26 MB/s (16 MB 0.27 s)
IODDR0@0.0: RM 0: cluster  13: 58.57 MB/s (16 MB 0.27 s)
IODDR1@0.0: RM 0: [RMEM] booting up server
IODDR1@0.0: RM 0: [RMEM] server alive
IODDR0@0.0: RM 0: [IODDR0] spawning kernels
IODDR0@0.0: RM 0: cluster   0: 78.38 MB/s (16 MB 0.20 s)
IODDR0@0.0: RM 0: cluster   1: 71.49 MB/s (16 MB 0.22 s)
IODDR0@0.0: RM 0: cluster   2: 69.67 MB/s (16 MB 0.23 s)
IODDR0@0.0: RM 0: cluster   3: 55.90 MB/s (16 MB 0.29 s)
IODDR0@0.0: RM 0: cluster   4: 42.21 MB/s (16 MB 0.38 s)
IODDR0@0.0: RM 0: cluster   5: 41.31 MB/s (16 MB 0.39 s)
IODDR0@0.0: RM 0: cluster   6: 46.40 MB/s (16 MB 0.34 s)
IODDR0@0.0: RM 0: cluster   7: 52.83 MB/s (16 MB 0.30 s)
IODDR0@0.0: RM 0: [IODDR0] waiting kernels
IODDR0@0.0: RM 0: cluster   8: 58.56 MB/s (16 MB 0.27 s)
IODDR0@0.0: RM 0: cluster   9: 46.61 MB/s (16 MB 0.34 s)
IODDR0@0.0: RM 0: cluster  10: 46.59 MB/s (16 MB 0.34 s)
IODDR0@0.0: RM 0: cluster  11: 49.46 MB/s (16 MB 0.32 s)
IODDR0@0.0: RM 0: cluster  12: 59.32 MB/s (16 MB 0.27 s)
IODDR0@0.0: RM 0: cluster  13: 59.62 MB/s (16 MB 0.27 s)
IODDR1@0.0: RM 0: [RMEM] booting up server
IODDR1@0.0: RM 0: [RMEM] server alive
IODDR0@0.0: RM 0: [IODDR0] spawning kernels
IODDR0@0.0: RM 0: cluster   0: 84.35 MB/s (16 MB 0.19 s)
IODDR0@0.0: RM 0: cluster   1: 78.14 MB/s (16 MB 0.20 s)
IODDR0@0.0: RM 0: cluster   2: 59.37 MB/s (16 MB 0.27 s)
IODDR0@0.0: RM 0: cluster   3: 57.47 MB/s (16 MB 0.28 s)
IODDR0@0.0: RM 0: cluster   4: 58.02 MB/s (16 MB 0.28 s)
IODDR0@0.0: RM 0: cluster   5: 68.36 MB/s (16 MB 0.23 s)
IODDR0@0.0: RM 0: cluster   6: 67.48 MB/s (16 MB 0.24 s)
IODDR0@0.0: RM 0: [IODDR0] waiting kernels
IODDR0@0.0: RM 0: cluster   7: 40.68 MB/s (16 MB 0.39 s)
IODDR0@0.0: RM 0: cluster   8: 39.23 MB/s (16 MB 0.41 s)
IODDR0@0.0: RM 0: cluster   9: 39.21 MB/s (16 MB 0.41 s)
IODDR0@0.0: RM 0: cluster  10: 44.74 MB/s (16 MB 0.36 s)
IODDR0@0.0: RM 0: cluster  11: 44.31 MB/s (16 MB 0.36 s)
IODDR0@0.0: RM 0: cluster  12: 44.28 MB/s (16 MB 0.36 s)
IODDR0@0.0: RM 0: cluster  13: 44.74 MB/s (16 MB 0.36 s)
IODDR1@0.0: RM 0: [RMEM] booting up server
IODDR1@0.0: RM 0: [RMEM] server alive
IODDR0@0.0: RM 0: [IODDR0] spawning kernels
IODDR0@0.0: RM 0: cluster   0: 84.33 MB/s (16 MB 0.19 s)
IODDR0@0.0: RM 0: cluster   1: 46.75 MB/s (16 MB 0.34 s)
IODDR0@0.0: RM 0: cluster   2: 43.88 MB/s (16 MB 0.36 s)
IODDR0@0.0: RM 0: cluster   3: 37.92 MB/s (16 MB 0.42 s)
IODDR0@0.0: RM 0: cluster   4: 38.35 MB/s (16 MB 0.42 s)
IODDR0@0.0: RM 0: cluster   5: 45.25 MB/s (16 MB 0.35 s)
IODDR0@0.0: RM 0: [IODDR0] waiting kernels
IODDR0@0.0: RM 0: [IODDR0] waiting kernels
IODDR0@0.0: RM 0: cluster   6: 42.98 MB/s (16 MB 0.37 s)
IODDR0@0.0: RM 0: cluster   7: 42.52 MB/s (16 MB 0.38 s)
IODDR0@0.0: RM 0: cluster   8: 43.12 MB/s (16 MB 0.37 s)
IODDR0@0.0: RM 0: cluster   9: 51.38 MB/s (16 MB 0.31 s)
IODDR0@0.0: RM 0: cluster  10: 56.52 MB/s (16 MB 0.28 s)
IODDR0@0.0: RM 0: cluster  11: 46.66 MB/s (16 MB 0.34 s)
IODDR0@0.0: RM 0: cluster  12: 49.92 MB/s (16 MB 0.32 s)
IODDR0@0.0: RM 0: cluster  13: 51.03 MB/s (16 MB 0.31 s)
IODDR1@0.0: RM 0: [RMEM] booting up server
IODDR1@0.0: RM 0: [RMEM] server alive
IODDR0@0.0: RM 0: [IODDR0] spawning kernels
IODDR0@0.0: RM 0: cluster   0: 84.35 MB/s (16 MB 0.19 s)
IODDR0@0.0: RM 0: cluster   1: 77.52 MB/s (16 MB 0.21 s)
IODDR0@0.0: RM 0: cluster   2: 70.83 MB/s (16 MB 0.23 s)
IODDR0@0.0: RM 0: cluster   3: 69.32 MB/s (16 MB 0.23 s)
IODDR0@0.0: RM 0: cluster   4: 56.58 MB/s (16 MB 0.28 s)
IODDR0@0.0: RM 0: cluster   5: 45.21 MB/s (16 MB 0.35 s)
IODDR0@0.0: RM 0: cluster   6: 45.20 MB/s (16 MB 0.35 s)
IODDR0@0.0: RM 0: cluster   7: 52.31 MB/s (16 MB 0.31 s)
IODDR0@0.0: RM 0: [IODDR0] waiting kernels
IODDR0@0.0: RM 0: cluster   8: 58.36 MB/s (16 MB 0.27 s)
IODDR0@0.0: RM 0: cluster   9: 54.05 MB/s (16 MB 0.30 s)
IODDR0@0.0: RM 0: cluster  10: 54.01 MB/s (16 MB 0.30 s)
IODDR0@0.0: RM 0: cluster  11: 52.70 MB/s (16 MB 0.30 s)
IODDR0@0.0: RM 0: cluster  12: 52.91 MB/s (16 MB 0.30 s)
IODDR0@0.0: RM 0: cluster  13: 53.15 MB/s (16 MB 0.30 s)
IODDR1@0.0: RM 0: [RMEM] booting up server
IODDR1@0.0: RM 0: [RMEM] server alive
IODDR0@0.0: RM 0: [IODDR0] spawning kernels
IODDR0@0.0: RM 0: cluster   0: 84.34 MB/s (16 MB 0.19 s)
IODDR0@0.0: RM 0: cluster   1: 83.94 MB/s (16 MB 0.19 s)
IODDR0@0.0: RM 0: cluster   2: 42.96 MB/s (16 MB 0.37 s)
IODDR0@0.0: RM 0: cluster   3: 40.43 MB/s (16 MB 0.40 s)
IODDR0@0.0: RM 0: cluster   4: 39.66 MB/s (16 MB 0.40 s)
IODDR0@0.0: RM 0: cluster   5: 48.35 MB/s (16 MB 0.33 s)
IODDR0@0.0: RM 0: cluster   6: 49.61 MB/s (16 MB 0.32 s)
IODDR0@0.0: RM 0: [IODDR0] waiting kernels
IODDR0@0.0: RM 0: cluster   8: 54.11 MB/s (16 MB 0.30 s)
IODDR0@0.0: RM 0: cluster   7: 36.51 MB/s (16 MB 0.44 s)
IODDR0@0.0: RM 0: cluster   9: 34.52 MB/s (16 MB 0.46 s)
IODDR0@0.0: RM 0: cluster  10: 34.15 MB/s (16 MB 0.47 s)
IODDR0@0.0: RM 0: cluster  11: 37.07 MB/s (16 MB 0.43 s)
IODDR0@0.0: RM 0: cluster  12: 42.43 MB/s (16 MB 0.38 s)
IODDR0@0.0: RM 0: cluster  13: 43.04 MB/s (16 MB 0.37 s)
IODDR1@0.0: RM 0: [RMEM] booting up server
IODDR1@0.0: RM 0: [RMEM] server alive
IODDR0@0.0: RM 0: [IODDR0] spawning kernels
IODDR0@0.0: RM 0: cluster   0: 77.77 MB/s (16 MB 0.21 s)
IODDR0@0.0: RM 0: cluster   1: 70.93 MB/s (16 MB 0.23 s)
IODDR0@0.0: RM 0: cluster   2: 70.03 MB/s (16 MB 0.23 s)
IODDR0@0.0: RM 0: cluster   3: 56.62 MB/s (16 MB 0.28 s)
IODDR0@0.0: RM 0: cluster   4: 45.85 MB/s (16 MB 0.35 s)
IODDR0@0.0: RM 0: cluster   5: 45.79 MB/s (16 MB 0.35 s)
IODDR0@0.0: RM 0: cluster   6: 52.16 MB/s (16 MB 0.31 s)
IODDR0@0.0: RM 0: [IODDR0] waiting kernels
IODDR0@0.0: RM 0: [IODDR0] waiting kernels
IODDR0@0.0: RM 0: cluster   7: 58.51 MB/s (16 MB 0.27 s)
IODDR0@0.0: RM 0: cluster   8: 46.17 MB/s (16 MB 0.35 s)
IODDR0@0.0: RM 0: cluster   9: 46.14 MB/s (16 MB 0.35 s)
IODDR0@0.0: RM 0: cluster  10: 53.57 MB/s (16 MB 0.30 s)
IODDR0@0.0: RM 0: cluster  11: 57.61 MB/s (16 MB 0.28 s)
IODDR0@0.0: RM 0: cluster  12: 55.44 MB/s (16 MB 0.29 s)
IODDR0@0.0: RM 0: cluster  13: 56.01 MB/s (16 MB 0.29 s)
IODDR1@0.0: RM 0: [RMEM] booting up server
IODDR1@0.0: RM 0: [RMEM] server alive
IODDR0@0.0: RM 0: [IODDR0] spawning kernels
IODDR0@0.0: RM 0: cluster   0: 84.34 MB/s (16 MB 0.19 s)
IODDR0@0.0: RM 0: cluster   2: 54.44 MB/s (16 MB 0.29 s)
IODDR0@0.0: RM 0: cluster   1: 53.27 MB/s (16 MB 0.30 s)
IODDR0@0.0: RM 0: cluster   3: 48.34 MB/s (16 MB 0.33 s)
IODDR0@0.0: RM 0: cluster   4: 55.00 MB/s (16 MB 0.29 s)
IODDR0@0.0: RM 0: cluster   5: 58.89 MB/s (16 MB 0.27 s)
IODDR0@0.0: RM 0: [IODDR0] waiting kernels
IODDR0@0.0: RM 0: cluster   6: 35.01 MB/s (16 MB 0.46 s)
IODDR0@0.0: RM 0: cluster   7: 33.22 MB/s (16 MB 0.48 s)
IODDR0@0.0: RM 0: cluster   8: 33.01 MB/s (16 MB 0.48 s)
IODDR0@0.0: RM 0: cluster   9: 33.26 MB/s (16 MB 0.48 s)
IODDR0@0.0: RM 0: cluster  10: 33.30 MB/s (16 MB 0.48 s)
IODDR0@0.0: RM 0: cluster  11: 37.09 MB/s (16 MB 0.43 s)
IODDR0@0.0: RM 0: cluster  12: 48.69 MB/s (16 MB 0.33 s)
IODDR0@0.0: RM 0: cluster  13: 49.95 MB/s (16 MB 0.32 s)
