IODDR1@0.0: RM 0: [RMEM] booting up server
IODDR1@0.0: RM 0: [RMEM] server alive
IODDR0@0.0: RM 0: [IODDR0] spawning kernels
IODDR0@0.0: RM 0: cluster   0: 72.01 MB/s (16 MB 0.22 s)
IODDR0@0.0: RM 0: cluster   1: 54.85 MB/s (16 MB 0.29 s)
IODDR0@0.0: RM 0: cluster   2: 48.80 MB/s (16 MB 0.33 s)
IODDR0@0.0: RM 0: cluster   3: 44.46 MB/s (16 MB 0.36 s)
IODDR0@0.0: RM 0: [IODDR0] waiting kernels
IODDR0@0.0: RM 0: cluster   4: 37.37 MB/s (16 MB 0.43 s)
IODDR0@0.0: RM 0: cluster   5: 33.44 MB/s (16 MB 0.48 s)
IODDR0@0.0: RM 0: cluster   6: 28.16 MB/s (16 MB 0.57 s)
IODDR0@0.0: RM 0: cluster   7: 27.68 MB/s (16 MB 0.58 s)
IODDR0@0.0: RM 0: cluster   8: 27.63 MB/s (16 MB 0.58 s)
IODDR0@0.0: RM 0: cluster  10: 30.53 MB/s (16 MB 0.52 s)
IODDR0@0.0: RM 0: cluster   9: 30.80 MB/s (16 MB 0.52 s)
IODDR0@0.0: RM 0: cluster  11: 36.85 MB/s (16 MB 0.43 s)
IODDR1@0.0: RM 0: [RMEM] booting up server
IODDR1@0.0: RM 0: [RMEM] server alive
IODDR0@0.0: RM 0: [IODDR0] spawning kernels
IODDR0@0.0: RM 0: cluster   0: 84.54 MB/s (16 MB 0.19 s)
IODDR0@0.0: RM 0: cluster   1: 82.69 MB/s (16 MB 0.19 s)
IODDR0@0.0: RM 0: cluster   2: 35.98 MB/s (16 MB 0.44 s)
IODDR0@0.0: RM 0: cluster   3: 34.01 MB/s (16 MB 0.47 s)
IODDR0@0.0: RM 0: cluster   4: 33.55 MB/s (16 MB 0.48 s)
IODDR0@0.0: RM 0: [IODDR0] waiting kernels
IODDR0@0.0: RM 0: cluster   5: 33.08 MB/s (16 MB 0.48 s)
IODDR0@0.0: RM 0: cluster   6: 33.05 MB/s (16 MB 0.48 s)
IODDR0@0.0: RM 0: cluster   7: 27.66 MB/s (16 MB 0.58 s)
IODDR0@0.0: RM 0: cluster   8: 27.53 MB/s (16 MB 0.58 s)
IODDR0@0.0: RM 0: cluster   9: 27.70 MB/s (16 MB 0.58 s)
IODDR0@0.0: RM 0: cluster  10: 31.54 MB/s (16 MB 0.51 s)
IODDR0@0.0: RM 0: cluster  11: 36.89 MB/s (16 MB 0.43 s)
IODDR1@0.0: RM 0: [RMEM] booting up server
IODDR1@0.0: RM 0: [RMEM] server alive
IODDR0@0.0: RM 0: [IODDR0] spawning kernels
IODDR0@0.0: RM 0: cluster   0: 84.54 MB/s (16 MB 0.19 s)
IODDR0@0.0: RM 0: cluster   1: 69.79 MB/s (16 MB 0.23 s)
IODDR0@0.0: RM 0: cluster   2: 57.36 MB/s (16 MB 0.28 s)
IODDR0@0.0: RM 0: cluster   3: 60.04 MB/s (16 MB 0.27 s)
IODDR0@0.0: RM 0: [IODDR0] waiting kernels
IODDR0@0.0: RM 0: cluster   4: 32.27 MB/s (16 MB 0.50 s)
IODDR0@0.0: RM 0: cluster   5: 31.06 MB/s (16 MB 0.52 s)
IODDR0@0.0: RM 0: cluster   6: 30.81 MB/s (16 MB 0.52 s)
IODDR0@0.0: RM 0: cluster   7: 29.41 MB/s (16 MB 0.54 s)
IODDR0@0.0: RM 0: cluster   8: 29.29 MB/s (16 MB 0.55 s)
IODDR0@0.0: RM 0: cluster   9: 32.40 MB/s (16 MB 0.49 s)
IODDR0@0.0: RM 0: cluster  10: 35.33 MB/s (16 MB 0.45 s)
IODDR0@0.0: RM 0: cluster  11: 35.74 MB/s (16 MB 0.45 s)
IODDR1@0.0: RM 0: [RMEM] booting up server
IODDR1@0.0: RM 0: [RMEM] server alive
IODDR0@0.0: RM 0: [IODDR0] spawning kernels
IODDR0@0.0: RM 0: cluster   0: 84.54 MB/s (16 MB 0.19 s)
IODDR0@0.0: RM 0: cluster   1: 61.02 MB/s (16 MB 0.26 s)
IODDR0@0.0: RM 0: cluster   2: 50.07 MB/s (16 MB 0.32 s)
IODDR0@0.0: RM 0: cluster   3: 51.18 MB/s (16 MB 0.31 s)
IODDR0@0.0: RM 0: [IODDR0] waiting kernels
IODDR0@0.0: RM 0: cluster   4: 34.42 MB/s (16 MB 0.46 s)
IODDR0@0.0: RM 0: cluster   5: 31.82 MB/s (16 MB 0.50 s)
IODDR0@0.0: RM 0: cluster   6: 30.88 MB/s (16 MB 0.52 s)
IODDR0@0.0: RM 0: cluster   8: 26.64 MB/s (16 MB 0.60 s)
IODDR0@0.0: RM 0: cluster   7: 26.65 MB/s (16 MB 0.60 s)
IODDR0@0.0: RM 0: cluster   9: 29.03 MB/s (16 MB 0.55 s)
IODDR0@0.0: RM 0: cluster  11: 35.80 MB/s (16 MB 0.45 s)
IODDR0@0.0: RM 0: cluster  10: 36.18 MB/s (16 MB 0.44 s)
IODDR1@0.0: RM 0: [RMEM] booting up server
IODDR1@0.0: RM 0: [RMEM] server alive
IODDR0@0.0: RM 0: [IODDR0] spawning kernels
IODDR0@0.0: RM 0: cluster   0: 72.03 MB/s (16 MB 0.22 s)
IODDR0@0.0: RM 0: cluster   1: 54.05 MB/s (16 MB 0.30 s)
IODDR0@0.0: RM 0: cluster   2: 48.99 MB/s (16 MB 0.33 s)
IODDR0@0.0: RM 0: cluster   3: 39.16 MB/s (16 MB 0.41 s)
IODDR0@0.0: RM 0: [IODDR0] waiting kernels
IODDR0@0.0: RM 0: [IODDR0] waiting kernels
IODDR0@0.0: RM 0: cluster   4: 33.30 MB/s (16 MB 0.48 s)
IODDR0@0.0: RM 0: cluster   5: 28.02 MB/s (16 MB 0.57 s)
IODDR0@0.0: RM 0: cluster   6: 27.16 MB/s (16 MB 0.59 s)
IODDR0@0.0: RM 0: cluster   7: 24.01 MB/s (16 MB 0.67 s)
IODDR0@0.0: RM 0: cluster   8: 24.00 MB/s (16 MB 0.67 s)
IODDR0@0.0: RM 0: cluster  10: 27.56 MB/s (16 MB 0.58 s)
IODDR0@0.0: RM 0: cluster   9: 27.82 MB/s (16 MB 0.58 s)
IODDR0@0.0: RM 0: cluster  11: 33.13 MB/s (16 MB 0.48 s)
IODDR1@0.0: RM 0: [RMEM] booting up server
IODDR1@0.0: RM 0: [RMEM] server alive
IODDR0@0.0: RM 0: [IODDR0] spawning kernels
IODDR0@0.0: RM 0: cluster   0: 70.76 MB/s (16 MB 0.23 s)
IODDR0@0.0: RM 0: cluster   1: 68.71 MB/s (16 MB 0.23 s)
IODDR0@0.0: RM 0: cluster   2: 58.69 MB/s (16 MB 0.27 s)
IODDR0@0.0: RM 0: [IODDR0] waiting kernels
IODDR0@0.0: RM 0: cluster   3: 30.39 MB/s (16 MB 0.53 s)
IODDR0@0.0: RM 0: cluster   4: 29.75 MB/s (16 MB 0.54 s)
IODDR0@0.0: RM 0: cluster   5: 26.29 MB/s (16 MB 0.61 s)
IODDR0@0.0: RM 0: cluster   6: 26.15 MB/s (16 MB 0.61 s)
IODDR0@0.0: RM 0: cluster   7: 24.24 MB/s (16 MB 0.66 s)
IODDR0@0.0: RM 0: cluster   8: 24.31 MB/s (16 MB 0.66 s)
IODDR0@0.0: RM 0: cluster   9: 28.55 MB/s (16 MB 0.56 s)
IODDR0@0.0: RM 0: cluster  10: 28.75 MB/s (16 MB 0.56 s)
IODDR0@0.0: RM 0: cluster  11: 34.11 MB/s (16 MB 0.47 s)
IODDR1@0.0: RM 0: [RMEM] booting up server
IODDR1@0.0: RM 0: [RMEM] server alive
IODDR0@0.0: RM 0: [IODDR0] spawning kernels
IODDR0@0.0: RM 0: cluster   0: 84.54 MB/s (16 MB 0.19 s)
IODDR0@0.0: RM 0: cluster   1: 70.80 MB/s (16 MB 0.23 s)
IODDR0@0.0: RM 0: cluster   2: 47.56 MB/s (16 MB 0.34 s)
IODDR0@0.0: RM 0: cluster   3: 37.86 MB/s (16 MB 0.42 s)
IODDR0@0.0: RM 0: cluster   4: 37.30 MB/s (16 MB 0.43 s)
IODDR0@0.0: RM 0: [IODDR0] waiting kernels
IODDR0@0.0: RM 0: cluster   5: 33.28 MB/s (16 MB 0.48 s)
IODDR0@0.0: RM 0: cluster   6: 32.98 MB/s (16 MB 0.49 s)
IODDR0@0.0: RM 0: cluster   7: 30.50 MB/s (16 MB 0.52 s)
IODDR0@0.0: RM 0: cluster   8: 30.35 MB/s (16 MB 0.53 s)
IODDR0@0.0: RM 0: cluster   9: 32.11 MB/s (16 MB 0.50 s)
IODDR0@0.0: RM 0: cluster  10: 38.88 MB/s (16 MB 0.41 s)
IODDR0@0.0: RM 0: cluster  11: 39.35 MB/s (16 MB 0.41 s)
IODDR1@0.0: RM 0: [RMEM] booting up server
IODDR1@0.0: RM 0: [RMEM] server alive
IODDR0@0.0: RM 0: [IODDR0] spawning kernels
IODDR0@0.0: RM 0: cluster   0: 84.54 MB/s (16 MB 0.19 s)
IODDR0@0.0: RM 0: cluster   1: 69.70 MB/s (16 MB 0.23 s)
IODDR0@0.0: RM 0: cluster   2: 54.38 MB/s (16 MB 0.29 s)
IODDR0@0.0: RM 0: cluster   3: 49.17 MB/s (16 MB 0.33 s)
IODDR0@0.0: RM 0: [IODDR0] waiting kernels
IODDR0@0.0: RM 0: [IODDR0] waiting kernels
IODDR0@0.0: RM 0: cluster   4: 40.98 MB/s (16 MB 0.39 s)
IODDR0@0.0: RM 0: cluster   5: 36.58 MB/s (16 MB 0.44 s)
IODDR0@0.0: RM 0: cluster   6: 32.80 MB/s (16 MB 0.49 s)
IODDR0@0.0: RM 0: cluster   7: 32.37 MB/s (16 MB 0.49 s)
IODDR0@0.0: RM 0: cluster   8: 30.49 MB/s (16 MB 0.52 s)
IODDR0@0.0: RM 0: cluster   9: 30.70 MB/s (16 MB 0.52 s)
IODDR0@0.0: RM 0: cluster  11: 38.28 MB/s (16 MB 0.42 s)
IODDR0@0.0: RM 0: cluster  10: 38.71 MB/s (16 MB 0.41 s)
IODDR1@0.0: RM 0: [RMEM] booting up server
IODDR1@0.0: RM 0: [RMEM] server alive
IODDR0@0.0: RM 0: [IODDR0] spawning kernels
IODDR0@0.0: RM 0: cluster   0: 71.99 MB/s (16 MB 0.22 s)
IODDR0@0.0: RM 0: cluster   1: 57.19 MB/s (16 MB 0.28 s)
IODDR0@0.0: RM 0: cluster   2: 63.21 MB/s (16 MB 0.25 s)
IODDR0@0.0: RM 0: cluster   3: 47.35 MB/s (16 MB 0.34 s)
IODDR0@0.0: RM 0: [IODDR0] waiting kernels
IODDR0@0.0: RM 0: cluster   4: 25.57 MB/s (16 MB 0.63 s)
IODDR0@0.0: RM 0: cluster   5: 24.17 MB/s (16 MB 0.66 s)
IODDR0@0.0: RM 0: cluster   6: 23.58 MB/s (16 MB 0.68 s)
IODDR0@0.0: RM 0: cluster   7: 22.46 MB/s (16 MB 0.71 s)
IODDR0@0.0: RM 0: cluster   8: 22.50 MB/s (16 MB 0.71 s)
IODDR0@0.0: RM 0: cluster   9: 25.98 MB/s (16 MB 0.62 s)
IODDR0@0.0: RM 0: cluster  10: 26.19 MB/s (16 MB 0.61 s)
IODDR0@0.0: RM 0: cluster  11: 30.93 MB/s (16 MB 0.52 s)
IODDR1@0.0: RM 0: [RMEM] booting up server
IODDR1@0.0: RM 0: [RMEM] server alive
IODDR0@0.0: RM 0: [IODDR0] spawning kernels
IODDR0@0.0: RM 0: cluster   0: 84.53 MB/s (16 MB 0.19 s)
IODDR0@0.0: RM 0: cluster   1: 69.68 MB/s (16 MB 0.23 s)
IODDR0@0.0: RM 0: cluster   2: 48.96 MB/s (16 MB 0.33 s)
IODDR0@0.0: RM 0: cluster   3: 35.97 MB/s (16 MB 0.44 s)
IODDR0@0.0: RM 0: [IODDR0] waiting kernels
IODDR0@0.0: RM 0: cluster   4: 26.41 MB/s (16 MB 0.61 s)
IODDR0@0.0: RM 0: cluster   5: 26.16 MB/s (16 MB 0.61 s)
IODDR0@0.0: RM 0: cluster   6: 23.47 MB/s (16 MB 0.68 s)
IODDR0@0.0: RM 0: cluster   7: 23.21 MB/s (16 MB 0.69 s)
IODDR0@0.0: RM 0: cluster   8: 23.29 MB/s (16 MB 0.69 s)
IODDR0@0.0: RM 0: cluster   9: 23.49 MB/s (16 MB 0.68 s)
IODDR0@0.0: RM 0: cluster  10: 29.16 MB/s (16 MB 0.55 s)
IODDR0@0.0: RM 0: cluster  11: 29.49 MB/s (16 MB 0.54 s)
