IODDR1@0.0: RM 0: [RMEM] booting up server
IODDR1@0.0: RM 0: [RMEM] server alive
IODDR0@0.0: RM 0: [IODDR0] spawning kernels
IODDR0@0.0: RM 0: cluster   0: 80.50 MB/s (16 MB 0.20 s)
IODDR0@0.0: RM 0: cluster   1: 80.41 MB/s (16 MB 0.20 s)
IODDR0@0.0: RM 0: cluster   2: 69.38 MB/s (16 MB 0.23 s)
IODDR0@0.0: RM 0: [IODDR0] waiting kernels
IODDR0@0.0: RM 0: cluster   4: 43.58 MB/s (16 MB 0.37 s)
IODDR0@0.0: RM 0: cluster   3: 42.71 MB/s (16 MB 0.37 s)
IODDR0@0.0: RM 0: cluster   5: 40.71 MB/s (16 MB 0.39 s)
IODDR0@0.0: RM 0: cluster   6: 40.17 MB/s (16 MB 0.40 s)
IODDR0@0.0: RM 0: cluster   7: 43.77 MB/s (16 MB 0.37 s)
IODDR0@0.0: RM 0: cluster   8: 60.47 MB/s (16 MB 0.26 s)
IODDR0@0.0: RM 0: cluster   9: 62.47 MB/s (16 MB 0.26 s)
IODDR1@0.0: RM 0: [RMEM] booting up server
IODDR1@0.0: RM 0: [RMEM] server alive
IODDR0@0.0: RM 0: [IODDR0] spawning kernels
IODDR0@0.0: RM 0: cluster   0: 82.81 MB/s (16 MB 0.19 s)
IODDR0@0.0: RM 0: cluster   1: 80.22 MB/s (16 MB 0.20 s)
IODDR0@0.0: RM 0: cluster   2: 67.40 MB/s (16 MB 0.24 s)
IODDR0@0.0: RM 0: cluster   3: 66.62 MB/s (16 MB 0.24 s)
IODDR0@0.0: RM 0: cluster   4: 66.70 MB/s (16 MB 0.24 s)
IODDR0@0.0: RM 0: [IODDR0] waiting kernels
IODDR0@0.0: RM 0: cluster   5: 67.44 MB/s (16 MB 0.24 s)
IODDR0@0.0: RM 0: cluster   6: 67.36 MB/s (16 MB 0.24 s)
IODDR0@0.0: RM 0: cluster   7: 69.99 MB/s (16 MB 0.23 s)
IODDR0@0.0: RM 0: cluster   8: 77.44 MB/s (16 MB 0.21 s)
IODDR0@0.0: RM 0: cluster   9: 77.49 MB/s (16 MB 0.21 s)
IODDR1@0.0: RM 0: [RMEM] booting up server
IODDR1@0.0: RM 0: [RMEM] server alive
IODDR0@0.0: RM 0: [IODDR0] spawning kernels
IODDR0@0.0: RM 0: cluster   0: 80.50 MB/s (16 MB 0.20 s)
IODDR0@0.0: RM 0: cluster   1: 80.42 MB/s (16 MB 0.20 s)
IODDR0@0.0: RM 0: cluster   2: 69.38 MB/s (16 MB 0.23 s)
IODDR0@0.0: RM 0: [IODDR0] waiting kernels
IODDR0@0.0: RM 0: cluster   4: 45.90 MB/s (16 MB 0.35 s)
IODDR0@0.0: RM 0: cluster   3: 45.42 MB/s (16 MB 0.35 s)
IODDR0@0.0: RM 0: cluster   5: 45.08 MB/s (16 MB 0.35 s)
IODDR0@0.0: RM 0: cluster   6: 45.73 MB/s (16 MB 0.35 s)
IODDR0@0.0: RM 0: cluster   7: 53.97 MB/s (16 MB 0.30 s)
IODDR0@0.0: RM 0: cluster   8: 61.13 MB/s (16 MB 0.26 s)
IODDR0@0.0: RM 0: cluster   9: 61.38 MB/s (16 MB 0.26 s)
IODDR1@0.0: RM 0: [RMEM] booting up server
IODDR1@0.0: RM 0: [RMEM] server alive
IODDR0@0.0: RM 0: [IODDR0] spawning kernels
IODDR0@0.0: RM 0: cluster   0: 82.80 MB/s (16 MB 0.19 s)
IODDR0@0.0: RM 0: cluster   1: 80.40 MB/s (16 MB 0.20 s)
IODDR0@0.0: RM 0: cluster   2: 78.12 MB/s (16 MB 0.20 s)
IODDR0@0.0: RM 0: cluster   3: 66.30 MB/s (16 MB 0.24 s)
IODDR0@0.0: RM 0: [IODDR0] waiting kernels
IODDR0@0.0: RM 0: [IODDR0] waiting kernels
IODDR0@0.0: RM 0: cluster   4: 54.73 MB/s (16 MB 0.29 s)
IODDR0@0.0: RM 0: cluster   5: 54.73 MB/s (16 MB 0.29 s)
IODDR0@0.0: RM 0: cluster   6: 63.01 MB/s (16 MB 0.25 s)
IODDR0@0.0: RM 0: cluster   8: 64.17 MB/s (16 MB 0.25 s)
IODDR0@0.0: RM 0: cluster   7: 64.18 MB/s (16 MB 0.25 s)
IODDR0@0.0: RM 0: cluster   9: 67.29 MB/s (16 MB 0.24 s)
IODDR1@0.0: RM 0: [RMEM] booting up server
IODDR1@0.0: RM 0: [RMEM] server alive
IODDR0@0.0: RM 0: [IODDR0] spawning kernels
IODDR0@0.0: RM 0: cluster   0: 80.69 MB/s (16 MB 0.20 s)
IODDR0@0.0: RM 0: cluster   1: 78.11 MB/s (16 MB 0.20 s)
IODDR0@0.0: RM 0: cluster   2: 77.96 MB/s (16 MB 0.21 s)
IODDR0@0.0: RM 0: [IODDR0] waiting kernels
IODDR0@0.0: RM 0: [IODDR0] waiting kernels
IODDR0@0.0: RM 0: cluster   3: 68.83 MB/s (16 MB 0.23 s)
IODDR0@0.0: RM 0: cluster   4: 67.84 MB/s (16 MB 0.24 s)
IODDR0@0.0: RM 0: cluster   5: 68.23 MB/s (16 MB 0.23 s)
IODDR0@0.0: RM 0: cluster   6: 60.16 MB/s (16 MB 0.27 s)
IODDR0@0.0: RM 0: cluster   8: 47.29 MB/s (16 MB 0.34 s)
IODDR0@0.0: RM 0: cluster   7: 47.28 MB/s (16 MB 0.34 s)
IODDR0@0.0: RM 0: cluster   9: 48.15 MB/s (16 MB 0.33 s)
IODDR1@0.0: RM 0: [RMEM] booting up server
IODDR1@0.0: RM 0: [RMEM] server alive
IODDR0@0.0: RM 0: [IODDR0] spawning kernels
IODDR0@0.0: RM 0: cluster   0: 82.82 MB/s (16 MB 0.19 s)
IODDR0@0.0: RM 0: cluster   2: 61.69 MB/s (16 MB 0.26 s)
IODDR0@0.0: RM 0: cluster   1: 48.29 MB/s (16 MB 0.33 s)
IODDR0@0.0: RM 0: cluster   3: 48.27 MB/s (16 MB 0.33 s)
IODDR0@0.0: RM 0: cluster   4: 49.09 MB/s (16 MB 0.33 s)
IODDR0@0.0: RM 0: [IODDR0] waiting kernels
IODDR0@0.0: RM 0: cluster   5: 58.33 MB/s (16 MB 0.27 s)
IODDR0@0.0: RM 0: cluster   6: 54.89 MB/s (16 MB 0.29 s)
IODDR0@0.0: RM 0: cluster   7: 45.67 MB/s (16 MB 0.35 s)
IODDR0@0.0: RM 0: cluster   8: 46.37 MB/s (16 MB 0.35 s)
IODDR0@0.0: RM 0: cluster   9: 57.58 MB/s (16 MB 0.28 s)
IODDR1@0.0: RM 0: [RMEM] booting up server
IODDR1@0.0: RM 0: [RMEM] server alive
IODDR0@0.0: RM 0: [IODDR0] spawning kernels
IODDR0@0.0: RM 0: cluster   0: 82.80 MB/s (16 MB 0.19 s)
IODDR0@0.0: RM 0: cluster   1: 80.42 MB/s (16 MB 0.20 s)
IODDR0@0.0: RM 0: cluster   2: 78.32 MB/s (16 MB 0.20 s)
IODDR0@0.0: RM 0: cluster   3: 78.36 MB/s (16 MB 0.20 s)
IODDR0@0.0: RM 0: cluster   4: 78.37 MB/s (16 MB 0.20 s)
IODDR0@0.0: RM 0: [IODDR0] waiting kernels
IODDR0@0.0: RM 0: cluster   5: 67.53 MB/s (16 MB 0.24 s)
IODDR0@0.0: RM 0: cluster   6: 66.72 MB/s (16 MB 0.24 s)
IODDR0@0.0: RM 0: cluster   7: 66.54 MB/s (16 MB 0.24 s)
IODDR0@0.0: RM 0: cluster   9: 76.52 MB/s (16 MB 0.21 s)
IODDR0@0.0: RM 0: cluster   8: 76.72 MB/s (16 MB 0.21 s)
IODDR1@0.0: RM 0: [RMEM] booting up server
IODDR1@0.0: RM 0: [RMEM] server alive
IODDR0@0.0: RM 0: [IODDR0] spawning kernels
IODDR0@0.0: RM 0: cluster   0: 80.69 MB/s (16 MB 0.20 s)
IODDR0@0.0: RM 0: cluster   1: 78.12 MB/s (16 MB 0.20 s)
IODDR0@0.0: RM 0: cluster   2: 77.97 MB/s (16 MB 0.21 s)
IODDR0@0.0: RM 0: cluster   3: 78.35 MB/s (16 MB 0.20 s)
IODDR0@0.0: RM 0: [IODDR0] waiting kernels
IODDR0@0.0: RM 0: [IODDR0] waiting kernels
IODDR0@0.0: RM 0: cluster   4: 66.39 MB/s (16 MB 0.24 s)
IODDR0@0.0: RM 0: cluster   5: 55.69 MB/s (16 MB 0.29 s)
IODDR0@0.0: RM 0: cluster   6: 55.70 MB/s (16 MB 0.29 s)
IODDR0@0.0: RM 0: cluster   7: 63.62 MB/s (16 MB 0.25 s)
IODDR0@0.0: RM 0: cluster   9: 75.21 MB/s (16 MB 0.21 s)
IODDR0@0.0: RM 0: cluster   8: 75.40 MB/s (16 MB 0.21 s)
IODDR1@0.0: RM 0: [RMEM] booting up server
IODDR1@0.0: RM 0: [RMEM] server alive
IODDR0@0.0: RM 0: [IODDR0] spawning kernels
IODDR0@0.0: RM 0: cluster   0: 80.48 MB/s (16 MB 0.20 s)
IODDR0@0.0: RM 0: cluster   1: 80.40 MB/s (16 MB 0.20 s)
IODDR0@0.0: RM 0: cluster   2: 60.79 MB/s (16 MB 0.26 s)
IODDR0@0.0: RM 0: [IODDR0] waiting kernels
IODDR0@0.0: RM 0: [IODDR0] waiting kernels
IODDR0@0.0: RM 0: cluster   4: 44.21 MB/s (16 MB 0.36 s)
IODDR0@0.0: RM 0: cluster   3: 43.74 MB/s (16 MB 0.37 s)
IODDR0@0.0: RM 0: cluster   5: 44.32 MB/s (16 MB 0.36 s)
IODDR0@0.0: RM 0: cluster   6: 45.17 MB/s (16 MB 0.35 s)
IODDR0@0.0: RM 0: cluster   7: 48.02 MB/s (16 MB 0.33 s)
IODDR0@0.0: RM 0: cluster   8: 48.40 MB/s (16 MB 0.33 s)
IODDR0@0.0: RM 0: cluster   9: 57.12 MB/s (16 MB 0.28 s)
IODDR1@0.0: RM 0: [RMEM] booting up server
IODDR1@0.0: RM 0: [RMEM] server alive
IODDR0@0.0: RM 0: [IODDR0] spawning kernels
IODDR0@0.0: RM 0: cluster   0: 68.88 MB/s (16 MB 0.23 s)
IODDR0@0.0: RM 0: cluster   1: 66.41 MB/s (16 MB 0.24 s)
IODDR0@0.0: RM 0: cluster   2: 66.70 MB/s (16 MB 0.24 s)
IODDR0@0.0: RM 0: [IODDR0] waiting kernels
IODDR0@0.0: RM 0: cluster   3: 46.97 MB/s (16 MB 0.34 s)
IODDR0@0.0: RM 0: cluster   4: 45.79 MB/s (16 MB 0.35 s)
IODDR0@0.0: RM 0: cluster   5: 45.77 MB/s (16 MB 0.35 s)
IODDR0@0.0: RM 0: cluster   6: 52.13 MB/s (16 MB 0.31 s)
IODDR0@0.0: RM 0: cluster   7: 66.58 MB/s (16 MB 0.24 s)
IODDR0@0.0: RM 0: cluster   8: 65.83 MB/s (16 MB 0.24 s)
IODDR0@0.0: RM 0: cluster   9: 66.26 MB/s (16 MB 0.24 s)
