IODDR1@0.0: RM 0: [RMEM] booting up server
IODDR1@0.0: RM 0: [RMEM] server alive
IODDR0@0.0: RM 0: [IODDR0] spawning kernels
IODDR0@0.0: RM 0: [IODDR0] waiting kernels
IODDR0@0.0: RM 0: cluster   0: 58.41 MB/s (16 MB 0.27 s)
IODDR0@0.0: RM 0: cluster   1: 40.07 MB/s (16 MB 0.40 s)
IODDR0@0.0: RM 0: cluster   2: 40.05 MB/s (16 MB 0.40 s)
IODDR0@0.0: RM 0: cluster   3: 46.77 MB/s (16 MB 0.34 s)
IODDR1@0.0: RM 0: [RMEM] booting up server
IODDR1@0.0: RM 0: [RMEM] server alive
IODDR0@0.0: RM 0: [IODDR0] spawning kernels
IODDR0@0.0: RM 0: [IODDR0] waiting kernels
IODDR0@0.0: RM 0: cluster   0: 84.53 MB/s (16 MB 0.19 s)
IODDR0@0.0: RM 0: cluster   1: 43.41 MB/s (16 MB 0.37 s)
IODDR0@0.0: RM 0: cluster   3: 42.93 MB/s (16 MB 0.37 s)
IODDR0@0.0: RM 0: cluster   2: 43.07 MB/s (16 MB 0.37 s)
IODDR1@0.0: RM 0: [RMEM] booting up server
IODDR1@0.0: RM 0: [RMEM] server alive
IODDR0@0.0: RM 0: [IODDR0] spawning kernels
IODDR0@0.0: RM 0: [IODDR0] waiting kernels
IODDR0@0.0: RM 0: cluster   0: 33.32 MB/s (16 MB 0.48 s)
IODDR0@0.0: RM 0: cluster   2: 32.73 MB/s (16 MB 0.49 s)
IODDR0@0.0: RM 0: cluster   1: 32.79 MB/s (16 MB 0.49 s)
IODDR0@0.0: RM 0: cluster   3: 33.07 MB/s (16 MB 0.48 s)
IODDR1@0.0: RM 0: [RMEM] booting up server
IODDR1@0.0: RM 0: [RMEM] server alive
IODDR0@0.0: RM 0: [IODDR0] spawning kernels
IODDR0@0.0: RM 0: [IODDR0] waiting kernels
IODDR0@0.0: RM 0: cluster   0: 35.25 MB/s (16 MB 0.45 s)
IODDR0@0.0: RM 0: cluster   2: 34.56 MB/s (16 MB 0.46 s)
IODDR0@0.0: RM 0: cluster   1: 34.62 MB/s (16 MB 0.46 s)
IODDR0@0.0: RM 0: cluster   3: 39.51 MB/s (16 MB 0.40 s)
IODDR1@0.0: RM 0: [RMEM] booting up server
IODDR1@0.0: RM 0: [RMEM] server alive
IODDR0@0.0: RM 0: [IODDR0] spawning kernels
IODDR0@0.0: RM 0: [IODDR0] waiting kernels
IODDR0@0.0: RM 0: cluster   0: 84.52 MB/s (16 MB 0.19 s)
IODDR0@0.0: RM 0: cluster   1: 58.04 MB/s (16 MB 0.28 s)
IODDR0@0.0: RM 0: cluster   2: 48.60 MB/s (16 MB 0.33 s)
IODDR0@0.0: RM 0: cluster   3: 48.99 MB/s (16 MB 0.33 s)
IODDR1@0.0: RM 0: [RMEM] booting up server
IODDR1@0.0: RM 0: [RMEM] server alive
IODDR0@0.0: RM 0: [IODDR0] spawning kernels
IODDR0@0.0: RM 0: [IODDR0] waiting kernels
IODDR0@0.0: RM 0: cluster   0: 71.11 MB/s (16 MB 0.22 s)
IODDR0@0.0: RM 0: cluster   1: 46.44 MB/s (16 MB 0.34 s)
IODDR0@0.0: RM 0: cluster   2: 46.05 MB/s (16 MB 0.35 s)
IODDR0@0.0: RM 0: cluster   3: 46.40 MB/s (16 MB 0.34 s)
IODDR1@0.0: RM 0: [RMEM] booting up server
IODDR1@0.0: RM 0: [RMEM] server alive
IODDR0@0.0: RM 0: [IODDR0] spawning kernels
IODDR0@0.0: RM 0: [IODDR0] waiting kernels
IODDR0@0.0: RM 0: cluster   0: 84.54 MB/s (16 MB 0.19 s)
IODDR0@0.0: RM 0: cluster   1: 42.47 MB/s (16 MB 0.38 s)
IODDR0@0.0: RM 0: cluster   2: 41.99 MB/s (16 MB 0.38 s)
IODDR0@0.0: RM 0: cluster   3: 42.55 MB/s (16 MB 0.38 s)
IODDR1@0.0: RM 0: [RMEM] booting up server
IODDR1@0.0: RM 0: [RMEM] server alive
IODDR0@0.0: RM 0: [IODDR0] spawning kernels
IODDR0@0.0: RM 0: [IODDR0] waiting kernels
IODDR0@0.0: RM 0: cluster   0: 84.53 MB/s (16 MB 0.19 s)
IODDR0@0.0: RM 0: cluster   1: 42.11 MB/s (16 MB 0.38 s)
IODDR0@0.0: RM 0: cluster   2: 41.67 MB/s (16 MB 0.38 s)
IODDR0@0.0: RM 0: cluster   3: 41.95 MB/s (16 MB 0.38 s)
IODDR1@0.0: RM 0: [RMEM] booting up server
IODDR1@0.0: RM 0: [RMEM] server alive
IODDR0@0.0: RM 0: [IODDR0] spawning kernels
IODDR0@0.0: RM 0: [IODDR0] waiting kernels
IODDR0@0.0: RM 0: [IODDR0] waiting kernels
IODDR0@0.0: RM 0: cluster   0: 84.54 MB/s (16 MB 0.19 s)
IODDR0@0.0: RM 0: cluster   1: 58.19 MB/s (16 MB 0.27 s)
IODDR0@0.0: RM 0: cluster   2: 48.66 MB/s (16 MB 0.33 s)
IODDR0@0.0: RM 0: cluster   3: 49.06 MB/s (16 MB 0.33 s)
IODDR1@0.0: RM 0: [RMEM] booting up server
IODDR1@0.0: RM 0: [RMEM] server alive
IODDR0@0.0: RM 0: [IODDR0] spawning kernels
IODDR0@0.0: RM 0: [IODDR0] waiting kernels
IODDR0@0.0: RM 0: cluster   0: 84.55 MB/s (16 MB 0.19 s)
IODDR0@0.0: RM 0: cluster   1: 59.93 MB/s (16 MB 0.27 s)
IODDR0@0.0: RM 0: cluster   2: 49.29 MB/s (16 MB 0.32 s)
IODDR0@0.0: RM 0: cluster   3: 49.68 MB/s (16 MB 0.32 s)
