IODDR1@0.0: RM 0: [RMEM] booting up server
IODDR1@0.0: RM 0: [RMEM] server alive
IODDR0@0.0: RM 0: [IODDR0] spawning kernels
IODDR0@0.0: RM 0: [IODDR0] waiting kernels
IODDR0@0.0: RM 0: [IODDR0] waiting kernels
IODDR0@0.0: RM 0: cluster   0: 84.54 MB/s (16 MB 0.19 s)
IODDR0@0.0: RM 0: cluster   2: 37.30 MB/s (16 MB 0.43 s)
IODDR0@0.0: RM 0: cluster   1: 35.95 MB/s (16 MB 0.45 s)
IODDR0@0.0: RM 0: cluster   3: 35.91 MB/s (16 MB 0.45 s)
IODDR0@0.0: RM 0: cluster   4: 36.23 MB/s (16 MB 0.44 s)
IODDR1@0.0: RM 0: [RMEM] booting up server
IODDR1@0.0: RM 0: [RMEM] server alive
IODDR0@0.0: RM 0: [IODDR0] spawning kernels
IODDR0@0.0: RM 0: [IODDR0] waiting kernels
IODDR0@0.0: RM 0: [IODDR0] waiting kernels
IODDR0@0.0: RM 0: cluster   0: 84.54 MB/s (16 MB 0.19 s)
IODDR0@0.0: RM 0: cluster   2: 49.52 MB/s (16 MB 0.32 s)
IODDR0@0.0: RM 0: cluster   1: 35.73 MB/s (16 MB 0.45 s)
IODDR0@0.0: RM 0: cluster   3: 35.70 MB/s (16 MB 0.45 s)
IODDR0@0.0: RM 0: cluster   4: 36.02 MB/s (16 MB 0.44 s)
IODDR1@0.0: RM 0: [RMEM] booting up server
IODDR1@0.0: RM 0: [RMEM] server alive
IODDR0@0.0: RM 0: [IODDR0] spawning kernels
IODDR0@0.0: RM 0: [IODDR0] waiting kernels
IODDR0@0.0: RM 0: cluster   0: 84.53 MB/s (16 MB 0.19 s)
IODDR0@0.0: RM 0: cluster   1: 53.20 MB/s (16 MB 0.30 s)
IODDR0@0.0: RM 0: cluster   3: 37.27 MB/s (16 MB 0.43 s)
IODDR0@0.0: RM 0: cluster   2: 37.18 MB/s (16 MB 0.43 s)
IODDR0@0.0: RM 0: cluster   4: 37.56 MB/s (16 MB 0.43 s)
IODDR1@0.0: RM 0: [RMEM] booting up server
IODDR1@0.0: RM 0: [RMEM] server alive
IODDR0@0.0: RM 0: [IODDR0] spawning kernels
IODDR0@0.0: RM 0: cluster   0: 84.53 MB/s (16 MB 0.19 s)
IODDR0@0.0: RM 0: [IODDR0] waiting kernels
IODDR0@0.0: RM 0: cluster   1: 68.37 MB/s (16 MB 0.23 s)
IODDR0@0.0: RM 0: cluster   2: 45.36 MB/s (16 MB 0.35 s)
IODDR0@0.0: RM 0: cluster   3: 45.20 MB/s (16 MB 0.35 s)
IODDR0@0.0: RM 0: cluster   4: 45.64 MB/s (16 MB 0.35 s)
IODDR1@0.0: RM 0: [RMEM] booting up server
IODDR1@0.0: RM 0: [RMEM] server alive
IODDR0@0.0: RM 0: [IODDR0] spawning kernels
IODDR0@0.0: RM 0: [IODDR0] waiting kernels
IODDR0@0.0: RM 0: [IODDR0] waiting kernels
IODDR0@0.0: RM 0: cluster   0: 84.54 MB/s (16 MB 0.19 s)
IODDR0@0.0: RM 0: cluster   2: 68.15 MB/s (16 MB 0.23 s)
IODDR0@0.0: RM 0: cluster   1: 45.51 MB/s (16 MB 0.35 s)
IODDR0@0.0: RM 0: cluster   3: 45.38 MB/s (16 MB 0.35 s)
IODDR0@0.0: RM 0: cluster   4: 45.87 MB/s (16 MB 0.35 s)
IODDR1@0.0: RM 0: [RMEM] booting up server
IODDR1@0.0: RM 0: [RMEM] server alive
IODDR0@0.0: RM 0: [IODDR0] spawning kernels
IODDR0@0.0: RM 0: [IODDR0] waiting kernels
IODDR0@0.0: RM 0: cluster   0: 72.17 MB/s (16 MB 0.22 s)
IODDR0@0.0: RM 0: cluster   1: 51.74 MB/s (16 MB 0.31 s)
IODDR0@0.0: RM 0: cluster   2: 42.94 MB/s (16 MB 0.37 s)
IODDR0@0.0: RM 0: cluster   3: 42.85 MB/s (16 MB 0.37 s)
IODDR0@0.0: RM 0: cluster   4: 43.30 MB/s (16 MB 0.37 s)
IODDR1@0.0: RM 0: [RMEM] booting up server
IODDR1@0.0: RM 0: [RMEM] server alive
IODDR0@0.0: RM 0: [IODDR0] spawning kernels
IODDR0@0.0: RM 0: [IODDR0] waiting kernels
IODDR0@0.0: RM 0: cluster   0: 84.55 MB/s (16 MB 0.19 s)
IODDR0@0.0: RM 0: cluster   1: 53.15 MB/s (16 MB 0.30 s)
IODDR0@0.0: RM 0: cluster   3: 37.27 MB/s (16 MB 0.43 s)
IODDR0@0.0: RM 0: cluster   2: 37.17 MB/s (16 MB 0.43 s)
IODDR0@0.0: RM 0: cluster   4: 37.56 MB/s (16 MB 0.43 s)
IODDR1@0.0: RM 0: [RMEM] booting up server
IODDR1@0.0: RM 0: [RMEM] server alive
IODDR0@0.0: RM 0: [IODDR0] spawning kernels
IODDR0@0.0: RM 0: [IODDR0] waiting kernels
IODDR0@0.0: RM 0: cluster   0: 72.16 MB/s (16 MB 0.22 s)
IODDR0@0.0: RM 0: cluster   1: 51.80 MB/s (16 MB 0.31 s)
IODDR0@0.0: RM 0: cluster   2: 43.00 MB/s (16 MB 0.37 s)
IODDR0@0.0: RM 0: cluster   3: 42.89 MB/s (16 MB 0.37 s)
IODDR0@0.0: RM 0: cluster   4: 43.35 MB/s (16 MB 0.37 s)
IODDR1@0.0: RM 0: [RMEM] booting up server
IODDR1@0.0: RM 0: [RMEM] server alive
IODDR0@0.0: RM 0: [IODDR0] spawning kernels
IODDR0@0.0: RM 0: [IODDR0] waiting kernels
IODDR0@0.0: RM 0: cluster   0: 48.22 MB/s (16 MB 0.33 s)
IODDR0@0.0: RM 0: cluster   1: 44.76 MB/s (16 MB 0.36 s)
IODDR0@0.0: RM 0: cluster   2: 36.04 MB/s (16 MB 0.44 s)
IODDR0@0.0: RM 0: cluster   4: 36.22 MB/s (16 MB 0.44 s)
IODDR0@0.0: RM 0: cluster   3: 36.63 MB/s (16 MB 0.44 s)
IODDR1@0.0: RM 0: [RMEM] booting up server
IODDR1@0.0: RM 0: [RMEM] server alive
IODDR0@0.0: RM 0: [IODDR0] spawning kernels
IODDR0@0.0: RM 0: [IODDR0] waiting kernels
IODDR0@0.0: RM 0: cluster   0: 34.75 MB/s (16 MB 0.46 s)
IODDR0@0.0: RM 0: cluster   1: 32.89 MB/s (16 MB 0.49 s)
IODDR0@0.0: RM 0: cluster   2: 32.68 MB/s (16 MB 0.49 s)
IODDR0@0.0: RM 0: cluster   3: 37.28 MB/s (16 MB 0.43 s)
IODDR0@0.0: RM 0: cluster   4: 37.70 MB/s (16 MB 0.42 s)
