IODDR1@0.0: RM 0: [RMEM] booting up server
IODDR1@0.0: RM 0: [RMEM] server alive
IODDR0@0.0: RM 0: [IODDR0] spawning kernels
IODDR0@0.0: RM 0: cluster   0: 84.35 MB/s (16 MB 0.19 s)
IODDR0@0.0: RM 0: cluster   1: 70.66 MB/s (16 MB 0.23 s)
IODDR0@0.0: RM 0: cluster   2: 51.32 MB/s (16 MB 0.31 s)
IODDR0@0.0: RM 0: cluster   3: 43.68 MB/s (16 MB 0.37 s)
IODDR0@0.0: RM 0: cluster   4: 42.91 MB/s (16 MB 0.37 s)
IODDR0@0.0: RM 0: cluster   5: 42.62 MB/s (16 MB 0.38 s)
IODDR0@0.0: RM 0: [IODDR0] waiting kernels
IODDR0@0.0: RM 0: cluster   6: 32.65 MB/s (16 MB 0.49 s)
IODDR0@0.0: RM 0: cluster   7: 32.12 MB/s (16 MB 0.50 s)
IODDR0@0.0: RM 0: cluster   8: 31.96 MB/s (16 MB 0.50 s)
IODDR0@0.0: RM 0: cluster   9: 27.68 MB/s (16 MB 0.58 s)
IODDR0@0.0: RM 0: cluster  10: 27.57 MB/s (16 MB 0.58 s)
IODDR0@0.0: RM 0: cluster  11: 32.44 MB/s (16 MB 0.49 s)
IODDR0@0.0: RM 0: cluster  12: 34.74 MB/s (16 MB 0.46 s)
IODDR0@0.0: RM 0: cluster  13: 35.14 MB/s (16 MB 0.46 s)
IODDR1@0.0: RM 0: [RMEM] booting up server
IODDR1@0.0: RM 0: [RMEM] server alive
IODDR0@0.0: RM 0: [IODDR0] spawning kernels
IODDR0@0.0: RM 0: cluster   0: 84.33 MB/s (16 MB 0.19 s)
IODDR0@0.0: RM 0: cluster   1: 69.54 MB/s (16 MB 0.23 s)
IODDR0@0.0: RM 0: cluster   2: 50.23 MB/s (16 MB 0.32 s)
IODDR0@0.0: RM 0: cluster   3: 38.47 MB/s (16 MB 0.42 s)
IODDR0@0.0: RM 0: cluster   4: 28.74 MB/s (16 MB 0.56 s)
IODDR0@0.0: RM 0: cluster   6: 28.49 MB/s (16 MB 0.56 s)
IODDR0@0.0: RM 0: cluster   5: 27.07 MB/s (16 MB 0.59 s)
IODDR0@0.0: RM 0: [IODDR0] waiting kernels
IODDR0@0.0: RM 0: cluster   7: 24.92 MB/s (16 MB 0.64 s)
IODDR0@0.0: RM 0: cluster   8: 24.65 MB/s (16 MB 0.65 s)
IODDR0@0.0: RM 0: cluster   9: 22.99 MB/s (16 MB 0.70 s)
IODDR0@0.0: RM 0: cluster  11: 22.90 MB/s (16 MB 0.70 s)
IODDR0@0.0: RM 0: cluster  10: 22.97 MB/s (16 MB 0.70 s)
IODDR0@0.0: RM 0: cluster  12: 25.83 MB/s (16 MB 0.62 s)
IODDR0@0.0: RM 0: cluster  13: 30.06 MB/s (16 MB 0.53 s)
IODDR1@0.0: RM 0: [RMEM] booting up server
IODDR1@0.0: RM 0: [RMEM] server alive
IODDR0@0.0: RM 0: [IODDR0] spawning kernels
IODDR0@0.0: RM 0: cluster   0: 84.34 MB/s (16 MB 0.19 s)
IODDR0@0.0: RM 0: cluster   1: 82.68 MB/s (16 MB 0.19 s)
IODDR0@0.0: RM 0: cluster   2: 34.08 MB/s (16 MB 0.47 s)
IODDR0@0.0: RM 0: cluster   3: 31.63 MB/s (16 MB 0.51 s)
IODDR0@0.0: RM 0: [IODDR0] waiting kernels
IODDR0@0.0: RM 0: [IODDR0] waiting kernels
IODDR0@0.0: RM 0: cluster   4: 23.42 MB/s (16 MB 0.68 s)
IODDR0@0.0: RM 0: cluster   5: 23.17 MB/s (16 MB 0.69 s)
IODDR0@0.0: RM 0: cluster   6: 23.06 MB/s (16 MB 0.69 s)
IODDR0@0.0: RM 0: cluster   7: 22.78 MB/s (16 MB 0.70 s)
IODDR0@0.0: RM 0: cluster   8: 22.03 MB/s (16 MB 0.73 s)
IODDR0@0.0: RM 0: cluster   9: 22.13 MB/s (16 MB 0.72 s)
IODDR0@0.0: RM 0: cluster  10: 23.34 MB/s (16 MB 0.69 s)
IODDR0@0.0: RM 0: cluster  11: 25.26 MB/s (16 MB 0.63 s)
IODDR0@0.0: RM 0: cluster  12: 28.70 MB/s (16 MB 0.56 s)
IODDR0@0.0: RM 0: cluster  13: 29.28 MB/s (16 MB 0.55 s)
IODDR1@0.0: RM 0: [RMEM] booting up server
IODDR1@0.0: RM 0: [RMEM] server alive
IODDR0@0.0: RM 0: [IODDR0] spawning kernels
IODDR0@0.0: RM 0: cluster   0: 84.32 MB/s (16 MB 0.19 s)
IODDR0@0.0: RM 0: cluster   1: 44.07 MB/s (16 MB 0.36 s)
IODDR0@0.0: RM 0: cluster   2: 42.73 MB/s (16 MB 0.37 s)
IODDR0@0.0: RM 0: cluster   3: 36.47 MB/s (16 MB 0.44 s)
IODDR0@0.0: RM 0: cluster   4: 32.95 MB/s (16 MB 0.49 s)
IODDR0@0.0: RM 0: cluster   5: 32.78 MB/s (16 MB 0.49 s)
IODDR0@0.0: RM 0: cluster   6: 29.71 MB/s (16 MB 0.54 s)
IODDR0@0.0: RM 0: [IODDR0] waiting kernels
IODDR0@0.0: RM 0: cluster   7: 29.54 MB/s (16 MB 0.54 s)
IODDR0@0.0: RM 0: cluster   8: 29.35 MB/s (16 MB 0.55 s)
IODDR0@0.0: RM 0: cluster   9: 28.50 MB/s (16 MB 0.56 s)
IODDR0@0.0: RM 0: cluster  10: 28.42 MB/s (16 MB 0.56 s)
IODDR0@0.0: RM 0: cluster  11: 28.59 MB/s (16 MB 0.56 s)
IODDR0@0.0: RM 0: cluster  12: 28.81 MB/s (16 MB 0.56 s)
IODDR0@0.0: RM 0: cluster  13: 33.59 MB/s (16 MB 0.48 s)
IODDR1@0.0: RM 0: [RMEM] booting up server
IODDR1@0.0: RM 0: [RMEM] server alive
IODDR0@0.0: RM 0: [IODDR0] spawning kernels
IODDR0@0.0: RM 0: cluster   0: 84.34 MB/s (16 MB 0.19 s)
IODDR0@0.0: RM 0: cluster   1: 69.62 MB/s (16 MB 0.23 s)
IODDR0@0.0: RM 0: cluster   2: 52.79 MB/s (16 MB 0.30 s)
IODDR0@0.0: RM 0: cluster   3: 48.56 MB/s (16 MB 0.33 s)
IODDR0@0.0: RM 0: cluster   4: 40.89 MB/s (16 MB 0.39 s)
IODDR0@0.0: RM 0: cluster   5: 38.93 MB/s (16 MB 0.41 s)
IODDR0@0.0: RM 0: cluster   6: 39.26 MB/s (16 MB 0.41 s)
IODDR0@0.0: RM 0: cluster   7: 39.31 MB/s (16 MB 0.41 s)
IODDR0@0.0: RM 0: [IODDR0] waiting kernels
IODDR0@0.0: RM 0: cluster   8: 31.02 MB/s (16 MB 0.52 s)
IODDR0@0.0: RM 0: cluster   9: 30.33 MB/s (16 MB 0.53 s)
IODDR0@0.0: RM 0: cluster  10: 26.44 MB/s (16 MB 0.61 s)
IODDR0@0.0: RM 0: cluster  11: 26.46 MB/s (16 MB 0.60 s)
IODDR0@0.0: RM 0: cluster  12: 29.24 MB/s (16 MB 0.55 s)
IODDR0@0.0: RM 0: cluster  13: 34.01 MB/s (16 MB 0.47 s)
IODDR1@0.0: RM 0: [RMEM] booting up server
IODDR1@0.0: RM 0: [RMEM] server alive
IODDR0@0.0: RM 0: [IODDR0] spawning kernels
IODDR0@0.0: RM 0: cluster   0: 71.72 MB/s (16 MB 0.22 s)
IODDR0@0.0: RM 0: cluster   1: 47.39 MB/s (16 MB 0.34 s)
IODDR0@0.0: RM 0: cluster   2: 34.67 MB/s (16 MB 0.46 s)
IODDR0@0.0: RM 0: cluster   3: 33.55 MB/s (16 MB 0.48 s)
IODDR0@0.0: RM 0: cluster   4: 25.71 MB/s (16 MB 0.62 s)
IODDR0@0.0: RM 0: cluster   5: 25.28 MB/s (16 MB 0.63 s)
IODDR0@0.0: RM 0: cluster   6: 25.27 MB/s (16 MB 0.63 s)
IODDR0@0.0: RM 0: [IODDR0] waiting kernels
IODDR0@0.0: RM 0: cluster   7: 24.62 MB/s (16 MB 0.65 s)
IODDR0@0.0: RM 0: cluster   8: 23.26 MB/s (16 MB 0.69 s)
IODDR0@0.0: RM 0: cluster  10: 23.36 MB/s (16 MB 0.69 s)
IODDR0@0.0: RM 0: cluster   9: 23.84 MB/s (16 MB 0.67 s)
IODDR0@0.0: RM 0: cluster  11: 24.09 MB/s (16 MB 0.66 s)
IODDR0@0.0: RM 0: cluster  12: 27.07 MB/s (16 MB 0.59 s)
IODDR0@0.0: RM 0: cluster  13: 31.74 MB/s (16 MB 0.50 s)
IODDR1@0.0: RM 0: [RMEM] booting up server
IODDR1@0.0: RM 0: [RMEM] server alive
IODDR0@0.0: RM 0: [IODDR0] spawning kernels
IODDR0@0.0: RM 0: cluster   0: 84.33 MB/s (16 MB 0.19 s)
IODDR0@0.0: RM 0: cluster   1: 82.69 MB/s (16 MB 0.19 s)
IODDR0@0.0: RM 0: cluster   2: 34.64 MB/s (16 MB 0.46 s)
IODDR0@0.0: RM 0: cluster   3: 32.42 MB/s (16 MB 0.49 s)
IODDR0@0.0: RM 0: cluster   4: 32.00 MB/s (16 MB 0.50 s)
IODDR0@0.0: RM 0: cluster   5: 36.70 MB/s (16 MB 0.44 s)
IODDR0@0.0: RM 0: cluster   6: 37.94 MB/s (16 MB 0.42 s)
IODDR0@0.0: RM 0: [IODDR0] waiting kernels
IODDR0@0.0: RM 0: cluster   8: 24.05 MB/s (16 MB 0.67 s)
IODDR0@0.0: RM 0: cluster   7: 23.20 MB/s (16 MB 0.69 s)
IODDR0@0.0: RM 0: cluster   9: 22.19 MB/s (16 MB 0.72 s)
IODDR0@0.0: RM 0: cluster  10: 22.10 MB/s (16 MB 0.72 s)
IODDR0@0.0: RM 0: cluster  11: 23.02 MB/s (16 MB 0.69 s)
IODDR0@0.0: RM 0: cluster  12: 25.86 MB/s (16 MB 0.62 s)
IODDR0@0.0: RM 0: cluster  13: 29.94 MB/s (16 MB 0.53 s)
IODDR1@0.0: RM 0: [RMEM] booting up server
IODDR1@0.0: RM 0: [RMEM] server alive
IODDR0@0.0: RM 0: [IODDR0] spawning kernels
IODDR0@0.0: RM 0: cluster   0: 84.34 MB/s (16 MB 0.19 s)
IODDR0@0.0: RM 0: cluster   1: 69.60 MB/s (16 MB 0.23 s)
IODDR0@0.0: RM 0: cluster   2: 54.18 MB/s (16 MB 0.30 s)
IODDR0@0.0: RM 0: cluster   3: 49.07 MB/s (16 MB 0.33 s)
IODDR0@0.0: RM 0: cluster   4: 40.86 MB/s (16 MB 0.39 s)
IODDR0@0.0: RM 0: cluster   5: 35.85 MB/s (16 MB 0.45 s)
IODDR0@0.0: RM 0: cluster   6: 32.24 MB/s (16 MB 0.50 s)
IODDR0@0.0: RM 0: [IODDR0] waiting kernels
IODDR0@0.0: RM 0: [IODDR0] waiting kernels
IODDR0@0.0: RM 0: cluster   7: 31.52 MB/s (16 MB 0.51 s)
IODDR0@0.0: RM 0: cluster   8: 27.00 MB/s (16 MB 0.59 s)
IODDR0@0.0: RM 0: cluster   9: 26.88 MB/s (16 MB 0.60 s)
IODDR0@0.0: RM 0: cluster  10: 26.31 MB/s (16 MB 0.61 s)
IODDR0@0.0: RM 0: cluster  11: 26.41 MB/s (16 MB 0.61 s)
IODDR0@0.0: RM 0: cluster  12: 29.33 MB/s (16 MB 0.55 s)
IODDR0@0.0: RM 0: cluster  13: 34.54 MB/s (16 MB 0.46 s)
IODDR1@0.0: RM 0: [RMEM] booting up server
IODDR1@0.0: RM 0: [RMEM] server alive
IODDR0@0.0: RM 0: [IODDR0] spawning kernels
IODDR0@0.0: RM 0: cluster   0: 84.36 MB/s (16 MB 0.19 s)
IODDR0@0.0: RM 0: cluster   2: 69.16 MB/s (16 MB 0.23 s)
IODDR0@0.0: RM 0: cluster   1: 65.13 MB/s (16 MB 0.25 s)
IODDR0@0.0: RM 0: cluster   3: 63.50 MB/s (16 MB 0.25 s)
IODDR0@0.0: RM 0: cluster   4: 47.27 MB/s (16 MB 0.34 s)
IODDR0@0.0: RM 0: cluster   5: 36.68 MB/s (16 MB 0.44 s)
IODDR0@0.0: RM 0: [IODDR0] waiting kernels
IODDR0@0.0: RM 0: cluster   6: 29.91 MB/s (16 MB 0.53 s)
IODDR0@0.0: RM 0: cluster   7: 29.68 MB/s (16 MB 0.54 s)
IODDR0@0.0: RM 0: cluster   8: 30.18 MB/s (16 MB 0.53 s)
IODDR0@0.0: RM 0: cluster   9: 28.95 MB/s (16 MB 0.55 s)
IODDR0@0.0: RM 0: cluster  10: 28.93 MB/s (16 MB 0.55 s)
IODDR0@0.0: RM 0: cluster  11: 32.54 MB/s (16 MB 0.49 s)
IODDR0@0.0: RM 0: cluster  12: 35.52 MB/s (16 MB 0.45 s)
IODDR0@0.0: RM 0: cluster  13: 36.80 MB/s (16 MB 0.43 s)
IODDR1@0.0: RM 0: [RMEM] booting up server
IODDR1@0.0: RM 0: [RMEM] server alive
IODDR0@0.0: RM 0: [IODDR0] spawning kernels
IODDR0@0.0: RM 0: cluster   0: 84.34 MB/s (16 MB 0.19 s)
IODDR0@0.0: RM 0: cluster   2: 44.89 MB/s (16 MB 0.36 s)
IODDR0@0.0: RM 0: cluster   1: 42.97 MB/s (16 MB 0.37 s)
IODDR0@0.0: RM 0: cluster   3: 40.74 MB/s (16 MB 0.39 s)
IODDR0@0.0: RM 0: cluster   4: 38.31 MB/s (16 MB 0.42 s)
IODDR0@0.0: RM 0: [IODDR0] waiting kernels
IODDR0@0.0: RM 0: cluster   5: 27.16 MB/s (16 MB 0.59 s)
IODDR0@0.0: RM 0: cluster   6: 26.79 MB/s (16 MB 0.60 s)
IODDR0@0.0: RM 0: cluster   7: 24.41 MB/s (16 MB 0.66 s)
IODDR0@0.0: RM 0: cluster   8: 24.16 MB/s (16 MB 0.66 s)
IODDR0@0.0: RM 0: cluster   9: 23.50 MB/s (16 MB 0.68 s)
IODDR0@0.0: RM 0: cluster  10: 25.60 MB/s (16 MB 0.63 s)
IODDR0@0.0: RM 0: cluster  11: 25.92 MB/s (16 MB 0.62 s)
IODDR0@0.0: RM 0: cluster  12: 32.73 MB/s (16 MB 0.49 s)
IODDR0@0.0: RM 0: cluster  13: 33.50 MB/s (16 MB 0.48 s)
